Log file open, 03/19/19 20:25:05
LogWindows: Failed to load 'aqProf.dll' (GetLastError=126)
LogWindows: File 'aqProf.dll' does not exist
LogWindows: Failed to load 'VtuneApi.dll' (GetLastError=126)
LogWindows: File 'VtuneApi.dll' does not exist
LogWindows: Failed to load 'VtuneApi32e.dll' (GetLastError=126)
LogWindows: File 'VtuneApi32e.dll' does not exist
LogInit: Display: Running engine for game: Hand
LogPlatformFile: Not using cached read wrapper
LogInit: Display: RandInit(377998284) SRandInit(377998284).
LogInit: Read version file with build ID '3944462'
LogInit: Overriding engine version to CL 4033788, compatible CL 3944462
LogInit: Registered custom module enumerator with build ID '3944462'
LogTaskGraph: Started task graph with 5 named threads and 14 total threads with 3 sets of task threads.
LogStats: Stats thread started at 0.293802
LogD3D11RHI: Aftermath initialized
LogICUInternationalization: Display: ICU TimeZone Detection - Raw Offset: +8:00, Platform Override: ''
LogPluginManager: Mounting plugin Paper2D
LogPluginManager: Mounting plugin LiveLink
LogPluginManager: Mounting plugin LightPropagationVolume
LogPluginManager: Mounting plugin CLionSourceCodeAccess
LogPluginManager: Mounting plugin CodeLiteSourceCodeAccess
LogPluginManager: Mounting plugin GitSourceControl
LogPluginManager: Mounting plugin KDevelopSourceCodeAccess
LogPluginManager: Mounting plugin NullSourceCodeAccess
LogPluginManager: Mounting plugin PerforceSourceControl
LogPluginManager: Mounting plugin SubversionSourceControl
LogPluginManager: Mounting plugin UObjectPlugin
LogPluginManager: Mounting plugin VisualStudioCodeSourceCodeAccess
LogPluginManager: Mounting plugin VisualStudioSourceCodeAccess
LogPluginManager: Mounting plugin XCodeSourceCodeAccess
LogPluginManager: Mounting plugin AssetManagerEditor
LogPluginManager: Mounting plugin CryptoKeys
LogPluginManager: Mounting plugin DataValidation
LogPluginManager: Mounting plugin FacialAnimation
LogPluginManager: Mounting plugin GameplayTagsEditor
LogPluginManager: Mounting plugin MobileLauncherProfileWizard
LogPluginManager: Mounting plugin PluginBrowser
LogPluginManager: Mounting plugin SpeedTreeImporter
LogPluginManager: Mounting plugin DatasmithContent
LogPluginManager: Mounting plugin AlembicImporter
LogPluginManager: Mounting plugin CharacterAI
LogPluginManager: Mounting plugin HTML5Networking
LogPluginManager: Mounting plugin AndroidMedia
LogPluginManager: Mounting plugin AvfMedia
LogPluginManager: Mounting plugin ImgMedia
LogPluginManager: Mounting plugin LinearTimecode
LogPluginManager: Mounting plugin MediaCompositing
LogPluginManager: Mounting plugin MediaPlayerEditor
LogPluginManager: Mounting plugin WmfMedia
LogPluginManager: Mounting plugin TcpMessaging
LogPluginManager: Mounting plugin UdpMessaging
LogPluginManager: Mounting plugin ActorSequence
LogPluginManager: Mounting plugin LevelSequenceEditor
LogPluginManager: Mounting plugin MatineeToLevelSequence
LogPluginManager: Mounting plugin NetcodeUnitTest
LogPluginManager: Mounting plugin NUTUnrealEngine4
LogPluginManager: Mounting plugin OnlineSubsystemGooglePlay
LogPluginManager: Mounting plugin OnlineSubsystemIOS
LogPluginManager: Mounting plugin OnlineSubsystem
LogPluginManager: Mounting plugin OnlineSubsystemNull
LogPluginManager: Mounting plugin OnlineSubsystemUtils
LogPluginManager: Mounting plugin AndroidDeviceProfileSelector
LogPluginManager: Mounting plugin AndroidMoviePlayer
LogPluginManager: Mounting plugin AndroidPermission
LogPluginManager: Mounting plugin AppleARKit
LogPluginManager: Mounting plugin AppleMoviePlayer
LogPluginManager: Mounting plugin ArchVisCharacter
LogPluginManager: Mounting plugin AudioCapture
LogPluginManager: Mounting plugin CableComponent
LogPluginManager: Mounting plugin CustomMeshComponent
LogPluginManager: Mounting plugin ExampleDeviceProfileSelector
LogPluginManager: Mounting plugin GoogleCloudMessaging
LogPluginManager: Mounting plugin ImmediatePhysics
LogPluginManager: Mounting plugin IOSDeviceProfileSelector
LogPluginManager: Mounting plugin LinuxDeviceProfileSelector
LogPluginManager: Mounting plugin LocationServicesBPLibrary
LogPluginManager: Mounting plugin MobilePatchingUtils
LogPluginManager: Mounting plugin OculusVR
LogPluginManager: Plugin shader directory ../../../Engine/Plugins/Runtime/Oculus/OculusVR/Shaders found
LogPluginManager: Mapping shader source directory ../../../Engine/Plugins/Runtime/Oculus/OculusVR/Shaders to virtual directory /Plugin/OculusVR
LogPluginManager: Mounting plugin PhysXVehicles
LogPluginManager: Mounting plugin ProceduralMeshComponent
LogPluginManager: Mounting plugin RuntimePhysXCooking
LogPluginManager: Mounting plugin SteamVR
LogPluginManager: Mounting plugin WindowsMoviePlayer
LogStreaming: Display: Took  0.132s to configure plugins.
LogModuleManager: Display: Found up-to-date module file C:/Users/ZYK/Documents/Unreal Projects/Hand_wangziqi/Binaries/Win64/UE4Editor-Hand.dll (API version 3944462).
LogModuleManager: Display: Found up-to-date module file ../../../Engine/Plugins/2D/Paper2D/Binaries/Win64/UE4Editor-Paper2D.dll (API version 3944462).
LogModuleManager: Display: Found up-to-date module file ../../../Engine/Plugins/2D/Paper2D/Binaries/Win64/UE4Editor-Paper2DEditor.dll (API version 3944462).
LogModuleManager: Display: Found up-to-date module file ../../../Engine/Plugins/2D/Paper2D/Binaries/Win64/UE4Editor-PaperSpriteSheetImporter.dll (API version 3944462).
LogModuleManager: Display: Found up-to-date module file ../../../Engine/Plugins/2D/Paper2D/Binaries/Win64/UE4Editor-PaperTiledImporter.dll (API version 3944462).
LogModuleManager: Display: Found up-to-date module file ../../../Engine/Plugins/2D/Paper2D/Binaries/Win64/UE4Editor-SmartSnapping.dll (API version 3944462).
LogModuleManager: Display: Found up-to-date module file ../../../Engine/Plugins/Animation/LiveLink/Binaries/Win64/UE4Editor-LiveLink.dll (API version 3944462).
LogModuleManager: Display: Found up-to-date module file ../../../Engine/Plugins/Animation/LiveLink/Binaries/Win64/UE4Editor-LiveLinkEditor.dll (API version 3944462).
LogModuleManager: Display: Found up-to-date module file ../../../Engine/Plugins/Blendables/LightPropagationVolume/Binaries/Win64/UE4Editor-LightPropagationVolumeRuntime.dll (API version 3944462).
LogModuleManager: Display: Found up-to-date module file ../../../Engine/Plugins/Blendables/LightPropagationVolume/Binaries/Win64/UE4Editor-LightPropagationVolumeEditor.dll (API version 3944462).
LogModuleManager: Display: Found up-to-date module file ../../../Engine/Plugins/Developer/CLionSourceCodeAccess/Binaries/Win64/UE4Editor-CLionSourceCodeAccess.dll (API version 3944462).
LogModuleManager: Display: Found up-to-date module file ../../../Engine/Plugins/Developer/GitSourceControl/Binaries/Win64/UE4Editor-GitSourceControl.dll (API version 3944462).
LogModuleManager: Display: Found up-to-date module file ../../../Engine/Plugins/Developer/PerforceSourceControl/Binaries/Win64/UE4Editor-PerforceSourceControl.dll (API version 3944462).
LogModuleManager: Display: Found up-to-date module file ../../../Engine/Plugins/Developer/SubversionSourceControl/Binaries/Win64/UE4Editor-SubversionSourceControl.dll (API version 3944462).
LogModuleManager: Display: Found up-to-date module file ../../../Engine/Plugins/Developer/UObjectPlugin/Binaries/Win64/UE4Editor-UObjectPlugin.dll (API version 3944462).
LogModuleManager: Display: Found up-to-date module file ../../../Engine/Plugins/Developer/VisualStudioCodeSourceCodeAccess/Binaries/Win64/UE4Editor-VisualStudioCodeSourceCodeAccess.dll (API version 3944462).
LogModuleManager: Display: Found up-to-date module file ../../../Engine/Plugins/Developer/VisualStudioSourceCodeAccess/Binaries/Win64/UE4Editor-VisualStudioSourceCodeAccess.dll (API version 3944462).
LogModuleManager: Display: Found up-to-date module file ../../../Engine/Plugins/Editor/AssetManagerEditor/Binaries/Win64/UE4Editor-AssetManagerEditor.dll (API version 3944462).
LogModuleManager: Display: Found up-to-date module file ../../../Engine/Plugins/Editor/CryptoKeys/Binaries/Win64/UE4Editor-CryptoKeys.dll (API version 3944462).
LogModuleManager: Display: Found up-to-date module file ../../../Engine/Plugins/Editor/CryptoKeys/Binaries/Win64/UE4Editor-CryptoKeysOpenSSL.dll (API version 3944462).
LogModuleManager: Display: Found up-to-date module file ../../../Engine/Plugins/Editor/DataValidation/Binaries/Win64/UE4Editor-DataValidation.dll (API version 3944462).
LogModuleManager: Display: Found up-to-date module file ../../../Engine/Plugins/Editor/FacialAnimation/Binaries/Win64/UE4Editor-FacialAnimation.dll (API version 3944462).
LogModuleManager: Display: Found up-to-date module file ../../../Engine/Plugins/Editor/FacialAnimation/Binaries/Win64/UE4Editor-FacialAnimationEditor.dll (API version 3944462).
LogModuleManager: Display: Found up-to-date module file ../../../Engine/Plugins/Editor/GameplayTagsEditor/Binaries/Win64/UE4Editor-GameplayTagsEditor.dll (API version 3944462).
LogModuleManager: Display: Found up-to-date module file ../../../Engine/Plugins/Editor/MobileLauncherProfileWizard/Binaries/Win64/UE4Editor-MobileLauncherProfileWizard.dll (API version 3944462).
LogModuleManager: Display: Found up-to-date module file ../../../Engine/Plugins/Editor/PluginBrowser/Binaries/Win64/UE4Editor-PluginBrowser.dll (API version 3944462).
LogModuleManager: Display: Found up-to-date module file ../../../Engine/Plugins/Editor/SpeedTreeImporter/Binaries/Win64/UE4Editor-SpeedTreeImporter.dll (API version 3944462).
LogModuleManager: Display: Found up-to-date module file ../../../Engine/Plugins/Enterprise/DatasmithContent/Binaries/Win64/UE4Editor-DatasmithContent.dll (API version 3944462).
LogModuleManager: Display: Found up-to-date module file ../../../Engine/Plugins/Experimental/AlembicImporter/Binaries/Win64/UE4Editor-AlembicImporter.dll (API version 3944462).
LogModuleManager: Display: Found up-to-date module file ../../../Engine/Plugins/Experimental/AlembicImporter/Binaries/Win64/UE4Editor-AlembicLibrary.dll (API version 3944462).
LogModuleManager: Display: Found up-to-date module file ../../../Engine/Plugins/Experimental/CharacterAI/Binaries/Win64/UE4Editor-CharacterAI.dll (API version 3944462).
LogModuleManager: Display: Found up-to-date module file ../../../Engine/Plugins/Experimental/HTML5Networking/Binaries/Win64/UE4Editor-HTML5Networking.dll (API version 3944462).
LogModuleManager: Display: Found up-to-date module file ../../../Engine/Plugins/Media/AndroidMedia/Binaries/Win64/UE4Editor-AndroidMediaEditor.dll (API version 3944462).
LogModuleManager: Display: Found up-to-date module file ../../../Engine/Plugins/Media/AndroidMedia/Binaries/Win64/UE4Editor-AndroidMediaFactory.dll (API version 3944462).
LogModuleManager: Display: Found up-to-date module file ../../../Engine/Plugins/Media/AvfMedia/Binaries/Win64/UE4Editor-AvfMediaEditor.dll (API version 3944462).
LogModuleManager: Display: Found up-to-date module file ../../../Engine/Plugins/Media/AvfMedia/Binaries/Win64/UE4Editor-AvfMediaFactory.dll (API version 3944462).
LogModuleManager: Display: Found up-to-date module file ../../../Engine/Plugins/Media/AvfMedia/Binaries/Win64/UE4Editor-AvfMediaFactory.dll (API version 3944462).
LogModuleManager: Display: Found up-to-date module file ../../../Engine/Plugins/Media/ImgMedia/Binaries/Win64/UE4Editor-ImgMedia.dll (API version 3944462).
LogModuleManager: Display: Found up-to-date module file ../../../Engine/Plugins/Media/ImgMedia/Binaries/Win64/UE4Editor-ImgMediaEditor.dll (API version 3944462).
LogModuleManager: Display: Found up-to-date module file ../../../Engine/Plugins/Media/ImgMedia/Binaries/Win64/UE4Editor-ImgMediaFactory.dll (API version 3944462).
LogModuleManager: Display: Found up-to-date module file ../../../Engine/Plugins/Media/ImgMedia/Binaries/Win64/UE4Editor-ImgMediaFactory.dll (API version 3944462).
LogModuleManager: Display: Found up-to-date module file ../../../Engine/Plugins/Media/ImgMedia/Binaries/Win64/UE4Editor-OpenExrWrapper.dll (API version 3944462).
LogModuleManager: Display: Found up-to-date module file ../../../Engine/Plugins/Media/LinearTimecode/Binaries/Win64/UE4Editor-LinearTimecode.dll (API version 3944462).
LogModuleManager: Display: Found up-to-date module file ../../../Engine/Plugins/Media/MediaCompositing/Binaries/Win64/UE4Editor-MediaCompositing.dll (API version 3944462).
LogModuleManager: Display: Found up-to-date module file ../../../Engine/Plugins/Media/MediaCompositing/Binaries/Win64/UE4Editor-MediaCompositingEditor.dll (API version 3944462).
LogModuleManager: Display: Found up-to-date module file ../../../Engine/Plugins/Media/MediaPlayerEditor/Binaries/Win64/UE4Editor-MediaPlayerEditor.dll (API version 3944462).
LogModuleManager: Display: Found up-to-date module file ../../../Engine/Plugins/Media/WmfMedia/Binaries/Win64/UE4Editor-WmfMedia.dll (API version 3944462).
LogModuleManager: Display: Found up-to-date module file ../../../Engine/Plugins/Media/WmfMedia/Binaries/Win64/UE4Editor-WmfMediaEditor.dll (API version 3944462).
LogModuleManager: Display: Found up-to-date module file ../../../Engine/Plugins/Media/WmfMedia/Binaries/Win64/UE4Editor-WmfMediaFactory.dll (API version 3944462).
LogModuleManager: Display: Found up-to-date module file ../../../Engine/Plugins/Media/WmfMedia/Binaries/Win64/UE4Editor-WmfMediaFactory.dll (API version 3944462).
LogModuleManager: Display: Found up-to-date module file ../../../Engine/Plugins/Messaging/TcpMessaging/Binaries/Win64/UE4Editor-TcpMessaging.dll (API version 3944462).
LogModuleManager: Display: Found up-to-date module file ../../../Engine/Plugins/Messaging/UdpMessaging/Binaries/Win64/UE4Editor-UdpMessaging.dll (API version 3944462).
LogModuleManager: Display: Found up-to-date module file ../../../Engine/Plugins/MovieScene/ActorSequence/Binaries/Win64/UE4Editor-ActorSequence.dll (API version 3944462).
LogModuleManager: Display: Found up-to-date module file ../../../Engine/Plugins/MovieScene/LevelSequenceEditor/Binaries/Win64/UE4Editor-LevelSequenceEditor.dll (API version 3944462).
LogModuleManager: Display: Found up-to-date module file ../../../Engine/Plugins/MovieScene/MatineeToLevelSequence/Binaries/Win64/UE4Editor-MatineeToLevelSequence.dll (API version 3944462).
LogModuleManager: Display: Found up-to-date module file ../../../Engine/Plugins/NetcodeUnitTest/NetcodeUnitTest/Binaries/Win64/UE4Editor-NetcodeUnitTest.dll (API version 3944462).
LogModuleManager: Display: Found up-to-date module file ../../../Engine/Plugins/NetcodeUnitTest/NUTUnrealEngine4/Binaries/Win64/UE4Editor-NUTUnrealEngine4.dll (API version 3944462).
LogModuleManager: Display: Found up-to-date module file ../../../Engine/Plugins/Online/OnlineSubsystem/Binaries/Win64/UE4Editor-OnlineSubsystem.dll (API version 3944462).
LogModuleManager: Display: Found up-to-date module file ../../../Engine/Plugins/Online/OnlineSubsystemNull/Binaries/Win64/UE4Editor-OnlineSubsystemNull.dll (API version 3944462).
LogModuleManager: Display: Found up-to-date module file ../../../Engine/Plugins/Online/OnlineSubsystemUtils/Binaries/Win64/UE4Editor-OnlineSubsystemUtils.dll (API version 3944462).
LogModuleManager: Display: Found up-to-date module file ../../../Engine/Plugins/Online/OnlineSubsystemUtils/Binaries/Win64/UE4Editor-OnlineBlueprintSupport.dll (API version 3944462).
LogModuleManager: Display: Found up-to-date module file ../../../Engine/Plugins/Runtime/AndroidDeviceProfileSelector/Binaries/Win64/UE4Editor-AndroidDeviceProfileSelector.dll (API version 3944462).
LogModuleManager: Display: Found up-to-date module file ../../../Engine/Plugins/Runtime/AndroidPermission/Binaries/Win64/UE4Editor-AndroidPermission.dll (API version 3944462).
LogModuleManager: Display: Found up-to-date module file ../../../Engine/Plugins/Runtime/AppleARKit/Binaries/Win64/UE4Editor-AppleARKit.dll (API version 3944462).
LogModuleManager: Display: Found up-to-date module file ../../../Engine/Plugins/Runtime/ArchVisCharacter/Binaries/Win64/UE4Editor-ArchVisCharacter.dll (API version 3944462).
LogModuleManager: Display: Found up-to-date module file ../../../Engine/Plugins/Runtime/AudioCapture/Binaries/Win64/UE4Editor-AudioCapture.dll (API version 3944462).
LogModuleManager: Display: Found up-to-date module file ../../../Engine/Plugins/Runtime/AudioCapture/Binaries/Win64/UE4Editor-AudioCaptureEditor.dll (API version 3944462).
LogModuleManager: Display: Found up-to-date module file ../../../Engine/Plugins/Runtime/CableComponent/Binaries/Win64/UE4Editor-CableComponent.dll (API version 3944462).
LogModuleManager: Display: Found up-to-date module file ../../../Engine/Plugins/Runtime/CustomMeshComponent/Binaries/Win64/UE4Editor-CustomMeshComponent.dll (API version 3944462).
LogModuleManager: Display: Found up-to-date module file ../../../Engine/Plugins/Runtime/ExampleDeviceProfileSelector/Binaries/Win64/UE4Editor-ExampleDeviceProfileSelector.dll (API version 3944462).
LogModuleManager: Display: Found up-to-date module file ../../../Engine/Plugins/Runtime/ImmediatePhysics/Binaries/Win64/UE4Editor-ImmediatePhysics.dll (API version 3944462).
LogModuleManager: Display: Found up-to-date module file ../../../Engine/Plugins/Runtime/ImmediatePhysics/Binaries/Win64/UE4Editor-ImmediatePhysicsEditor.dll (API version 3944462).
LogModuleManager: Display: Found up-to-date module file ../../../Engine/Plugins/Runtime/LocationServicesBPLibrary/Binaries/Win64/UE4Editor-LocationServicesBPLibrary.dll (API version 3944462).
LogModuleManager: Display: Found up-to-date module file ../../../Engine/Plugins/Runtime/MobilePatchingUtils/Binaries/Win64/UE4Editor-MobilePatchingUtils.dll (API version 3944462).
LogModuleManager: Display: Found up-to-date module file ../../../Engine/Plugins/Runtime/Oculus/OculusVR/Binaries/Win64/UE4Editor-OculusHMD.dll (API version 3944462).
LogModuleManager: Display: Found up-to-date module file ../../../Engine/Plugins/Runtime/Oculus/OculusVR/Binaries/Win64/UE4Editor-OculusInput.dll (API version 3944462).
LogModuleManager: Display: Found up-to-date module file ../../../Engine/Plugins/Runtime/Oculus/OculusVR/Binaries/Win64/UE4Editor-OculusEditor.dll (API version 3944462).
LogModuleManager: Display: Found up-to-date module file ../../../Engine/Plugins/Runtime/PhysXVehicles/Binaries/Win64/UE4Editor-PhysXVehicles.dll (API version 3944462).
LogModuleManager: Display: Found up-to-date module file ../../../Engine/Plugins/Runtime/PhysXVehicles/Binaries/Win64/UE4Editor-PhysXVehiclesEditor.dll (API version 3944462).
LogModuleManager: Display: Found up-to-date module file ../../../Engine/Plugins/Runtime/ProceduralMeshComponent/Binaries/Win64/UE4Editor-ProceduralMeshComponent.dll (API version 3944462).
LogModuleManager: Display: Found up-to-date module file ../../../Engine/Plugins/Runtime/ProceduralMeshComponent/Binaries/Win64/UE4Editor-ProceduralMeshComponentEditor.dll (API version 3944462).
LogModuleManager: Display: Found up-to-date module file ../../../Engine/Plugins/Runtime/RuntimePhysXCooking/Binaries/Win64/UE4Editor-RuntimePhysXCooking.dll (API version 3944462).
LogModuleManager: Display: Found up-to-date module file ../../../Engine/Plugins/Runtime/Steam/SteamVR/Binaries/Win64/UE4Editor-SteamVR.dll (API version 3944462).
LogModuleManager: Display: Found up-to-date module file ../../../Engine/Plugins/Runtime/Steam/SteamVR/Binaries/Win64/UE4Editor-SteamVRController.dll (API version 3944462).
LogModuleManager: Display: Found up-to-date module file ../../../Engine/Plugins/Runtime/WindowsMoviePlayer/Binaries/Win64/UE4Editor-WindowsMoviePlayer.dll (API version 3944462).
LogInit: Using libcurl 7.47.1
LogInit:  - built for x86_64-pc-win32
LogInit:  - supports SSL with OpenSSL/1.0.2g
LogInit:  - supports HTTP deflate (compression) using libz 1.2.8
LogInit:  - other features:
LogInit:      CURL_VERSION_SSL
LogInit:      CURL_VERSION_LIBZ
LogInit:      CURL_VERSION_IPV6
LogInit:      CURL_VERSION_ASYNCHDNS
LogInit:      CURL_VERSION_LARGEFILE
LogInit:      CURL_VERSION_IDN
LogInit:  CurlRequestOptions (configurable via config and command line):
LogInit:  - bVerifyPeer = false  - Libcurl will NOT verify peer certificate
LogInit:  - bUseHttpProxy = false  - Libcurl will NOT use HTTP proxy
LogInit:  - bDontReuseConnections = false  - Libcurl will reuse connections
LogInit:  - CertBundlePath = nullptr  - Libcurl will use whatever was configured at build time.
LogInit:  - MaxHostConnections = 16  - Libcurl will limit the number of connections to a host
LogInit:  - LocalHostAddr = Default
LogInit: WinSock: version 1.1 (2.2), MaxSocks=32767, MaxUdp=65467
LogInit: WinSock: I am DESKTOP-DP38E3B (10.136.160.201:0)
LogInit: Build: ++UE4+Release-4.19-CL-4033788
LogInit: Engine Version: 4.19.2-4033788+++UE4+Release-4.19
LogInit: Compatible Engine Version: 4.19.0-3944462+++UE4+Release-4.19
LogInit: Net CL: 3944462
LogDevObjectVersion: Number of dev versions registered: 18
LogDevObjectVersion:   Dev-Blueprints (B0D832E4-1F89-4F0D-ACCF-7EB736FD4AA2): 10
LogDevObjectVersion:   Dev-Build (E1C64328-A22C-4D53-A36C-8E866417BD8C): 0
LogDevObjectVersion:   Dev-Core (375EC13C-06E4-48FB-B500-84F0262A717E): 2
LogDevObjectVersion:   Dev-Editor (E4B068ED-F494-42E9-A231-DA0B2E46BB41): 23
LogDevObjectVersion:   Dev-Framework (CFFC743F-43B0-4480-9391-14DF171D2073): 33
LogDevObjectVersion:   Dev-Mobile (B02B49B5-BB20-44E9-A304-32B752E40360): 2
LogDevObjectVersion:   Dev-Networking (A4E4105C-59A1-49B5-A7C5-40C4547EDFEE): 0
LogDevObjectVersion:   Dev-Online (39C831C9-5AE6-47DC-9A44-9C173E1C8E7C): 0
LogDevObjectVersion:   Dev-Physics (78F01B33-EBEA-4F98-B9B4-84EACCB95AA2): 0
LogDevObjectVersion:   Dev-Platform (6631380F-2D4D-43E0-8009-CF276956A95A): 0
LogDevObjectVersion:   Dev-Rendering (12F88B9F-8875-4AFC-A67C-D90C383ABD29): 25
LogDevObjectVersion:   Dev-Sequencer (7B5AE74C-D270-4C10-A958-57980B212A5A): 6
LogDevObjectVersion:   Dev-VR (D7296918-1DD6-4BDD-9DE2-64A83CC13884): 1
LogDevObjectVersion:   Dev-LoadTimes (C2A15278-BFE7-4AFE-6C17-90FF531DF755): 1
LogDevObjectVersion:   Private-Geometry (6EACA3D4-40EC-4CC1-B786-8BED09428FC5): 2
LogDevObjectVersion:   Dev-AnimPhys (29E575DD-E0A3-4627-9D10-D276232CDCEA): 16
LogDevObjectVersion:   Dev-ReflectionCapture (6B266CEC-1EC7-4B8F-A30B-E4D90942FC07): 1
LogDevObjectVersion:   Dev-Automation (0DF73D61-A23F-47EA-B727-89E90C41499A): 1
LogInit: Compiled (64-bit): Apr 27 2018 02:06:57
LogInit: Compiled with Visual C++: 19.00.24215.01
LogInit: Build Configuration: Development
LogInit: Branch Name: ++UE4+Release-4.19
LogInit: Command Line:  -skipcompile
LogInit: Base Directory: D:/Program Files/Epic Games/UE_4.19/Engine/Binaries/Win64/
LogInit: Installed Engine Build: 1
LogStreaming: Display: Took  0.005s to delete old logs.
LogInit: Presizing for max 8388607 objects, including 0 objects not considered by GC, pre-allocating 0 bytes for permanent pool.
LogInit: Object subsystem initialized
[2019.03.19-12.25.06:480][  0]LogInit: Selected Device Profile: [Windows]
[2019.03.19-12.25.06:480][  0]LogInit: Applying CVar settings loaded from the selected device profile: [Windows]
[2019.03.19-12.25.06:498][  0]LogInit: Computer: DESKTOP-DP38E3B
[2019.03.19-12.25.06:498][  0]LogInit: User: BUAAHaptics
[2019.03.19-12.25.06:498][  0]LogInit: CPU Page size=4096, Cores=4
[2019.03.19-12.25.06:498][  0]LogInit: High frequency timer resolution =3.328131 MHz
[2019.03.19-12.25.06:498][  0]LogMemory: Memory total: Physical=7.9GB (8GB approx)
[2019.03.19-12.25.06:498][  0]LogMemory: Platform Memory Stats for Windows
[2019.03.19-12.25.06:498][  0]LogMemory: Process Physical Memory: 274.86 MB used, 274.86 MB peak
[2019.03.19-12.25.06:498][  0]LogMemory: Process Virtual Memory: 264.00 MB used, 264.00 MB peak
[2019.03.19-12.25.06:498][  0]LogMemory: Physical Memory: 3786.68 MB used,  4345.26 MB free, 8131.94 MB total
[2019.03.19-12.25.06:499][  0]LogMemory: Virtual Memory: 4784.77 MB used,  4345.26 MB free, 134217728.00 MB total
[2019.03.19-12.25.06:557][  0]LogInit: Using OS detected language (en-US).
[2019.03.19-12.25.06:557][  0]LogInit: Using OS detected locale (en-US).
[2019.03.19-12.25.06:560][  0]LogTextLocalizationManager: No specific localization for 'en-US' exists, so the 'en' localization will be used.
[2019.03.19-12.25.06:970][  0]LogStreaming: Display: Took  0.414s to EndInitTextLocalization.
[2019.03.19-12.25.06:970][  0]LogInit: Setting process to per monitor DPI aware
[2019.03.19-12.25.07:021][  0]LogSlate: New Slate User Created.  User Index 0, Is Virtual User: 0
[2019.03.19-12.25.07:021][  0]LogSlate: Slate User Registered.  User Index 0, Is Virtual User: 0
[2019.03.19-12.25.07:164][  0]LogD3D11RHI: D3D11 adapters:
[2019.03.19-12.25.07:221][  0]LogD3D11RHI:    0. 'NVIDIA GeForce GTX 1050 Ti' (Feature Level 11_0)
[2019.03.19-12.25.07:221][  0]LogD3D11RHI:       4029/0/4065 MB DedicatedVideo/DedicatedSystem/SharedSystem, Outputs:1, VendorId:0x10de
[2019.03.19-12.25.07:227][  0]LogD3D11RHI:    1. 'Microsoft Basic Render Driver' (Feature Level 11_0)
[2019.03.19-12.25.07:227][  0]LogD3D11RHI:       0/0/4065 MB DedicatedVideo/DedicatedSystem/SharedSystem, Outputs:0, VendorId:0x1414
[2019.03.19-12.25.07:227][  0]LogD3D11RHI: Chosen D3D11 Adapter: 0
[2019.03.19-12.25.07:236][  0]LogD3D11RHI: Creating new Direct3DDevice
[2019.03.19-12.25.07:236][  0]LogD3D11RHI:     GPU DeviceId: 0x1c82 (for the marketing name, search the web for "GPU Device Id")
[2019.03.19-12.25.07:236][  0]LogWindows: EnumDisplayDevices:
[2019.03.19-12.25.07:236][  0]LogWindows:    0. 'NVIDIA GeForce GTX 1050 Ti' (P:1 D:1)
[2019.03.19-12.25.07:236][  0]LogWindows:    1. 'NVIDIA GeForce GTX 1050 Ti' (P:0 D:0)
[2019.03.19-12.25.07:237][  0]LogWindows:    2. 'NVIDIA GeForce GTX 1050 Ti' (P:0 D:0)
[2019.03.19-12.25.07:237][  0]LogWindows:    3. 'NVIDIA GeForce GTX 1050 Ti' (P:0 D:0)
[2019.03.19-12.25.07:238][  0]LogWindows: DebugString: GetVideoDriverDetailsInvalid PrimaryIsNotTheChoosenAdapter GetVideoDriverDetailsInvalid PrimaryIsNotTheChoosenAdapter GetVideoDriverDetailsInvalid PrimaryIsNotTheChoosenAdapter GetVideoDriverDetailsInvalid PrimaryIsNotTheChoosenAdapter FoundDriverCount:0 
[2019.03.19-12.25.07:238][  0]LogD3D11RHI:     Adapter Name: NVIDIA GeForce GTX 1050 Ti
[2019.03.19-12.25.07:238][  0]LogD3D11RHI:   Driver Version: Unknown (internal:Unknown, unified:Unknown)
[2019.03.19-12.25.07:238][  0]LogD3D11RHI:      Driver Date: Unknown
[2019.03.19-12.25.07:238][  0]LogRHI: Texture pool is 2820 MB (70% of 4029 MB)
[2019.03.19-12.25.07:280][  0]LogD3D11RHI: [Aftermath] Aftermath enabled but failed to initialize
[2019.03.19-12.25.07:280][  0]LogD3D11RHI: [Aftermath] Aftermath enabled and primed
[2019.03.19-12.25.07:280][  0]LogD3D11RHI: Async texture creation enabled
[2019.03.19-12.25.07:294][  0]LogD3D11RHI: GPU Timing Frequency: 1000.000000 (Debug: 2 1)
[2019.03.19-12.25.07:296][  0]LogShaderCompilers: Guid format shader working directory is 1 characters bigger than the processId version (C:/Users/ZYK/Documents/Unreal Projects/Hand_wangziqi/Intermediate/Shaders/WorkingDirectory/8280/).
[2019.03.19-12.25.07:297][  0]LogShaderCompilers: Cleaned the shader compiler working directory 'C:/Users/BUAA-Haptics/AppData/Local/Temp/UnrealShaderWorkingDir/65C8B824494089E68D2A7EB0B3599AAA/'.
[2019.03.19-12.25.07:488][  0]LogTemp: Display: Loaded TP AllDesktopTargetPlatform
[2019.03.19-12.25.07:503][  0]LogTemp: Display: Loaded TP MacClientTargetPlatform
[2019.03.19-12.25.07:520][  0]LogTemp: Display: Loaded TP MacNoEditorTargetPlatform
[2019.03.19-12.25.07:538][  0]LogTemp: Display: Loaded TP MacServerTargetPlatform
[2019.03.19-12.25.07:554][  0]LogTemp: Display: Loaded TP MacTargetPlatform
[2019.03.19-12.25.07:568][  0]LogTemp: Display: Loaded TP WindowsClientTargetPlatform
[2019.03.19-12.25.07:583][  0]LogTemp: Display: Loaded TP WindowsNoEditorTargetPlatform
[2019.03.19-12.25.07:598][  0]LogTemp: Display: Loaded TP WindowsServerTargetPlatform
[2019.03.19-12.25.07:605][  0]LogTemp: Display: Loaded TP WindowsTargetPlatform
[2019.03.19-12.25.07:619][  0]LogTemp: Display: Loaded TP Android_ASTCTargetPlatform
[2019.03.19-12.25.07:632][  0]LogTemp: Display: Loaded TP Android_ATCTargetPlatform
[2019.03.19-12.25.07:646][  0]LogTemp: Display: Loaded TP Android_DXTTargetPlatform
[2019.03.19-12.25.07:660][  0]LogTemp: Display: Loaded TP Android_ETC1aTargetPlatform
[2019.03.19-12.25.07:673][  0]LogTemp: Display: Loaded TP Android_ETC1TargetPlatform
[2019.03.19-12.25.07:686][  0]LogTemp: Display: Loaded TP Android_ETC2TargetPlatform
[2019.03.19-12.25.07:713][  0]LogTemp: Display: Loaded TP Android_MultiTargetPlatform
[2019.03.19-12.25.07:713][  0]LogTemp: Display: Loaded TP Android_PVRTCTargetPlatform
[2019.03.19-12.25.07:729][  0]LogTemp: Display: Loaded TP AndroidTargetPlatform
[2019.03.19-12.25.07:733][  0]LogTemp: Display: Loaded TP HTML5TargetPlatform
[2019.03.19-12.25.07:781][  0]LogTemp: Display: Loaded TP IOSTargetPlatform
[2019.03.19-12.25.07:794][  0]LogTemp: Display: Loaded TP TVOSTargetPlatform
[2019.03.19-12.25.07:808][  0]LogTemp: Display: Loaded TP LinuxClientTargetPlatform
[2019.03.19-12.25.07:821][  0]LogTemp: Display: Loaded TP LinuxNoEditorTargetPlatform
[2019.03.19-12.25.07:834][  0]LogTemp: Display: Loaded TP LinuxServerTargetPlatform
[2019.03.19-12.25.07:848][  0]LogTemp: Display: Loaded TP LinuxTargetPlatform
[2019.03.19-12.25.07:848][  0]LogTargetPlatformManager: Display: Building Assets For Windows
[2019.03.19-12.25.07:980][  0]LogXGEController: Cleaning working directory: C:/Users/BUAA-Haptics/AppData/Local/Temp/UnrealXGEWorkingDir/
[2019.03.19-12.25.07:980][  0]LogXGEController: Cannot use XGE Controller as Incredibuild is not installed on this machine.
[2019.03.19-12.25.07:980][  0]LogShaderCompilers: Cannot use XGE Shader Compiler as Incredibuild is not installed on this machine.
[2019.03.19-12.25.07:980][  0]LogShaderCompilers: Display: Using Local Shader Compiler.
[2019.03.19-12.25.08:583][  0]LogDerivedDataCache: Display: Max Cache Size: 512 MB
[2019.03.19-12.25.08:651][  0]LogDerivedDataCache: Loaded boot cache 0.07s 74MB C:/Users/BUAA-Haptics/AppData/Local/UnrealEngine/4.19/DerivedDataCache/Boot.ddc.
[2019.03.19-12.25.08:651][  0]LogDerivedDataCache: Display: Loaded Boot cache: C:/Users/BUAA-Haptics/AppData/Local/UnrealEngine/4.19/DerivedDataCache/Boot.ddc
[2019.03.19-12.25.08:652][  0]LogDerivedDataCache: FDerivedDataBackendGraph:  Pak pak cache file C:/Users/ZYK/Documents/Unreal Projects/Hand_wangziqi/DerivedDataCache/DDC.ddp not found, will not use a pak cache.
[2019.03.19-12.25.08:652][  0]LogDerivedDataCache: Unable to find inner node Pak for hierarchical cache Hierarchy.
[2019.03.19-12.25.08:652][  0]LogDerivedDataCache: FDerivedDataBackendGraph:  CompressedPak pak cache file C:/Users/ZYK/Documents/Unreal Projects/Hand_wangziqi/DerivedDataCache/Compressed.ddp not found, will not use a pak cache.
[2019.03.19-12.25.08:652][  0]LogDerivedDataCache: Unable to find inner node CompressedPak for hierarchical cache Hierarchy.
[2019.03.19-12.25.08:667][  0]LogDerivedDataCache: Display: Pak cache opened for reading ../../../Engine/DerivedDataCache/Compressed.ddp.
[2019.03.19-12.25.08:682][  0]LogDerivedDataCache: Using Local data cache path C:/Users/BUAA-Haptics/AppData/Local/UnrealEngine/Common/DerivedDataCache: Writable
[2019.03.19-12.25.08:682][  0]LogDerivedDataCache: Shared data cache path not found in *engine.ini, will not use an Shared cache.
[2019.03.19-12.25.08:682][  0]LogDerivedDataCache: Unable to find inner node Shared for hierarchical cache Hierarchy.
[2019.03.19-12.25.08:693][  0]LogMaterial: Verifying Global Shaders for PCD3D_SM5
[2019.03.19-12.25.08:694][  0]LogSlate: Using Freetype 2.6.0
[2019.03.19-12.25.08:694][  0]LogSlate: SlateFontCache - WITH_FREETYPE: 1, WITH_HARFBUZZ: 1
[2019.03.19-12.25.08:694][  0]LogSlate: SlateFontCache - WITH_FREETYPE: 1, WITH_HARFBUZZ: 1
[2019.03.19-12.25.08:792][  0]LogAssetRegistry: FAssetRegistry took 0.0298 seconds to start up
[2019.03.19-12.25.09:068][  0]LogInit: Selected Device Profile: [Windows]
[2019.03.19-12.25.09:213][  0]LogSimplygon: Simplygon DLL not present - disabling.
[2019.03.19-12.25.09:221][  0]LogMeshReduction: Using SimplygonSwarm for distributed automatic mesh merging
[2019.03.19-12.25.09:221][  0]LogMeshReduction: Using QuadricMeshReduction for automatic static mesh reduction
[2019.03.19-12.25.09:221][  0]LogMeshReduction: No automatic skeletal mesh reduction module available
[2019.03.19-12.25.09:221][  0]LogMeshReduction: No automatic mesh merging module available
[2019.03.19-12.25.09:221][  0]LogMeshMerging: No automatic mesh merging module available
[2019.03.19-12.25.09:245][  0]LogNetVersion: Hand , NetCL: 3944462, EngineNetVer: 2, GameNetVer: 0 (Checksum: 4255602584)
[2019.03.19-12.25.09:637][  0]LogPackageLocalizationCache: Processed 9 localized package path(s) for 2 prioritized culture(s) in 0.081948 seconds
[2019.03.19-12.25.09:642][  0]LogUObjectArray: 36728 objects as part of root set at end of initial load.
[2019.03.19-12.25.09:642][  0]LogUObjectAllocator: 7314304 out of 0 bytes used by permanent object pool.
[2019.03.19-12.25.09:643][  0]LogUObjectArray: CloseDisregardForGC: 0/0 objects in disregard for GC pool
[2019.03.19-12.25.11:128][  0]LogTcpMessaging: Initializing TcpMessaging bridge
[2019.03.19-12.25.11:159][  0]LogUdpMessaging: Initializing bridge on interface 0.0.0.0:0 to multicast group 230.0.0.1:6666.
[2019.03.19-12.25.11:849][  0]SourceControl: Source control is disabled
[2019.03.19-12.25.11:849][  0]SourceControl: Source control is disabled
[2019.03.19-12.25.11:863][  0]SourceControl: Source control is disabled
[2019.03.19-12.25.11:878][  0]SourceControl: Source control is disabled
[2019.03.19-12.25.12:317][  0]LogAndroidPermission: UAndroidPermissionCallbackProxy::GetInstance
[2019.03.19-12.25.12:503][  0]LogOcInput: OculusInput pre-init called
[2019.03.19-12.25.12:605][  0]LogEngine: Initializing Engine...
[2019.03.19-12.25.12:607][  0]LogHMD: Failed to initialize OpenVR with code 110
[2019.03.19-12.25.12:608][  0]LogStats: UGameplayTagsManager::ConstructGameplayTagTree: Construct from data asset -  0.000 s
[2019.03.19-12.25.12:608][  0]LogStats: UGameplayTagsManager::ConstructGameplayTagTree: GameplayTagTreeChangedEvent.Broadcast -  0.000 s
[2019.03.19-12.25.12:891][  0]LogAIModule: Creating AISystem for world Untitled
[2019.03.19-12.25.12:909][  0]LogInit: XAudio2 using 'Speakers (Realtek High Definition Audio)' : 2 channels at 48 kHz using 32 bits per sample (channel mask 0x3)
[2019.03.19-12.25.12:963][  0]LogInit: FAudioDevice initialized.
[2019.03.19-12.25.13:130][  0]LogDerivedDataCache: Saved boot cache 0.17s 74MB C:/Users/BUAA-Haptics/AppData/Local/UnrealEngine/4.19/DerivedDataCache/Boot.ddc.
[2019.03.19-12.25.13:149][  0]LogInit: Texture streaming: Enabled
[2019.03.19-12.25.13:184][  0]LogEngineSessionManager: EngineSessionManager initialized
[2019.03.19-12.25.13:185][  0]LogEngineSessionManager: EngineSessionManager sent abnormal shutdown report. Type=Debugger, SessionId={571176CB-4876-E034-4154-6EA8F18DF4F4}
[2019.03.19-12.25.13:195][  0]LogInit: Transaction tracking system initialized
[2019.03.19-12.25.13:241][  0]BlueprintLog: New page: Editor Load
[2019.03.19-12.25.13:420][  0]LocalizationService: Localization service is disabled
[2019.03.19-12.25.13:545][  0]LogConsoleResponse: Display: 
[2019.03.19-12.25.13:693][  0]LogCook: Display: Max memory allowance for cook 16384mb min free memory 0mb
[2019.03.19-12.25.13:693][  0]LogCook: Display: Mobile HDR setting 1
[2019.03.19-12.25.13:693][  0]LogGameplayTags: Display: UGameplayTagsManager::DoneAddingNativeTags. DelegateIsBound: 0
[2019.03.19-12.25.13:693][  0]LogStats: UGameplayTagsManager::ConstructGameplayTagTree: Construct from data asset -  0.000 s
[2019.03.19-12.25.13:694][  0]LogStats: UGameplayTagsManager::ConstructGameplayTagTree: GameplayTagTreeChangedEvent.Broadcast -  0.000 s
[2019.03.19-12.25.14:011][  0]LogFileCache: Scanning file cache for directory 'C:/Users/ZYK/Documents/Unreal Projects/Hand_wangziqi/Content/' took 0.02s
[2019.03.19-12.25.14:069][  0]SourceControl: Source control is disabled
[2019.03.19-12.25.14:069][  0]Cmd: MAP LOAD FILE="C:/Users/ZYK/Documents/Unreal Projects/Hand_wangziqi/Content/NewMap.umap" TEMPLATE=0 SHOWPROGRESS=1 FEATURELEVEL=3
[2019.03.19-12.25.14:070][  0]LightingResults: New page: Lighting Build
[2019.03.19-12.25.14:072][  0]MapCheck: New page: Map Check
[2019.03.19-12.25.14:072][  0]LightingResults: New page: Lighting Build
[2019.03.19-12.25.14:253][  0]LogAIModule: Creating AISystem for world NewMap
[2019.03.19-12.25.14:262][  0]LogEditorServer: Finished looking for orphan Actors (0.000 secs)
[2019.03.19-12.25.14:276][  0]Cmd: MAP CHECKDEP NOCLEARLOG
[2019.03.19-12.25.14:307][  0]MapCheck: Map check complete: 0 Error(s), 0 Warning(s), took 30.704ms to complete.
[2019.03.19-12.25.14:307][  0]LogFileHelpers: Loading map 'NewMap' took 0.237
[2019.03.19-12.25.14:438][  0]LogCollectionManager: Loaded 0 collections in 0.001842 seconds
[2019.03.19-12.25.14:484][  0]LogFileCache: Scanning file cache for directory 'C:/Users/ZYK/Documents/Unreal Projects/Hand_wangziqi/Saved/Collections/' took 0.01s
[2019.03.19-12.25.14:484][  0]LogFileCache: Scanning file cache for directory 'C:/Users/ZYK/Documents/Unreal Projects/Hand_wangziqi/Content/Developers/BUAAHaptics/Collections/' took 0.01s
[2019.03.19-12.25.14:484][  0]LogFileCache: Scanning file cache for directory 'C:/Users/ZYK/Documents/Unreal Projects/Hand_wangziqi/Content/Collections/' took 0.01s
[2019.03.19-12.25.14:484][  0]LogCollectionManager: Rebuilt the GUID cache for 0 collections in 0.000000 seconds
[2019.03.19-12.25.14:498][  0]LogContentBrowser: Native class hierarchy populated in 0.0135 seconds. Added 2457 classes and 560 folders.
[2019.03.19-12.25.14:508][  0]LogContentBrowser: Native class hierarchy updated for 'WidgetCarousel' in 0.0052 seconds. Added 0 classes and 0 folders.
[2019.03.19-12.25.14:545][  0]LogContentBrowser: Native class hierarchy updated for 'AddContentDialog' in 0.0060 seconds. Added 0 classes and 0 folders.
[2019.03.19-12.25.14:557][  0]LogContentBrowser: Native class hierarchy updated for 'SceneOutliner' in 0.0059 seconds. Added 1 classes and 2 folders.
[2019.03.19-12.25.14:576][  0]LogSlate: Took 0.000190 seconds to synchronously load lazily loaded font '../../../Engine/Content/Slate/Fonts/Roboto-Regular.ttf' (155K)
[2019.03.19-12.25.14:578][  0]LogSlate: Took 0.000223 seconds to synchronously load lazily loaded font '../../../Engine/Content/Slate/Fonts/Roboto-Bold.ttf' (160K)
[2019.03.19-12.25.14:582][  0]LogSlate: Took 0.000212 seconds to synchronously load lazily loaded font '../../../Engine/Content/Editor/Slate/Fonts/FontAwesome.ttf' (139K)
[2019.03.19-12.25.14:604][  0]LogSlate: Took 0.000183 seconds to synchronously load lazily loaded font '../../../Engine/Content/Slate/Fonts/Roboto-Light.ttf' (167K)
[2019.03.19-12.25.14:689][  0]LogContentBrowser: Native class hierarchy updated for 'HierarchicalLODOutliner' in 0.0056 seconds. Added 0 classes and 0 folders.
[2019.03.19-12.25.14:689][  0]LogLoad: (Engine Initialization) Total time: 10.58 seconds
[2019.03.19-12.25.14:689][  0]LogLoad: (Engine Initialization) Total Blueprint compile time: 0.00 seconds
[2019.03.19-12.25.14:702][  0]LogWindowsTextInputMethodSystem: Display: IME system now activated using TSF (搜狗拼音输入法).
[2019.03.19-12.25.14:761][  0]LogRenderer: Reallocating scene render targets to support 256x256 Format 10 NumSamples 1 (Frame:1).
[2019.03.19-12.25.14:794][  0]LogContentStreaming: Texture pool size now 1000 MB
[2019.03.19-12.25.14:814][  1]LogAssetRegistry: Asset discovery search completed in 6.0485 seconds
[2019.03.19-12.25.14:816][  1]LogCollectionManager: Rebuilt the object cache for 0 collections in 0.000000 seconds (found 0 objects)
[2019.03.19-12.25.14:816][  1]LogCollectionManager: Fixed up redirectors for 0 collections in 0.000127 seconds (updated 0 objects)
[2019.03.19-12.25.18:620][424]LogRenderer: Reallocating scene render targets to support 1532x800 Format 10 NumSamples 1 (Frame:1).
[2019.03.19-12.25.22:491][862]LogTemp: Repeating last play command: Selected Viewport
[2019.03.19-12.25.22:505][862]LogPlayLevel: PlayLevel: No blueprints needed recompiling
[2019.03.19-12.25.22:505][862]PIE: New page: PIE session: NewMap (Mar 20, 2019, 4:25:22 AM)
[2019.03.19-12.25.22:506][862]LogPlayLevel: Creating play world package: /Game/UEDPIE_0_NewMap
[2019.03.19-12.25.22:508][862]LogPlayLevel: PIE: StaticDuplicateObject took: (0.002579s)
[2019.03.19-12.25.22:509][862]LogAIModule: Creating AISystem for world NewMap
[2019.03.19-12.25.22:510][862]LogPlayLevel: PIE: World Init took: (0.001229s)
[2019.03.19-12.25.22:510][862]LogPlayLevel: PIE: Created PIE world by copying editor world from /Game/NewMap.NewMap to /Game/UEDPIE_0_NewMap.NewMap (0.004329s)
[2019.03.19-12.25.22:530][862]LogInit: XAudio2 using 'Speakers (Realtek High Definition Audio)' : 2 channels at 48 kHz using 32 bits per sample (channel mask 0x3)
[2019.03.19-12.25.22:551][862]LogInit: FAudioDevice initialized.
[2019.03.19-12.25.22:611][862]LogUObjectGlobals: Created PersistentFrame Addr=0x00000213ae8df040, Size=172, Default__HandAnimBlueprint_C Function /Game/HandAnimBlueprint.HandAnimBlueprint_C:ExecuteUbergraph_HandAnimBlueprint
[2019.03.19-12.25.22:624][862]LogUObjectGlobals: Destroyed PersistentFrame Addr=0x00000213ae8df040, Size=172
[2019.03.19-12.25.22:624][862]LogUObjectGlobals: Created PersistentFrame Addr=0x00000213d6f62200, Size=172, Default__HandAnimBlueprint_C Function /Engine/Transient.REINST_HandAnimBlueprint_C_0:ExecuteUbergraph_HandAnimBlueprint
[2019.03.19-12.25.22:637][862]LogBlueprint: Warning: [Compiler HandAnimBlueprint] You must specify at least one Source Bone
[2019.03.19-12.25.22:640][862]LogUObjectGlobals: Created PersistentFrame Addr=0x000002138f832ec0, Size=172, Default__HandAnimBlueprint_C Function /Game/HandAnimBlueprint.HandAnimBlueprint_C:ExecuteUbergraph_HandAnimBlueprint
[2019.03.19-12.25.22:642][862]LogBlueprint: Warning: [Compiler HandAnimBlueprint] Node  Transform (Modify) Bone - Bone: index3_r  uses potentially thread-unsafe call  Change Index 3 . Disable threaded update or use a thread-safe call. Function may need BlueprintThreadSafe metadata adding.
[2019.03.19-12.25.22:642][862]LogBlueprint: Warning: [Compiler HandAnimBlueprint] Node  Transform (Modify) Bone - Bone: index2_r  uses potentially thread-unsafe call  Change Index 2 . Disable threaded update or use a thread-safe call. Function may need BlueprintThreadSafe metadata adding.
[2019.03.19-12.25.22:642][862]LogBlueprint: Warning: [Compiler HandAnimBlueprint] Node  Transform (Modify) Bone - Bone: index1_r  uses potentially thread-unsafe call  Change Index 1 . Disable threaded update or use a thread-safe call. Function may need BlueprintThreadSafe metadata adding.
[2019.03.19-12.25.22:642][862]LogBlueprint: Warning: [Compiler HandAnimBlueprint] Node  Transform (Modify) Bone - Bone: thumb3_r  uses potentially thread-unsafe call  Change Thumb 3 . Disable threaded update or use a thread-safe call. Function may need BlueprintThreadSafe metadata adding.
[2019.03.19-12.25.22:643][862]LogBlueprint: Warning: [Compiler HandAnimBlueprint] Node  Transform (Modify) Bone - Bone: thumb1_r  uses potentially thread-unsafe call  Change Thumb 1 . Disable threaded update or use a thread-safe call. Function may need BlueprintThreadSafe metadata adding.
[2019.03.19-12.25.22:643][862]LogBlueprint: Warning: [Compiler HandAnimBlueprint] Node  Transform (Modify) Bone - Bone: middle1_r  uses potentially thread-unsafe call  Change Middle 1 . Disable threaded update or use a thread-safe call. Function may need BlueprintThreadSafe metadata adding.
[2019.03.19-12.25.22:643][862]LogBlueprint: Warning: [Compiler HandAnimBlueprint] Node  Transform (Modify) Bone - Bone: middle2_r  uses potentially thread-unsafe call  Change Middle 2 . Disable threaded update or use a thread-safe call. Function may need BlueprintThreadSafe metadata adding.
[2019.03.19-12.25.22:643][862]LogBlueprint: Warning: [Compiler HandAnimBlueprint] Node  Transform (Modify) Bone - Bone: middle3_r  uses potentially thread-unsafe call  Change Middle 3 . Disable threaded update or use a thread-safe call. Function may need BlueprintThreadSafe metadata adding.
[2019.03.19-12.25.22:643][862]LogBlueprint: Warning: [Compiler HandAnimBlueprint] Node  Transform (Modify) Bone - Bone: ring1_r  uses potentially thread-unsafe call  Change Ring 1 . Disable threaded update or use a thread-safe call. Function may need BlueprintThreadSafe metadata adding.
[2019.03.19-12.25.22:643][862]LogBlueprint: Warning: [Compiler HandAnimBlueprint] Node  Transform (Modify) Bone - Bone: ring2_r  uses potentially thread-unsafe call  Change Ring 2 . Disable threaded update or use a thread-safe call. Function may need BlueprintThreadSafe metadata adding.
[2019.03.19-12.25.22:643][862]LogBlueprint: Warning: [Compiler HandAnimBlueprint] Node  Transform (Modify) Bone - Bone: ring3_r  uses potentially thread-unsafe call  Change Ring 3 . Disable threaded update or use a thread-safe call. Function may need BlueprintThreadSafe metadata adding.
[2019.03.19-12.25.22:644][862]LogBlueprint: Warning: [Compiler HandAnimBlueprint] Node  Transform (Modify) Bone - Bone: pinky2_r  uses potentially thread-unsafe call  Change Little 1 . Disable threaded update or use a thread-safe call. Function may need BlueprintThreadSafe metadata adding.
[2019.03.19-12.25.22:644][862]LogBlueprint: Warning: [Compiler HandAnimBlueprint] Node  Transform (Modify) Bone - Bone: pinky3_r  uses potentially thread-unsafe call  Change Little 2 . Disable threaded update or use a thread-safe call. Function may need BlueprintThreadSafe metadata adding.
[2019.03.19-12.25.22:644][862]LogBlueprint: Warning: [Compiler HandAnimBlueprint] Node  Transform (Modify) Bone - Bone: pinky4_r  uses potentially thread-unsafe call  Change Little 3 . Disable threaded update or use a thread-safe call. Function may need BlueprintThreadSafe metadata adding.
[2019.03.19-12.25.22:644][862]LogBlueprint: Warning: [Compiler HandAnimBlueprint] [0018.54] Compile of HandAnimBlueprint successful, but with 15 Warning(s) [in 26 ms] (/Game/HandAnimBlueprint.HandAnimBlueprint)
[2019.03.19-12.25.22:654][862]LogUObjectGlobals: Created PersistentFrame Addr=0x00000213929dee80, Size=120, Default__Hand_BP_C Function /Game/Hand_BP.Hand_BP_C:ExecuteUbergraph_Hand_BP
[2019.03.19-12.25.22:659][862]LogUObjectGlobals: Destroyed PersistentFrame Addr=0x00000213929dee80, Size=120
[2019.03.19-12.25.22:659][862]LogUObjectGlobals: Created PersistentFrame Addr=0x00000213929dee80, Size=120, Default__Hand_BP_C Function /Engine/Transient.REINST_Hand_BP_C_10:ExecuteUbergraph_Hand_BP
[2019.03.19-12.25.22:662][862]LogUObjectGlobals: Created PersistentFrame Addr=0x00000213929df500, Size=120, Default__Hand_BP_C Function /Game/Hand_BP.Hand_BP_C:ExecuteUbergraph_Hand_BP
[2019.03.19-12.25.22:677][862]LogSkeletalMesh: Skeletal Mesh found in DDC [0.503886ms] /Game/ImportFile/hand_right_1.hand_right_1
[2019.03.19-12.25.22:694][862]LogLoad: Game class is 'MyGameMode_C'
[2019.03.19-12.25.22:696][862]LogWorld: Bringing World /Game/UEDPIE_0_NewMap.NewMap up for play (max tick rate 0) at 2019.03.19-20.25.22
[2019.03.19-12.25.22:697][862]LogWorld: Bringing up level for play took: 0.001143
[2019.03.19-12.25.22:706][862]LogContentBrowser: Native class hierarchy updated for 'MovieSceneCapture' in 0.0058 seconds. Added 11 classes and 0 folders.
[2019.03.19-12.25.22:707][862]PIE: Play in editor start time for /Game/UEDPIE_0_NewMap 0.558
[2019.03.19-12.25.25:126][129]LogUObjectGlobals: Destroyed PersistentFrame Addr=0x00000213929dee80, Size=120
[2019.03.19-12.25.25:126][129]LogUObjectGlobals: Destroyed PersistentFrame Addr=0x00000213d6f62200, Size=172
[2019.03.19-12.25.25:620][186]LogEditorViewport: Clicking on Actor (LMB): CubeBlueprint_C (CubeBlueprint)
[2019.03.19-12.25.28:540][520]LogSlate: FSceneViewport::OnFocusLost() reason 0
[2019.03.19-12.25.28:648][533]LogTemp: Repeating last play command: Selected Viewport
[2019.03.19-12.25.28:662][533]LogPlayLevel: PlayLevel: No blueprints needed recompiling
[2019.03.19-12.25.28:662][533]PIE: New page: PIE session: NewMap (Mar 20, 2019, 4:25:28 AM)
[2019.03.19-12.25.28:662][533]LogPlayLevel: Creating play world package: /Game/UEDPIE_0_NewMap
[2019.03.19-12.25.28:665][533]LogPlayLevel: PIE: StaticDuplicateObject took: (0.002167s)
[2019.03.19-12.25.28:665][533]LogAIModule: Creating AISystem for world NewMap
[2019.03.19-12.25.28:666][533]LogPlayLevel: PIE: World Init took: (0.001184s)
[2019.03.19-12.25.28:666][533]LogPlayLevel: PIE: Created PIE world by copying editor world from /Game/NewMap.NewMap to /Game/UEDPIE_0_NewMap.NewMap (0.003677s)
[2019.03.19-12.25.28:686][533]LogInit: XAudio2 using 'Speakers (Realtek High Definition Audio)' : 2 channels at 48 kHz using 32 bits per sample (channel mask 0x3)
[2019.03.19-12.25.28:705][533]LogInit: FAudioDevice initialized.
[2019.03.19-12.25.28:752][533]LogLoad: Game class is 'MyGameMode_C'
[2019.03.19-12.25.28:754][533]LogWorld: Bringing World /Game/UEDPIE_0_NewMap.NewMap up for play (max tick rate 0) at 2019.03.19-20.25.28
[2019.03.19-12.25.28:755][533]LogWorld: Bringing up level for play took: 0.001662
[2019.03.19-12.25.28:757][533]PIE: Play in editor start time for /Game/UEDPIE_0_NewMap 0.608
[2019.03.19-12.25.40:114][681]LogEditorViewport: Clicking on Actor (LMB): StaticMeshActor (Floor)
[2019.03.19-12.25.41:024][757]LogSlate: FSceneViewport::OnFocusLost() reason 0
[2019.03.19-12.25.41:133][770]LogTemp: Repeating last play command: Selected Viewport
[2019.03.19-12.25.41:146][770]LogPlayLevel: PlayLevel: No blueprints needed recompiling
[2019.03.19-12.25.41:146][770]PIE: New page: PIE session: NewMap (Mar 20, 2019, 4:25:41 AM)
[2019.03.19-12.25.41:146][770]LogPlayLevel: Creating play world package: /Game/UEDPIE_0_NewMap
[2019.03.19-12.25.41:148][770]LogPlayLevel: PIE: StaticDuplicateObject took: (0.001789s)
[2019.03.19-12.25.41:149][770]LogAIModule: Creating AISystem for world NewMap
[2019.03.19-12.25.41:150][770]LogPlayLevel: PIE: World Init took: (0.001087s)
[2019.03.19-12.25.41:150][770]LogPlayLevel: PIE: Created PIE world by copying editor world from /Game/NewMap.NewMap to /Game/UEDPIE_0_NewMap.NewMap (0.003320s)
[2019.03.19-12.25.41:171][770]LogInit: XAudio2 using 'Speakers (Realtek High Definition Audio)' : 2 channels at 48 kHz using 32 bits per sample (channel mask 0x3)
[2019.03.19-12.25.41:192][770]LogInit: FAudioDevice initialized.
[2019.03.19-12.25.41:238][770]LogLoad: Game class is 'MyGameMode_C'
[2019.03.19-12.25.41:239][770]LogWorld: Bringing World /Game/UEDPIE_0_NewMap.NewMap up for play (max tick rate 0) at 2019.03.19-20.25.41
[2019.03.19-12.25.41:240][770]LogWorld: Bringing up level for play took: 0.001154
[2019.03.19-12.25.41:242][770]PIE: Play in editor start time for /Game/UEDPIE_0_NewMap 1.093
[2019.03.19-12.25.45:617][268]LogSlate: FSceneViewport::OnFocusLost() reason 0
