Log file open, 03/19/19 20:28:22
LogWindows: Failed to load 'aqProf.dll' (GetLastError=126)
LogWindows: File 'aqProf.dll' does not exist
LogWindows: Failed to load 'VtuneApi.dll' (GetLastError=126)
LogWindows: File 'VtuneApi.dll' does not exist
LogWindows: Failed to load 'VtuneApi32e.dll' (GetLastError=126)
LogWindows: File 'VtuneApi32e.dll' does not exist
LogInit: Display: Running engine for game: Hand
LogPlatformFile: Not using cached read wrapper
LogInit: Display: RandInit(1034604548) SRandInit(1034604548).
LogInit: Read version file with build ID '3944462'
LogInit: Overriding engine version to CL 4033788, compatible CL 3944462
LogInit: Registered custom module enumerator with build ID '3944462'
LogTaskGraph: Started task graph with 5 named threads and 14 total threads with 3 sets of task threads.
LogStats: Stats thread started at 0.314157
LogD3D11RHI: Aftermath initialized
LogICUInternationalization: Display: ICU TimeZone Detection - Raw Offset: +8:00, Platform Override: ''
LogPluginManager: Mounting plugin Paper2D
LogPluginManager: Mounting plugin LiveLink
LogPluginManager: Mounting plugin LightPropagationVolume
LogPluginManager: Mounting plugin CLionSourceCodeAccess
LogPluginManager: Mounting plugin CodeLiteSourceCodeAccess
LogPluginManager: Mounting plugin GitSourceControl
LogPluginManager: Mounting plugin KDevelopSourceCodeAccess
LogPluginManager: Mounting plugin NullSourceCodeAccess
LogPluginManager: Mounting plugin PerforceSourceControl
LogPluginManager: Mounting plugin SubversionSourceControl
LogPluginManager: Mounting plugin UObjectPlugin
LogPluginManager: Mounting plugin VisualStudioCodeSourceCodeAccess
LogPluginManager: Mounting plugin VisualStudioSourceCodeAccess
LogPluginManager: Mounting plugin XCodeSourceCodeAccess
LogPluginManager: Mounting plugin AssetManagerEditor
LogPluginManager: Mounting plugin CryptoKeys
LogPluginManager: Mounting plugin DataValidation
LogPluginManager: Mounting plugin FacialAnimation
LogPluginManager: Mounting plugin GameplayTagsEditor
LogPluginManager: Mounting plugin MobileLauncherProfileWizard
LogPluginManager: Mounting plugin PluginBrowser
LogPluginManager: Mounting plugin SpeedTreeImporter
LogPluginManager: Mounting plugin DatasmithContent
LogPluginManager: Mounting plugin AlembicImporter
LogPluginManager: Mounting plugin CharacterAI
LogPluginManager: Mounting plugin HTML5Networking
LogPluginManager: Mounting plugin AndroidMedia
LogPluginManager: Mounting plugin AvfMedia
LogPluginManager: Mounting plugin ImgMedia
LogPluginManager: Mounting plugin LinearTimecode
LogPluginManager: Mounting plugin MediaCompositing
LogPluginManager: Mounting plugin MediaPlayerEditor
LogPluginManager: Mounting plugin WmfMedia
LogPluginManager: Mounting plugin TcpMessaging
LogPluginManager: Mounting plugin UdpMessaging
LogPluginManager: Mounting plugin ActorSequence
LogPluginManager: Mounting plugin LevelSequenceEditor
LogPluginManager: Mounting plugin MatineeToLevelSequence
LogPluginManager: Mounting plugin NetcodeUnitTest
LogPluginManager: Mounting plugin NUTUnrealEngine4
LogPluginManager: Mounting plugin OnlineSubsystemGooglePlay
LogPluginManager: Mounting plugin OnlineSubsystemIOS
LogPluginManager: Mounting plugin OnlineSubsystem
LogPluginManager: Mounting plugin OnlineSubsystemNull
LogPluginManager: Mounting plugin OnlineSubsystemUtils
LogPluginManager: Mounting plugin AndroidDeviceProfileSelector
LogPluginManager: Mounting plugin AndroidMoviePlayer
LogPluginManager: Mounting plugin AndroidPermission
LogPluginManager: Mounting plugin AppleARKit
LogPluginManager: Mounting plugin AppleMoviePlayer
LogPluginManager: Mounting plugin ArchVisCharacter
LogPluginManager: Mounting plugin AudioCapture
LogPluginManager: Mounting plugin CableComponent
LogPluginManager: Mounting plugin CustomMeshComponent
LogPluginManager: Mounting plugin ExampleDeviceProfileSelector
LogPluginManager: Mounting plugin GoogleCloudMessaging
LogPluginManager: Mounting plugin ImmediatePhysics
LogPluginManager: Mounting plugin IOSDeviceProfileSelector
LogPluginManager: Mounting plugin LinuxDeviceProfileSelector
LogPluginManager: Mounting plugin LocationServicesBPLibrary
LogPluginManager: Mounting plugin MobilePatchingUtils
LogPluginManager: Mounting plugin OculusVR
LogPluginManager: Plugin shader directory ../../../Engine/Plugins/Runtime/Oculus/OculusVR/Shaders found
LogPluginManager: Mapping shader source directory ../../../Engine/Plugins/Runtime/Oculus/OculusVR/Shaders to virtual directory /Plugin/OculusVR
LogPluginManager: Mounting plugin PhysXVehicles
LogPluginManager: Mounting plugin ProceduralMeshComponent
LogPluginManager: Mounting plugin RuntimePhysXCooking
LogPluginManager: Mounting plugin SteamVR
LogPluginManager: Mounting plugin WindowsMoviePlayer
LogStreaming: Display: Took  0.119s to configure plugins.
LogModuleManager: Display: Found up-to-date module file C:/Users/ZYK/Documents/Unreal Projects/Hand_wangziqi/Binaries/Win64/UE4Editor-Hand.dll (API version 3944462).
LogModuleManager: Display: Found up-to-date module file ../../../Engine/Plugins/2D/Paper2D/Binaries/Win64/UE4Editor-Paper2D.dll (API version 3944462).
LogModuleManager: Display: Found up-to-date module file ../../../Engine/Plugins/2D/Paper2D/Binaries/Win64/UE4Editor-Paper2DEditor.dll (API version 3944462).
LogModuleManager: Display: Found up-to-date module file ../../../Engine/Plugins/2D/Paper2D/Binaries/Win64/UE4Editor-PaperSpriteSheetImporter.dll (API version 3944462).
LogModuleManager: Display: Found up-to-date module file ../../../Engine/Plugins/2D/Paper2D/Binaries/Win64/UE4Editor-PaperTiledImporter.dll (API version 3944462).
LogModuleManager: Display: Found up-to-date module file ../../../Engine/Plugins/2D/Paper2D/Binaries/Win64/UE4Editor-SmartSnapping.dll (API version 3944462).
LogModuleManager: Display: Found up-to-date module file ../../../Engine/Plugins/Animation/LiveLink/Binaries/Win64/UE4Editor-LiveLink.dll (API version 3944462).
LogModuleManager: Display: Found up-to-date module file ../../../Engine/Plugins/Animation/LiveLink/Binaries/Win64/UE4Editor-LiveLinkEditor.dll (API version 3944462).
LogModuleManager: Display: Found up-to-date module file ../../../Engine/Plugins/Blendables/LightPropagationVolume/Binaries/Win64/UE4Editor-LightPropagationVolumeRuntime.dll (API version 3944462).
LogModuleManager: Display: Found up-to-date module file ../../../Engine/Plugins/Blendables/LightPropagationVolume/Binaries/Win64/UE4Editor-LightPropagationVolumeEditor.dll (API version 3944462).
LogModuleManager: Display: Found up-to-date module file ../../../Engine/Plugins/Developer/CLionSourceCodeAccess/Binaries/Win64/UE4Editor-CLionSourceCodeAccess.dll (API version 3944462).
LogModuleManager: Display: Found up-to-date module file ../../../Engine/Plugins/Developer/GitSourceControl/Binaries/Win64/UE4Editor-GitSourceControl.dll (API version 3944462).
LogModuleManager: Display: Found up-to-date module file ../../../Engine/Plugins/Developer/PerforceSourceControl/Binaries/Win64/UE4Editor-PerforceSourceControl.dll (API version 3944462).
LogModuleManager: Display: Found up-to-date module file ../../../Engine/Plugins/Developer/SubversionSourceControl/Binaries/Win64/UE4Editor-SubversionSourceControl.dll (API version 3944462).
LogModuleManager: Display: Found up-to-date module file ../../../Engine/Plugins/Developer/UObjectPlugin/Binaries/Win64/UE4Editor-UObjectPlugin.dll (API version 3944462).
LogModuleManager: Display: Found up-to-date module file ../../../Engine/Plugins/Developer/VisualStudioCodeSourceCodeAccess/Binaries/Win64/UE4Editor-VisualStudioCodeSourceCodeAccess.dll (API version 3944462).
LogModuleManager: Display: Found up-to-date module file ../../../Engine/Plugins/Developer/VisualStudioSourceCodeAccess/Binaries/Win64/UE4Editor-VisualStudioSourceCodeAccess.dll (API version 3944462).
LogModuleManager: Display: Found up-to-date module file ../../../Engine/Plugins/Editor/AssetManagerEditor/Binaries/Win64/UE4Editor-AssetManagerEditor.dll (API version 3944462).
LogModuleManager: Display: Found up-to-date module file ../../../Engine/Plugins/Editor/CryptoKeys/Binaries/Win64/UE4Editor-CryptoKeys.dll (API version 3944462).
LogModuleManager: Display: Found up-to-date module file ../../../Engine/Plugins/Editor/CryptoKeys/Binaries/Win64/UE4Editor-CryptoKeysOpenSSL.dll (API version 3944462).
LogModuleManager: Display: Found up-to-date module file ../../../Engine/Plugins/Editor/DataValidation/Binaries/Win64/UE4Editor-DataValidation.dll (API version 3944462).
LogModuleManager: Display: Found up-to-date module file ../../../Engine/Plugins/Editor/FacialAnimation/Binaries/Win64/UE4Editor-FacialAnimation.dll (API version 3944462).
LogModuleManager: Display: Found up-to-date module file ../../../Engine/Plugins/Editor/FacialAnimation/Binaries/Win64/UE4Editor-FacialAnimationEditor.dll (API version 3944462).
LogModuleManager: Display: Found up-to-date module file ../../../Engine/Plugins/Editor/GameplayTagsEditor/Binaries/Win64/UE4Editor-GameplayTagsEditor.dll (API version 3944462).
LogModuleManager: Display: Found up-to-date module file ../../../Engine/Plugins/Editor/MobileLauncherProfileWizard/Binaries/Win64/UE4Editor-MobileLauncherProfileWizard.dll (API version 3944462).
LogModuleManager: Display: Found up-to-date module file ../../../Engine/Plugins/Editor/PluginBrowser/Binaries/Win64/UE4Editor-PluginBrowser.dll (API version 3944462).
LogModuleManager: Display: Found up-to-date module file ../../../Engine/Plugins/Editor/SpeedTreeImporter/Binaries/Win64/UE4Editor-SpeedTreeImporter.dll (API version 3944462).
LogModuleManager: Display: Found up-to-date module file ../../../Engine/Plugins/Enterprise/DatasmithContent/Binaries/Win64/UE4Editor-DatasmithContent.dll (API version 3944462).
LogModuleManager: Display: Found up-to-date module file ../../../Engine/Plugins/Experimental/AlembicImporter/Binaries/Win64/UE4Editor-AlembicImporter.dll (API version 3944462).
LogModuleManager: Display: Found up-to-date module file ../../../Engine/Plugins/Experimental/AlembicImporter/Binaries/Win64/UE4Editor-AlembicLibrary.dll (API version 3944462).
LogModuleManager: Display: Found up-to-date module file ../../../Engine/Plugins/Experimental/CharacterAI/Binaries/Win64/UE4Editor-CharacterAI.dll (API version 3944462).
LogModuleManager: Display: Found up-to-date module file ../../../Engine/Plugins/Experimental/HTML5Networking/Binaries/Win64/UE4Editor-HTML5Networking.dll (API version 3944462).
LogModuleManager: Display: Found up-to-date module file ../../../Engine/Plugins/Media/AndroidMedia/Binaries/Win64/UE4Editor-AndroidMediaEditor.dll (API version 3944462).
LogModuleManager: Display: Found up-to-date module file ../../../Engine/Plugins/Media/AndroidMedia/Binaries/Win64/UE4Editor-AndroidMediaFactory.dll (API version 3944462).
LogModuleManager: Display: Found up-to-date module file ../../../Engine/Plugins/Media/AvfMedia/Binaries/Win64/UE4Editor-AvfMediaEditor.dll (API version 3944462).
LogModuleManager: Display: Found up-to-date module file ../../../Engine/Plugins/Media/AvfMedia/Binaries/Win64/UE4Editor-AvfMediaFactory.dll (API version 3944462).
LogModuleManager: Display: Found up-to-date module file ../../../Engine/Plugins/Media/AvfMedia/Binaries/Win64/UE4Editor-AvfMediaFactory.dll (API version 3944462).
LogModuleManager: Display: Found up-to-date module file ../../../Engine/Plugins/Media/ImgMedia/Binaries/Win64/UE4Editor-ImgMedia.dll (API version 3944462).
LogModuleManager: Display: Found up-to-date module file ../../../Engine/Plugins/Media/ImgMedia/Binaries/Win64/UE4Editor-ImgMediaEditor.dll (API version 3944462).
LogModuleManager: Display: Found up-to-date module file ../../../Engine/Plugins/Media/ImgMedia/Binaries/Win64/UE4Editor-ImgMediaFactory.dll (API version 3944462).
LogModuleManager: Display: Found up-to-date module file ../../../Engine/Plugins/Media/ImgMedia/Binaries/Win64/UE4Editor-ImgMediaFactory.dll (API version 3944462).
LogModuleManager: Display: Found up-to-date module file ../../../Engine/Plugins/Media/ImgMedia/Binaries/Win64/UE4Editor-OpenExrWrapper.dll (API version 3944462).
LogModuleManager: Display: Found up-to-date module file ../../../Engine/Plugins/Media/LinearTimecode/Binaries/Win64/UE4Editor-LinearTimecode.dll (API version 3944462).
LogModuleManager: Display: Found up-to-date module file ../../../Engine/Plugins/Media/MediaCompositing/Binaries/Win64/UE4Editor-MediaCompositing.dll (API version 3944462).
LogModuleManager: Display: Found up-to-date module file ../../../Engine/Plugins/Media/MediaCompositing/Binaries/Win64/UE4Editor-MediaCompositingEditor.dll (API version 3944462).
LogModuleManager: Display: Found up-to-date module file ../../../Engine/Plugins/Media/MediaPlayerEditor/Binaries/Win64/UE4Editor-MediaPlayerEditor.dll (API version 3944462).
LogModuleManager: Display: Found up-to-date module file ../../../Engine/Plugins/Media/WmfMedia/Binaries/Win64/UE4Editor-WmfMedia.dll (API version 3944462).
LogModuleManager: Display: Found up-to-date module file ../../../Engine/Plugins/Media/WmfMedia/Binaries/Win64/UE4Editor-WmfMediaEditor.dll (API version 3944462).
LogModuleManager: Display: Found up-to-date module file ../../../Engine/Plugins/Media/WmfMedia/Binaries/Win64/UE4Editor-WmfMediaFactory.dll (API version 3944462).
LogModuleManager: Display: Found up-to-date module file ../../../Engine/Plugins/Media/WmfMedia/Binaries/Win64/UE4Editor-WmfMediaFactory.dll (API version 3944462).
LogModuleManager: Display: Found up-to-date module file ../../../Engine/Plugins/Messaging/TcpMessaging/Binaries/Win64/UE4Editor-TcpMessaging.dll (API version 3944462).
LogModuleManager: Display: Found up-to-date module file ../../../Engine/Plugins/Messaging/UdpMessaging/Binaries/Win64/UE4Editor-UdpMessaging.dll (API version 3944462).
LogModuleManager: Display: Found up-to-date module file ../../../Engine/Plugins/MovieScene/ActorSequence/Binaries/Win64/UE4Editor-ActorSequence.dll (API version 3944462).
LogModuleManager: Display: Found up-to-date module file ../../../Engine/Plugins/MovieScene/LevelSequenceEditor/Binaries/Win64/UE4Editor-LevelSequenceEditor.dll (API version 3944462).
LogModuleManager: Display: Found up-to-date module file ../../../Engine/Plugins/MovieScene/MatineeToLevelSequence/Binaries/Win64/UE4Editor-MatineeToLevelSequence.dll (API version 3944462).
LogModuleManager: Display: Found up-to-date module file ../../../Engine/Plugins/NetcodeUnitTest/NetcodeUnitTest/Binaries/Win64/UE4Editor-NetcodeUnitTest.dll (API version 3944462).
LogModuleManager: Display: Found up-to-date module file ../../../Engine/Plugins/NetcodeUnitTest/NUTUnrealEngine4/Binaries/Win64/UE4Editor-NUTUnrealEngine4.dll (API version 3944462).
LogModuleManager: Display: Found up-to-date module file ../../../Engine/Plugins/Online/OnlineSubsystem/Binaries/Win64/UE4Editor-OnlineSubsystem.dll (API version 3944462).
LogModuleManager: Display: Found up-to-date module file ../../../Engine/Plugins/Online/OnlineSubsystemNull/Binaries/Win64/UE4Editor-OnlineSubsystemNull.dll (API version 3944462).
LogModuleManager: Display: Found up-to-date module file ../../../Engine/Plugins/Online/OnlineSubsystemUtils/Binaries/Win64/UE4Editor-OnlineSubsystemUtils.dll (API version 3944462).
LogModuleManager: Display: Found up-to-date module file ../../../Engine/Plugins/Online/OnlineSubsystemUtils/Binaries/Win64/UE4Editor-OnlineBlueprintSupport.dll (API version 3944462).
LogModuleManager: Display: Found up-to-date module file ../../../Engine/Plugins/Runtime/AndroidDeviceProfileSelector/Binaries/Win64/UE4Editor-AndroidDeviceProfileSelector.dll (API version 3944462).
LogModuleManager: Display: Found up-to-date module file ../../../Engine/Plugins/Runtime/AndroidPermission/Binaries/Win64/UE4Editor-AndroidPermission.dll (API version 3944462).
LogModuleManager: Display: Found up-to-date module file ../../../Engine/Plugins/Runtime/AppleARKit/Binaries/Win64/UE4Editor-AppleARKit.dll (API version 3944462).
LogModuleManager: Display: Found up-to-date module file ../../../Engine/Plugins/Runtime/ArchVisCharacter/Binaries/Win64/UE4Editor-ArchVisCharacter.dll (API version 3944462).
LogModuleManager: Display: Found up-to-date module file ../../../Engine/Plugins/Runtime/AudioCapture/Binaries/Win64/UE4Editor-AudioCapture.dll (API version 3944462).
LogModuleManager: Display: Found up-to-date module file ../../../Engine/Plugins/Runtime/AudioCapture/Binaries/Win64/UE4Editor-AudioCaptureEditor.dll (API version 3944462).
LogModuleManager: Display: Found up-to-date module file ../../../Engine/Plugins/Runtime/CableComponent/Binaries/Win64/UE4Editor-CableComponent.dll (API version 3944462).
LogModuleManager: Display: Found up-to-date module file ../../../Engine/Plugins/Runtime/CustomMeshComponent/Binaries/Win64/UE4Editor-CustomMeshComponent.dll (API version 3944462).
LogModuleManager: Display: Found up-to-date module file ../../../Engine/Plugins/Runtime/ExampleDeviceProfileSelector/Binaries/Win64/UE4Editor-ExampleDeviceProfileSelector.dll (API version 3944462).
LogModuleManager: Display: Found up-to-date module file ../../../Engine/Plugins/Runtime/ImmediatePhysics/Binaries/Win64/UE4Editor-ImmediatePhysics.dll (API version 3944462).
LogModuleManager: Display: Found up-to-date module file ../../../Engine/Plugins/Runtime/ImmediatePhysics/Binaries/Win64/UE4Editor-ImmediatePhysicsEditor.dll (API version 3944462).
LogModuleManager: Display: Found up-to-date module file ../../../Engine/Plugins/Runtime/LocationServicesBPLibrary/Binaries/Win64/UE4Editor-LocationServicesBPLibrary.dll (API version 3944462).
LogModuleManager: Display: Found up-to-date module file ../../../Engine/Plugins/Runtime/MobilePatchingUtils/Binaries/Win64/UE4Editor-MobilePatchingUtils.dll (API version 3944462).
LogModuleManager: Display: Found up-to-date module file ../../../Engine/Plugins/Runtime/Oculus/OculusVR/Binaries/Win64/UE4Editor-OculusHMD.dll (API version 3944462).
LogModuleManager: Display: Found up-to-date module file ../../../Engine/Plugins/Runtime/Oculus/OculusVR/Binaries/Win64/UE4Editor-OculusInput.dll (API version 3944462).
LogModuleManager: Display: Found up-to-date module file ../../../Engine/Plugins/Runtime/Oculus/OculusVR/Binaries/Win64/UE4Editor-OculusEditor.dll (API version 3944462).
LogModuleManager: Display: Found up-to-date module file ../../../Engine/Plugins/Runtime/PhysXVehicles/Binaries/Win64/UE4Editor-PhysXVehicles.dll (API version 3944462).
LogModuleManager: Display: Found up-to-date module file ../../../Engine/Plugins/Runtime/PhysXVehicles/Binaries/Win64/UE4Editor-PhysXVehiclesEditor.dll (API version 3944462).
LogModuleManager: Display: Found up-to-date module file ../../../Engine/Plugins/Runtime/ProceduralMeshComponent/Binaries/Win64/UE4Editor-ProceduralMeshComponent.dll (API version 3944462).
LogModuleManager: Display: Found up-to-date module file ../../../Engine/Plugins/Runtime/ProceduralMeshComponent/Binaries/Win64/UE4Editor-ProceduralMeshComponentEditor.dll (API version 3944462).
LogModuleManager: Display: Found up-to-date module file ../../../Engine/Plugins/Runtime/RuntimePhysXCooking/Binaries/Win64/UE4Editor-RuntimePhysXCooking.dll (API version 3944462).
LogModuleManager: Display: Found up-to-date module file ../../../Engine/Plugins/Runtime/Steam/SteamVR/Binaries/Win64/UE4Editor-SteamVR.dll (API version 3944462).
LogModuleManager: Display: Found up-to-date module file ../../../Engine/Plugins/Runtime/Steam/SteamVR/Binaries/Win64/UE4Editor-SteamVRController.dll (API version 3944462).
LogModuleManager: Display: Found up-to-date module file ../../../Engine/Plugins/Runtime/WindowsMoviePlayer/Binaries/Win64/UE4Editor-WindowsMoviePlayer.dll (API version 3944462).
LogInit: Using libcurl 7.47.1
LogInit:  - built for x86_64-pc-win32
LogInit:  - supports SSL with OpenSSL/1.0.2g
LogInit:  - supports HTTP deflate (compression) using libz 1.2.8
LogInit:  - other features:
LogInit:      CURL_VERSION_SSL
LogInit:      CURL_VERSION_LIBZ
LogInit:      CURL_VERSION_IPV6
LogInit:      CURL_VERSION_ASYNCHDNS
LogInit:      CURL_VERSION_LARGEFILE
LogInit:      CURL_VERSION_IDN
LogInit:  CurlRequestOptions (configurable via config and command line):
LogInit:  - bVerifyPeer = false  - Libcurl will NOT verify peer certificate
LogInit:  - bUseHttpProxy = false  - Libcurl will NOT use HTTP proxy
LogInit:  - bDontReuseConnections = false  - Libcurl will reuse connections
LogInit:  - CertBundlePath = nullptr  - Libcurl will use whatever was configured at build time.
LogInit:  - MaxHostConnections = 16  - Libcurl will limit the number of connections to a host
LogInit:  - LocalHostAddr = Default
LogInit: WinSock: version 1.1 (2.2), MaxSocks=32767, MaxUdp=65467
LogInit: WinSock: I am DESKTOP-DP38E3B (10.136.160.201:0)
LogInit: Build: ++UE4+Release-4.19-CL-4033788
LogInit: Engine Version: 4.19.2-4033788+++UE4+Release-4.19
LogInit: Compatible Engine Version: 4.19.0-3944462+++UE4+Release-4.19
LogInit: Net CL: 3944462
LogDevObjectVersion: Number of dev versions registered: 18
LogDevObjectVersion:   Dev-Blueprints (B0D832E4-1F89-4F0D-ACCF-7EB736FD4AA2): 10
LogDevObjectVersion:   Dev-Build (E1C64328-A22C-4D53-A36C-8E866417BD8C): 0
LogDevObjectVersion:   Dev-Core (375EC13C-06E4-48FB-B500-84F0262A717E): 2
LogDevObjectVersion:   Dev-Editor (E4B068ED-F494-42E9-A231-DA0B2E46BB41): 23
LogDevObjectVersion:   Dev-Framework (CFFC743F-43B0-4480-9391-14DF171D2073): 33
LogDevObjectVersion:   Dev-Mobile (B02B49B5-BB20-44E9-A304-32B752E40360): 2
LogDevObjectVersion:   Dev-Networking (A4E4105C-59A1-49B5-A7C5-40C4547EDFEE): 0
LogDevObjectVersion:   Dev-Online (39C831C9-5AE6-47DC-9A44-9C173E1C8E7C): 0
LogDevObjectVersion:   Dev-Physics (78F01B33-EBEA-4F98-B9B4-84EACCB95AA2): 0
LogDevObjectVersion:   Dev-Platform (6631380F-2D4D-43E0-8009-CF276956A95A): 0
LogDevObjectVersion:   Dev-Rendering (12F88B9F-8875-4AFC-A67C-D90C383ABD29): 25
LogDevObjectVersion:   Dev-Sequencer (7B5AE74C-D270-4C10-A958-57980B212A5A): 6
LogDevObjectVersion:   Dev-VR (D7296918-1DD6-4BDD-9DE2-64A83CC13884): 1
LogDevObjectVersion:   Dev-LoadTimes (C2A15278-BFE7-4AFE-6C17-90FF531DF755): 1
LogDevObjectVersion:   Private-Geometry (6EACA3D4-40EC-4CC1-B786-8BED09428FC5): 2
LogDevObjectVersion:   Dev-AnimPhys (29E575DD-E0A3-4627-9D10-D276232CDCEA): 16
LogDevObjectVersion:   Dev-ReflectionCapture (6B266CEC-1EC7-4B8F-A30B-E4D90942FC07): 1
LogDevObjectVersion:   Dev-Automation (0DF73D61-A23F-47EA-B727-89E90C41499A): 1
LogInit: Compiled (64-bit): Apr 27 2018 02:06:57
LogInit: Compiled with Visual C++: 19.00.24215.01
LogInit: Build Configuration: Development
LogInit: Branch Name: ++UE4+Release-4.19
LogInit: Command Line:  -skipcompile
LogInit: Base Directory: D:/Program Files/Epic Games/UE_4.19/Engine/Binaries/Win64/
LogInit: Installed Engine Build: 1
LogStreaming: Display: Took  0.004s to delete old logs.
LogInit: Presizing for max 8388607 objects, including 0 objects not considered by GC, pre-allocating 0 bytes for permanent pool.
LogInit: Object subsystem initialized
[2019.03.19-12.28.23:683][  0]LogInit: Selected Device Profile: [Windows]
[2019.03.19-12.28.23:683][  0]LogInit: Applying CVar settings loaded from the selected device profile: [Windows]
[2019.03.19-12.28.23:692][  0]LogInit: Computer: DESKTOP-DP38E3B
[2019.03.19-12.28.23:693][  0]LogInit: User: BUAAHaptics
[2019.03.19-12.28.23:693][  0]LogInit: CPU Page size=4096, Cores=4
[2019.03.19-12.28.23:693][  0]LogInit: High frequency timer resolution =3.328131 MHz
[2019.03.19-12.28.23:693][  0]LogMemory: Memory total: Physical=7.9GB (8GB approx)
[2019.03.19-12.28.23:693][  0]LogMemory: Platform Memory Stats for Windows
[2019.03.19-12.28.23:693][  0]LogMemory: Process Physical Memory: 274.93 MB used, 274.93 MB peak
[2019.03.19-12.28.23:693][  0]LogMemory: Process Virtual Memory: 264.15 MB used, 264.15 MB peak
[2019.03.19-12.28.23:693][  0]LogMemory: Physical Memory: 3860.52 MB used,  4271.41 MB free, 8131.94 MB total
[2019.03.19-12.28.23:693][  0]LogMemory: Virtual Memory: 4784.77 MB used,  4271.41 MB free, 134217728.00 MB total
[2019.03.19-12.28.23:740][  0]LogInit: Using OS detected language (en-US).
[2019.03.19-12.28.23:740][  0]LogInit: Using OS detected locale (en-US).
[2019.03.19-12.28.23:743][  0]LogTextLocalizationManager: No specific localization for 'en-US' exists, so the 'en' localization will be used.
[2019.03.19-12.28.24:134][  0]LogStreaming: Display: Took  0.394s to EndInitTextLocalization.
[2019.03.19-12.28.24:134][  0]LogInit: Setting process to per monitor DPI aware
[2019.03.19-12.28.24:182][  0]LogSlate: New Slate User Created.  User Index 0, Is Virtual User: 0
[2019.03.19-12.28.24:182][  0]LogSlate: Slate User Registered.  User Index 0, Is Virtual User: 0
[2019.03.19-12.28.24:325][  0]LogD3D11RHI: D3D11 adapters:
[2019.03.19-12.28.24:410][  0]LogD3D11RHI:    0. 'NVIDIA GeForce GTX 1050 Ti' (Feature Level 11_0)
[2019.03.19-12.28.24:410][  0]LogD3D11RHI:       4029/0/4065 MB DedicatedVideo/DedicatedSystem/SharedSystem, Outputs:1, VendorId:0x10de
[2019.03.19-12.28.24:421][  0]LogD3D11RHI:    1. 'Microsoft Basic Render Driver' (Feature Level 11_0)
[2019.03.19-12.28.24:422][  0]LogD3D11RHI:       0/0/4065 MB DedicatedVideo/DedicatedSystem/SharedSystem, Outputs:0, VendorId:0x1414
[2019.03.19-12.28.24:422][  0]LogD3D11RHI: Chosen D3D11 Adapter: 0
[2019.03.19-12.28.24:427][  0]LogD3D11RHI: Creating new Direct3DDevice
[2019.03.19-12.28.24:428][  0]LogD3D11RHI:     GPU DeviceId: 0x1c82 (for the marketing name, search the web for "GPU Device Id")
[2019.03.19-12.28.24:428][  0]LogWindows: EnumDisplayDevices:
[2019.03.19-12.28.24:428][  0]LogWindows:    0. 'NVIDIA GeForce GTX 1050 Ti' (P:1 D:1)
[2019.03.19-12.28.24:428][  0]LogWindows:    1. 'NVIDIA GeForce GTX 1050 Ti' (P:0 D:0)
[2019.03.19-12.28.24:429][  0]LogWindows:    2. 'NVIDIA GeForce GTX 1050 Ti' (P:0 D:0)
[2019.03.19-12.28.24:429][  0]LogWindows:    3. 'NVIDIA GeForce GTX 1050 Ti' (P:0 D:0)
[2019.03.19-12.28.24:429][  0]LogWindows: DebugString: GetVideoDriverDetailsInvalid PrimaryIsNotTheChoosenAdapter GetVideoDriverDetailsInvalid PrimaryIsNotTheChoosenAdapter GetVideoDriverDetailsInvalid PrimaryIsNotTheChoosenAdapter GetVideoDriverDetailsInvalid PrimaryIsNotTheChoosenAdapter FoundDriverCount:0 
[2019.03.19-12.28.24:430][  0]LogD3D11RHI:     Adapter Name: NVIDIA GeForce GTX 1050 Ti
[2019.03.19-12.28.24:430][  0]LogD3D11RHI:   Driver Version: Unknown (internal:Unknown, unified:Unknown)
[2019.03.19-12.28.24:430][  0]LogD3D11RHI:      Driver Date: Unknown
[2019.03.19-12.28.24:430][  0]LogRHI: Texture pool is 2820 MB (70% of 4029 MB)
[2019.03.19-12.28.24:458][  0]LogD3D11RHI: [Aftermath] Aftermath enabled but failed to initialize
[2019.03.19-12.28.24:458][  0]LogD3D11RHI: [Aftermath] Aftermath enabled and primed
[2019.03.19-12.28.24:458][  0]LogD3D11RHI: Async texture creation enabled
[2019.03.19-12.28.24:468][  0]LogD3D11RHI: GPU Timing Frequency: 1000.000000 (Debug: 2 1)
[2019.03.19-12.28.24:469][  0]LogShaderCompilers: Guid format shader working directory is 0 characters bigger than the processId version (C:/Users/ZYK/Documents/Unreal Projects/Hand_wangziqi/Intermediate/Shaders/WorkingDirectory/12212/).
[2019.03.19-12.28.24:470][  0]LogShaderCompilers: Cleaned the shader compiler working directory 'C:/Users/BUAA-Haptics/AppData/Local/Temp/UnrealShaderWorkingDir/96A8B588458684FA613B5D96E1E78C16/'.
[2019.03.19-12.28.24:663][  0]LogTemp: Display: Loaded TP AllDesktopTargetPlatform
[2019.03.19-12.28.24:677][  0]LogTemp: Display: Loaded TP MacClientTargetPlatform
[2019.03.19-12.28.24:691][  0]LogTemp: Display: Loaded TP MacNoEditorTargetPlatform
[2019.03.19-12.28.24:705][  0]LogTemp: Display: Loaded TP MacServerTargetPlatform
[2019.03.19-12.28.24:719][  0]LogTemp: Display: Loaded TP MacTargetPlatform
[2019.03.19-12.28.24:733][  0]LogTemp: Display: Loaded TP WindowsClientTargetPlatform
[2019.03.19-12.28.24:747][  0]LogTemp: Display: Loaded TP WindowsNoEditorTargetPlatform
[2019.03.19-12.28.24:761][  0]LogTemp: Display: Loaded TP WindowsServerTargetPlatform
[2019.03.19-12.28.24:769][  0]LogTemp: Display: Loaded TP WindowsTargetPlatform
[2019.03.19-12.28.24:782][  0]LogTemp: Display: Loaded TP Android_ASTCTargetPlatform
[2019.03.19-12.28.24:796][  0]LogTemp: Display: Loaded TP Android_ATCTargetPlatform
[2019.03.19-12.28.24:811][  0]LogTemp: Display: Loaded TP Android_DXTTargetPlatform
[2019.03.19-12.28.24:824][  0]LogTemp: Display: Loaded TP Android_ETC1aTargetPlatform
[2019.03.19-12.28.24:841][  0]LogTemp: Display: Loaded TP Android_ETC1TargetPlatform
[2019.03.19-12.28.24:854][  0]LogTemp: Display: Loaded TP Android_ETC2TargetPlatform
[2019.03.19-12.28.24:881][  0]LogTemp: Display: Loaded TP Android_MultiTargetPlatform
[2019.03.19-12.28.24:881][  0]LogTemp: Display: Loaded TP Android_PVRTCTargetPlatform
[2019.03.19-12.28.24:894][  0]LogTemp: Display: Loaded TP AndroidTargetPlatform
[2019.03.19-12.28.24:897][  0]LogTemp: Display: Loaded TP HTML5TargetPlatform
[2019.03.19-12.28.24:940][  0]LogTemp: Display: Loaded TP IOSTargetPlatform
[2019.03.19-12.28.24:953][  0]LogTemp: Display: Loaded TP TVOSTargetPlatform
[2019.03.19-12.28.24:967][  0]LogTemp: Display: Loaded TP LinuxClientTargetPlatform
[2019.03.19-12.28.24:980][  0]LogTemp: Display: Loaded TP LinuxNoEditorTargetPlatform
[2019.03.19-12.28.24:993][  0]LogTemp: Display: Loaded TP LinuxServerTargetPlatform
[2019.03.19-12.28.25:007][  0]LogTemp: Display: Loaded TP LinuxTargetPlatform
[2019.03.19-12.28.25:007][  0]LogTargetPlatformManager: Display: Building Assets For Windows
[2019.03.19-12.28.25:150][  0]LogXGEController: Cleaning working directory: C:/Users/BUAA-Haptics/AppData/Local/Temp/UnrealXGEWorkingDir/
[2019.03.19-12.28.25:151][  0]LogXGEController: Cannot use XGE Controller as Incredibuild is not installed on this machine.
[2019.03.19-12.28.25:151][  0]LogShaderCompilers: Cannot use XGE Shader Compiler as Incredibuild is not installed on this machine.
[2019.03.19-12.28.25:151][  0]LogShaderCompilers: Display: Using Local Shader Compiler.
[2019.03.19-12.28.25:746][  0]LogDerivedDataCache: Display: Max Cache Size: 512 MB
[2019.03.19-12.28.25:817][  0]LogDerivedDataCache: Loaded boot cache 0.07s 74MB C:/Users/BUAA-Haptics/AppData/Local/UnrealEngine/4.19/DerivedDataCache/Boot.ddc.
[2019.03.19-12.28.25:817][  0]LogDerivedDataCache: Display: Loaded Boot cache: C:/Users/BUAA-Haptics/AppData/Local/UnrealEngine/4.19/DerivedDataCache/Boot.ddc
[2019.03.19-12.28.25:817][  0]LogDerivedDataCache: FDerivedDataBackendGraph:  Pak pak cache file C:/Users/ZYK/Documents/Unreal Projects/Hand_wangziqi/DerivedDataCache/DDC.ddp not found, will not use a pak cache.
[2019.03.19-12.28.25:817][  0]LogDerivedDataCache: Unable to find inner node Pak for hierarchical cache Hierarchy.
[2019.03.19-12.28.25:817][  0]LogDerivedDataCache: FDerivedDataBackendGraph:  CompressedPak pak cache file C:/Users/ZYK/Documents/Unreal Projects/Hand_wangziqi/DerivedDataCache/Compressed.ddp not found, will not use a pak cache.
[2019.03.19-12.28.25:817][  0]LogDerivedDataCache: Unable to find inner node CompressedPak for hierarchical cache Hierarchy.
[2019.03.19-12.28.25:832][  0]LogDerivedDataCache: Display: Pak cache opened for reading ../../../Engine/DerivedDataCache/Compressed.ddp.
[2019.03.19-12.28.25:846][  0]LogDerivedDataCache: Using Local data cache path C:/Users/BUAA-Haptics/AppData/Local/UnrealEngine/Common/DerivedDataCache: Writable
[2019.03.19-12.28.25:846][  0]LogDerivedDataCache: Shared data cache path not found in *engine.ini, will not use an Shared cache.
[2019.03.19-12.28.25:846][  0]LogDerivedDataCache: Unable to find inner node Shared for hierarchical cache Hierarchy.
[2019.03.19-12.28.25:857][  0]LogMaterial: Verifying Global Shaders for PCD3D_SM5
[2019.03.19-12.28.25:858][  0]LogSlate: Using Freetype 2.6.0
[2019.03.19-12.28.25:858][  0]LogSlate: SlateFontCache - WITH_FREETYPE: 1, WITH_HARFBUZZ: 1
[2019.03.19-12.28.25:858][  0]LogSlate: SlateFontCache - WITH_FREETYPE: 1, WITH_HARFBUZZ: 1
[2019.03.19-12.28.25:953][  0]LogAssetRegistry: FAssetRegistry took 0.0279 seconds to start up
[2019.03.19-12.28.26:213][  0]LogInit: Selected Device Profile: [Windows]
[2019.03.19-12.28.26:355][  0]LogSimplygon: Simplygon DLL not present - disabling.
[2019.03.19-12.28.26:365][  0]LogMeshReduction: Using SimplygonSwarm for distributed automatic mesh merging
[2019.03.19-12.28.26:365][  0]LogMeshReduction: Using QuadricMeshReduction for automatic static mesh reduction
[2019.03.19-12.28.26:365][  0]LogMeshReduction: No automatic skeletal mesh reduction module available
[2019.03.19-12.28.26:365][  0]LogMeshReduction: No automatic mesh merging module available
[2019.03.19-12.28.26:365][  0]LogMeshMerging: No automatic mesh merging module available
[2019.03.19-12.28.26:390][  0]LogNetVersion: Hand , NetCL: 3944462, EngineNetVer: 2, GameNetVer: 0 (Checksum: 4255602584)
[2019.03.19-12.28.26:822][  0]LogPackageLocalizationCache: Processed 9 localized package path(s) for 2 prioritized culture(s) in 0.081929 seconds
[2019.03.19-12.28.26:827][  0]LogUObjectArray: 36728 objects as part of root set at end of initial load.
[2019.03.19-12.28.26:827][  0]LogUObjectAllocator: 7314304 out of 0 bytes used by permanent object pool.
[2019.03.19-12.28.26:827][  0]LogUObjectArray: CloseDisregardForGC: 0/0 objects in disregard for GC pool
[2019.03.19-12.28.28:314][  0]LogTcpMessaging: Initializing TcpMessaging bridge
[2019.03.19-12.28.28:341][  0]LogUdpMessaging: Initializing bridge on interface 0.0.0.0:0 to multicast group 230.0.0.1:6666.
[2019.03.19-12.28.28:877][  0]SourceControl: Source control is disabled
[2019.03.19-12.28.28:877][  0]SourceControl: Source control is disabled
[2019.03.19-12.28.28:891][  0]SourceControl: Source control is disabled
[2019.03.19-12.28.28:905][  0]SourceControl: Source control is disabled
[2019.03.19-12.28.29:330][  0]LogAndroidPermission: UAndroidPermissionCallbackProxy::GetInstance
[2019.03.19-12.28.29:497][  0]LogOcInput: OculusInput pre-init called
[2019.03.19-12.28.29:590][  0]LogEngine: Initializing Engine...
[2019.03.19-12.28.29:591][  0]LogHMD: Failed to initialize OpenVR with code 110
[2019.03.19-12.28.29:593][  0]LogStats: UGameplayTagsManager::ConstructGameplayTagTree: Construct from data asset -  0.000 s
[2019.03.19-12.28.29:593][  0]LogStats: UGameplayTagsManager::ConstructGameplayTagTree: GameplayTagTreeChangedEvent.Broadcast -  0.000 s
[2019.03.19-12.28.29:819][  0]LogAIModule: Creating AISystem for world Untitled
[2019.03.19-12.28.29:885][  0]LogInit: XAudio2 using 'Speakers (Realtek High Definition Audio)' : 2 channels at 48 kHz using 32 bits per sample (channel mask 0x3)
[2019.03.19-12.28.29:943][  0]LogInit: FAudioDevice initialized.
[2019.03.19-12.28.30:056][  0]LogDerivedDataCache: Saved boot cache 0.11s 74MB C:/Users/BUAA-Haptics/AppData/Local/UnrealEngine/4.19/DerivedDataCache/Boot.ddc.
[2019.03.19-12.28.30:076][  0]LogInit: Texture streaming: Enabled
[2019.03.19-12.28.30:104][  0]LogEngineSessionManager: EngineSessionManager initialized
[2019.03.19-12.28.30:104][  0]LogEngineSessionManager: EngineSessionManager sent abnormal shutdown report. Type=Debugger, SessionId={90A13BC3-45E5-49D3-AE25-E490B24B1C20}
[2019.03.19-12.28.30:104][  0]LogEngineSessionManager: EngineSessionManager sent abnormal shutdown report. Type=Debugger, SessionId={F76FD14C-4FFC-1354-117D-4A979F322301}
[2019.03.19-12.28.30:115][  0]LogInit: Transaction tracking system initialized
[2019.03.19-12.28.30:149][  0]BlueprintLog: New page: Editor Load
[2019.03.19-12.28.30:257][  0]LocalizationService: Localization service is disabled
[2019.03.19-12.28.30:359][  0]LogConsoleResponse: Display: 
[2019.03.19-12.28.30:486][  0]LogCook: Display: Max memory allowance for cook 16384mb min free memory 0mb
[2019.03.19-12.28.30:486][  0]LogCook: Display: Mobile HDR setting 1
[2019.03.19-12.28.30:486][  0]LogGameplayTags: Display: UGameplayTagsManager::DoneAddingNativeTags. DelegateIsBound: 0
[2019.03.19-12.28.30:486][  0]LogStats: UGameplayTagsManager::ConstructGameplayTagTree: Construct from data asset -  0.000 s
[2019.03.19-12.28.30:487][  0]LogStats: UGameplayTagsManager::ConstructGameplayTagTree: GameplayTagTreeChangedEvent.Broadcast -  0.000 s
[2019.03.19-12.28.30:811][  0]LogFileCache: Scanning file cache for directory 'C:/Users/ZYK/Documents/Unreal Projects/Hand_wangziqi/Content/' took 0.01s
[2019.03.19-12.28.30:812][  0]SourceControl: Source control is disabled
[2019.03.19-12.28.30:812][  0]Cmd: MAP LOAD FILE="C:/Users/ZYK/Documents/Unreal Projects/Hand_wangziqi/Content/NewMap.umap" TEMPLATE=0 SHOWPROGRESS=1 FEATURELEVEL=3
[2019.03.19-12.28.30:812][  0]LightingResults: New page: Lighting Build
[2019.03.19-12.28.30:815][  0]MapCheck: New page: Map Check
[2019.03.19-12.28.30:815][  0]LightingResults: New page: Lighting Build
[2019.03.19-12.28.30:999][  0]LogAIModule: Creating AISystem for world NewMap
[2019.03.19-12.28.31:005][  0]LogEditorServer: Finished looking for orphan Actors (0.000 secs)
[2019.03.19-12.28.31:020][  0]Cmd: MAP CHECKDEP NOCLEARLOG
[2019.03.19-12.28.31:053][  0]MapCheck: Map check complete: 0 Error(s), 0 Warning(s), took 32.023ms to complete.
[2019.03.19-12.28.31:053][  0]LogFileHelpers: Loading map 'NewMap' took 0.242
[2019.03.19-12.28.31:193][  0]LogCollectionManager: Loaded 0 collections in 0.001523 seconds
[2019.03.19-12.28.31:245][  0]LogFileCache: Scanning file cache for directory 'C:/Users/ZYK/Documents/Unreal Projects/Hand_wangziqi/Saved/Collections/' took 0.02s
[2019.03.19-12.28.31:245][  0]LogFileCache: Scanning file cache for directory 'C:/Users/ZYK/Documents/Unreal Projects/Hand_wangziqi/Content/Developers/BUAAHaptics/Collections/' took 0.01s
[2019.03.19-12.28.31:246][  0]LogFileCache: Scanning file cache for directory 'C:/Users/ZYK/Documents/Unreal Projects/Hand_wangziqi/Content/Collections/' took 0.01s
[2019.03.19-12.28.31:246][  0]LogCollectionManager: Rebuilt the GUID cache for 0 collections in 0.000000 seconds
[2019.03.19-12.28.31:259][  0]LogContentBrowser: Native class hierarchy populated in 0.0131 seconds. Added 2457 classes and 560 folders.
[2019.03.19-12.28.31:270][  0]LogContentBrowser: Native class hierarchy updated for 'WidgetCarousel' in 0.0055 seconds. Added 0 classes and 0 folders.
[2019.03.19-12.28.31:305][  0]LogContentBrowser: Native class hierarchy updated for 'AddContentDialog' in 0.0055 seconds. Added 0 classes and 0 folders.
[2019.03.19-12.28.31:317][  0]LogContentBrowser: Native class hierarchy updated for 'SceneOutliner' in 0.0054 seconds. Added 1 classes and 2 folders.
[2019.03.19-12.28.31:334][  0]LogSlate: Took 0.000208 seconds to synchronously load lazily loaded font '../../../Engine/Content/Slate/Fonts/Roboto-Regular.ttf' (155K)
[2019.03.19-12.28.31:337][  0]LogSlate: Took 0.000163 seconds to synchronously load lazily loaded font '../../../Engine/Content/Slate/Fonts/Roboto-Bold.ttf' (160K)
[2019.03.19-12.28.31:342][  0]LogSlate: Took 0.000229 seconds to synchronously load lazily loaded font '../../../Engine/Content/Editor/Slate/Fonts/FontAwesome.ttf' (139K)
[2019.03.19-12.28.31:362][  0]LogSlate: Took 0.000127 seconds to synchronously load lazily loaded font '../../../Engine/Content/Slate/Fonts/Roboto-Light.ttf' (167K)
[2019.03.19-12.28.31:452][  0]LogContentBrowser: Native class hierarchy updated for 'HierarchicalLODOutliner' in 0.0060 seconds. Added 0 classes and 0 folders.
[2019.03.19-12.28.31:452][  0]LogLoad: (Engine Initialization) Total time: 10.08 seconds
[2019.03.19-12.28.31:452][  0]LogLoad: (Engine Initialization) Total Blueprint compile time: 0.00 seconds
[2019.03.19-12.28.31:464][  0]LogWindowsTextInputMethodSystem: Display: IME system now activated using TSF (搜狗拼音输入法).
[2019.03.19-12.28.31:520][  0]LogRenderer: Reallocating scene render targets to support 256x256 Format 10 NumSamples 1 (Frame:1).
[2019.03.19-12.28.31:550][  0]LogAssetRegistry: Asset discovery search completed in 5.6206 seconds
[2019.03.19-12.28.31:552][  0]LogCollectionManager: Rebuilt the object cache for 0 collections in 0.000000 seconds (found 0 objects)
[2019.03.19-12.28.31:552][  0]LogCollectionManager: Fixed up redirectors for 0 collections in 0.000184 seconds (updated 0 objects)
[2019.03.19-12.28.31:553][  0]LogContentStreaming: Texture pool size now 1000 MB
[2019.03.19-12.28.32:829][139]LogTemp: Repeating last play command: Selected Viewport
[2019.03.19-12.28.32:840][139]LogPlayLevel: PlayLevel: No blueprints needed recompiling
[2019.03.19-12.28.32:841][139]PIE: New page: PIE session: NewMap (Mar 20, 2019, 4:28:32 AM)
[2019.03.19-12.28.32:841][139]LogPlayLevel: Creating play world package: /Game/UEDPIE_0_NewMap
[2019.03.19-12.28.32:845][139]LogPlayLevel: PIE: StaticDuplicateObject took: (0.003266s)
[2019.03.19-12.28.32:845][139]LogAIModule: Creating AISystem for world NewMap
[2019.03.19-12.28.32:846][139]LogPlayLevel: PIE: World Init took: (0.001067s)
[2019.03.19-12.28.32:846][139]LogPlayLevel: PIE: Created PIE world by copying editor world from /Game/NewMap.NewMap to /Game/UEDPIE_0_NewMap.NewMap (0.004833s)
[2019.03.19-12.28.32:865][139]LogInit: XAudio2 using 'Speakers (Realtek High Definition Audio)' : 2 channels at 48 kHz using 32 bits per sample (channel mask 0x3)
[2019.03.19-12.28.32:887][139]LogInit: FAudioDevice initialized.
[2019.03.19-12.28.32:991][139]LogUObjectGlobals: Created PersistentFrame Addr=0x0000020dddf92e00, Size=172, Default__HandAnimBlueprint_C Function /Game/HandAnimBlueprint.HandAnimBlueprint_C:ExecuteUbergraph_HandAnimBlueprint
[2019.03.19-12.28.33:002][139]LogUObjectGlobals: Destroyed PersistentFrame Addr=0x0000020dddf92e00, Size=172
[2019.03.19-12.28.33:003][139]LogUObjectGlobals: Created PersistentFrame Addr=0x0000020dddf92e00, Size=172, Default__HandAnimBlueprint_C Function /Engine/Transient.REINST_HandAnimBlueprint_C_0:ExecuteUbergraph_HandAnimBlueprint
[2019.03.19-12.28.33:015][139]LogBlueprint: Warning: [Compiler HandAnimBlueprint] You must specify at least one Source Bone
[2019.03.19-12.28.33:018][139]LogUObjectGlobals: Created PersistentFrame Addr=0x0000020d8d466ec0, Size=172, Default__HandAnimBlueprint_C Function /Game/HandAnimBlueprint.HandAnimBlueprint_C:ExecuteUbergraph_HandAnimBlueprint
[2019.03.19-12.28.33:019][139]LogBlueprint: Warning: [Compiler HandAnimBlueprint] Node  Transform (Modify) Bone - Bone: index3_r  uses potentially thread-unsafe call  Change Index 3 . Disable threaded update or use a thread-safe call. Function may need BlueprintThreadSafe metadata adding.
[2019.03.19-12.28.33:019][139]LogBlueprint: Warning: [Compiler HandAnimBlueprint] Node  Transform (Modify) Bone - Bone: index2_r  uses potentially thread-unsafe call  Change Index 2 . Disable threaded update or use a thread-safe call. Function may need BlueprintThreadSafe metadata adding.
[2019.03.19-12.28.33:019][139]LogBlueprint: Warning: [Compiler HandAnimBlueprint] Node  Transform (Modify) Bone - Bone: index1_r  uses potentially thread-unsafe call  Change Index 1 . Disable threaded update or use a thread-safe call. Function may need BlueprintThreadSafe metadata adding.
[2019.03.19-12.28.33:020][139]LogBlueprint: Warning: [Compiler HandAnimBlueprint] Node  Transform (Modify) Bone - Bone: thumb3_r  uses potentially thread-unsafe call  Change Thumb 3 . Disable threaded update or use a thread-safe call. Function may need BlueprintThreadSafe metadata adding.
[2019.03.19-12.28.33:020][139]LogBlueprint: Warning: [Compiler HandAnimBlueprint] Node  Transform (Modify) Bone - Bone: thumb1_r  uses potentially thread-unsafe call  Change Thumb 1 . Disable threaded update or use a thread-safe call. Function may need BlueprintThreadSafe metadata adding.
[2019.03.19-12.28.33:020][139]LogBlueprint: Warning: [Compiler HandAnimBlueprint] Node  Transform (Modify) Bone - Bone: middle1_r  uses potentially thread-unsafe call  Change Middle 1 . Disable threaded update or use a thread-safe call. Function may need BlueprintThreadSafe metadata adding.
[2019.03.19-12.28.33:020][139]LogBlueprint: Warning: [Compiler HandAnimBlueprint] Node  Transform (Modify) Bone - Bone: middle2_r  uses potentially thread-unsafe call  Change Middle 2 . Disable threaded update or use a thread-safe call. Function may need BlueprintThreadSafe metadata adding.
[2019.03.19-12.28.33:020][139]LogBlueprint: Warning: [Compiler HandAnimBlueprint] Node  Transform (Modify) Bone - Bone: middle3_r  uses potentially thread-unsafe call  Change Middle 3 . Disable threaded update or use a thread-safe call. Function may need BlueprintThreadSafe metadata adding.
[2019.03.19-12.28.33:020][139]LogBlueprint: Warning: [Compiler HandAnimBlueprint] Node  Transform (Modify) Bone - Bone: ring1_r  uses potentially thread-unsafe call  Change Ring 1 . Disable threaded update or use a thread-safe call. Function may need BlueprintThreadSafe metadata adding.
[2019.03.19-12.28.33:021][139]LogBlueprint: Warning: [Compiler HandAnimBlueprint] Node  Transform (Modify) Bone - Bone: ring2_r  uses potentially thread-unsafe call  Change Ring 2 . Disable threaded update or use a thread-safe call. Function may need BlueprintThreadSafe metadata adding.
[2019.03.19-12.28.33:021][139]LogBlueprint: Warning: [Compiler HandAnimBlueprint] Node  Transform (Modify) Bone - Bone: ring3_r  uses potentially thread-unsafe call  Change Ring 3 . Disable threaded update or use a thread-safe call. Function may need BlueprintThreadSafe metadata adding.
[2019.03.19-12.28.33:021][139]LogBlueprint: Warning: [Compiler HandAnimBlueprint] Node  Transform (Modify) Bone - Bone: pinky2_r  uses potentially thread-unsafe call  Change Little 1 . Disable threaded update or use a thread-safe call. Function may need BlueprintThreadSafe metadata adding.
[2019.03.19-12.28.33:021][139]LogBlueprint: Warning: [Compiler HandAnimBlueprint] Node  Transform (Modify) Bone - Bone: pinky3_r  uses potentially thread-unsafe call  Change Little 2 . Disable threaded update or use a thread-safe call. Function may need BlueprintThreadSafe metadata adding.
[2019.03.19-12.28.33:021][139]LogBlueprint: Warning: [Compiler HandAnimBlueprint] Node  Transform (Modify) Bone - Bone: pinky4_r  uses potentially thread-unsafe call  Change Little 3 . Disable threaded update or use a thread-safe call. Function may need BlueprintThreadSafe metadata adding.
[2019.03.19-12.28.33:021][139]LogBlueprint: Warning: [Compiler HandAnimBlueprint] [0011.65] Compile of HandAnimBlueprint successful, but with 15 Warning(s) [in 24 ms] (/Game/HandAnimBlueprint.HandAnimBlueprint)
[2019.03.19-12.28.33:031][139]LogUObjectGlobals: Created PersistentFrame Addr=0x0000020d8d456780, Size=120, Default__Hand_BP_C Function /Game/Hand_BP.Hand_BP_C:ExecuteUbergraph_Hand_BP
[2019.03.19-12.28.33:034][139]LogUObjectGlobals: Destroyed PersistentFrame Addr=0x0000020d8d456780, Size=120
[2019.03.19-12.28.33:035][139]LogUObjectGlobals: Created PersistentFrame Addr=0x0000020d8d456780, Size=120, Default__Hand_BP_C Function /Engine/Transient.REINST_Hand_BP_C_10:ExecuteUbergraph_Hand_BP
[2019.03.19-12.28.33:037][139]LogUObjectGlobals: Created PersistentFrame Addr=0x0000020d8d456080, Size=120, Default__Hand_BP_C Function /Game/Hand_BP.Hand_BP_C:ExecuteUbergraph_Hand_BP
[2019.03.19-12.28.33:046][139]LogSkeletalMesh: Skeletal Mesh found in DDC [0.549558ms] /Game/ImportFile/hand_right_1.hand_right_1
[2019.03.19-12.28.33:069][139]LogLoad: Game class is 'MyGameMode_C'
[2019.03.19-12.28.33:071][139]LogWorld: Bringing World /Game/UEDPIE_0_NewMap.NewMap up for play (max tick rate 0) at 2019.03.19-20.28.33
[2019.03.19-12.28.33:072][139]LogWorld: Bringing up level for play took: 0.001190
[2019.03.19-12.28.33:081][139]LogContentBrowser: Native class hierarchy updated for 'MovieSceneCapture' in 0.0062 seconds. Added 11 classes and 0 folders.
[2019.03.19-12.28.33:085][139]PIE: Play in editor start time for /Game/UEDPIE_0_NewMap 0.936
[2019.03.19-12.28.33:104][139]LogRenderer: Reallocating scene render targets to support 1024x576 Format 10 NumSamples 1 (Frame:1).
[2019.03.19-12.28.41:940][174]LogSlate: Window 'Hand Game Preview Standalone (64-bit/PCD3D_SM5)' being destroyed
[2019.03.19-12.28.41:989][174]LogUObjectGlobals: Destroyed PersistentFrame Addr=0x0000020d8d456780, Size=120
[2019.03.19-12.28.41:989][174]LogUObjectGlobals: Destroyed PersistentFrame Addr=0x0000020dddf92e00, Size=172
[2019.03.19-12.28.46:169][658]LogRenderer: Reallocating scene render targets to support 1532x800 Format 10 NumSamples 1 (Frame:1).
[2019.03.19-12.28.46:991][752]LogEditorViewport: Clicking on Actor (LMB): CubeBlueprint_C (CubeBlueprint)
[2019.03.19-12.28.51:033][221]Cmd: SELECT NONE
[2019.03.19-12.28.51:617][290]Cmd: SELECT NONE
[2019.03.19-12.28.53:114][449]LogSlate: FSceneViewport::OnFocusLost() reason 0
[2019.03.19-12.28.53:221][462]LogTemp: Repeating last play command: Selected Viewport
[2019.03.19-12.28.53:234][462]LogPlayLevel: PlayLevel: No blueprints needed recompiling
[2019.03.19-12.28.53:234][462]PIE: New page: PIE session: NewMap (Mar 20, 2019, 4:28:53 AM)
[2019.03.19-12.28.53:234][462]LogPlayLevel: Creating play world package: /Game/UEDPIE_0_NewMap
[2019.03.19-12.28.53:236][462]LogPlayLevel: PIE: StaticDuplicateObject took: (0.002109s)
[2019.03.19-12.28.53:237][462]LogAIModule: Creating AISystem for world NewMap
[2019.03.19-12.28.53:238][462]LogPlayLevel: PIE: World Init took: (0.001025s)
[2019.03.19-12.28.53:238][462]LogPlayLevel: PIE: Created PIE world by copying editor world from /Game/NewMap.NewMap to /Game/UEDPIE_0_NewMap.NewMap (0.003672s)
[2019.03.19-12.28.53:257][462]LogInit: XAudio2 using 'Speakers (Realtek High Definition Audio)' : 2 channels at 48 kHz using 32 bits per sample (channel mask 0x3)
[2019.03.19-12.28.53:278][462]LogInit: FAudioDevice initialized.
[2019.03.19-12.28.53:325][462]LogLoad: Game class is 'MyGameMode_C'
[2019.03.19-12.28.53:327][462]LogWorld: Bringing World /Game/UEDPIE_0_NewMap.NewMap up for play (max tick rate 0) at 2019.03.19-20.28.53
[2019.03.19-12.28.53:327][462]LogWorld: Bringing up level for play took: 0.001157
[2019.03.19-12.28.53:329][462]PIE: Play in editor start time for /Game/UEDPIE_0_NewMap -0.819
[2019.03.19-12.29.11:580][304]LogSlate: FSceneViewport::OnFocusLost() reason 0
[2019.03.19-12.29.11:738][323]LogTemp: Repeating last play command: Selected Viewport
[2019.03.19-12.29.11:752][323]LogPlayLevel: PlayLevel: No blueprints needed recompiling
[2019.03.19-12.29.11:752][323]PIE: New page: PIE session: NewMap (Mar 20, 2019, 4:29:11 AM)
[2019.03.19-12.29.11:752][323]LogPlayLevel: Creating play world package: /Game/UEDPIE_0_NewMap
[2019.03.19-12.29.11:755][323]LogPlayLevel: PIE: StaticDuplicateObject took: (0.002262s)
[2019.03.19-12.29.11:756][323]LogAIModule: Creating AISystem for world NewMap
[2019.03.19-12.29.11:756][323]LogPlayLevel: PIE: World Init took: (0.001136s)
[2019.03.19-12.29.11:756][323]LogPlayLevel: PIE: Created PIE world by copying editor world from /Game/NewMap.NewMap to /Game/UEDPIE_0_NewMap.NewMap (0.003887s)
[2019.03.19-12.29.11:781][323]LogInit: XAudio2 using 'Speakers (Realtek High Definition Audio)' : 2 channels at 48 kHz using 32 bits per sample (channel mask 0x3)
[2019.03.19-12.29.11:805][323]LogInit: FAudioDevice initialized.
[2019.03.19-12.29.11:853][323]LogLoad: Game class is 'MyGameMode_C'
[2019.03.19-12.29.11:855][323]LogWorld: Bringing World /Game/UEDPIE_0_NewMap.NewMap up for play (max tick rate 0) at 2019.03.19-20.29.11
[2019.03.19-12.29.11:856][323]LogWorld: Bringing up level for play took: 0.001334
[2019.03.19-12.29.11:858][323]PIE: Play in editor start time for /Game/UEDPIE_0_NewMap -0.292
[2019.03.19-12.29.20:166][301]LogSlate: FSceneViewport::OnFocusLost() reason 0
[2019.03.19-12.29.20:298][317]LogTemp: Repeating last play command: Selected Viewport
[2019.03.19-12.29.20:311][317]LogPlayLevel: PlayLevel: No blueprints needed recompiling
[2019.03.19-12.29.20:311][317]PIE: New page: PIE session: NewMap (Mar 20, 2019, 4:29:20 AM)
[2019.03.19-12.29.20:311][317]LogPlayLevel: Creating play world package: /Game/UEDPIE_0_NewMap
[2019.03.19-12.29.20:313][317]LogPlayLevel: PIE: StaticDuplicateObject took: (0.002041s)
[2019.03.19-12.29.20:315][317]LogAIModule: Creating AISystem for world NewMap
[2019.03.19-12.29.20:315][317]LogPlayLevel: PIE: World Init took: (0.001387s)
[2019.03.19-12.29.20:315][317]LogPlayLevel: PIE: Created PIE world by copying editor world from /Game/NewMap.NewMap to /Game/UEDPIE_0_NewMap.NewMap (0.003880s)
[2019.03.19-12.29.20:335][317]LogInit: XAudio2 using 'Speakers (Realtek High Definition Audio)' : 2 channels at 48 kHz using 32 bits per sample (channel mask 0x3)
[2019.03.19-12.29.20:357][317]LogInit: FAudioDevice initialized.
[2019.03.19-12.29.20:401][317]LogLoad: Game class is 'MyGameMode_C'
[2019.03.19-12.29.20:403][317]LogWorld: Bringing World /Game/UEDPIE_0_NewMap.NewMap up for play (max tick rate 0) at 2019.03.19-20.29.20
[2019.03.19-12.29.20:404][317]LogWorld: Bringing up level for play took: 0.001179
[2019.03.19-12.29.20:406][317]PIE: Play in editor start time for /Game/UEDPIE_0_NewMap 0.257
[2019.03.19-12.29.36:075][173]LogSlate: FSceneViewport::OnFocusLost() reason 0
[2019.03.19-12.29.36:199][188]LogTemp: Repeating last play command: Selected Viewport
[2019.03.19-12.29.36:212][188]LogPlayLevel: PlayLevel: No blueprints needed recompiling
[2019.03.19-12.29.36:212][188]PIE: New page: PIE session: NewMap (Mar 20, 2019, 4:29:36 AM)
[2019.03.19-12.29.36:212][188]LogPlayLevel: Creating play world package: /Game/UEDPIE_0_NewMap
[2019.03.19-12.29.36:215][188]LogPlayLevel: PIE: StaticDuplicateObject took: (0.002330s)
[2019.03.19-12.29.36:216][188]LogAIModule: Creating AISystem for world NewMap
[2019.03.19-12.29.36:216][188]LogPlayLevel: PIE: World Init took: (0.001165s)
[2019.03.19-12.29.36:216][188]LogPlayLevel: PIE: Created PIE world by copying editor world from /Game/NewMap.NewMap to /Game/UEDPIE_0_NewMap.NewMap (0.003885s)
[2019.03.19-12.29.36:238][188]LogInit: XAudio2 using 'Speakers (Realtek High Definition Audio)' : 2 channels at 48 kHz using 32 bits per sample (channel mask 0x3)
[2019.03.19-12.29.36:259][188]LogInit: FAudioDevice initialized.
[2019.03.19-12.29.36:300][188]LogLoad: Game class is 'MyGameMode_C'
[2019.03.19-12.29.36:302][188]LogWorld: Bringing World /Game/UEDPIE_0_NewMap.NewMap up for play (max tick rate 0) at 2019.03.19-20.29.36
[2019.03.19-12.29.36:303][188]LogWorld: Bringing up level for play took: 0.001204
[2019.03.19-12.29.36:305][188]PIE: Play in editor start time for /Game/UEDPIE_0_NewMap 0.156
[2019.03.19-12.29.41:311][742]LogSlate: Took 0.000213 seconds to synchronously load lazily loaded font '../../../Engine/Content/Slate/Fonts/Roboto-Light.ttf' (167K)
[2019.03.19-12.29.41:314][742]LogSlate: FSceneViewport::OnFocusLost() reason 2
[2019.03.19-12.29.41:326][742]Cmd: OBJ SAVEPACKAGE PACKAGE="/Game/NewMap" FILE="C:/Users/ZYK/Documents/Unreal Projects/Hand_wangziqi/Content/NewMap.umap" SILENT=true AUTOSAVING=false KEEPDIRTY=false
[2019.03.19-12.29.41:392][742]LogSavePackage: Save=30.94ms
[2019.03.19-12.29.41:392][742]LogSavePackage: Moving 'C:/Users/ZYK/Documents/Unreal Projects/Hand_wangziqi/Saved/NewMap70F83BAE4C82AA00EDBEB8BF2E66A4CE.tmp' to 'C:/Users/ZYK/Documents/Unreal Projects/Hand_wangziqi/Content/NewMap.umap'
[2019.03.19-12.29.41:403][742]LogSavePackage: Display: Finished SavePackage C:/Users/ZYK/Documents/Unreal Projects/Hand_wangziqi/Content/NewMap.umap
[2019.03.19-12.29.41:427][742]Cmd: OBJ SAVEPACKAGE PACKAGE="/Game/NewMap_BuiltData" FILE="C:/Users/ZYK/Documents/Unreal Projects/Hand_wangziqi/Content/NewMap_BuiltData.uasset" SILENT=true
[2019.03.19-12.29.41:460][742]LogSavePackage: Save=16.22ms
[2019.03.19-12.29.41:461][742]LogSavePackage: Moving 'C:/Users/ZYK/Documents/Unreal Projects/Hand_wangziqi/Saved/NewMap_BuiltData13DB4BD64AD14CCA0F1692870761ADF8.tmp' to 'C:/Users/ZYK/Documents/Unreal Projects/Hand_wangziqi/Content/NewMap_BuiltData.uasset'
[2019.03.19-12.29.41:463][742]LogSavePackage: Display: Finished SavePackage C:/Users/ZYK/Documents/Unreal Projects/Hand_wangziqi/Content/NewMap_BuiltData.uasset
