Log file open, 03/19/19 11:11:04
LogWindows: Failed to load 'aqProf.dll' (GetLastError=126)
LogWindows: File 'aqProf.dll' does not exist
LogWindows: Failed to load 'VtuneApi.dll' (GetLastError=126)
LogWindows: File 'VtuneApi.dll' does not exist
LogWindows: Failed to load 'VtuneApi32e.dll' (GetLastError=126)
LogWindows: File 'VtuneApi32e.dll' does not exist
LogInit: Display: Running engine for game: Hand
LogPlatformFile: Not using cached read wrapper
LogInit: Display: RandInit(1127579293) SRandInit(1127579293).
LogInit: Read version file with build ID '3944462'
LogInit: Overriding engine version to CL 4033788, compatible CL 3944462
LogInit: Registered custom module enumerator with build ID '3944462'
LogTaskGraph: Started task graph with 5 named threads and 23 total threads with 3 sets of task threads.
LogStats: Stats thread started at 2.518253
LogD3D11RHI: Aftermath initialized
LogICUInternationalization: Display: ICU TimeZone Detection - Raw Offset: +8:00, Platform Override: ''
LogPluginManager: Mounting plugin Paper2D
LogPluginManager: Mounting plugin LiveLink
LogPluginManager: Mounting plugin LightPropagationVolume
LogPluginManager: Mounting plugin CLionSourceCodeAccess
LogPluginManager: Mounting plugin CodeLiteSourceCodeAccess
LogPluginManager: Mounting plugin GitSourceControl
LogPluginManager: Mounting plugin KDevelopSourceCodeAccess
LogPluginManager: Mounting plugin NullSourceCodeAccess
LogPluginManager: Mounting plugin PerforceSourceControl
LogPluginManager: Mounting plugin SubversionSourceControl
LogPluginManager: Mounting plugin UObjectPlugin
LogPluginManager: Mounting plugin VisualStudioCodeSourceCodeAccess
LogPluginManager: Mounting plugin VisualStudioSourceCodeAccess
LogPluginManager: Mounting plugin XCodeSourceCodeAccess
LogPluginManager: Mounting plugin AssetManagerEditor
LogPluginManager: Mounting plugin CryptoKeys
LogPluginManager: Mounting plugin DataValidation
LogPluginManager: Mounting plugin FacialAnimation
LogPluginManager: Mounting plugin GameplayTagsEditor
LogPluginManager: Mounting plugin MobileLauncherProfileWizard
LogPluginManager: Mounting plugin PluginBrowser
LogPluginManager: Mounting plugin SpeedTreeImporter
LogPluginManager: Mounting plugin DatasmithContent
LogPluginManager: Mounting plugin AlembicImporter
LogPluginManager: Mounting plugin CharacterAI
LogPluginManager: Mounting plugin HTML5Networking
LogPluginManager: Mounting plugin AndroidMedia
LogPluginManager: Mounting plugin AvfMedia
LogPluginManager: Mounting plugin ImgMedia
LogPluginManager: Mounting plugin LinearTimecode
LogPluginManager: Mounting plugin MediaCompositing
LogPluginManager: Mounting plugin MediaPlayerEditor
LogPluginManager: Mounting plugin WmfMedia
LogPluginManager: Mounting plugin TcpMessaging
LogPluginManager: Mounting plugin UdpMessaging
LogPluginManager: Mounting plugin ActorSequence
LogPluginManager: Mounting plugin LevelSequenceEditor
LogPluginManager: Mounting plugin MatineeToLevelSequence
LogPluginManager: Mounting plugin NetcodeUnitTest
LogPluginManager: Mounting plugin NUTUnrealEngine4
LogPluginManager: Mounting plugin OnlineSubsystemGooglePlay
LogPluginManager: Mounting plugin OnlineSubsystemIOS
LogPluginManager: Mounting plugin OnlineSubsystem
LogPluginManager: Mounting plugin OnlineSubsystemNull
LogPluginManager: Mounting plugin OnlineSubsystemUtils
LogPluginManager: Mounting plugin AndroidDeviceProfileSelector
LogPluginManager: Mounting plugin AndroidMoviePlayer
LogPluginManager: Mounting plugin AndroidPermission
LogPluginManager: Mounting plugin AppleARKit
LogPluginManager: Mounting plugin AppleMoviePlayer
LogPluginManager: Mounting plugin ArchVisCharacter
LogPluginManager: Mounting plugin AudioCapture
LogPluginManager: Mounting plugin CableComponent
LogPluginManager: Mounting plugin CustomMeshComponent
LogPluginManager: Mounting plugin ExampleDeviceProfileSelector
LogPluginManager: Mounting plugin GoogleCloudMessaging
LogPluginManager: Mounting plugin ImmediatePhysics
LogPluginManager: Mounting plugin IOSDeviceProfileSelector
LogPluginManager: Mounting plugin LinuxDeviceProfileSelector
LogPluginManager: Mounting plugin LocationServicesBPLibrary
LogPluginManager: Mounting plugin MobilePatchingUtils
LogPluginManager: Mounting plugin OculusVR
LogPluginManager: Plugin shader directory ../../../Engine/Plugins/Runtime/Oculus/OculusVR/Shaders found
LogPluginManager: Mapping shader source directory ../../../Engine/Plugins/Runtime/Oculus/OculusVR/Shaders to virtual directory /Plugin/OculusVR
LogPluginManager: Mounting plugin PhysXVehicles
LogPluginManager: Mounting plugin ProceduralMeshComponent
LogPluginManager: Mounting plugin RuntimePhysXCooking
LogPluginManager: Mounting plugin SteamVR
LogPluginManager: Mounting plugin WindowsMoviePlayer
LogStreaming: Display: Took  0.261s to configure plugins.
LogModuleManager: Display: Found up-to-date module file C:/Users/ZYK/Documents/Unreal Projects/ue4_simpleDemo_wangziqi/Binaries/Win64/UE4Editor-Hand.dll (API version 3944462).
LogModuleManager: Display: Found up-to-date module file ../../../Engine/Plugins/2D/Paper2D/Binaries/Win64/UE4Editor-Paper2D.dll (API version 3944462).
LogModuleManager: Display: Found up-to-date module file ../../../Engine/Plugins/2D/Paper2D/Binaries/Win64/UE4Editor-Paper2DEditor.dll (API version 3944462).
LogModuleManager: Display: Found up-to-date module file ../../../Engine/Plugins/2D/Paper2D/Binaries/Win64/UE4Editor-PaperSpriteSheetImporter.dll (API version 3944462).
LogModuleManager: Display: Found up-to-date module file ../../../Engine/Plugins/2D/Paper2D/Binaries/Win64/UE4Editor-PaperTiledImporter.dll (API version 3944462).
LogModuleManager: Display: Found up-to-date module file ../../../Engine/Plugins/2D/Paper2D/Binaries/Win64/UE4Editor-SmartSnapping.dll (API version 3944462).
LogModuleManager: Display: Found up-to-date module file ../../../Engine/Plugins/Animation/LiveLink/Binaries/Win64/UE4Editor-LiveLink.dll (API version 3944462).
LogModuleManager: Display: Found up-to-date module file ../../../Engine/Plugins/Animation/LiveLink/Binaries/Win64/UE4Editor-LiveLinkEditor.dll (API version 3944462).
LogModuleManager: Display: Found up-to-date module file ../../../Engine/Plugins/Blendables/LightPropagationVolume/Binaries/Win64/UE4Editor-LightPropagationVolumeRuntime.dll (API version 3944462).
LogModuleManager: Display: Found up-to-date module file ../../../Engine/Plugins/Blendables/LightPropagationVolume/Binaries/Win64/UE4Editor-LightPropagationVolumeEditor.dll (API version 3944462).
LogModuleManager: Display: Found up-to-date module file ../../../Engine/Plugins/Developer/CLionSourceCodeAccess/Binaries/Win64/UE4Editor-CLionSourceCodeAccess.dll (API version 3944462).
LogModuleManager: Display: Found up-to-date module file ../../../Engine/Plugins/Developer/GitSourceControl/Binaries/Win64/UE4Editor-GitSourceControl.dll (API version 3944462).
LogModuleManager: Display: Found up-to-date module file ../../../Engine/Plugins/Developer/PerforceSourceControl/Binaries/Win64/UE4Editor-PerforceSourceControl.dll (API version 3944462).
LogModuleManager: Display: Found up-to-date module file ../../../Engine/Plugins/Developer/SubversionSourceControl/Binaries/Win64/UE4Editor-SubversionSourceControl.dll (API version 3944462).
LogModuleManager: Display: Found up-to-date module file ../../../Engine/Plugins/Developer/UObjectPlugin/Binaries/Win64/UE4Editor-UObjectPlugin.dll (API version 3944462).
LogModuleManager: Display: Found up-to-date module file ../../../Engine/Plugins/Developer/VisualStudioCodeSourceCodeAccess/Binaries/Win64/UE4Editor-VisualStudioCodeSourceCodeAccess.dll (API version 3944462).
LogModuleManager: Display: Found up-to-date module file ../../../Engine/Plugins/Developer/VisualStudioSourceCodeAccess/Binaries/Win64/UE4Editor-VisualStudioSourceCodeAccess.dll (API version 3944462).
LogModuleManager: Display: Found up-to-date module file ../../../Engine/Plugins/Editor/AssetManagerEditor/Binaries/Win64/UE4Editor-AssetManagerEditor.dll (API version 3944462).
LogModuleManager: Display: Found up-to-date module file ../../../Engine/Plugins/Editor/CryptoKeys/Binaries/Win64/UE4Editor-CryptoKeys.dll (API version 3944462).
LogModuleManager: Display: Found up-to-date module file ../../../Engine/Plugins/Editor/CryptoKeys/Binaries/Win64/UE4Editor-CryptoKeysOpenSSL.dll (API version 3944462).
LogModuleManager: Display: Found up-to-date module file ../../../Engine/Plugins/Editor/DataValidation/Binaries/Win64/UE4Editor-DataValidation.dll (API version 3944462).
LogModuleManager: Display: Found up-to-date module file ../../../Engine/Plugins/Editor/FacialAnimation/Binaries/Win64/UE4Editor-FacialAnimation.dll (API version 3944462).
LogModuleManager: Display: Found up-to-date module file ../../../Engine/Plugins/Editor/FacialAnimation/Binaries/Win64/UE4Editor-FacialAnimationEditor.dll (API version 3944462).
LogModuleManager: Display: Found up-to-date module file ../../../Engine/Plugins/Editor/GameplayTagsEditor/Binaries/Win64/UE4Editor-GameplayTagsEditor.dll (API version 3944462).
LogModuleManager: Display: Found up-to-date module file ../../../Engine/Plugins/Editor/MobileLauncherProfileWizard/Binaries/Win64/UE4Editor-MobileLauncherProfileWizard.dll (API version 3944462).
LogModuleManager: Display: Found up-to-date module file ../../../Engine/Plugins/Editor/PluginBrowser/Binaries/Win64/UE4Editor-PluginBrowser.dll (API version 3944462).
LogModuleManager: Display: Found up-to-date module file ../../../Engine/Plugins/Editor/SpeedTreeImporter/Binaries/Win64/UE4Editor-SpeedTreeImporter.dll (API version 3944462).
LogModuleManager: Display: Found up-to-date module file ../../../Engine/Plugins/Enterprise/DatasmithContent/Binaries/Win64/UE4Editor-DatasmithContent.dll (API version 3944462).
LogModuleManager: Display: Found up-to-date module file ../../../Engine/Plugins/Experimental/AlembicImporter/Binaries/Win64/UE4Editor-AlembicImporter.dll (API version 3944462).
LogModuleManager: Display: Found up-to-date module file ../../../Engine/Plugins/Experimental/AlembicImporter/Binaries/Win64/UE4Editor-AlembicLibrary.dll (API version 3944462).
LogModuleManager: Display: Found up-to-date module file ../../../Engine/Plugins/Experimental/CharacterAI/Binaries/Win64/UE4Editor-CharacterAI.dll (API version 3944462).
LogModuleManager: Display: Found up-to-date module file ../../../Engine/Plugins/Experimental/HTML5Networking/Binaries/Win64/UE4Editor-HTML5Networking.dll (API version 3944462).
LogModuleManager: Display: Found up-to-date module file ../../../Engine/Plugins/Media/AndroidMedia/Binaries/Win64/UE4Editor-AndroidMediaEditor.dll (API version 3944462).
LogModuleManager: Display: Found up-to-date module file ../../../Engine/Plugins/Media/AndroidMedia/Binaries/Win64/UE4Editor-AndroidMediaFactory.dll (API version 3944462).
LogModuleManager: Display: Found up-to-date module file ../../../Engine/Plugins/Media/AvfMedia/Binaries/Win64/UE4Editor-AvfMediaEditor.dll (API version 3944462).
LogModuleManager: Display: Found up-to-date module file ../../../Engine/Plugins/Media/AvfMedia/Binaries/Win64/UE4Editor-AvfMediaFactory.dll (API version 3944462).
LogModuleManager: Display: Found up-to-date module file ../../../Engine/Plugins/Media/AvfMedia/Binaries/Win64/UE4Editor-AvfMediaFactory.dll (API version 3944462).
LogModuleManager: Display: Found up-to-date module file ../../../Engine/Plugins/Media/ImgMedia/Binaries/Win64/UE4Editor-ImgMedia.dll (API version 3944462).
LogModuleManager: Display: Found up-to-date module file ../../../Engine/Plugins/Media/ImgMedia/Binaries/Win64/UE4Editor-ImgMediaEditor.dll (API version 3944462).
LogModuleManager: Display: Found up-to-date module file ../../../Engine/Plugins/Media/ImgMedia/Binaries/Win64/UE4Editor-ImgMediaFactory.dll (API version 3944462).
LogModuleManager: Display: Found up-to-date module file ../../../Engine/Plugins/Media/ImgMedia/Binaries/Win64/UE4Editor-ImgMediaFactory.dll (API version 3944462).
LogModuleManager: Display: Found up-to-date module file ../../../Engine/Plugins/Media/ImgMedia/Binaries/Win64/UE4Editor-OpenExrWrapper.dll (API version 3944462).
LogModuleManager: Display: Found up-to-date module file ../../../Engine/Plugins/Media/LinearTimecode/Binaries/Win64/UE4Editor-LinearTimecode.dll (API version 3944462).
LogModuleManager: Display: Found up-to-date module file ../../../Engine/Plugins/Media/MediaCompositing/Binaries/Win64/UE4Editor-MediaCompositing.dll (API version 3944462).
LogModuleManager: Display: Found up-to-date module file ../../../Engine/Plugins/Media/MediaCompositing/Binaries/Win64/UE4Editor-MediaCompositingEditor.dll (API version 3944462).
LogModuleManager: Display: Found up-to-date module file ../../../Engine/Plugins/Media/MediaPlayerEditor/Binaries/Win64/UE4Editor-MediaPlayerEditor.dll (API version 3944462).
LogModuleManager: Display: Found up-to-date module file ../../../Engine/Plugins/Media/WmfMedia/Binaries/Win64/UE4Editor-WmfMedia.dll (API version 3944462).
LogModuleManager: Display: Found up-to-date module file ../../../Engine/Plugins/Media/WmfMedia/Binaries/Win64/UE4Editor-WmfMediaEditor.dll (API version 3944462).
LogModuleManager: Display: Found up-to-date module file ../../../Engine/Plugins/Media/WmfMedia/Binaries/Win64/UE4Editor-WmfMediaFactory.dll (API version 3944462).
LogModuleManager: Display: Found up-to-date module file ../../../Engine/Plugins/Media/WmfMedia/Binaries/Win64/UE4Editor-WmfMediaFactory.dll (API version 3944462).
LogModuleManager: Display: Found up-to-date module file ../../../Engine/Plugins/Messaging/TcpMessaging/Binaries/Win64/UE4Editor-TcpMessaging.dll (API version 3944462).
LogModuleManager: Display: Found up-to-date module file ../../../Engine/Plugins/Messaging/UdpMessaging/Binaries/Win64/UE4Editor-UdpMessaging.dll (API version 3944462).
LogModuleManager: Display: Found up-to-date module file ../../../Engine/Plugins/MovieScene/ActorSequence/Binaries/Win64/UE4Editor-ActorSequence.dll (API version 3944462).
LogModuleManager: Display: Found up-to-date module file ../../../Engine/Plugins/MovieScene/LevelSequenceEditor/Binaries/Win64/UE4Editor-LevelSequenceEditor.dll (API version 3944462).
LogModuleManager: Display: Found up-to-date module file ../../../Engine/Plugins/MovieScene/MatineeToLevelSequence/Binaries/Win64/UE4Editor-MatineeToLevelSequence.dll (API version 3944462).
LogModuleManager: Display: Found up-to-date module file ../../../Engine/Plugins/NetcodeUnitTest/NetcodeUnitTest/Binaries/Win64/UE4Editor-NetcodeUnitTest.dll (API version 3944462).
LogModuleManager: Display: Found up-to-date module file ../../../Engine/Plugins/NetcodeUnitTest/NUTUnrealEngine4/Binaries/Win64/UE4Editor-NUTUnrealEngine4.dll (API version 3944462).
LogModuleManager: Display: Found up-to-date module file ../../../Engine/Plugins/Online/OnlineSubsystem/Binaries/Win64/UE4Editor-OnlineSubsystem.dll (API version 3944462).
LogModuleManager: Display: Found up-to-date module file ../../../Engine/Plugins/Online/OnlineSubsystemNull/Binaries/Win64/UE4Editor-OnlineSubsystemNull.dll (API version 3944462).
LogModuleManager: Display: Found up-to-date module file ../../../Engine/Plugins/Online/OnlineSubsystemUtils/Binaries/Win64/UE4Editor-OnlineSubsystemUtils.dll (API version 3944462).
LogModuleManager: Display: Found up-to-date module file ../../../Engine/Plugins/Online/OnlineSubsystemUtils/Binaries/Win64/UE4Editor-OnlineBlueprintSupport.dll (API version 3944462).
LogModuleManager: Display: Found up-to-date module file ../../../Engine/Plugins/Runtime/AndroidDeviceProfileSelector/Binaries/Win64/UE4Editor-AndroidDeviceProfileSelector.dll (API version 3944462).
LogModuleManager: Display: Found up-to-date module file ../../../Engine/Plugins/Runtime/AndroidPermission/Binaries/Win64/UE4Editor-AndroidPermission.dll (API version 3944462).
LogModuleManager: Display: Found up-to-date module file ../../../Engine/Plugins/Runtime/AppleARKit/Binaries/Win64/UE4Editor-AppleARKit.dll (API version 3944462).
LogModuleManager: Display: Found up-to-date module file ../../../Engine/Plugins/Runtime/ArchVisCharacter/Binaries/Win64/UE4Editor-ArchVisCharacter.dll (API version 3944462).
LogModuleManager: Display: Found up-to-date module file ../../../Engine/Plugins/Runtime/AudioCapture/Binaries/Win64/UE4Editor-AudioCapture.dll (API version 3944462).
LogModuleManager: Display: Found up-to-date module file ../../../Engine/Plugins/Runtime/AudioCapture/Binaries/Win64/UE4Editor-AudioCaptureEditor.dll (API version 3944462).
LogModuleManager: Display: Found up-to-date module file ../../../Engine/Plugins/Runtime/CableComponent/Binaries/Win64/UE4Editor-CableComponent.dll (API version 3944462).
LogModuleManager: Display: Found up-to-date module file ../../../Engine/Plugins/Runtime/CustomMeshComponent/Binaries/Win64/UE4Editor-CustomMeshComponent.dll (API version 3944462).
LogModuleManager: Display: Found up-to-date module file ../../../Engine/Plugins/Runtime/ExampleDeviceProfileSelector/Binaries/Win64/UE4Editor-ExampleDeviceProfileSelector.dll (API version 3944462).
LogModuleManager: Display: Found up-to-date module file ../../../Engine/Plugins/Runtime/ImmediatePhysics/Binaries/Win64/UE4Editor-ImmediatePhysics.dll (API version 3944462).
LogModuleManager: Display: Found up-to-date module file ../../../Engine/Plugins/Runtime/ImmediatePhysics/Binaries/Win64/UE4Editor-ImmediatePhysicsEditor.dll (API version 3944462).
LogModuleManager: Display: Found up-to-date module file ../../../Engine/Plugins/Runtime/LocationServicesBPLibrary/Binaries/Win64/UE4Editor-LocationServicesBPLibrary.dll (API version 3944462).
LogModuleManager: Display: Found up-to-date module file ../../../Engine/Plugins/Runtime/MobilePatchingUtils/Binaries/Win64/UE4Editor-MobilePatchingUtils.dll (API version 3944462).
LogModuleManager: Display: Found up-to-date module file ../../../Engine/Plugins/Runtime/Oculus/OculusVR/Binaries/Win64/UE4Editor-OculusHMD.dll (API version 3944462).
LogModuleManager: Display: Found up-to-date module file ../../../Engine/Plugins/Runtime/Oculus/OculusVR/Binaries/Win64/UE4Editor-OculusInput.dll (API version 3944462).
LogModuleManager: Display: Found up-to-date module file ../../../Engine/Plugins/Runtime/Oculus/OculusVR/Binaries/Win64/UE4Editor-OculusEditor.dll (API version 3944462).
LogModuleManager: Display: Found up-to-date module file ../../../Engine/Plugins/Runtime/PhysXVehicles/Binaries/Win64/UE4Editor-PhysXVehicles.dll (API version 3944462).
LogModuleManager: Display: Found up-to-date module file ../../../Engine/Plugins/Runtime/PhysXVehicles/Binaries/Win64/UE4Editor-PhysXVehiclesEditor.dll (API version 3944462).
LogModuleManager: Display: Found up-to-date module file ../../../Engine/Plugins/Runtime/ProceduralMeshComponent/Binaries/Win64/UE4Editor-ProceduralMeshComponent.dll (API version 3944462).
LogModuleManager: Display: Found up-to-date module file ../../../Engine/Plugins/Runtime/ProceduralMeshComponent/Binaries/Win64/UE4Editor-ProceduralMeshComponentEditor.dll (API version 3944462).
LogModuleManager: Display: Found up-to-date module file ../../../Engine/Plugins/Runtime/RuntimePhysXCooking/Binaries/Win64/UE4Editor-RuntimePhysXCooking.dll (API version 3944462).
LogModuleManager: Display: Found up-to-date module file ../../../Engine/Plugins/Runtime/Steam/SteamVR/Binaries/Win64/UE4Editor-SteamVR.dll (API version 3944462).
LogModuleManager: Display: Found up-to-date module file ../../../Engine/Plugins/Runtime/Steam/SteamVR/Binaries/Win64/UE4Editor-SteamVRController.dll (API version 3944462).
LogModuleManager: Display: Found up-to-date module file ../../../Engine/Plugins/Runtime/WindowsMoviePlayer/Binaries/Win64/UE4Editor-WindowsMoviePlayer.dll (API version 3944462).
LogInit: Using libcurl 7.47.1
LogInit:  - built for x86_64-pc-win32
LogInit:  - supports SSL with OpenSSL/1.0.2g
LogInit:  - supports HTTP deflate (compression) using libz 1.2.8
LogInit:  - other features:
LogInit:      CURL_VERSION_SSL
LogInit:      CURL_VERSION_LIBZ
LogInit:      CURL_VERSION_IPV6
LogInit:      CURL_VERSION_ASYNCHDNS
LogInit:      CURL_VERSION_LARGEFILE
LogInit:      CURL_VERSION_IDN
LogInit:  CurlRequestOptions (configurable via config and command line):
LogInit:  - bVerifyPeer = false  - Libcurl will NOT verify peer certificate
LogInit:  - bUseHttpProxy = false  - Libcurl will NOT use HTTP proxy
LogInit:  - bDontReuseConnections = false  - Libcurl will reuse connections
LogInit:  - CertBundlePath = nullptr  - Libcurl will use whatever was configured at build time.
LogInit:  - MaxHostConnections = 16  - Libcurl will limit the number of connections to a host
LogInit:  - LocalHostAddr = Default
LogInit: WinSock: version 1.1 (2.2), MaxSocks=32767, MaxUdp=65467
LogInit: WinSock: I am DESKTOP-ULVVP9N (192.168.217.1:0)
LogInit: Build: ++UE4+Release-4.19-CL-4033788
LogInit: Engine Version: 4.19.2-4033788+++UE4+Release-4.19
LogInit: Compatible Engine Version: 4.19.0-3944462+++UE4+Release-4.19
LogInit: Net CL: 3944462
LogDevObjectVersion: Number of dev versions registered: 18
LogDevObjectVersion:   Dev-Blueprints (B0D832E4-1F89-4F0D-ACCF-7EB736FD4AA2): 10
LogDevObjectVersion:   Dev-Build (E1C64328-A22C-4D53-A36C-8E866417BD8C): 0
LogDevObjectVersion:   Dev-Core (375EC13C-06E4-48FB-B500-84F0262A717E): 2
LogDevObjectVersion:   Dev-Editor (E4B068ED-F494-42E9-A231-DA0B2E46BB41): 23
LogDevObjectVersion:   Dev-Framework (CFFC743F-43B0-4480-9391-14DF171D2073): 33
LogDevObjectVersion:   Dev-Mobile (B02B49B5-BB20-44E9-A304-32B752E40360): 2
LogDevObjectVersion:   Dev-Networking (A4E4105C-59A1-49B5-A7C5-40C4547EDFEE): 0
LogDevObjectVersion:   Dev-Online (39C831C9-5AE6-47DC-9A44-9C173E1C8E7C): 0
LogDevObjectVersion:   Dev-Physics (78F01B33-EBEA-4F98-B9B4-84EACCB95AA2): 0
LogDevObjectVersion:   Dev-Platform (6631380F-2D4D-43E0-8009-CF276956A95A): 0
LogDevObjectVersion:   Dev-Rendering (12F88B9F-8875-4AFC-A67C-D90C383ABD29): 25
LogDevObjectVersion:   Dev-Sequencer (7B5AE74C-D270-4C10-A958-57980B212A5A): 6
LogDevObjectVersion:   Dev-VR (D7296918-1DD6-4BDD-9DE2-64A83CC13884): 1
LogDevObjectVersion:   Dev-LoadTimes (C2A15278-BFE7-4AFE-6C17-90FF531DF755): 1
LogDevObjectVersion:   Private-Geometry (6EACA3D4-40EC-4CC1-B786-8BED09428FC5): 2
LogDevObjectVersion:   Dev-AnimPhys (29E575DD-E0A3-4627-9D10-D276232CDCEA): 16
LogDevObjectVersion:   Dev-ReflectionCapture (6B266CEC-1EC7-4B8F-A30B-E4D90942FC07): 1
LogDevObjectVersion:   Dev-Automation (0DF73D61-A23F-47EA-B727-89E90C41499A): 1
LogInit: Compiled (64-bit): Apr 27 2018 02:06:57
LogInit: Compiled with Visual C++: 19.00.24215.01
LogInit: Build Configuration: Development
LogInit: Branch Name: ++UE4+Release-4.19
LogInit: Command Line:  -skipcompile
LogInit: Base Directory: D:/Program Files/Epic Games/UE_4.19/Engine/Binaries/Win64/
LogInit: Installed Engine Build: 1
LogStreaming: Display: Took  0.007s to delete old logs.
LogInit: Presizing for max 8388607 objects, including 0 objects not considered by GC, pre-allocating 0 bytes for permanent pool.
LogInit: Object subsystem initialized
[2019.03.19-03.11.07:526][  0]LogInit: Selected Device Profile: [Windows]
[2019.03.19-03.11.07:526][  0]LogInit: Applying CVar settings loaded from the selected device profile: [Windows]
[2019.03.19-03.11.07:633][  0]LogInit: Computer: DESKTOP-ULVVP9N
[2019.03.19-03.11.07:633][  0]LogInit: User: ZYK
[2019.03.19-03.11.07:633][  0]LogInit: CPU Page size=4096, Cores=4
[2019.03.19-03.11.07:633][  0]LogInit: High frequency timer resolution =3.515625 MHz
[2019.03.19-03.11.07:642][  0]LogMemory: Memory total: Physical=7.9GB (8GB approx)
[2019.03.19-03.11.07:642][  0]LogMemory: Platform Memory Stats for Windows
[2019.03.19-03.11.07:642][  0]LogMemory: Process Physical Memory: 276.79 MB used, 276.79 MB peak
[2019.03.19-03.11.07:642][  0]LogMemory: Process Virtual Memory: 265.01 MB used, 265.01 MB peak
[2019.03.19-03.11.07:642][  0]LogMemory: Physical Memory: 6822.18 MB used,  1310.25 MB free, 8132.44 MB total
[2019.03.19-03.11.07:642][  0]LogMemory: Virtual Memory: 698.16 MB used,  1310.25 MB free, 134217728.00 MB total
[2019.03.19-03.11.08:069][  0]LogInit: Overriding language with editor language configuration option (en).
[2019.03.19-03.11.08:069][  0]LogInit: Overriding locale with editor locale configuration option (en).
[2019.03.19-03.11.08:751][  0]LogStreaming: Display: Took  0.681s to EndInitTextLocalization.
[2019.03.19-03.11.08:771][  0]LogInit: Setting process to per monitor DPI aware
[2019.03.19-03.11.09:247][  0]LogSlate: New Slate User Created.  User Index 0, Is Virtual User: 0
[2019.03.19-03.11.09:247][  0]LogSlate: Slate User Registered.  User Index 0, Is Virtual User: 0
[2019.03.19-03.11.09:801][  0]LogD3D11RHI: D3D11 adapters:
[2019.03.19-03.11.09:940][  0]LogD3D11RHI:    0. 'NVIDIA GeForce GTX 1050 Ti' (Feature Level 11_0)
[2019.03.19-03.11.09:940][  0]LogD3D11RHI:       4029/0/4066 MB DedicatedVideo/DedicatedSystem/SharedSystem, Outputs:2, VendorId:0x10de
[2019.03.19-03.11.09:956][  0]LogD3D11RHI:    1. 'Microsoft Basic Render Driver' (Feature Level 11_0)
[2019.03.19-03.11.09:956][  0]LogD3D11RHI:       0/0/4066 MB DedicatedVideo/DedicatedSystem/SharedSystem, Outputs:0, VendorId:0x1414
[2019.03.19-03.11.09:956][  0]LogD3D11RHI: Chosen D3D11 Adapter: 0
[2019.03.19-03.11.09:966][  0]LogD3D11RHI: Creating new Direct3DDevice
[2019.03.19-03.11.09:967][  0]LogD3D11RHI:     GPU DeviceId: 0x1c82 (for the marketing name, search the web for "GPU Device Id")
[2019.03.19-03.11.09:967][  0]LogWindows: EnumDisplayDevices:
[2019.03.19-03.11.09:967][  0]LogWindows:    0. 'NVIDIA GeForce GTX 1050 Ti' (P:0 D:1)
[2019.03.19-03.11.09:968][  0]LogWindows:    1. 'NVIDIA GeForce GTX 1050 Ti' (P:1 D:1)
[2019.03.19-03.11.09:968][  0]LogWindows:    2. 'NVIDIA GeForce GTX 1050 Ti' (P:0 D:0)
[2019.03.19-03.11.09:969][  0]LogWindows:    3. 'NVIDIA GeForce GTX 1050 Ti' (P:0 D:0)
[2019.03.19-03.11.09:970][  0]LogWindows: DebugString: GetVideoDriverDetailsInvalid PrimaryIsNotTheChoosenAdapter GetVideoDriverDetailsInvalid PrimaryIsNotTheChoosenAdapter GetVideoDriverDetailsInvalid PrimaryIsNotTheChoosenAdapter GetVideoDriverDetailsInvalid PrimaryIsNotTheChoosenAdapter FoundDriverCount:0 
[2019.03.19-03.11.09:970][  0]LogD3D11RHI:     Adapter Name: NVIDIA GeForce GTX 1050 Ti
[2019.03.19-03.11.09:970][  0]LogD3D11RHI:   Driver Version: Unknown (internal:Unknown, unified:Unknown)
[2019.03.19-03.11.09:970][  0]LogD3D11RHI:      Driver Date: Unknown
[2019.03.19-03.11.09:970][  0]LogRHI: Texture pool is 2820 MB (70% of 4029 MB)
[2019.03.19-03.11.10:036][  0]LogD3D11RHI: [Aftermath] Aftermath enabled but failed to initialize
[2019.03.19-03.11.10:036][  0]LogD3D11RHI: [Aftermath] Aftermath enabled and primed
[2019.03.19-03.11.10:036][  0]LogD3D11RHI: Async texture creation enabled
[2019.03.19-03.11.10:237][  0]LogD3D11RHI: GPU Timing Frequency: 1000.000000 (Debug: 2 1)
[2019.03.19-03.11.10:333][  0]LogShaderCompilers: Guid format shader working directory is -19 characters bigger than the processId version (C:/Users/ZYK/Documents/Unreal Projects/ue4_simpleDemo_wangziqi/Intermediate/Shaders/WorkingDirectory/14908/).
[2019.03.19-03.11.10:341][  0]LogShaderCompilers: Cleaned the shader compiler working directory 'C:/Users/ZYK/AppData/Local/Temp/UnrealShaderWorkingDir/0E7D974943781303A10ADD8A93FCFC96/'.
[2019.03.19-03.11.10:987][  0]LogTemp: Display: Loaded TP AllDesktopTargetPlatform
[2019.03.19-03.11.11:007][  0]LogTemp: Display: Loaded TP MacClientTargetPlatform
[2019.03.19-03.11.11:026][  0]LogTemp: Display: Loaded TP MacNoEditorTargetPlatform
[2019.03.19-03.11.11:041][  0]LogTemp: Display: Loaded TP MacServerTargetPlatform
[2019.03.19-03.11.11:083][  0]LogTemp: Display: Loaded TP MacTargetPlatform
[2019.03.19-03.11.11:098][  0]LogTemp: Display: Loaded TP WindowsClientTargetPlatform
[2019.03.19-03.11.11:117][  0]LogTemp: Display: Loaded TP WindowsNoEditorTargetPlatform
[2019.03.19-03.11.11:133][  0]LogTemp: Display: Loaded TP WindowsServerTargetPlatform
[2019.03.19-03.11.11:145][  0]LogTemp: Display: Loaded TP WindowsTargetPlatform
[2019.03.19-03.11.11:162][  0]LogTemp: Display: Loaded TP Android_ASTCTargetPlatform
[2019.03.19-03.11.11:180][  0]LogTemp: Display: Loaded TP Android_ATCTargetPlatform
[2019.03.19-03.11.11:197][  0]LogTemp: Display: Loaded TP Android_DXTTargetPlatform
[2019.03.19-03.11.11:213][  0]LogTemp: Display: Loaded TP Android_ETC1aTargetPlatform
[2019.03.19-03.11.11:227][  0]LogTemp: Display: Loaded TP Android_ETC1TargetPlatform
[2019.03.19-03.11.11:241][  0]LogTemp: Display: Loaded TP Android_ETC2TargetPlatform
[2019.03.19-03.11.11:271][  0]LogTemp: Display: Loaded TP Android_MultiTargetPlatform
[2019.03.19-03.11.11:271][  0]LogTemp: Display: Loaded TP Android_PVRTCTargetPlatform
[2019.03.19-03.11.11:294][  0]LogTemp: Display: Loaded TP AndroidTargetPlatform
[2019.03.19-03.11.11:299][  0]LogTemp: Display: Loaded TP HTML5TargetPlatform
[2019.03.19-03.11.11:373][  0]LogTemp: Display: Loaded TP IOSTargetPlatform
[2019.03.19-03.11.11:387][  0]LogTemp: Display: Loaded TP TVOSTargetPlatform
[2019.03.19-03.11.11:401][  0]LogTemp: Display: Loaded TP LinuxClientTargetPlatform
[2019.03.19-03.11.11:415][  0]LogTemp: Display: Loaded TP LinuxNoEditorTargetPlatform
[2019.03.19-03.11.11:429][  0]LogTemp: Display: Loaded TP LinuxServerTargetPlatform
[2019.03.19-03.11.11:459][  0]LogTemp: Display: Loaded TP LinuxTargetPlatform
[2019.03.19-03.11.11:460][  0]LogTargetPlatformManager: Display: Building Assets For Windows
[2019.03.19-03.11.11:975][  0]LogXGEController: Cleaning working directory: C:/Users/ZYK/AppData/Local/Temp/UnrealXGEWorkingDir/
[2019.03.19-03.11.11:975][  0]LogXGEController: Cannot use XGE Controller as Incredibuild is not installed on this machine.
[2019.03.19-03.11.11:983][  0]LogShaderCompilers: Cannot use XGE Shader Compiler as Incredibuild is not installed on this machine.
[2019.03.19-03.11.11:983][  0]LogShaderCompilers: Display: Using Local Shader Compiler.
[2019.03.19-03.11.13:023][  0]LogDerivedDataCache: Display: Max Cache Size: 512 MB
[2019.03.19-03.11.13:496][  0]LogDerivedDataCache: Loaded boot cache 0.47s 74MB C:/Users/ZYK/AppData/Local/UnrealEngine/4.19/DerivedDataCache/Boot.ddc.
[2019.03.19-03.11.13:496][  0]LogDerivedDataCache: Display: Loaded Boot cache: C:/Users/ZYK/AppData/Local/UnrealEngine/4.19/DerivedDataCache/Boot.ddc
[2019.03.19-03.11.13:496][  0]LogDerivedDataCache: FDerivedDataBackendGraph:  Pak pak cache file C:/Users/ZYK/Documents/Unreal Projects/ue4_simpleDemo_wangziqi/DerivedDataCache/DDC.ddp not found, will not use a pak cache.
[2019.03.19-03.11.13:496][  0]LogDerivedDataCache: Unable to find inner node Pak for hierarchical cache Hierarchy.
[2019.03.19-03.11.13:496][  0]LogDerivedDataCache: FDerivedDataBackendGraph:  CompressedPak pak cache file C:/Users/ZYK/Documents/Unreal Projects/ue4_simpleDemo_wangziqi/DerivedDataCache/Compressed.ddp not found, will not use a pak cache.
[2019.03.19-03.11.13:496][  0]LogDerivedDataCache: Unable to find inner node CompressedPak for hierarchical cache Hierarchy.
[2019.03.19-03.11.13:531][  0]LogDerivedDataCache: Display: Pak cache opened for reading ../../../Engine/DerivedDataCache/Compressed.ddp.
[2019.03.19-03.11.13:550][  0]LogDerivedDataCache: Using Local data cache path C:/Users/ZYK/AppData/Local/UnrealEngine/Common/DerivedDataCache: Writable
[2019.03.19-03.11.13:550][  0]LogDerivedDataCache: Shared data cache path not found in *engine.ini, will not use an Shared cache.
[2019.03.19-03.11.13:550][  0]LogDerivedDataCache: Unable to find inner node Shared for hierarchical cache Hierarchy.
[2019.03.19-03.11.13:583][  0]LogMaterial: Verifying Global Shaders for PCD3D_SM5
[2019.03.19-03.11.13:596][  0]LogSlate: Using Freetype 2.6.0
[2019.03.19-03.11.13:643][  0]LogSlate: SlateFontCache - WITH_FREETYPE: 1, WITH_HARFBUZZ: 1
[2019.03.19-03.11.13:643][  0]LogSlate: SlateFontCache - WITH_FREETYPE: 1, WITH_HARFBUZZ: 1
[2019.03.19-03.11.15:153][  0]LogAssetRegistry: FAssetRegistry took 0.0379 seconds to start up
[2019.03.19-03.11.18:235][  0]LogInit: Selected Device Profile: [Windows]
[2019.03.19-03.11.19:063][  0]LogSimplygon: Simplygon DLL not present - disabling.
[2019.03.19-03.11.19:070][  0]LogMeshReduction: Using SimplygonSwarm for distributed automatic mesh merging
[2019.03.19-03.11.19:070][  0]LogMeshReduction: Using QuadricMeshReduction for automatic static mesh reduction
[2019.03.19-03.11.19:070][  0]LogMeshReduction: No automatic skeletal mesh reduction module available
[2019.03.19-03.11.19:070][  0]LogMeshReduction: No automatic mesh merging module available
[2019.03.19-03.11.19:070][  0]LogMeshMerging: No automatic mesh merging module available
[2019.03.19-03.11.19:456][  0]LogNetVersion: Hand , NetCL: 3944462, EngineNetVer: 2, GameNetVer: 0 (Checksum: 4255602584)
[2019.03.19-03.11.22:050][  0]LogPackageLocalizationCache: Processed 9 localized package path(s) for 1 prioritized culture(s) in 0.138337 seconds
[2019.03.19-03.11.22:075][  0]LogUObjectArray: 36728 objects as part of root set at end of initial load.
[2019.03.19-03.11.22:075][  0]LogUObjectAllocator: 7314312 out of 0 bytes used by permanent object pool.
[2019.03.19-03.11.22:075][  0]LogUObjectArray: CloseDisregardForGC: 0/0 objects in disregard for GC pool
[2019.03.19-03.11.29:225][  0]LogTcpMessaging: Initializing TcpMessaging bridge
[2019.03.19-03.11.29:265][  0]LogUdpMessaging: Initializing bridge on interface 0.0.0.0:0 to multicast group 230.0.0.1:6666.
[2019.03.19-03.11.30:438][  0]SourceControl: Source control is disabled
[2019.03.19-03.11.30:439][  0]SourceControl: Source control is disabled
[2019.03.19-03.11.30:506][  0]SourceControl: Source control is disabled
[2019.03.19-03.11.30:540][  0]SourceControl: Source control is disabled
[2019.03.19-03.11.31:726][  0]LogAndroidPermission: UAndroidPermissionCallbackProxy::GetInstance
[2019.03.19-03.11.32:329][  0]LogOcInput: OculusInput pre-init called
[2019.03.19-03.11.32:847][  0]LogEngine: Initializing Engine...
[2019.03.19-03.11.32:912][  0]LogHMD: Failed to initialize OpenVR with code 126
[2019.03.19-03.11.32:948][  0]LogStats: UGameplayTagsManager::ConstructGameplayTagTree: Construct from data asset -  0.000 s
[2019.03.19-03.11.32:949][  0]LogStats: UGameplayTagsManager::ConstructGameplayTagTree: GameplayTagTreeChangedEvent.Broadcast -  0.000 s
[2019.03.19-03.11.33:732][  0]LogAIModule: Creating AISystem for world Untitled
[2019.03.19-03.11.33:962][  0]LogInit: XAudio2 using '扬声器 (Realtek High Definition Audio)' : 2 channels at 48 kHz using 32 bits per sample (channel mask 0x3)
[2019.03.19-03.11.34:060][  0]LogInit: FAudioDevice initialized.
[2019.03.19-03.11.34:234][  0]LogDerivedDataCache: Saved boot cache 0.15s 74MB C:/Users/ZYK/AppData/Local/UnrealEngine/4.19/DerivedDataCache/Boot.ddc.
[2019.03.19-03.11.34:259][  0]LogInit: Texture streaming: Enabled
[2019.03.19-03.11.34:399][  0]LogEngineSessionManager: EngineSessionManager initialized
[2019.03.19-03.11.34:399][  0]LogEngineSessionManager: EngineSessionManager sent abnormal shutdown report. Type=Debugger, SessionId={F010940C-4A1E-0986-06A3-EB96350C3069}
[2019.03.19-03.11.34:588][  0]LogInit: Transaction tracking system initialized
[2019.03.19-03.11.34:848][  0]BlueprintLog: New page: Editor Load
[2019.03.19-03.11.35:844][  0]LocalizationService: Localization service is disabled
[2019.03.19-03.11.36:852][  0]LogConsoleResponse: Display: 
[2019.03.19-03.11.38:623][  0]LogFileCache: Scanning file cache for directory 'C:/Users/ZYK/Documents/Unreal Projects/ue4_simpleDemo_wangziqi/Content/' took 0.01s
[2019.03.19-03.11.38:623][  0]LogCook: Display: Max memory allowance for cook 16384mb min free memory 0mb
[2019.03.19-03.11.38:623][  0]LogCook: Display: Mobile HDR setting 1
[2019.03.19-03.11.38:663][  0]LogGameplayTags: Display: UGameplayTagsManager::DoneAddingNativeTags. DelegateIsBound: 0
[2019.03.19-03.11.38:664][  0]LogStats: UGameplayTagsManager::ConstructGameplayTagTree: Construct from data asset -  0.000 s
[2019.03.19-03.11.38:664][  0]LogStats: UGameplayTagsManager::ConstructGameplayTagTree: GameplayTagTreeChangedEvent.Broadcast -  0.000 s
[2019.03.19-03.11.41:411][  0]SourceControl: Source control is disabled
[2019.03.19-03.11.41:437][  0]Cmd: MAP LOAD FILE="C:/Users/ZYK/Documents/Unreal Projects/ue4_simpleDemo_wangziqi/Content/NewMap.umap" TEMPLATE=0 SHOWPROGRESS=1 FEATURELEVEL=3
[2019.03.19-03.11.41:456][  0]LightingResults: New page: Lighting Build
[2019.03.19-03.11.41:597][  0]MapCheck: New page: Map Check
[2019.03.19-03.11.41:597][  0]LightingResults: New page: Lighting Build
[2019.03.19-03.11.43:045][  0]LogAIModule: Creating AISystem for world NewMap
[2019.03.19-03.11.43:400][  0]LogEditorServer: Finished looking for orphan Actors (0.000 secs)
[2019.03.19-03.11.43:507][  0]Cmd: MAP CHECKDEP NOCLEARLOG
[2019.03.19-03.11.43:821][  0]MapCheck: Map check complete: 0 Error(s), 0 Warning(s), took 312.914ms to complete.
[2019.03.19-03.11.43:821][  0]LogFileHelpers: Loading map 'NewMap' took 2.392
[2019.03.19-03.11.44:978][  0]LogCollectionManager: Loaded 0 collections in 0.002524 seconds
[2019.03.19-03.11.45:088][  0]LogFileCache: Scanning file cache for directory 'C:/Users/ZYK/Documents/Unreal Projects/ue4_simpleDemo_wangziqi/Saved/Collections/' took 0.01s
[2019.03.19-03.11.45:088][  0]LogFileCache: Scanning file cache for directory 'C:/Users/ZYK/Documents/Unreal Projects/ue4_simpleDemo_wangziqi/Content/Developers/ZYK/Collections/' took 0.01s
[2019.03.19-03.11.45:088][  0]LogFileCache: Scanning file cache for directory 'C:/Users/ZYK/Documents/Unreal Projects/ue4_simpleDemo_wangziqi/Content/Collections/' took 0.01s
[2019.03.19-03.11.45:088][  0]LogCollectionManager: Rebuilt the GUID cache for 0 collections in 0.000001 seconds
[2019.03.19-03.11.45:118][  0]LogContentBrowser: Native class hierarchy populated in 0.0285 seconds. Added 2457 classes and 560 folders.
[2019.03.19-03.11.45:243][  0]LogContentBrowser: Native class hierarchy updated for 'WidgetCarousel' in 0.0086 seconds. Added 0 classes and 0 folders.
[2019.03.19-03.11.45:652][  0]LogContentBrowser: Native class hierarchy updated for 'AddContentDialog' in 0.0075 seconds. Added 0 classes and 0 folders.
[2019.03.19-03.11.45:794][  0]LogContentBrowser: Native class hierarchy updated for 'SceneOutliner' in 0.0101 seconds. Added 1 classes and 2 folders.
[2019.03.19-03.11.46:919][  0]LogSlate: Took 0.042984 seconds to synchronously load lazily loaded font '../../../Engine/Content/Slate/Fonts/Roboto-Regular.ttf' (155K)
[2019.03.19-03.11.46:943][  0]LogSlate: Took 0.021024 seconds to synchronously load lazily loaded font '../../../Engine/Content/Slate/Fonts/Roboto-Bold.ttf' (160K)
[2019.03.19-03.11.46:991][  0]LogSlate: Took 0.036741 seconds to synchronously load lazily loaded font '../../../Engine/Content/Editor/Slate/Fonts/FontAwesome.ttf' (139K)
[2019.03.19-03.11.47:134][  0]LogSlate: Took 0.001102 seconds to synchronously load lazily loaded font '../../../Engine/Content/Slate/Fonts/Roboto-Light.ttf' (167K)
[2019.03.19-03.11.47:533][  0]LogRenderer: Reallocating scene render targets to support 796x416 Format 9 NumSamples 1 (Frame:1).
[2019.03.19-03.11.48:052][  0]LogContentBrowser: Native class hierarchy updated for 'HierarchicalLODOutliner' in 0.0088 seconds. Added 0 classes and 0 folders.
[2019.03.19-03.11.48:052][  0]LogLoad: (Engine Initialization) Total time: 51.12 seconds
[2019.03.19-03.11.48:052][  0]LogLoad: (Engine Initialization) Total Blueprint compile time: 0.00 seconds
[2019.03.19-03.11.48:425][  0]LogContentStreaming: Texture pool size now 800 MB
[2019.03.19-03.11.48:772][  2]LogAssetRegistry: Asset discovery search completed in 33.6500 seconds
[2019.03.19-03.11.48:786][  2]LogCollectionManager: Rebuilt the object cache for 0 collections in 0.000001 seconds (found 0 objects)
[2019.03.19-03.11.48:786][  2]LogCollectionManager: Fixed up redirectors for 0 collections in 0.008073 seconds (updated 0 objects)
[2019.03.19-03.11.51:817][352]LogSlate: FSceneViewport::OnFocusLost() reason 0
[2019.03.19-03.11.51:898][361]LogTemp: Repeating last play command: Selected Viewport
[2019.03.19-03.11.51:943][361]LogPlayLevel: PlayLevel: No blueprints needed recompiling
[2019.03.19-03.11.51:992][361]PIE: New page: PIE session: NewMap (Mar 19, 2019, 7:11:51 PM)
[2019.03.19-03.11.51:992][361]LogPlayLevel: Creating play world package: /Game/UEDPIE_0_NewMap
[2019.03.19-03.11.52:020][361]LogPlayLevel: PIE: StaticDuplicateObject took: (0.028256s)
[2019.03.19-03.11.52:021][361]LogAIModule: Creating AISystem for world NewMap
[2019.03.19-03.11.52:032][361]LogPlayLevel: PIE: World Init took: (0.011071s)
[2019.03.19-03.11.52:032][361]LogPlayLevel: PIE: Created PIE world by copying editor world from /Game/NewMap.NewMap to /Game/UEDPIE_0_NewMap.NewMap (0.039813s)
[2019.03.19-03.11.52:161][361]LogInit: XAudio2 using '扬声器 (Realtek High Definition Audio)' : 2 channels at 48 kHz using 32 bits per sample (channel mask 0x3)
[2019.03.19-03.11.52:212][361]LogInit: FAudioDevice initialized.
[2019.03.19-03.11.52:331][361]LogUObjectGlobals: Created PersistentFrame Addr=0x00000235dcd1c880, Size=172, Default__HandAnimBlueprint_C Function /Game/HandAnimBlueprint.HandAnimBlueprint_C:ExecuteUbergraph_HandAnimBlueprint
[2019.03.19-03.11.52:397][361]LogUObjectGlobals: Destroyed PersistentFrame Addr=0x00000235dcd1c880, Size=172
[2019.03.19-03.11.52:397][361]LogUObjectGlobals: Created PersistentFrame Addr=0x00000235ed30aec0, Size=172, Default__HandAnimBlueprint_C Function /Engine/Transient.REINST_HandAnimBlueprint_C_0:ExecuteUbergraph_HandAnimBlueprint
[2019.03.19-03.11.52:441][361]LogBlueprint: Warning: [Compiler HandAnimBlueprint] You must specify at least one Source Bone
[2019.03.19-03.11.52:463][361]LogUObjectGlobals: Created PersistentFrame Addr=0x00000235ed224580, Size=172, Default__HandAnimBlueprint_C Function /Game/HandAnimBlueprint.HandAnimBlueprint_C:ExecuteUbergraph_HandAnimBlueprint
[2019.03.19-03.11.52:500][361]LogBlueprint: Warning: [Compiler HandAnimBlueprint] Node  Transform (Modify) Bone - Bone: index3_r  uses potentially thread-unsafe call  Change Index 3 . Disable threaded update or use a thread-safe call. Function may need BlueprintThreadSafe metadata adding.
[2019.03.19-03.11.52:500][361]LogBlueprint: Warning: [Compiler HandAnimBlueprint] Node  Transform (Modify) Bone - Bone: index2_r  uses potentially thread-unsafe call  Change Index 2 . Disable threaded update or use a thread-safe call. Function may need BlueprintThreadSafe metadata adding.
[2019.03.19-03.11.52:501][361]LogBlueprint: Warning: [Compiler HandAnimBlueprint] Node  Transform (Modify) Bone - Bone: index1_r  uses potentially thread-unsafe call  Change Index 1 . Disable threaded update or use a thread-safe call. Function may need BlueprintThreadSafe metadata adding.
[2019.03.19-03.11.52:501][361]LogBlueprint: Warning: [Compiler HandAnimBlueprint] Node  Transform (Modify) Bone - Bone: thumb3_r  uses potentially thread-unsafe call  Change Thumb 3 . Disable threaded update or use a thread-safe call. Function may need BlueprintThreadSafe metadata adding.
[2019.03.19-03.11.52:501][361]LogBlueprint: Warning: [Compiler HandAnimBlueprint] Node  Transform (Modify) Bone - Bone: thumb1_r  uses potentially thread-unsafe call  Change Thumb 1 . Disable threaded update or use a thread-safe call. Function may need BlueprintThreadSafe metadata adding.
[2019.03.19-03.11.52:501][361]LogBlueprint: Warning: [Compiler HandAnimBlueprint] Node  Transform (Modify) Bone - Bone: middle1_r  uses potentially thread-unsafe call  Change Middle 1 . Disable threaded update or use a thread-safe call. Function may need BlueprintThreadSafe metadata adding.
[2019.03.19-03.11.52:501][361]LogBlueprint: Warning: [Compiler HandAnimBlueprint] Node  Transform (Modify) Bone - Bone: middle2_r  uses potentially thread-unsafe call  Change Middle 2 . Disable threaded update or use a thread-safe call. Function may need BlueprintThreadSafe metadata adding.
[2019.03.19-03.11.52:502][361]LogBlueprint: Warning: [Compiler HandAnimBlueprint] Node  Transform (Modify) Bone - Bone: middle3_r  uses potentially thread-unsafe call  Change Middle 3 . Disable threaded update or use a thread-safe call. Function may need BlueprintThreadSafe metadata adding.
[2019.03.19-03.11.52:502][361]LogBlueprint: Warning: [Compiler HandAnimBlueprint] Node  Transform (Modify) Bone - Bone: ring1_r  uses potentially thread-unsafe call  Change Ring 1 . Disable threaded update or use a thread-safe call. Function may need BlueprintThreadSafe metadata adding.
[2019.03.19-03.11.52:502][361]LogBlueprint: Warning: [Compiler HandAnimBlueprint] Node  Transform (Modify) Bone - Bone: ring2_r  uses potentially thread-unsafe call  Change Ring 2 . Disable threaded update or use a thread-safe call. Function may need BlueprintThreadSafe metadata adding.
[2019.03.19-03.11.52:502][361]LogBlueprint: Warning: [Compiler HandAnimBlueprint] Node  Transform (Modify) Bone - Bone: ring3_r  uses potentially thread-unsafe call  Change Ring 3 . Disable threaded update or use a thread-safe call. Function may need BlueprintThreadSafe metadata adding.
[2019.03.19-03.11.52:502][361]LogBlueprint: Warning: [Compiler HandAnimBlueprint] Node  Transform (Modify) Bone - Bone: pinky2_r  uses potentially thread-unsafe call  Change Little 1 . Disable threaded update or use a thread-safe call. Function may need BlueprintThreadSafe metadata adding.
[2019.03.19-03.11.52:502][361]LogBlueprint: Warning: [Compiler HandAnimBlueprint] Node  Transform (Modify) Bone - Bone: pinky3_r  uses potentially thread-unsafe call  Change Little 2 . Disable threaded update or use a thread-safe call. Function may need BlueprintThreadSafe metadata adding.
[2019.03.19-03.11.52:503][361]LogBlueprint: Warning: [Compiler HandAnimBlueprint] Node  Transform (Modify) Bone - Bone: pinky4_r  uses potentially thread-unsafe call  Change Little 3 . Disable threaded update or use a thread-safe call. Function may need BlueprintThreadSafe metadata adding.
[2019.03.19-03.11.52:503][361]LogBlueprint: Warning: [Compiler HandAnimBlueprint] [0055.57] Compile of HandAnimBlueprint successful, but with 15 Warning(s) [in 141 ms] (/Game/HandAnimBlueprint.HandAnimBlueprint)
[2019.03.19-03.11.52:558][361]LogUObjectGlobals: Created PersistentFrame Addr=0x00000235ed1ce780, Size=120, Default__Hand_BP_C Function /Game/Hand_BP.Hand_BP_C:ExecuteUbergraph_Hand_BP
[2019.03.19-03.11.52:567][361]LogUObjectGlobals: Destroyed PersistentFrame Addr=0x00000235ed1ce780, Size=120
[2019.03.19-03.11.52:568][361]LogUObjectGlobals: Created PersistentFrame Addr=0x00000235ed1ce780, Size=120, Default__Hand_BP_C Function /Engine/Transient.REINST_Hand_BP_C_10:ExecuteUbergraph_Hand_BP
[2019.03.19-03.11.52:588][361]LogUObjectGlobals: Created PersistentFrame Addr=0x00000235ed1ce080, Size=120, Default__Hand_BP_C Function /Game/Hand_BP.Hand_BP_C:ExecuteUbergraph_Hand_BP
[2019.03.19-03.11.52:666][361]LogSkeletalMesh: Skeletal Mesh found in DDC [12.456391ms] /Game/ImportFile/hand_right_1.hand_right_1
[2019.03.19-03.11.52:699][361]LogLoad: Game class is 'MyGameMode_C'
[2019.03.19-03.11.52:789][361]LogWorld: Bringing World /Game/UEDPIE_0_NewMap.NewMap up for play (max tick rate 0) at 2019.03.19-11.11.52
[2019.03.19-03.11.52:846][361]LogWorld: Bringing up level for play took: 0.057467
[2019.03.19-03.11.52:941][361]LogContentBrowser: Native class hierarchy updated for 'MovieSceneCapture' in 0.0099 seconds. Added 11 classes and 0 folders.
[2019.03.19-03.11.53:016][361]PIE: Play in editor start time for /Game/UEDPIE_0_NewMap 1.195
[2019.03.19-03.12.05:576][560]LogUObjectGlobals: Destroyed PersistentFrame Addr=0x00000235ed1ce780, Size=120
[2019.03.19-03.12.05:577][560]LogUObjectGlobals: Destroyed PersistentFrame Addr=0x00000235ed30aec0, Size=172
[2019.03.19-03.12.06:382][636]LogEditorViewport: Clicking on Actor (LMB): CubeBlueprint_C (CubeBlueprint)
[2019.03.19-03.12.07:452][717]LogSlate: Took 0.009669 seconds to synchronously load lazily loaded font '../../../Engine/Content/Slate/Fonts/Roboto-Italic.ttf' (157K)
[2019.03.19-03.12.09:301][917]LogSlate: FSceneViewport::OnFocusLost() reason 0
[2019.03.19-03.12.25:034][625]LogTemp: Repeating last play command: Selected Viewport
[2019.03.19-03.12.25:062][625]LogPlayLevel: PlayLevel: No blueprints needed recompiling
[2019.03.19-03.12.25:063][625]PIE: New page: PIE session: NewMap (Mar 19, 2019, 7:12:25 PM)
[2019.03.19-03.12.25:063][625]LogPlayLevel: Creating play world package: /Game/UEDPIE_0_NewMap
[2019.03.19-03.12.25:067][625]LogPlayLevel: PIE: StaticDuplicateObject took: (0.003903s)
[2019.03.19-03.12.25:068][625]LogAIModule: Creating AISystem for world NewMap
[2019.03.19-03.12.25:068][625]LogPlayLevel: PIE: World Init took: (0.001196s)
[2019.03.19-03.12.25:069][625]LogPlayLevel: PIE: Created PIE world by copying editor world from /Game/NewMap.NewMap to /Game/UEDPIE_0_NewMap.NewMap (0.005672s)
[2019.03.19-03.12.25:199][625]LogInit: XAudio2 using '扬声器 (Realtek High Definition Audio)' : 2 channels at 48 kHz using 32 bits per sample (channel mask 0x3)
[2019.03.19-03.12.25:248][625]LogInit: FAudioDevice initialized.
[2019.03.19-03.12.25:311][625]LogLoad: Game class is 'MyGameMode_C'
[2019.03.19-03.12.25:313][625]LogWorld: Bringing World /Game/UEDPIE_0_NewMap.NewMap up for play (max tick rate 0) at 2019.03.19-11.12.25
[2019.03.19-03.12.25:314][625]LogWorld: Bringing up level for play took: 0.001594
[2019.03.19-03.12.25:316][625]PIE: Play in editor start time for /Game/UEDPIE_0_NewMap -0.504
[2019.03.19-03.12.32:151][402]LogSlate: FSceneViewport::OnFocusLost() reason 0
[2019.03.19-03.12.35:112][412]LogSlate: Window 'Save Content' being destroyed
[2019.03.19-03.12.35:258][412]LogSlate: Window 'Viewport 1' being destroyed
[2019.03.19-03.12.35:433][412]LogSlate: Window 'Hand - Unreal Editor' being destroyed
[2019.03.19-03.12.35:650][413]Cmd: QUIT_EDITOR
[2019.03.19-03.12.35:980][413]LogWindowsTextInputMethodSystem: Display: IME system now activated using TSF (搜狗拼音输入法).
[2019.03.19-03.12.35:994][413]LogSlate: Slate User Destroyed.  User Index 0, Is Virtual User: 0
[2019.03.19-03.12.35:997][413]LogExit: Preparing to exit.
[2019.03.19-03.12.36:803][413]LogExit: Editor shut down
[2019.03.19-03.12.36:807][413]LogExit: Transaction tracking system shut down
[2019.03.19-03.12.36:808][413]LogUObjectGlobals: Destroyed PersistentFrame Addr=0x00000235ed1ce080, Size=120
[2019.03.19-03.12.36:808][413]LogUObjectGlobals: Destroyed PersistentFrame Addr=0x00000235ed224580, Size=172
[2019.03.19-03.12.36:968][413]LogDirectoryWatcher: A directory notification for '../../../Engine/Content/' was aborted.
[2019.03.19-03.12.36:968][413]LogDirectoryWatcher: A directory notification for 'C:/Users/ZYK/Documents/Unreal Projects/ue4_simpleDemo_wangziqi/Content/' was aborted.
[2019.03.19-03.12.36:993][413]LogDirectoryWatcher: A directory notification for '../../Plugins/2D/Paper2D/Content/' was aborted.
[2019.03.19-03.12.36:993][413]LogDirectoryWatcher: A directory notification for '../../Plugins/Enterprise/DatasmithContent/Content/' was aborted.
[2019.03.19-03.12.36:993][413]LogDirectoryWatcher: A directory notification for '../../Plugins/Media/MediaCompositing/Content/' was aborted.
[2019.03.19-03.12.36:993][413]LogDirectoryWatcher: A directory notification for '../../Plugins/Runtime/AppleARKit/Content/' was aborted.
[2019.03.19-03.12.36:993][413]LogDirectoryWatcher: A directory notification for '../../Plugins/Runtime/Oculus/OculusVR/Content/' was aborted.
[2019.03.19-03.12.36:994][413]LogDirectoryWatcher: A directory notification for '../../Plugins/Runtime/Steam/SteamVR/Content/' was aborted.
