Log file open, 03/13/19 19:17:34
LogWindows: Failed to load 'aqProf.dll' (GetLastError=126)
LogWindows: File 'aqProf.dll' does not exist
LogWindows: Failed to load 'VtuneApi.dll' (GetLastError=126)
LogWindows: File 'VtuneApi.dll' does not exist
LogWindows: Failed to load 'VtuneApi32e.dll' (GetLastError=126)
LogWindows: File 'VtuneApi32e.dll' does not exist
LogInit: Display: Running engine for game: Hand
LogPlatformFile: Not using cached read wrapper
LogInit: Display: RandInit(64084936) SRandInit(64084936).
LogInit: Read version file with build ID '3944462'
LogInit: Overriding engine version to CL 4033788, compatible CL 3944462
LogInit: Registered custom module enumerator with build ID '3944462'
LogTaskGraph: Started task graph with 5 named threads and 14 total threads with 3 sets of task threads.
LogStats: Stats thread started at 0.417504
LogD3D11RHI: Aftermath initialized
LogICUInternationalization: Display: ICU TimeZone Detection - Raw Offset: +8:00, Platform Override: ''
LogPluginManager: Mounting plugin Paper2D
LogPluginManager: Mounting plugin LiveLink
LogPluginManager: Mounting plugin LightPropagationVolume
LogPluginManager: Mounting plugin CLionSourceCodeAccess
LogPluginManager: Mounting plugin CodeLiteSourceCodeAccess
LogPluginManager: Mounting plugin GitSourceControl
LogPluginManager: Mounting plugin KDevelopSourceCodeAccess
LogPluginManager: Mounting plugin NullSourceCodeAccess
LogPluginManager: Mounting plugin PerforceSourceControl
LogPluginManager: Mounting plugin SubversionSourceControl
LogPluginManager: Mounting plugin UObjectPlugin
LogPluginManager: Mounting plugin VisualStudioCodeSourceCodeAccess
LogPluginManager: Mounting plugin VisualStudioSourceCodeAccess
LogPluginManager: Mounting plugin XCodeSourceCodeAccess
LogPluginManager: Mounting plugin AssetManagerEditor
LogPluginManager: Mounting plugin CryptoKeys
LogPluginManager: Mounting plugin DataValidation
LogPluginManager: Mounting plugin FacialAnimation
LogPluginManager: Mounting plugin GameplayTagsEditor
LogPluginManager: Mounting plugin MobileLauncherProfileWizard
LogPluginManager: Mounting plugin PluginBrowser
LogPluginManager: Mounting plugin SpeedTreeImporter
LogPluginManager: Mounting plugin DatasmithContent
LogPluginManager: Mounting plugin AlembicImporter
LogPluginManager: Mounting plugin CharacterAI
LogPluginManager: Mounting plugin HTML5Networking
LogPluginManager: Mounting plugin AndroidMedia
LogPluginManager: Mounting plugin AvfMedia
LogPluginManager: Mounting plugin ImgMedia
LogPluginManager: Mounting plugin LinearTimecode
LogPluginManager: Mounting plugin MediaCompositing
LogPluginManager: Mounting plugin MediaPlayerEditor
LogPluginManager: Mounting plugin WmfMedia
LogPluginManager: Mounting plugin TcpMessaging
LogPluginManager: Mounting plugin UdpMessaging
LogPluginManager: Mounting plugin ActorSequence
LogPluginManager: Mounting plugin LevelSequenceEditor
LogPluginManager: Mounting plugin MatineeToLevelSequence
LogPluginManager: Mounting plugin NetcodeUnitTest
LogPluginManager: Mounting plugin NUTUnrealEngine4
LogPluginManager: Mounting plugin OnlineSubsystemGooglePlay
LogPluginManager: Mounting plugin OnlineSubsystemIOS
LogPluginManager: Mounting plugin OnlineSubsystem
LogPluginManager: Mounting plugin OnlineSubsystemNull
LogPluginManager: Mounting plugin OnlineSubsystemUtils
LogPluginManager: Mounting plugin AndroidDeviceProfileSelector
LogPluginManager: Mounting plugin AndroidMoviePlayer
LogPluginManager: Mounting plugin AndroidPermission
LogPluginManager: Mounting plugin AppleARKit
LogPluginManager: Mounting plugin AppleMoviePlayer
LogPluginManager: Mounting plugin ArchVisCharacter
LogPluginManager: Mounting plugin AudioCapture
LogPluginManager: Mounting plugin CableComponent
LogPluginManager: Mounting plugin CustomMeshComponent
LogPluginManager: Mounting plugin ExampleDeviceProfileSelector
LogPluginManager: Mounting plugin GoogleCloudMessaging
LogPluginManager: Mounting plugin ImmediatePhysics
LogPluginManager: Mounting plugin IOSDeviceProfileSelector
LogPluginManager: Mounting plugin LinuxDeviceProfileSelector
LogPluginManager: Mounting plugin LocationServicesBPLibrary
LogPluginManager: Mounting plugin MobilePatchingUtils
LogPluginManager: Mounting plugin OculusVR
LogPluginManager: Plugin shader directory ../../../Engine/Plugins/Runtime/Oculus/OculusVR/Shaders found
LogPluginManager: Mapping shader source directory ../../../Engine/Plugins/Runtime/Oculus/OculusVR/Shaders to virtual directory /Plugin/OculusVR
LogPluginManager: Mounting plugin PhysXVehicles
LogPluginManager: Mounting plugin ProceduralMeshComponent
LogPluginManager: Mounting plugin RuntimePhysXCooking
LogPluginManager: Mounting plugin SteamVR
LogPluginManager: Mounting plugin WindowsMoviePlayer
LogStreaming: Display: Took  0.162s to configure plugins.
LogModuleManager: Display: Found up-to-date module file C:/Users/ZYK/Documents/Unreal Projects/Hand_wangziqi/Binaries/Win64/UE4Editor-Hand.dll (API version 3944462).
LogModuleManager: Display: Found up-to-date module file ../../../Engine/Plugins/2D/Paper2D/Binaries/Win64/UE4Editor-Paper2D.dll (API version 3944462).
LogModuleManager: Display: Found up-to-date module file ../../../Engine/Plugins/2D/Paper2D/Binaries/Win64/UE4Editor-Paper2DEditor.dll (API version 3944462).
LogModuleManager: Display: Found up-to-date module file ../../../Engine/Plugins/2D/Paper2D/Binaries/Win64/UE4Editor-PaperSpriteSheetImporter.dll (API version 3944462).
LogModuleManager: Display: Found up-to-date module file ../../../Engine/Plugins/2D/Paper2D/Binaries/Win64/UE4Editor-PaperTiledImporter.dll (API version 3944462).
LogModuleManager: Display: Found up-to-date module file ../../../Engine/Plugins/2D/Paper2D/Binaries/Win64/UE4Editor-SmartSnapping.dll (API version 3944462).
LogModuleManager: Display: Found up-to-date module file ../../../Engine/Plugins/Animation/LiveLink/Binaries/Win64/UE4Editor-LiveLink.dll (API version 3944462).
LogModuleManager: Display: Found up-to-date module file ../../../Engine/Plugins/Animation/LiveLink/Binaries/Win64/UE4Editor-LiveLinkEditor.dll (API version 3944462).
LogModuleManager: Display: Found up-to-date module file ../../../Engine/Plugins/Blendables/LightPropagationVolume/Binaries/Win64/UE4Editor-LightPropagationVolumeRuntime.dll (API version 3944462).
LogModuleManager: Display: Found up-to-date module file ../../../Engine/Plugins/Blendables/LightPropagationVolume/Binaries/Win64/UE4Editor-LightPropagationVolumeEditor.dll (API version 3944462).
LogModuleManager: Display: Found up-to-date module file ../../../Engine/Plugins/Developer/CLionSourceCodeAccess/Binaries/Win64/UE4Editor-CLionSourceCodeAccess.dll (API version 3944462).
LogModuleManager: Display: Found up-to-date module file ../../../Engine/Plugins/Developer/GitSourceControl/Binaries/Win64/UE4Editor-GitSourceControl.dll (API version 3944462).
LogModuleManager: Display: Found up-to-date module file ../../../Engine/Plugins/Developer/PerforceSourceControl/Binaries/Win64/UE4Editor-PerforceSourceControl.dll (API version 3944462).
LogModuleManager: Display: Found up-to-date module file ../../../Engine/Plugins/Developer/SubversionSourceControl/Binaries/Win64/UE4Editor-SubversionSourceControl.dll (API version 3944462).
LogModuleManager: Display: Found up-to-date module file ../../../Engine/Plugins/Developer/UObjectPlugin/Binaries/Win64/UE4Editor-UObjectPlugin.dll (API version 3944462).
LogModuleManager: Display: Found up-to-date module file ../../../Engine/Plugins/Developer/VisualStudioCodeSourceCodeAccess/Binaries/Win64/UE4Editor-VisualStudioCodeSourceCodeAccess.dll (API version 3944462).
LogModuleManager: Display: Found up-to-date module file ../../../Engine/Plugins/Developer/VisualStudioSourceCodeAccess/Binaries/Win64/UE4Editor-VisualStudioSourceCodeAccess.dll (API version 3944462).
LogModuleManager: Display: Found up-to-date module file ../../../Engine/Plugins/Editor/AssetManagerEditor/Binaries/Win64/UE4Editor-AssetManagerEditor.dll (API version 3944462).
LogModuleManager: Display: Found up-to-date module file ../../../Engine/Plugins/Editor/CryptoKeys/Binaries/Win64/UE4Editor-CryptoKeys.dll (API version 3944462).
LogModuleManager: Display: Found up-to-date module file ../../../Engine/Plugins/Editor/CryptoKeys/Binaries/Win64/UE4Editor-CryptoKeysOpenSSL.dll (API version 3944462).
LogModuleManager: Display: Found up-to-date module file ../../../Engine/Plugins/Editor/DataValidation/Binaries/Win64/UE4Editor-DataValidation.dll (API version 3944462).
LogModuleManager: Display: Found up-to-date module file ../../../Engine/Plugins/Editor/FacialAnimation/Binaries/Win64/UE4Editor-FacialAnimation.dll (API version 3944462).
LogModuleManager: Display: Found up-to-date module file ../../../Engine/Plugins/Editor/FacialAnimation/Binaries/Win64/UE4Editor-FacialAnimationEditor.dll (API version 3944462).
LogModuleManager: Display: Found up-to-date module file ../../../Engine/Plugins/Editor/GameplayTagsEditor/Binaries/Win64/UE4Editor-GameplayTagsEditor.dll (API version 3944462).
LogModuleManager: Display: Found up-to-date module file ../../../Engine/Plugins/Editor/MobileLauncherProfileWizard/Binaries/Win64/UE4Editor-MobileLauncherProfileWizard.dll (API version 3944462).
LogModuleManager: Display: Found up-to-date module file ../../../Engine/Plugins/Editor/PluginBrowser/Binaries/Win64/UE4Editor-PluginBrowser.dll (API version 3944462).
LogModuleManager: Display: Found up-to-date module file ../../../Engine/Plugins/Editor/SpeedTreeImporter/Binaries/Win64/UE4Editor-SpeedTreeImporter.dll (API version 3944462).
LogModuleManager: Display: Found up-to-date module file ../../../Engine/Plugins/Enterprise/DatasmithContent/Binaries/Win64/UE4Editor-DatasmithContent.dll (API version 3944462).
LogModuleManager: Display: Found up-to-date module file ../../../Engine/Plugins/Experimental/AlembicImporter/Binaries/Win64/UE4Editor-AlembicImporter.dll (API version 3944462).
LogModuleManager: Display: Found up-to-date module file ../../../Engine/Plugins/Experimental/AlembicImporter/Binaries/Win64/UE4Editor-AlembicLibrary.dll (API version 3944462).
LogModuleManager: Display: Found up-to-date module file ../../../Engine/Plugins/Experimental/CharacterAI/Binaries/Win64/UE4Editor-CharacterAI.dll (API version 3944462).
LogModuleManager: Display: Found up-to-date module file ../../../Engine/Plugins/Experimental/HTML5Networking/Binaries/Win64/UE4Editor-HTML5Networking.dll (API version 3944462).
LogModuleManager: Display: Found up-to-date module file ../../../Engine/Plugins/Media/AndroidMedia/Binaries/Win64/UE4Editor-AndroidMediaEditor.dll (API version 3944462).
LogModuleManager: Display: Found up-to-date module file ../../../Engine/Plugins/Media/AndroidMedia/Binaries/Win64/UE4Editor-AndroidMediaFactory.dll (API version 3944462).
LogModuleManager: Display: Found up-to-date module file ../../../Engine/Plugins/Media/AvfMedia/Binaries/Win64/UE4Editor-AvfMediaEditor.dll (API version 3944462).
LogModuleManager: Display: Found up-to-date module file ../../../Engine/Plugins/Media/AvfMedia/Binaries/Win64/UE4Editor-AvfMediaFactory.dll (API version 3944462).
LogModuleManager: Display: Found up-to-date module file ../../../Engine/Plugins/Media/AvfMedia/Binaries/Win64/UE4Editor-AvfMediaFactory.dll (API version 3944462).
LogModuleManager: Display: Found up-to-date module file ../../../Engine/Plugins/Media/ImgMedia/Binaries/Win64/UE4Editor-ImgMedia.dll (API version 3944462).
LogModuleManager: Display: Found up-to-date module file ../../../Engine/Plugins/Media/ImgMedia/Binaries/Win64/UE4Editor-ImgMediaEditor.dll (API version 3944462).
LogModuleManager: Display: Found up-to-date module file ../../../Engine/Plugins/Media/ImgMedia/Binaries/Win64/UE4Editor-ImgMediaFactory.dll (API version 3944462).
LogModuleManager: Display: Found up-to-date module file ../../../Engine/Plugins/Media/ImgMedia/Binaries/Win64/UE4Editor-ImgMediaFactory.dll (API version 3944462).
LogModuleManager: Display: Found up-to-date module file ../../../Engine/Plugins/Media/ImgMedia/Binaries/Win64/UE4Editor-OpenExrWrapper.dll (API version 3944462).
LogModuleManager: Display: Found up-to-date module file ../../../Engine/Plugins/Media/LinearTimecode/Binaries/Win64/UE4Editor-LinearTimecode.dll (API version 3944462).
LogModuleManager: Display: Found up-to-date module file ../../../Engine/Plugins/Media/MediaCompositing/Binaries/Win64/UE4Editor-MediaCompositing.dll (API version 3944462).
LogModuleManager: Display: Found up-to-date module file ../../../Engine/Plugins/Media/MediaCompositing/Binaries/Win64/UE4Editor-MediaCompositingEditor.dll (API version 3944462).
LogModuleManager: Display: Found up-to-date module file ../../../Engine/Plugins/Media/MediaPlayerEditor/Binaries/Win64/UE4Editor-MediaPlayerEditor.dll (API version 3944462).
LogModuleManager: Display: Found up-to-date module file ../../../Engine/Plugins/Media/WmfMedia/Binaries/Win64/UE4Editor-WmfMedia.dll (API version 3944462).
LogModuleManager: Display: Found up-to-date module file ../../../Engine/Plugins/Media/WmfMedia/Binaries/Win64/UE4Editor-WmfMediaEditor.dll (API version 3944462).
LogModuleManager: Display: Found up-to-date module file ../../../Engine/Plugins/Media/WmfMedia/Binaries/Win64/UE4Editor-WmfMediaFactory.dll (API version 3944462).
LogModuleManager: Display: Found up-to-date module file ../../../Engine/Plugins/Media/WmfMedia/Binaries/Win64/UE4Editor-WmfMediaFactory.dll (API version 3944462).
LogModuleManager: Display: Found up-to-date module file ../../../Engine/Plugins/Messaging/TcpMessaging/Binaries/Win64/UE4Editor-TcpMessaging.dll (API version 3944462).
LogModuleManager: Display: Found up-to-date module file ../../../Engine/Plugins/Messaging/UdpMessaging/Binaries/Win64/UE4Editor-UdpMessaging.dll (API version 3944462).
LogModuleManager: Display: Found up-to-date module file ../../../Engine/Plugins/MovieScene/ActorSequence/Binaries/Win64/UE4Editor-ActorSequence.dll (API version 3944462).
LogModuleManager: Display: Found up-to-date module file ../../../Engine/Plugins/MovieScene/LevelSequenceEditor/Binaries/Win64/UE4Editor-LevelSequenceEditor.dll (API version 3944462).
LogModuleManager: Display: Found up-to-date module file ../../../Engine/Plugins/MovieScene/MatineeToLevelSequence/Binaries/Win64/UE4Editor-MatineeToLevelSequence.dll (API version 3944462).
LogModuleManager: Display: Found up-to-date module file ../../../Engine/Plugins/NetcodeUnitTest/NetcodeUnitTest/Binaries/Win64/UE4Editor-NetcodeUnitTest.dll (API version 3944462).
LogModuleManager: Display: Found up-to-date module file ../../../Engine/Plugins/NetcodeUnitTest/NUTUnrealEngine4/Binaries/Win64/UE4Editor-NUTUnrealEngine4.dll (API version 3944462).
LogModuleManager: Display: Found up-to-date module file ../../../Engine/Plugins/Online/OnlineSubsystem/Binaries/Win64/UE4Editor-OnlineSubsystem.dll (API version 3944462).
LogModuleManager: Display: Found up-to-date module file ../../../Engine/Plugins/Online/OnlineSubsystemNull/Binaries/Win64/UE4Editor-OnlineSubsystemNull.dll (API version 3944462).
LogModuleManager: Display: Found up-to-date module file ../../../Engine/Plugins/Online/OnlineSubsystemUtils/Binaries/Win64/UE4Editor-OnlineSubsystemUtils.dll (API version 3944462).
LogModuleManager: Display: Found up-to-date module file ../../../Engine/Plugins/Online/OnlineSubsystemUtils/Binaries/Win64/UE4Editor-OnlineBlueprintSupport.dll (API version 3944462).
LogModuleManager: Display: Found up-to-date module file ../../../Engine/Plugins/Runtime/AndroidDeviceProfileSelector/Binaries/Win64/UE4Editor-AndroidDeviceProfileSelector.dll (API version 3944462).
LogModuleManager: Display: Found up-to-date module file ../../../Engine/Plugins/Runtime/AndroidPermission/Binaries/Win64/UE4Editor-AndroidPermission.dll (API version 3944462).
LogModuleManager: Display: Found up-to-date module file ../../../Engine/Plugins/Runtime/AppleARKit/Binaries/Win64/UE4Editor-AppleARKit.dll (API version 3944462).
LogModuleManager: Display: Found up-to-date module file ../../../Engine/Plugins/Runtime/ArchVisCharacter/Binaries/Win64/UE4Editor-ArchVisCharacter.dll (API version 3944462).
LogModuleManager: Display: Found up-to-date module file ../../../Engine/Plugins/Runtime/AudioCapture/Binaries/Win64/UE4Editor-AudioCapture.dll (API version 3944462).
LogModuleManager: Display: Found up-to-date module file ../../../Engine/Plugins/Runtime/AudioCapture/Binaries/Win64/UE4Editor-AudioCaptureEditor.dll (API version 3944462).
LogModuleManager: Display: Found up-to-date module file ../../../Engine/Plugins/Runtime/CableComponent/Binaries/Win64/UE4Editor-CableComponent.dll (API version 3944462).
LogModuleManager: Display: Found up-to-date module file ../../../Engine/Plugins/Runtime/CustomMeshComponent/Binaries/Win64/UE4Editor-CustomMeshComponent.dll (API version 3944462).
LogModuleManager: Display: Found up-to-date module file ../../../Engine/Plugins/Runtime/ExampleDeviceProfileSelector/Binaries/Win64/UE4Editor-ExampleDeviceProfileSelector.dll (API version 3944462).
LogModuleManager: Display: Found up-to-date module file ../../../Engine/Plugins/Runtime/ImmediatePhysics/Binaries/Win64/UE4Editor-ImmediatePhysics.dll (API version 3944462).
LogModuleManager: Display: Found up-to-date module file ../../../Engine/Plugins/Runtime/ImmediatePhysics/Binaries/Win64/UE4Editor-ImmediatePhysicsEditor.dll (API version 3944462).
LogModuleManager: Display: Found up-to-date module file ../../../Engine/Plugins/Runtime/LocationServicesBPLibrary/Binaries/Win64/UE4Editor-LocationServicesBPLibrary.dll (API version 3944462).
LogModuleManager: Display: Found up-to-date module file ../../../Engine/Plugins/Runtime/MobilePatchingUtils/Binaries/Win64/UE4Editor-MobilePatchingUtils.dll (API version 3944462).
LogModuleManager: Display: Found up-to-date module file ../../../Engine/Plugins/Runtime/Oculus/OculusVR/Binaries/Win64/UE4Editor-OculusHMD.dll (API version 3944462).
LogModuleManager: Display: Found up-to-date module file ../../../Engine/Plugins/Runtime/Oculus/OculusVR/Binaries/Win64/UE4Editor-OculusInput.dll (API version 3944462).
LogModuleManager: Display: Found up-to-date module file ../../../Engine/Plugins/Runtime/Oculus/OculusVR/Binaries/Win64/UE4Editor-OculusEditor.dll (API version 3944462).
LogModuleManager: Display: Found up-to-date module file ../../../Engine/Plugins/Runtime/PhysXVehicles/Binaries/Win64/UE4Editor-PhysXVehicles.dll (API version 3944462).
LogModuleManager: Display: Found up-to-date module file ../../../Engine/Plugins/Runtime/PhysXVehicles/Binaries/Win64/UE4Editor-PhysXVehiclesEditor.dll (API version 3944462).
LogModuleManager: Display: Found up-to-date module file ../../../Engine/Plugins/Runtime/ProceduralMeshComponent/Binaries/Win64/UE4Editor-ProceduralMeshComponent.dll (API version 3944462).
LogModuleManager: Display: Found up-to-date module file ../../../Engine/Plugins/Runtime/ProceduralMeshComponent/Binaries/Win64/UE4Editor-ProceduralMeshComponentEditor.dll (API version 3944462).
LogModuleManager: Display: Found up-to-date module file ../../../Engine/Plugins/Runtime/RuntimePhysXCooking/Binaries/Win64/UE4Editor-RuntimePhysXCooking.dll (API version 3944462).
LogModuleManager: Display: Found up-to-date module file ../../../Engine/Plugins/Runtime/Steam/SteamVR/Binaries/Win64/UE4Editor-SteamVR.dll (API version 3944462).
LogModuleManager: Display: Found up-to-date module file ../../../Engine/Plugins/Runtime/Steam/SteamVR/Binaries/Win64/UE4Editor-SteamVRController.dll (API version 3944462).
LogModuleManager: Display: Found up-to-date module file ../../../Engine/Plugins/Runtime/WindowsMoviePlayer/Binaries/Win64/UE4Editor-WindowsMoviePlayer.dll (API version 3944462).
LogInit: Using libcurl 7.47.1
LogInit:  - built for x86_64-pc-win32
LogInit:  - supports SSL with OpenSSL/1.0.2g
LogInit:  - supports HTTP deflate (compression) using libz 1.2.8
LogInit:  - other features:
LogInit:      CURL_VERSION_SSL
LogInit:      CURL_VERSION_LIBZ
LogInit:      CURL_VERSION_IPV6
LogInit:      CURL_VERSION_ASYNCHDNS
LogInit:      CURL_VERSION_LARGEFILE
LogInit:      CURL_VERSION_IDN
LogInit:  CurlRequestOptions (configurable via config and command line):
LogInit:  - bVerifyPeer = false  - Libcurl will NOT verify peer certificate
LogInit:  - bUseHttpProxy = false  - Libcurl will NOT use HTTP proxy
LogInit:  - bDontReuseConnections = false  - Libcurl will reuse connections
LogInit:  - CertBundlePath = nullptr  - Libcurl will use whatever was configured at build time.
LogInit:  - MaxHostConnections = 16  - Libcurl will limit the number of connections to a host
LogInit:  - LocalHostAddr = Default
LogInit: WinSock: version 1.1 (2.2), MaxSocks=32767, MaxUdp=65467
LogInit: WinSock: I am DESKTOP-DP38E3B (127.0.0.1:0)
LogInit: Build: ++UE4+Release-4.19-CL-4033788
LogInit: Engine Version: 4.19.2-4033788+++UE4+Release-4.19
LogInit: Compatible Engine Version: 4.19.0-3944462+++UE4+Release-4.19
LogInit: Net CL: 3944462
LogDevObjectVersion: Number of dev versions registered: 18
LogDevObjectVersion:   Dev-Blueprints (B0D832E4-1F89-4F0D-ACCF-7EB736FD4AA2): 10
LogDevObjectVersion:   Dev-Build (E1C64328-A22C-4D53-A36C-8E866417BD8C): 0
LogDevObjectVersion:   Dev-Core (375EC13C-06E4-48FB-B500-84F0262A717E): 2
LogDevObjectVersion:   Dev-Editor (E4B068ED-F494-42E9-A231-DA0B2E46BB41): 23
LogDevObjectVersion:   Dev-Framework (CFFC743F-43B0-4480-9391-14DF171D2073): 33
LogDevObjectVersion:   Dev-Mobile (B02B49B5-BB20-44E9-A304-32B752E40360): 2
LogDevObjectVersion:   Dev-Networking (A4E4105C-59A1-49B5-A7C5-40C4547EDFEE): 0
LogDevObjectVersion:   Dev-Online (39C831C9-5AE6-47DC-9A44-9C173E1C8E7C): 0
LogDevObjectVersion:   Dev-Physics (78F01B33-EBEA-4F98-B9B4-84EACCB95AA2): 0
LogDevObjectVersion:   Dev-Platform (6631380F-2D4D-43E0-8009-CF276956A95A): 0
LogDevObjectVersion:   Dev-Rendering (12F88B9F-8875-4AFC-A67C-D90C383ABD29): 25
LogDevObjectVersion:   Dev-Sequencer (7B5AE74C-D270-4C10-A958-57980B212A5A): 6
LogDevObjectVersion:   Dev-VR (D7296918-1DD6-4BDD-9DE2-64A83CC13884): 1
LogDevObjectVersion:   Dev-LoadTimes (C2A15278-BFE7-4AFE-6C17-90FF531DF755): 1
LogDevObjectVersion:   Private-Geometry (6EACA3D4-40EC-4CC1-B786-8BED09428FC5): 2
LogDevObjectVersion:   Dev-AnimPhys (29E575DD-E0A3-4627-9D10-D276232CDCEA): 16
LogDevObjectVersion:   Dev-ReflectionCapture (6B266CEC-1EC7-4B8F-A30B-E4D90942FC07): 1
LogDevObjectVersion:   Dev-Automation (0DF73D61-A23F-47EA-B727-89E90C41499A): 1
LogInit: Compiled (64-bit): Apr 27 2018 02:06:57
LogInit: Compiled with Visual C++: 19.00.24215.01
LogInit: Build Configuration: Development
LogInit: Branch Name: ++UE4+Release-4.19
LogInit: Command Line:  -skipcompile
LogInit: Base Directory: D:/Program Files/Epic Games/UE_4.19/Engine/Binaries/Win64/
LogInit: Installed Engine Build: 1
LogStreaming: Display: Took  0.001s to delete old logs.
LogInit: Presizing for max 8388607 objects, including 0 objects not considered by GC, pre-allocating 0 bytes for permanent pool.
LogInit: Object subsystem initialized
[2019.03.13-11.17.36:183][  0]LogInit: Selected Device Profile: [Windows]
[2019.03.13-11.17.36:183][  0]LogInit: Applying CVar settings loaded from the selected device profile: [Windows]
[2019.03.13-11.17.36:195][  0]LogInit: Computer: DESKTOP-DP38E3B
[2019.03.13-11.17.36:195][  0]LogInit: User: BUAAHaptics
[2019.03.13-11.17.36:195][  0]LogInit: CPU Page size=4096, Cores=4
[2019.03.13-11.17.36:195][  0]LogInit: High frequency timer resolution =3.328126 MHz
[2019.03.13-11.17.36:196][  0]LogMemory: Memory total: Physical=7.9GB (8GB approx)
[2019.03.13-11.17.36:196][  0]LogMemory: Platform Memory Stats for Windows
[2019.03.13-11.17.36:196][  0]LogMemory: Process Physical Memory: 274.83 MB used, 274.83 MB peak
[2019.03.13-11.17.36:196][  0]LogMemory: Process Virtual Memory: 263.98 MB used, 263.98 MB peak
[2019.03.13-11.17.36:196][  0]LogMemory: Physical Memory: 3866.13 MB used,  4265.81 MB free, 8131.94 MB total
[2019.03.13-11.17.36:196][  0]LogMemory: Virtual Memory: 4784.78 MB used,  4265.81 MB free, 134217728.00 MB total
[2019.03.13-11.17.36:521][  0]LogInit: Overriding language with editor language configuration option (en).
[2019.03.13-11.17.36:521][  0]LogInit: Overriding locale with editor locale configuration option (en).
[2019.03.13-11.17.36:914][  0]LogStreaming: Display: Took  0.393s to EndInitTextLocalization.
[2019.03.13-11.17.36:915][  0]LogInit: Setting process to per monitor DPI aware
[2019.03.13-11.17.37:046][  0]LogSlate: New Slate User Created.  User Index 0, Is Virtual User: 0
[2019.03.13-11.17.37:046][  0]LogSlate: Slate User Registered.  User Index 0, Is Virtual User: 0
[2019.03.13-11.17.37:194][  0]LogD3D11RHI: D3D11 adapters:
[2019.03.13-11.17.37:403][  0]LogD3D11RHI:    0. 'NVIDIA GeForce GTX 1050 Ti' (Feature Level 11_0)
[2019.03.13-11.17.37:403][  0]LogD3D11RHI:       4029/0/4065 MB DedicatedVideo/DedicatedSystem/SharedSystem, Outputs:1, VendorId:0x10de
[2019.03.13-11.17.37:426][  0]LogD3D11RHI:    1. 'Microsoft Basic Render Driver' (Feature Level 11_0)
[2019.03.13-11.17.37:426][  0]LogD3D11RHI:       0/0/4065 MB DedicatedVideo/DedicatedSystem/SharedSystem, Outputs:0, VendorId:0x1414
[2019.03.13-11.17.37:426][  0]LogD3D11RHI: Chosen D3D11 Adapter: 0
[2019.03.13-11.17.37:434][  0]LogD3D11RHI: Creating new Direct3DDevice
[2019.03.13-11.17.37:434][  0]LogD3D11RHI:     GPU DeviceId: 0x1c82 (for the marketing name, search the web for "GPU Device Id")
[2019.03.13-11.17.37:434][  0]LogWindows: EnumDisplayDevices:
[2019.03.13-11.17.37:435][  0]LogWindows:    0. 'NVIDIA GeForce GTX 1050 Ti' (P:1 D:1)
[2019.03.13-11.17.37:435][  0]LogWindows:    1. 'NVIDIA GeForce GTX 1050 Ti' (P:0 D:0)
[2019.03.13-11.17.37:435][  0]LogWindows:    2. 'NVIDIA GeForce GTX 1050 Ti' (P:0 D:0)
[2019.03.13-11.17.37:435][  0]LogWindows:    3. 'NVIDIA GeForce GTX 1050 Ti' (P:0 D:0)
[2019.03.13-11.17.37:435][  0]LogWindows: DebugString: GetVideoDriverDetailsInvalid PrimaryIsNotTheChoosenAdapter GetVideoDriverDetailsInvalid PrimaryIsNotTheChoosenAdapter GetVideoDriverDetailsInvalid PrimaryIsNotTheChoosenAdapter GetVideoDriverDetailsInvalid PrimaryIsNotTheChoosenAdapter FoundDriverCount:0 
[2019.03.13-11.17.37:435][  0]LogD3D11RHI:     Adapter Name: NVIDIA GeForce GTX 1050 Ti
[2019.03.13-11.17.37:435][  0]LogD3D11RHI:   Driver Version: Unknown (internal:Unknown, unified:Unknown)
[2019.03.13-11.17.37:436][  0]LogD3D11RHI:      Driver Date: Unknown
[2019.03.13-11.17.37:436][  0]LogRHI: Texture pool is 2820 MB (70% of 4029 MB)
[2019.03.13-11.17.37:499][  0]LogD3D11RHI: [Aftermath] Aftermath enabled but failed to initialize
[2019.03.13-11.17.37:499][  0]LogD3D11RHI: [Aftermath] Aftermath enabled and primed
[2019.03.13-11.17.37:499][  0]LogD3D11RHI: Async texture creation enabled
[2019.03.13-11.17.37:509][  0]LogD3D11RHI: GPU Timing Frequency: 1000.000000 (Debug: 2 1)
[2019.03.13-11.17.37:510][  0]LogShaderCompilers: Guid format shader working directory is 0 characters bigger than the processId version (C:/Users/ZYK/Documents/Unreal Projects/Hand_wangziqi/Intermediate/Shaders/WorkingDirectory/13940/).
[2019.03.13-11.17.37:511][  0]LogShaderCompilers: Cleaned the shader compiler working directory 'C:/Users/BUAA-Haptics/AppData/Local/Temp/UnrealShaderWorkingDir/DBCA7B0940AB64D9011C838234D19E86/'.
[2019.03.13-11.17.37:739][  0]LogTemp: Display: Loaded TP AllDesktopTargetPlatform
[2019.03.13-11.17.37:758][  0]LogTemp: Display: Loaded TP MacClientTargetPlatform
[2019.03.13-11.17.37:774][  0]LogTemp: Display: Loaded TP MacNoEditorTargetPlatform
[2019.03.13-11.17.37:791][  0]LogTemp: Display: Loaded TP MacServerTargetPlatform
[2019.03.13-11.17.37:808][  0]LogTemp: Display: Loaded TP MacTargetPlatform
[2019.03.13-11.17.37:826][  0]LogTemp: Display: Loaded TP WindowsClientTargetPlatform
[2019.03.13-11.17.37:846][  0]LogTemp: Display: Loaded TP WindowsNoEditorTargetPlatform
[2019.03.13-11.17.37:878][  0]LogTemp: Display: Loaded TP WindowsServerTargetPlatform
[2019.03.13-11.17.37:890][  0]LogTemp: Display: Loaded TP WindowsTargetPlatform
[2019.03.13-11.17.37:908][  0]LogTemp: Display: Loaded TP Android_ASTCTargetPlatform
[2019.03.13-11.17.37:929][  0]LogTemp: Display: Loaded TP Android_ATCTargetPlatform
[2019.03.13-11.17.37:944][  0]LogTemp: Display: Loaded TP Android_DXTTargetPlatform
[2019.03.13-11.17.37:963][  0]LogTemp: Display: Loaded TP Android_ETC1aTargetPlatform
[2019.03.13-11.17.37:985][  0]LogTemp: Display: Loaded TP Android_ETC1TargetPlatform
[2019.03.13-11.17.38:008][  0]LogTemp: Display: Loaded TP Android_ETC2TargetPlatform
[2019.03.13-11.17.38:051][  0]LogTemp: Display: Loaded TP Android_MultiTargetPlatform
[2019.03.13-11.17.38:051][  0]LogTemp: Display: Loaded TP Android_PVRTCTargetPlatform
[2019.03.13-11.17.38:080][  0]LogTemp: Display: Loaded TP AndroidTargetPlatform
[2019.03.13-11.17.38:087][  0]LogTemp: Display: Loaded TP HTML5TargetPlatform
[2019.03.13-11.17.38:147][  0]LogTemp: Display: Loaded TP IOSTargetPlatform
[2019.03.13-11.17.38:162][  0]LogTemp: Display: Loaded TP TVOSTargetPlatform
[2019.03.13-11.17.38:193][  0]LogTemp: Display: Loaded TP LinuxClientTargetPlatform
[2019.03.13-11.17.38:227][  0]LogTemp: Display: Loaded TP LinuxNoEditorTargetPlatform
[2019.03.13-11.17.38:255][  0]LogTemp: Display: Loaded TP LinuxServerTargetPlatform
[2019.03.13-11.17.38:271][  0]LogTemp: Display: Loaded TP LinuxTargetPlatform
[2019.03.13-11.17.38:272][  0]LogTargetPlatformManager: Display: Building Assets For Windows
[2019.03.13-11.17.38:617][  0]LogXGEController: Cleaning working directory: C:/Users/BUAA-Haptics/AppData/Local/Temp/UnrealXGEWorkingDir/
[2019.03.13-11.17.38:617][  0]LogXGEController: Cannot use XGE Controller as Incredibuild is not installed on this machine.
[2019.03.13-11.17.38:617][  0]LogShaderCompilers: Cannot use XGE Shader Compiler as Incredibuild is not installed on this machine.
[2019.03.13-11.17.38:618][  0]LogShaderCompilers: Display: Using Local Shader Compiler.
[2019.03.13-11.17.39:195][  0]LogDerivedDataCache: Display: Max Cache Size: 512 MB
[2019.03.13-11.17.39:278][  0]LogDerivedDataCache: Loaded boot cache 0.08s 74MB C:/Users/BUAA-Haptics/AppData/Local/UnrealEngine/4.19/DerivedDataCache/Boot.ddc.
[2019.03.13-11.17.39:278][  0]LogDerivedDataCache: Display: Loaded Boot cache: C:/Users/BUAA-Haptics/AppData/Local/UnrealEngine/4.19/DerivedDataCache/Boot.ddc
[2019.03.13-11.17.39:278][  0]LogDerivedDataCache: FDerivedDataBackendGraph:  Pak pak cache file C:/Users/ZYK/Documents/Unreal Projects/Hand_wangziqi/DerivedDataCache/DDC.ddp not found, will not use a pak cache.
[2019.03.13-11.17.39:278][  0]LogDerivedDataCache: Unable to find inner node Pak for hierarchical cache Hierarchy.
[2019.03.13-11.17.39:278][  0]LogDerivedDataCache: FDerivedDataBackendGraph:  CompressedPak pak cache file C:/Users/ZYK/Documents/Unreal Projects/Hand_wangziqi/DerivedDataCache/Compressed.ddp not found, will not use a pak cache.
[2019.03.13-11.17.39:279][  0]LogDerivedDataCache: Unable to find inner node CompressedPak for hierarchical cache Hierarchy.
[2019.03.13-11.17.39:293][  0]LogDerivedDataCache: Display: Pak cache opened for reading ../../../Engine/DerivedDataCache/Compressed.ddp.
[2019.03.13-11.17.39:307][  0]LogDerivedDataCache: Using Local data cache path C:/Users/BUAA-Haptics/AppData/Local/UnrealEngine/Common/DerivedDataCache: Writable
[2019.03.13-11.17.39:307][  0]LogDerivedDataCache: Shared data cache path not found in *engine.ini, will not use an Shared cache.
[2019.03.13-11.17.39:307][  0]LogDerivedDataCache: Unable to find inner node Shared for hierarchical cache Hierarchy.
[2019.03.13-11.17.39:318][  0]LogMaterial: Verifying Global Shaders for PCD3D_SM5
[2019.03.13-11.17.39:319][  0]LogSlate: Using Freetype 2.6.0
[2019.03.13-11.17.39:319][  0]LogSlate: SlateFontCache - WITH_FREETYPE: 1, WITH_HARFBUZZ: 1
[2019.03.13-11.17.39:319][  0]LogSlate: SlateFontCache - WITH_FREETYPE: 1, WITH_HARFBUZZ: 1
[2019.03.13-11.17.39:414][  0]LogAssetRegistry: FAssetRegistry took 0.0278 seconds to start up
[2019.03.13-11.17.39:676][  0]LogInit: Selected Device Profile: [Windows]
[2019.03.13-11.17.39:963][  0]LogSimplygon: Simplygon DLL not present - disabling.
[2019.03.13-11.17.39:975][  0]LogMeshReduction: Using SimplygonSwarm for distributed automatic mesh merging
[2019.03.13-11.17.39:975][  0]LogMeshReduction: Using QuadricMeshReduction for automatic static mesh reduction
[2019.03.13-11.17.39:975][  0]LogMeshReduction: No automatic skeletal mesh reduction module available
[2019.03.13-11.17.39:975][  0]LogMeshReduction: No automatic mesh merging module available
[2019.03.13-11.17.39:975][  0]LogMeshMerging: No automatic mesh merging module available
[2019.03.13-11.17.39:997][  0]LogNetVersion: Hand , NetCL: 3944462, EngineNetVer: 2, GameNetVer: 0 (Checksum: 4255602584)
[2019.03.13-11.17.40:376][  0]LogPackageLocalizationCache: Processed 9 localized package path(s) for 1 prioritized culture(s) in 0.044388 seconds
[2019.03.13-11.17.40:383][  0]LogUObjectArray: 36728 objects as part of root set at end of initial load.
[2019.03.13-11.17.40:383][  0]LogUObjectAllocator: 7314312 out of 0 bytes used by permanent object pool.
[2019.03.13-11.17.40:383][  0]LogUObjectArray: CloseDisregardForGC: 0/0 objects in disregard for GC pool
[2019.03.13-11.17.42:890][  0]LogTcpMessaging: Initializing TcpMessaging bridge
[2019.03.13-11.17.42:958][  0]LogUdpMessaging: Initializing bridge on interface 0.0.0.0:0 to multicast group 230.0.0.1:6666.
[2019.03.13-11.17.43:909][  0]SourceControl: Source control is disabled
[2019.03.13-11.17.43:909][  0]SourceControl: Source control is disabled
[2019.03.13-11.17.43:927][  0]SourceControl: Source control is disabled
[2019.03.13-11.17.43:950][  0]SourceControl: Source control is disabled
[2019.03.13-11.17.44:651][  0]LogAndroidPermission: UAndroidPermissionCallbackProxy::GetInstance
[2019.03.13-11.17.44:980][  0]LogOcInput: OculusInput pre-init called
[2019.03.13-11.17.45:112][  0]LogEngine: Initializing Engine...
[2019.03.13-11.17.45:113][  0]LogHMD: Failed to initialize OpenVR with code 110
[2019.03.13-11.17.45:115][  0]LogStats: UGameplayTagsManager::ConstructGameplayTagTree: Construct from data asset -  0.000 s
[2019.03.13-11.17.45:115][  0]LogStats: UGameplayTagsManager::ConstructGameplayTagTree: GameplayTagTreeChangedEvent.Broadcast -  0.000 s
[2019.03.13-11.17.45:362][  0]LogAIModule: Creating AISystem for world Untitled
[2019.03.13-11.17.45:449][  0]LogInit: XAudio2 using 'Speakers (Realtek High Definition Audio)' : 2 channels at 48 kHz using 32 bits per sample (channel mask 0x3)
[2019.03.13-11.17.45:516][  0]LogInit: FAudioDevice initialized.
[2019.03.13-11.17.45:615][  0]LogDerivedDataCache: Saved boot cache 0.10s 74MB C:/Users/BUAA-Haptics/AppData/Local/UnrealEngine/4.19/DerivedDataCache/Boot.ddc.
[2019.03.13-11.17.45:627][  0]LogInit: Texture streaming: Enabled
[2019.03.13-11.17.45:662][  0]LogEngineSessionManager: EngineSessionManager initialized
[2019.03.13-11.17.45:675][  0]LogInit: Transaction tracking system initialized
[2019.03.13-11.17.45:726][  0]BlueprintLog: New page: Editor Load
[2019.03.13-11.17.45:936][  0]LocalizationService: Localization service is disabled
[2019.03.13-11.17.46:118][  0]LogConsoleResponse: Display: 
[2019.03.13-11.17.46:279][  0]LogCook: Display: Max memory allowance for cook 16384mb min free memory 0mb
[2019.03.13-11.17.46:279][  0]LogCook: Display: Mobile HDR setting 1
[2019.03.13-11.17.46:279][  0]LogGameplayTags: Display: UGameplayTagsManager::DoneAddingNativeTags. DelegateIsBound: 0
[2019.03.13-11.17.46:279][  0]LogStats: UGameplayTagsManager::ConstructGameplayTagTree: Construct from data asset -  0.000 s
[2019.03.13-11.17.46:280][  0]LogStats: UGameplayTagsManager::ConstructGameplayTagTree: GameplayTagTreeChangedEvent.Broadcast -  0.000 s
[2019.03.13-11.17.46:705][  0]LogFileCache: Scanning file cache for directory 'C:/Users/ZYK/Documents/Unreal Projects/Hand_wangziqi/Content/' took 0.02s
[2019.03.13-11.17.46:705][  0]SourceControl: Source control is disabled
[2019.03.13-11.17.46:705][  0]Cmd: MAP LOAD FILE="C:/Users/ZYK/Documents/Unreal Projects/Hand_wangziqi/Content/NewMap.umap" TEMPLATE=0 SHOWPROGRESS=1 FEATURELEVEL=3
[2019.03.13-11.17.46:706][  0]LightingResults: New page: Lighting Build
[2019.03.13-11.17.46:708][  0]MapCheck: New page: Map Check
[2019.03.13-11.17.46:708][  0]LightingResults: New page: Lighting Build
[2019.03.13-11.17.46:885][  0]LogAIModule: Creating AISystem for world NewMap
[2019.03.13-11.17.46:900][  0]LogEditorServer: Finished looking for orphan Actors (0.000 secs)
[2019.03.13-11.17.46:914][  0]Cmd: MAP CHECKDEP NOCLEARLOG
[2019.03.13-11.17.46:947][  0]MapCheck: Map check complete: 0 Error(s), 0 Warning(s), took 31.598ms to complete.
[2019.03.13-11.17.46:948][  0]LogFileHelpers: Loading map 'NewMap' took 0.242
[2019.03.13-11.17.47:125][  0]LogCollectionManager: Loaded 0 collections in 0.001352 seconds
[2019.03.13-11.17.47:175][  0]LogFileCache: Scanning file cache for directory 'C:/Users/ZYK/Documents/Unreal Projects/Hand_wangziqi/Saved/Collections/' took 0.01s
[2019.03.13-11.17.47:175][  0]LogFileCache: Scanning file cache for directory 'C:/Users/ZYK/Documents/Unreal Projects/Hand_wangziqi/Content/Developers/BUAAHaptics/Collections/' took 0.02s
[2019.03.13-11.17.47:175][  0]LogFileCache: Scanning file cache for directory 'C:/Users/ZYK/Documents/Unreal Projects/Hand_wangziqi/Content/Collections/' took 0.01s
[2019.03.13-11.17.47:176][  0]LogCollectionManager: Rebuilt the GUID cache for 0 collections in 0.000000 seconds
[2019.03.13-11.17.47:189][  0]LogContentBrowser: Native class hierarchy populated in 0.0131 seconds. Added 2456 classes and 560 folders.
[2019.03.13-11.17.47:200][  0]LogContentBrowser: Native class hierarchy updated for 'WidgetCarousel' in 0.0051 seconds. Added 0 classes and 0 folders.
[2019.03.13-11.17.47:234][  0]LogContentBrowser: Native class hierarchy updated for 'AddContentDialog' in 0.0052 seconds. Added 0 classes and 0 folders.
[2019.03.13-11.17.47:249][  0]LogContentBrowser: Native class hierarchy updated for 'SceneOutliner' in 0.0052 seconds. Added 1 classes and 2 folders.
[2019.03.13-11.17.47:266][  0]LogSlate: Took 0.000274 seconds to synchronously load lazily loaded font '../../../Engine/Content/Slate/Fonts/Roboto-Regular.ttf' (155K)
[2019.03.13-11.17.47:268][  0]LogSlate: Took 0.000162 seconds to synchronously load lazily loaded font '../../../Engine/Content/Slate/Fonts/Roboto-Bold.ttf' (160K)
[2019.03.13-11.17.47:274][  0]LogSlate: Took 0.000520 seconds to synchronously load lazily loaded font '../../../Engine/Content/Editor/Slate/Fonts/FontAwesome.ttf' (139K)
[2019.03.13-11.17.47:295][  0]LogSlate: Took 0.000157 seconds to synchronously load lazily loaded font '../../../Engine/Content/Slate/Fonts/Roboto-Light.ttf' (167K)
[2019.03.13-11.17.47:410][  0]LogContentBrowser: Native class hierarchy updated for 'HierarchicalLODOutliner' in 0.0054 seconds. Added 0 classes and 0 folders.
[2019.03.13-11.17.47:411][  0]LogLoad: (Engine Initialization) Total time: 14.45 seconds
[2019.03.13-11.17.47:411][  0]LogLoad: (Engine Initialization) Total Blueprint compile time: 0.00 seconds
[2019.03.13-11.17.47:426][  0]LogWindowsTextInputMethodSystem: Display: IME system now activated using TSF (搜狗拼音输入法).
[2019.03.13-11.17.47:447][  0]LogAssetRegistry: Asset discovery search completed in 8.0573 seconds
[2019.03.13-11.17.47:449][  0]LogCollectionManager: Rebuilt the object cache for 0 collections in 0.000000 seconds (found 0 objects)
[2019.03.13-11.17.47:449][  0]LogCollectionManager: Fixed up redirectors for 0 collections in 0.000114 seconds (updated 0 objects)
[2019.03.13-11.17.47:450][  0]LogContentStreaming: Texture pool size now 1000 MB
[2019.03.13-11.17.47:496][  2]LogRenderer: Reallocating scene render targets to support 256x256 Format 10 NumSamples 1 (Frame:1).
[2019.03.13-11.17.55:763][877]LogTemp: Repeating last play command: Selected Viewport
[2019.03.13-11.17.55:774][877]LogPlayLevel: PlayLevel: No blueprints needed recompiling
[2019.03.13-11.17.55:774][877]PIE: New page: PIE session: NewMap (Mar 14, 2019, 3:17:55 AM)
[2019.03.13-11.17.55:774][877]LogPlayLevel: Creating play world package: /Game/UEDPIE_0_NewMap
[2019.03.13-11.17.55:777][877]LogPlayLevel: PIE: StaticDuplicateObject took: (0.002595s)
[2019.03.13-11.17.55:778][877]LogAIModule: Creating AISystem for world NewMap
[2019.03.13-11.17.55:778][877]LogPlayLevel: PIE: World Init took: (0.001041s)
[2019.03.13-11.17.55:778][877]LogPlayLevel: PIE: Created PIE world by copying editor world from /Game/NewMap.NewMap to /Game/UEDPIE_0_NewMap.NewMap (0.004189s)
[2019.03.13-11.17.55:798][877]LogInit: XAudio2 using 'Speakers (Realtek High Definition Audio)' : 2 channels at 48 kHz using 32 bits per sample (channel mask 0x3)
[2019.03.13-11.17.55:820][877]LogInit: FAudioDevice initialized.
[2019.03.13-11.17.55:923][877]LogUObjectGlobals: Created PersistentFrame Addr=0x00000249e7b74ac0, Size=172, Default__HandAnimBlueprint_C Function /Game/HandAnimBlueprint.HandAnimBlueprint_C:ExecuteUbergraph_HandAnimBlueprint
[2019.03.13-11.17.55:935][877]LogUObjectGlobals: Destroyed PersistentFrame Addr=0x00000249e7b74ac0, Size=172
[2019.03.13-11.17.55:935][877]LogUObjectGlobals: Created PersistentFrame Addr=0x00000249e48df1c0, Size=172, Default__HandAnimBlueprint_C Function /Engine/Transient.REINST_HandAnimBlueprint_C_0:ExecuteUbergraph_HandAnimBlueprint
[2019.03.13-11.17.55:948][877]LogBlueprint: Warning: [Compiler HandAnimBlueprint] You must specify at least one Source Bone
[2019.03.13-11.17.55:950][877]LogUObjectGlobals: Created PersistentFrame Addr=0x00000249e47f4880, Size=172, Default__HandAnimBlueprint_C Function /Game/HandAnimBlueprint.HandAnimBlueprint_C:ExecuteUbergraph_HandAnimBlueprint
[2019.03.13-11.17.55:951][877]LogBlueprint: Warning: [Compiler HandAnimBlueprint] Node  Transform (Modify) Bone - Bone: index3_r  uses potentially thread-unsafe call  Change Index 3 . Disable threaded update or use a thread-safe call. Function may need BlueprintThreadSafe metadata adding.
[2019.03.13-11.17.55:951][877]LogBlueprint: Warning: [Compiler HandAnimBlueprint] Node  Transform (Modify) Bone - Bone: index2_r  uses potentially thread-unsafe call  Change Index 2 . Disable threaded update or use a thread-safe call. Function may need BlueprintThreadSafe metadata adding.
[2019.03.13-11.17.55:952][877]LogBlueprint: Warning: [Compiler HandAnimBlueprint] Node  Transform (Modify) Bone - Bone: index1_r  uses potentially thread-unsafe call  Change Index 1 . Disable threaded update or use a thread-safe call. Function may need BlueprintThreadSafe metadata adding.
[2019.03.13-11.17.55:952][877]LogBlueprint: Warning: [Compiler HandAnimBlueprint] Node  Transform (Modify) Bone - Bone: thumb3_r  uses potentially thread-unsafe call  Change Thumb 3 . Disable threaded update or use a thread-safe call. Function may need BlueprintThreadSafe metadata adding.
[2019.03.13-11.17.55:952][877]LogBlueprint: Warning: [Compiler HandAnimBlueprint] Node  Transform (Modify) Bone - Bone: thumb1_r  uses potentially thread-unsafe call  Change Thumb 1 . Disable threaded update or use a thread-safe call. Function may need BlueprintThreadSafe metadata adding.
[2019.03.13-11.17.55:952][877]LogBlueprint: Warning: [Compiler HandAnimBlueprint] Node  Transform (Modify) Bone - Bone: middle1_r  uses potentially thread-unsafe call  Change Middle 1 . Disable threaded update or use a thread-safe call. Function may need BlueprintThreadSafe metadata adding.
[2019.03.13-11.17.55:952][877]LogBlueprint: Warning: [Compiler HandAnimBlueprint] Node  Transform (Modify) Bone - Bone: middle2_r  uses potentially thread-unsafe call  Change Middle 2 . Disable threaded update or use a thread-safe call. Function may need BlueprintThreadSafe metadata adding.
[2019.03.13-11.17.55:953][877]LogBlueprint: Warning: [Compiler HandAnimBlueprint] Node  Transform (Modify) Bone - Bone: middle3_r  uses potentially thread-unsafe call  Change Middle 3 . Disable threaded update or use a thread-safe call. Function may need BlueprintThreadSafe metadata adding.
[2019.03.13-11.17.55:953][877]LogBlueprint: Warning: [Compiler HandAnimBlueprint] Node  Transform (Modify) Bone - Bone: ring1_r  uses potentially thread-unsafe call  Change Ring 1 . Disable threaded update or use a thread-safe call. Function may need BlueprintThreadSafe metadata adding.
[2019.03.13-11.17.55:953][877]LogBlueprint: Warning: [Compiler HandAnimBlueprint] Node  Transform (Modify) Bone - Bone: ring2_r  uses potentially thread-unsafe call  Change Ring 2 . Disable threaded update or use a thread-safe call. Function may need BlueprintThreadSafe metadata adding.
[2019.03.13-11.17.55:953][877]LogBlueprint: Warning: [Compiler HandAnimBlueprint] Node  Transform (Modify) Bone - Bone: ring3_r  uses potentially thread-unsafe call  Change Ring 3 . Disable threaded update or use a thread-safe call. Function may need BlueprintThreadSafe metadata adding.
[2019.03.13-11.17.55:954][877]LogBlueprint: Warning: [Compiler HandAnimBlueprint] Node  Transform (Modify) Bone - Bone: pinky2_r  uses potentially thread-unsafe call  Change Little 1 . Disable threaded update or use a thread-safe call. Function may need BlueprintThreadSafe metadata adding.
[2019.03.13-11.17.55:954][877]LogBlueprint: Warning: [Compiler HandAnimBlueprint] Node  Transform (Modify) Bone - Bone: pinky3_r  uses potentially thread-unsafe call  Change Little 2 . Disable threaded update or use a thread-safe call. Function may need BlueprintThreadSafe metadata adding.
[2019.03.13-11.17.55:954][877]LogBlueprint: Warning: [Compiler HandAnimBlueprint] Node  Transform (Modify) Bone - Bone: pinky4_r  uses potentially thread-unsafe call  Change Little 3 . Disable threaded update or use a thread-safe call. Function may need BlueprintThreadSafe metadata adding.
[2019.03.13-11.17.55:954][877]LogBlueprint: Warning: [Compiler HandAnimBlueprint] [0023.00] Compile of HandAnimBlueprint successful, but with 15 Warning(s) [in 25 ms] (/Game/HandAnimBlueprint.HandAnimBlueprint)
[2019.03.13-11.17.55:964][877]LogUObjectGlobals: Created PersistentFrame Addr=0x00000249e12c7100, Size=120, Default__Hand_BP_C Function /Game/Hand_BP.Hand_BP_C:ExecuteUbergraph_Hand_BP
[2019.03.13-11.17.55:968][877]LogUObjectGlobals: Destroyed PersistentFrame Addr=0x00000249e12c7100, Size=120
[2019.03.13-11.17.55:968][877]LogUObjectGlobals: Created PersistentFrame Addr=0x00000249e12c7100, Size=120, Default__Hand_BP_C Function /Engine/Transient.REINST_Hand_BP_C_8:ExecuteUbergraph_Hand_BP
[2019.03.13-11.17.55:971][877]LogUObjectGlobals: Created PersistentFrame Addr=0x00000249e12c6980, Size=120, Default__Hand_BP_C Function /Game/Hand_BP.Hand_BP_C:ExecuteUbergraph_Hand_BP
[2019.03.13-11.17.55:998][877]LogSkeletalMesh: Skeletal Mesh found in DDC [0.573296ms] /Game/ImportFile/hand_right_1.hand_right_1
[2019.03.13-11.17.56:004][877]LogLoad: Game class is 'MyGameMode_C'
[2019.03.13-11.17.56:006][877]LogWorld: Bringing World /Game/UEDPIE_0_NewMap.NewMap up for play (max tick rate 0) at 2019.03.13-19.17.56
[2019.03.13-11.17.56:007][877]LogWorld: Bringing up level for play took: 0.000972
[2019.03.13-11.17.56:015][877]LogContentBrowser: Native class hierarchy updated for 'MovieSceneCapture' in 0.0057 seconds. Added 11 classes and 0 folders.
[2019.03.13-11.17.56:019][877]PIE: Play in editor start time for /Game/UEDPIE_0_NewMap -0.522
[2019.03.13-11.17.56:042][877]LogRenderer: Reallocating scene render targets to support 1024x576 Format 10 NumSamples 1 (Frame:1).
[2019.03.13-11.18.29:460][778]LogSlate: FSceneViewport::OnFocusLost() reason 0
[2019.03.13-11.18.29:587][791]LogSlate: Window 'Hand Game Preview Standalone (64-bit/PCD3D_SM5)' being destroyed
[2019.03.13-11.18.29:649][791]LogUObjectGlobals: Destroyed PersistentFrame Addr=0x00000249e12c7100, Size=120
[2019.03.13-11.18.29:649][791]LogUObjectGlobals: Destroyed PersistentFrame Addr=0x00000249e48df1c0, Size=172
[2019.03.13-11.18.30:672][911]LogSlate: Window 'Hand - Unreal Editor' being destroyed
[2019.03.13-11.18.30:674][911]LogWindowsTextInputMethodSystem: Display: IME system now activated using TSF (搜狗拼音输入法).
[2019.03.13-11.18.30:719][912]Cmd: QUIT_EDITOR
[2019.03.13-11.18.30:838][912]LogSlate: Slate User Destroyed.  User Index 0, Is Virtual User: 0
[2019.03.13-11.18.30:838][912]LogExit: Preparing to exit.
[2019.03.13-11.18.31:330][912]LogExit: Editor shut down
[2019.03.13-11.18.31:335][912]LogExit: Transaction tracking system shut down
[2019.03.13-11.18.31:337][912]LogUObjectGlobals: Destroyed PersistentFrame Addr=0x00000249e12c6980, Size=120
[2019.03.13-11.18.31:337][912]LogUObjectGlobals: Destroyed PersistentFrame Addr=0x00000249e47f4880, Size=172
[2019.03.13-11.18.31:453][912]LogDirectoryWatcher: A directory notification for '../../../Engine/Content/' was aborted.
[2019.03.13-11.18.31:454][912]LogDirectoryWatcher: A directory notification for 'C:/Users/ZYK/Documents/Unreal Projects/Hand_wangziqi/Content/' was aborted.
[2019.03.13-11.18.31:454][912]LogDirectoryWatcher: A directory notification for '../../Plugins/2D/Paper2D/Content/' was aborted.
[2019.03.13-11.18.31:454][912]LogDirectoryWatcher: A directory notification for '../../Plugins/Enterprise/DatasmithContent/Content/' was aborted.
[2019.03.13-11.18.31:454][912]LogDirectoryWatcher: A directory notification for '../../Plugins/Media/MediaCompositing/Content/' was aborted.
[2019.03.13-11.18.31:454][912]LogDirectoryWatcher: A directory notification for '../../Plugins/Runtime/AppleARKit/Content/' was aborted.
[2019.03.13-11.18.31:455][912]LogDirectoryWatcher: A directory notification for '../../Plugins/Runtime/Oculus/OculusVR/Content/' was aborted.
[2019.03.13-11.18.31:455][912]LogDirectoryWatcher: A directory notification for '../../Plugins/Runtime/Steam/SteamVR/Content/' was aborted.
[2019.03.13-11.18.31:515][912]LogExit: Object subsystem successfully closed.
[2019.03.13-11.18.31:545][912]LogShaderCompilers: Display: Shaders left to compile 0
[2019.03.13-11.18.31:548][912]LogD3D11RHI: Shutdown
[2019.03.13-11.18.31:549][912]LogD3D11RHI: CleanupD3DDevice
[2019.03.13-11.18.31:550][912]LogD3D11RHI: ~FD3D11DynamicRHI
[2019.03.13-11.18.31:560][912]LogModuleManager: Shutting down and abandoning module MovieSceneCapture (578)
[2019.03.13-11.18.31:561][912]LogModuleManager: Shutting down and abandoning module HierarchicalLODOutliner (576)
[2019.03.13-11.18.31:561][912]LogModuleManager: Shutting down and abandoning module DesktopPlatform (574)
[2019.03.13-11.18.31:562][912]LogModuleManager: Shutting down and abandoning module SceneOutliner (572)
[2019.03.13-11.18.31:562][912]LogModuleManager: Shutting down and abandoning module AddContentDialog (570)
[2019.03.13-11.18.31:562][912]LogDirectoryWatcher: A directory notification for 'D:/Program Files/Epic Games/UE_4.19/FeaturePacks/' was aborted.
[2019.03.13-11.18.31:565][912]LogModuleManager: Shutting down and abandoning module WidgetCarousel (569)
[2019.03.13-11.18.31:565][912]LogModuleManager: Shutting down and abandoning module EditorWidgets (566)
[2019.03.13-11.18.31:566][912]LogModuleManager: Shutting down and abandoning module CollectionManager (564)
[2019.03.13-11.18.31:567][912]LogDirectoryWatcher: A directory notification for 'C:/Users/ZYK/Documents/Unreal Projects/Hand_wangziqi/Content/Collections/' was aborted.
[2019.03.13-11.18.31:567][912]LogDirectoryWatcher: A directory notification for 'C:/Users/ZYK/Documents/Unreal Projects/Hand_wangziqi/Content/Developers/BUAAHaptics/Collections/' was aborted.
[2019.03.13-11.18.31:567][912]LogDirectoryWatcher: A directory notification for 'C:/Users/ZYK/Documents/Unreal Projects/Hand_wangziqi/Saved/Collections/' was aborted.
[2019.03.13-11.18.31:568][912]LogModuleManager: Shutting down and abandoning module StatsViewer (562)
[2019.03.13-11.18.31:568][912]LogModuleManager: Shutting down and abandoning module FoliageEdit (560)
[2019.03.13-11.18.31:568][912]LogModuleManager: Shutting down and abandoning module LandscapeEditor (558)
[2019.03.13-11.18.31:569][912]LogModuleManager: Shutting down and abandoning module MeshPaintMode (556)
[2019.03.13-11.18.31:569][912]LogModuleManager: Shutting down and abandoning module SceneDepthPickerMode (554)
[2019.03.13-11.18.31:570][912]LogModuleManager: Shutting down and abandoning module ActorPickerMode (552)
[2019.03.13-11.18.31:570][912]LogModuleManager: Shutting down and abandoning module GeometryMode (550)
[2019.03.13-11.18.31:570][912]LogModuleManager: Shutting down and abandoning module TextureAlignMode (548)
[2019.03.13-11.18.31:570][912]LogModuleManager: Shutting down and abandoning module BspMode (546)
[2019.03.13-11.18.31:571][912]LogModuleManager: Shutting down and abandoning module PIEPreviewDeviceProfileSelector (544)
[2019.03.13-11.18.31:571][912]LogModuleManager: Shutting down and abandoning module HardwareSurvey (542)
[2019.03.13-11.18.31:571][912]LogModuleManager: Shutting down and abandoning module SequenceRecorderSections (540)
[2019.03.13-11.18.31:571][912]LogModuleManager: Shutting down and abandoning module AutomationWorker (538)
[2019.03.13-11.18.31:572][912]LogModuleManager: Shutting down and abandoning module AudioCaptureEditor (536)
[2019.03.13-11.18.31:572][912]LogModuleManager: Shutting down and abandoning module SequenceRecorder (535)
[2019.03.13-11.18.31:572][912]LogModuleManager: Shutting down and abandoning module MatineeToLevelSequence (532)
[2019.03.13-11.18.31:572][912]LogModuleManager: Shutting down and abandoning module LevelSequenceEditor (530)
[2019.03.13-11.18.31:572][912]LogModuleManager: Shutting down and abandoning module PlacementMode (529)
[2019.03.13-11.18.31:573][912]LogModuleManager: Shutting down and abandoning module MaterialEditor (528)
[2019.03.13-11.18.31:573][912]LogModuleManager: Shutting down and abandoning module WmfMediaFactory (524)
[2019.03.13-11.18.31:573][912]LogModuleManager: Shutting down and abandoning module WmfMediaEditor (522)
[2019.03.13-11.18.31:573][912]LogModuleManager: Shutting down and abandoning module MediaPlayerEditor (520)
[2019.03.13-11.18.31:574][912]LogModuleManager: Shutting down and abandoning module OpenExrWrapper (518)
[2019.03.13-11.18.31:574][912]LogModuleManager: Shutting down and abandoning module ImgMediaFactory (516)
[2019.03.13-11.18.31:574][912]LogModuleManager: Shutting down and abandoning module ImgMediaEditor (514)
[2019.03.13-11.18.31:574][912]LogModuleManager: Shutting down and abandoning module AvfMediaFactory (512)
[2019.03.13-11.18.31:574][912]LogModuleManager: Shutting down and abandoning module AvfMediaEditor (510)
[2019.03.13-11.18.31:574][912]LogModuleManager: Shutting down and abandoning module AndroidMediaFactory (508)
[2019.03.13-11.18.31:574][912]LogModuleManager: Shutting down and abandoning module AndroidMediaEditor (506)
[2019.03.13-11.18.31:574][912]LogModuleManager: Shutting down and abandoning module CharacterAI (504)
[2019.03.13-11.18.31:574][912]LogModuleManager: Shutting down and abandoning module SmartSnapping (502)
[2019.03.13-11.18.31:575][912]LogModuleManager: Shutting down and abandoning module SessionServices (500)
[2019.03.13-11.18.31:575][912]LogModuleManager: Shutting down and abandoning module ViewportSnapping (498)
[2019.03.13-11.18.31:575][912]LogModuleManager: Shutting down and abandoning module ViewportInteraction (496)
[2019.03.13-11.18.31:575][912]LogModuleManager: Shutting down and abandoning module ClothPainter (494)
[2019.03.13-11.18.31:575][912]LogModuleManager: Shutting down and abandoning module SkeletalMeshEditor (493)
[2019.03.13-11.18.31:575][912]LogModuleManager: Shutting down and abandoning module LogVisualizer (490)
[2019.03.13-11.18.31:575][912]LogModuleManager: Shutting down and abandoning module IntroTutorials (488)
[2019.03.13-11.18.31:576][912]LogModuleManager: Shutting down and abandoning module GameProjectGeneration (487)
[2019.03.13-11.18.31:576][912]LogModuleManager: Shutting down and abandoning module IOSPlatformEditor (484)
[2019.03.13-11.18.31:576][912]LogModuleManager: Shutting down and abandoning module HTML5PlatformEditor (482)
[2019.03.13-11.18.31:576][912]LogModuleManager: Shutting down and abandoning module AndroidPlatformEditor (480)
[2019.03.13-11.18.31:576][912]LogModuleManager: Shutting down and abandoning module AndroidDeviceDetection (479)
[2019.03.13-11.18.32:531][912]LogModuleManager: Shutting down and abandoning module WindowsPlatformEditor (476)
[2019.03.13-11.18.32:531][912]LogModuleManager: Shutting down and abandoning module IOSRuntimeSettings (474)
[2019.03.13-11.18.32:531][912]LogModuleManager: Shutting down and abandoning module AndroidRuntimeSettings (472)
[2019.03.13-11.18.32:531][912]LogModuleManager: Shutting down and abandoning module InputBindingEditor (470)
[2019.03.13-11.18.32:531][912]LogModuleManager: Shutting down and abandoning module MergeActors (468)
[2019.03.13-11.18.32:531][912]LogModuleManager: Shutting down and abandoning module LocalizationDashboard (466)
[2019.03.13-11.18.32:531][912]LogModuleManager: Shutting down and abandoning module LocalizationService (465)
[2019.03.13-11.18.32:532][912]LogModuleManager: Shutting down and abandoning module HardwareTargeting (462)
[2019.03.13-11.18.32:532][912]LogModuleManager: Shutting down and abandoning module DeviceProfileEditor (460)
[2019.03.13-11.18.32:532][912]LogModuleManager: Shutting down and abandoning module UndoHistory (458)
[2019.03.13-11.18.32:532][912]LogModuleManager: Shutting down and abandoning module XmlParser (456)
[2019.03.13-11.18.32:532][912]LogModuleManager: Shutting down and abandoning module Blutility (454)
[2019.03.13-11.18.32:532][912]LogModuleManager: Shutting down and abandoning module ProjectSettingsViewer (452)
[2019.03.13-11.18.32:532][912]LogModuleManager: Shutting down and abandoning module ProjectTargetPlatformEditor (451)
[2019.03.13-11.18.32:533][912]LogModuleManager: Shutting down and abandoning module EditorSettingsViewer (448)
[2019.03.13-11.18.32:533][912]LogModuleManager: Shutting down and abandoning module SettingsEditor (446)
[2019.03.13-11.18.32:533][912]LogModuleManager: Shutting down and abandoning module ProjectLauncher (444)
[2019.03.13-11.18.32:533][912]LogModuleManager: Shutting down and abandoning module SessionFrontend (442)
[2019.03.13-11.18.32:533][912]LogModuleManager: Shutting down and abandoning module ProfilerClient (440)
[2019.03.13-11.18.32:533][912]LogModuleManager: Shutting down and abandoning module DeviceManager (438)
[2019.03.13-11.18.32:533][912]LogModuleManager: Shutting down and abandoning module TargetDeviceServices (437)
[2019.03.13-11.18.32:578][912]LogModuleManager: Shutting down and abandoning module AutomationController (434)
[2019.03.13-11.18.32:578][912]LogModuleManager: Shutting down and abandoning module AutomationWindow (432)
[2019.03.13-11.18.32:578][912]LogModuleManager: Shutting down and abandoning module Layers (430)
[2019.03.13-11.18.32:578][912]LogModuleManager: Shutting down and abandoning module ComponentVisualizers (428)
[2019.03.13-11.18.32:578][912]LogModuleManager: Shutting down and abandoning module DetailCustomizations (426)
[2019.03.13-11.18.32:578][912]LogModuleManager: Shutting down and abandoning module PackagesDialog (424)
[2019.03.13-11.18.32:578][912]LogModuleManager: Shutting down and abandoning module Persona (422)
[2019.03.13-11.18.32:579][912]LogModuleManager: Shutting down and abandoning module AdvancedPreviewScene (421)
[2019.03.13-11.18.32:579][912]LogModuleManager: Shutting down and abandoning module AnimGraph (419)
[2019.03.13-11.18.32:579][912]LogModuleManager: Shutting down and abandoning module Kismet (416)
[2019.03.13-11.18.32:579][912]LogModuleManager: Shutting down and abandoning module GraphEditor (414)
[2019.03.13-11.18.32:580][912]LogModuleManager: Shutting down and abandoning module ClassViewer (412)
[2019.03.13-11.18.32:580][912]LogModuleManager: Shutting down and abandoning module Toolbox (410)
[2019.03.13-11.18.32:580][912]LogModuleManager: Shutting down and abandoning module ModuleUI (408)
[2019.03.13-11.18.32:580][912]LogModuleManager: Shutting down and abandoning module MovieSceneTools (406)
[2019.03.13-11.18.32:580][912]LogModuleManager: Shutting down and abandoning module OutputLog (404)
[2019.03.13-11.18.32:580][912]LogModuleManager: Shutting down and abandoning module GammaUI (402)
[2019.03.13-11.18.32:580][912]LogModuleManager: Shutting down and abandoning module Documentation (400)
[2019.03.13-11.18.32:580][912]LogModuleManager: Shutting down and abandoning module MovieSceneTracks (398)
[2019.03.13-11.18.32:581][912]LogModuleManager: Shutting down and abandoning module MovieScene (396)
[2019.03.13-11.18.32:581][912]LogModuleManager: Shutting down and abandoning module StreamingPauseRendering (394)
[2019.03.13-11.18.32:581][912]LogModuleManager: Shutting down and abandoning module LauncherPlatform (392)
[2019.03.13-11.18.32:581][912]LogModuleManager: Shutting down and abandoning module AnalyticsET (390)
[2019.03.13-11.18.32:581][912]LogModuleManager: Shutting down and abandoning module PortalServices (388)
[2019.03.13-11.18.32:581][912]LogModuleManager: Shutting down and abandoning module PortalRpc (386)
[2019.03.13-11.18.32:581][912]LogModuleManager: Shutting down and abandoning module MessagingRpc (384)
[2019.03.13-11.18.32:581][912]LogModuleManager: Shutting down and abandoning module AIModule (382)
[2019.03.13-11.18.32:581][912]LogModuleManager: Shutting down and abandoning module GameplayDebugger (381)
[2019.03.13-11.18.32:582][912]LogModuleManager: Shutting down and abandoning module AITestSuite (379)
[2019.03.13-11.18.32:582][912]LogModuleManager: Shutting down and abandoning module ProfilerService (376)
[2019.03.13-11.18.32:782][912]LogModuleManager: Shutting down and abandoning module TaskGraph (374)
[2019.03.13-11.18.32:782][912]LogModuleManager: Shutting down and abandoning module SteamVRController (372)
[2019.03.13-11.18.32:782][912]LogModuleManager: Shutting down and abandoning module ProceduralMeshComponentEditor (370)
[2019.03.13-11.18.32:782][912]LogModuleManager: Shutting down and abandoning module ProceduralMeshComponent (368)
[2019.03.13-11.18.32:783][912]LogModuleManager: Shutting down and abandoning module OculusInput (366)
[2019.03.13-11.18.32:783][912]LogModuleManager: Shutting down and abandoning module MobilePatchingUtils (364)
[2019.03.13-11.18.32:783][912]LogModuleManager: Shutting down and abandoning module CustomMeshComponent (362)
[2019.03.13-11.18.32:783][912]LogModuleManager: Shutting down and abandoning module CableComponent (360)
[2019.03.13-11.18.32:783][912]LogModuleManager: Shutting down and abandoning module AudioCapture (358)
[2019.03.13-11.18.32:783][912]LogModuleManager: Shutting down and abandoning module ArchVisCharacter (356)
[2019.03.13-11.18.32:783][912]LogModuleManager: Shutting down and abandoning module AndroidPermission (354)
[2019.03.13-11.18.32:783][912]LogModuleManager: Shutting down and abandoning module NUTUnrealEngine4 (350)
[2019.03.13-11.18.32:783][912]LogModuleManager: Shutting down and abandoning module NetcodeUnitTest (348)
[2019.03.13-11.18.32:784][912]LogModuleManager: Shutting down and abandoning module MediaCompositingEditor (346)
[2019.03.13-11.18.32:784][912]LogModuleManager: Shutting down and abandoning module MediaCompositing (344)
[2019.03.13-11.18.32:784][912]LogModuleManager: Shutting down and abandoning module LinearTimecode (342)
[2019.03.13-11.18.32:784][912]LogModuleManager: Shutting down and abandoning module ImgMedia (340)
[2019.03.13-11.18.32:795][912]LogModuleManager: Shutting down and abandoning module HTML5Networking (338)
[2019.03.13-11.18.32:795][912]LogModuleManager: Shutting down and abandoning module AlembicImporter (336)
[2019.03.13-11.18.32:796][912]LogModuleManager: Shutting down and abandoning module AlembicLibrary (335)
[2019.03.13-11.18.32:796][912]LogModuleManager: Shutting down and abandoning module GeometryCache (334)
[2019.03.13-11.18.32:796][912]LogModuleManager: Shutting down and abandoning module GeometryCacheEd (333)
[2019.03.13-11.18.32:796][912]LogModuleManager: Shutting down and abandoning module DatasmithContent (328)
[2019.03.13-11.18.32:796][912]LogModuleManager: Shutting down and abandoning module SpeedTreeImporter (326)
[2019.03.13-11.18.32:796][912]LogModuleManager: Shutting down and abandoning module PluginBrowser (324)
[2019.03.13-11.18.32:796][912]LogModuleManager: Shutting down and abandoning module MobileLauncherProfileWizard (322)
[2019.03.13-11.18.32:796][912]LogModuleManager: Shutting down and abandoning module CryptoKeysOpenSSL (320)
[2019.03.13-11.18.32:796][912]LogModuleManager: Shutting down and abandoning module CryptoKeys (318)
[2019.03.13-11.18.32:796][912]LogModuleManager: Shutting down and abandoning module VisualStudioSourceCodeAccess (316)
[2019.03.13-11.18.32:796][912]LogModuleManager: Shutting down and abandoning module VisualStudioCodeSourceCodeAccess (314)
[2019.03.13-11.18.32:796][912]LogModuleManager: Shutting down and abandoning module UObjectPlugin (312)
[2019.03.13-11.18.32:796][912]LogModuleManager: Shutting down and abandoning module SubversionSourceControl (310)
[2019.03.13-11.18.32:796][912]LogModuleManager: Shutting down and abandoning module PerforceSourceControl (308)
[2019.03.13-11.18.32:796][912]LogModuleManager: Shutting down and abandoning module GitSourceControl (306)
[2019.03.13-11.18.32:797][912]LogModuleManager: Shutting down and abandoning module SourceControl (305)
[2019.03.13-11.18.32:797][912]LogModuleManager: Shutting down and abandoning module CLionSourceCodeAccess (302)
[2019.03.13-11.18.32:797][912]LogModuleManager: Shutting down and abandoning module LightPropagationVolumeEditor (300)
[2019.03.13-11.18.32:797][912]LogModuleManager: Shutting down and abandoning module PaperTiledImporter (298)
[2019.03.13-11.18.32:797][912]LogModuleManager: Shutting down and abandoning module PaperSpriteSheetImporter (296)
[2019.03.13-11.18.32:797][912]LogModuleManager: Shutting down and abandoning module Paper2DEditor (294)
[2019.03.13-11.18.32:797][912]LogModuleManager: Shutting down and abandoning module MeshPaint (293)
[2019.03.13-11.18.32:797][912]LogModuleManager: Shutting down and abandoning module Hand (290)
[2019.03.13-11.18.32:797][912]LogModuleManager: Shutting down and abandoning module RuntimePhysXCooking (288)
[2019.03.13-11.18.32:798][912]LogModuleManager: Shutting down and abandoning module PhysXVehiclesEditor (286)
[2019.03.13-11.18.32:798][912]LogModuleManager: Shutting down and abandoning module PhysXVehicles (284)
[2019.03.13-11.18.32:798][912]LogModuleManager: Shutting down and abandoning module OculusEditor (282)
[2019.03.13-11.18.32:798][912]LogModuleManager: Shutting down and abandoning module LocationServicesBPLibrary (280)
[2019.03.13-11.18.32:798][912]LogModuleManager: Shutting down and abandoning module ImmediatePhysicsEditor (278)
[2019.03.13-11.18.32:798][912]LogModuleManager: Shutting down and abandoning module ImmediatePhysics (276)
[2019.03.13-11.18.32:798][912]LogModuleManager: Shutting down and abandoning module ActorSequence (274)
[2019.03.13-11.18.32:798][912]LogModuleManager: Shutting down and abandoning module UdpMessaging (272)
[2019.03.13-11.18.32:900][912]LogModuleManager: Shutting down and abandoning module TcpMessaging (270)
[2019.03.13-11.18.33:001][912]LogModuleManager: Shutting down and abandoning module GameplayTagsEditor (268)
[2019.03.13-11.18.33:001][912]LogModuleManager: Shutting down and abandoning module FacialAnimationEditor (266)
[2019.03.13-11.18.33:001][912]LogModuleManager: Shutting down and abandoning module FacialAnimation (264)
[2019.03.13-11.18.33:001][912]LogModuleManager: Shutting down and abandoning module DataValidation (262)
[2019.03.13-11.18.33:001][912]LogModuleManager: Shutting down and abandoning module AssetManagerEditor (260)
[2019.03.13-11.18.33:002][912]LogModuleManager: Shutting down and abandoning module LevelEditor (259)
[2019.03.13-11.18.33:003][912]LogModuleManager: Shutting down and abandoning module PixelInspectorModule (258)
[2019.03.13-11.18.33:003][912]LogModuleManager: Shutting down and abandoning module CommonMenuExtensions (256)
[2019.03.13-11.18.33:003][912]LogModuleManager: Shutting down and abandoning module MainFrame (254)
[2019.03.13-11.18.33:003][912]LogModuleManager: Shutting down and abandoning module HotReload (253)
[2019.03.13-11.18.33:003][912]LogDirectoryWatcher: A directory notification for 'C:/Users/ZYK/Documents/Unreal Projects/Hand_wangziqi/Binaries/Win64' was aborted.
[2019.03.13-11.18.33:004][912]LogModuleManager: Shutting down and abandoning module ContentBrowser (249)
[2019.03.13-11.18.33:005][912]LogModuleManager: Shutting down and abandoning module TreeMap (247)
[2019.03.13-11.18.33:006][912]LogModuleManager: Shutting down and abandoning module LightPropagationVolumeRuntime (244)
[2019.03.13-11.18.33:006][912]LogModuleManager: Shutting down and abandoning module LiveLinkEditor (242)
[2019.03.13-11.18.33:006][912]LogModuleManager: Shutting down and abandoning module LiveLink (240)
