Log file open, 03/19/19 10:04:23
LogWindows: Failed to load 'aqProf.dll' (GetLastError=126)
LogWindows: File 'aqProf.dll' does not exist
LogWindows: Failed to load 'VtuneApi.dll' (GetLastError=126)
LogWindows: File 'VtuneApi.dll' does not exist
LogWindows: Failed to load 'VtuneApi32e.dll' (GetLastError=126)
LogWindows: File 'VtuneApi32e.dll' does not exist
LogInit: Display: Running engine for game: Hand
LogPlatformFile: Not using cached read wrapper
LogInit: Display: RandInit(-46151638) SRandInit(-46151638).
LogInit: Read version file with build ID '3944462'
LogInit: Overriding engine version to CL 4033788, compatible CL 3944462
LogInit: Registered custom module enumerator with build ID '3944462'
LogTaskGraph: Started task graph with 5 named threads and 23 total threads with 3 sets of task threads.
LogStats: Stats thread started at 0.460951
LogD3D11RHI: Aftermath initialized
LogICUInternationalization: Display: ICU TimeZone Detection - Raw Offset: +8:00, Platform Override: ''
LogPluginManager: Mounting plugin Paper2D
LogPluginManager: Mounting plugin LiveLink
LogPluginManager: Mounting plugin LightPropagationVolume
LogPluginManager: Mounting plugin CLionSourceCodeAccess
LogPluginManager: Mounting plugin CodeLiteSourceCodeAccess
LogPluginManager: Mounting plugin GitSourceControl
LogPluginManager: Mounting plugin KDevelopSourceCodeAccess
LogPluginManager: Mounting plugin NullSourceCodeAccess
LogPluginManager: Mounting plugin PerforceSourceControl
LogPluginManager: Mounting plugin SubversionSourceControl
LogPluginManager: Mounting plugin UObjectPlugin
LogPluginManager: Mounting plugin VisualStudioCodeSourceCodeAccess
LogPluginManager: Mounting plugin VisualStudioSourceCodeAccess
LogPluginManager: Mounting plugin XCodeSourceCodeAccess
LogPluginManager: Mounting plugin AssetManagerEditor
LogPluginManager: Mounting plugin CryptoKeys
LogPluginManager: Mounting plugin DataValidation
LogPluginManager: Mounting plugin FacialAnimation
LogPluginManager: Mounting plugin GameplayTagsEditor
LogPluginManager: Mounting plugin MobileLauncherProfileWizard
LogPluginManager: Mounting plugin PluginBrowser
LogPluginManager: Mounting plugin SpeedTreeImporter
LogPluginManager: Mounting plugin DatasmithContent
LogPluginManager: Mounting plugin AlembicImporter
LogPluginManager: Mounting plugin CharacterAI
LogPluginManager: Mounting plugin HTML5Networking
LogPluginManager: Mounting plugin AndroidMedia
LogPluginManager: Mounting plugin AvfMedia
LogPluginManager: Mounting plugin ImgMedia
LogPluginManager: Mounting plugin LinearTimecode
LogPluginManager: Mounting plugin MediaCompositing
LogPluginManager: Mounting plugin MediaPlayerEditor
LogPluginManager: Mounting plugin WmfMedia
LogPluginManager: Mounting plugin TcpMessaging
LogPluginManager: Mounting plugin UdpMessaging
LogPluginManager: Mounting plugin ActorSequence
LogPluginManager: Mounting plugin LevelSequenceEditor
LogPluginManager: Mounting plugin MatineeToLevelSequence
LogPluginManager: Mounting plugin NetcodeUnitTest
LogPluginManager: Mounting plugin NUTUnrealEngine4
LogPluginManager: Mounting plugin OnlineSubsystemGooglePlay
LogPluginManager: Mounting plugin OnlineSubsystemIOS
LogPluginManager: Mounting plugin OnlineSubsystem
LogPluginManager: Mounting plugin OnlineSubsystemNull
LogPluginManager: Mounting plugin OnlineSubsystemUtils
LogPluginManager: Mounting plugin AndroidDeviceProfileSelector
LogPluginManager: Mounting plugin AndroidMoviePlayer
LogPluginManager: Mounting plugin AndroidPermission
LogPluginManager: Mounting plugin AppleARKit
LogPluginManager: Mounting plugin AppleMoviePlayer
LogPluginManager: Mounting plugin ArchVisCharacter
LogPluginManager: Mounting plugin AudioCapture
LogPluginManager: Mounting plugin CableComponent
LogPluginManager: Mounting plugin CustomMeshComponent
LogPluginManager: Mounting plugin ExampleDeviceProfileSelector
LogPluginManager: Mounting plugin GoogleCloudMessaging
LogPluginManager: Mounting plugin ImmediatePhysics
LogPluginManager: Mounting plugin IOSDeviceProfileSelector
LogPluginManager: Mounting plugin LinuxDeviceProfileSelector
LogPluginManager: Mounting plugin LocationServicesBPLibrary
LogPluginManager: Mounting plugin MobilePatchingUtils
LogPluginManager: Mounting plugin OculusVR
LogPluginManager: Plugin shader directory ../../../Engine/Plugins/Runtime/Oculus/OculusVR/Shaders found
LogPluginManager: Mapping shader source directory ../../../Engine/Plugins/Runtime/Oculus/OculusVR/Shaders to virtual directory /Plugin/OculusVR
LogPluginManager: Mounting plugin PhysXVehicles
LogPluginManager: Mounting plugin ProceduralMeshComponent
LogPluginManager: Mounting plugin RuntimePhysXCooking
LogPluginManager: Mounting plugin SteamVR
LogPluginManager: Mounting plugin WindowsMoviePlayer
LogStreaming: Display: Took  0.246s to configure plugins.
LogModuleManager: Display: Found up-to-date module file C:/Users/ZYK/Documents/Unreal Projects/ue4_simpleDemo_wangziqi/Binaries/Win64/UE4Editor-Hand.dll (API version 3944462).
LogModuleManager: Display: Found up-to-date module file ../../../Engine/Plugins/2D/Paper2D/Binaries/Win64/UE4Editor-Paper2D.dll (API version 3944462).
LogModuleManager: Display: Found up-to-date module file ../../../Engine/Plugins/2D/Paper2D/Binaries/Win64/UE4Editor-Paper2DEditor.dll (API version 3944462).
LogModuleManager: Display: Found up-to-date module file ../../../Engine/Plugins/2D/Paper2D/Binaries/Win64/UE4Editor-PaperSpriteSheetImporter.dll (API version 3944462).
LogModuleManager: Display: Found up-to-date module file ../../../Engine/Plugins/2D/Paper2D/Binaries/Win64/UE4Editor-PaperTiledImporter.dll (API version 3944462).
LogModuleManager: Display: Found up-to-date module file ../../../Engine/Plugins/2D/Paper2D/Binaries/Win64/UE4Editor-SmartSnapping.dll (API version 3944462).
LogModuleManager: Display: Found up-to-date module file ../../../Engine/Plugins/Animation/LiveLink/Binaries/Win64/UE4Editor-LiveLink.dll (API version 3944462).
LogModuleManager: Display: Found up-to-date module file ../../../Engine/Plugins/Animation/LiveLink/Binaries/Win64/UE4Editor-LiveLinkEditor.dll (API version 3944462).
LogModuleManager: Display: Found up-to-date module file ../../../Engine/Plugins/Blendables/LightPropagationVolume/Binaries/Win64/UE4Editor-LightPropagationVolumeRuntime.dll (API version 3944462).
LogModuleManager: Display: Found up-to-date module file ../../../Engine/Plugins/Blendables/LightPropagationVolume/Binaries/Win64/UE4Editor-LightPropagationVolumeEditor.dll (API version 3944462).
LogModuleManager: Display: Found up-to-date module file ../../../Engine/Plugins/Developer/CLionSourceCodeAccess/Binaries/Win64/UE4Editor-CLionSourceCodeAccess.dll (API version 3944462).
LogModuleManager: Display: Found up-to-date module file ../../../Engine/Plugins/Developer/GitSourceControl/Binaries/Win64/UE4Editor-GitSourceControl.dll (API version 3944462).
LogModuleManager: Display: Found up-to-date module file ../../../Engine/Plugins/Developer/PerforceSourceControl/Binaries/Win64/UE4Editor-PerforceSourceControl.dll (API version 3944462).
LogModuleManager: Display: Found up-to-date module file ../../../Engine/Plugins/Developer/SubversionSourceControl/Binaries/Win64/UE4Editor-SubversionSourceControl.dll (API version 3944462).
LogModuleManager: Display: Found up-to-date module file ../../../Engine/Plugins/Developer/UObjectPlugin/Binaries/Win64/UE4Editor-UObjectPlugin.dll (API version 3944462).
LogModuleManager: Display: Found up-to-date module file ../../../Engine/Plugins/Developer/VisualStudioCodeSourceCodeAccess/Binaries/Win64/UE4Editor-VisualStudioCodeSourceCodeAccess.dll (API version 3944462).
LogModuleManager: Display: Found up-to-date module file ../../../Engine/Plugins/Developer/VisualStudioSourceCodeAccess/Binaries/Win64/UE4Editor-VisualStudioSourceCodeAccess.dll (API version 3944462).
LogModuleManager: Display: Found up-to-date module file ../../../Engine/Plugins/Editor/AssetManagerEditor/Binaries/Win64/UE4Editor-AssetManagerEditor.dll (API version 3944462).
LogModuleManager: Display: Found up-to-date module file ../../../Engine/Plugins/Editor/CryptoKeys/Binaries/Win64/UE4Editor-CryptoKeys.dll (API version 3944462).
LogModuleManager: Display: Found up-to-date module file ../../../Engine/Plugins/Editor/CryptoKeys/Binaries/Win64/UE4Editor-CryptoKeysOpenSSL.dll (API version 3944462).
LogModuleManager: Display: Found up-to-date module file ../../../Engine/Plugins/Editor/DataValidation/Binaries/Win64/UE4Editor-DataValidation.dll (API version 3944462).
LogModuleManager: Display: Found up-to-date module file ../../../Engine/Plugins/Editor/FacialAnimation/Binaries/Win64/UE4Editor-FacialAnimation.dll (API version 3944462).
LogModuleManager: Display: Found up-to-date module file ../../../Engine/Plugins/Editor/FacialAnimation/Binaries/Win64/UE4Editor-FacialAnimationEditor.dll (API version 3944462).
LogModuleManager: Display: Found up-to-date module file ../../../Engine/Plugins/Editor/GameplayTagsEditor/Binaries/Win64/UE4Editor-GameplayTagsEditor.dll (API version 3944462).
LogModuleManager: Display: Found up-to-date module file ../../../Engine/Plugins/Editor/MobileLauncherProfileWizard/Binaries/Win64/UE4Editor-MobileLauncherProfileWizard.dll (API version 3944462).
LogModuleManager: Display: Found up-to-date module file ../../../Engine/Plugins/Editor/PluginBrowser/Binaries/Win64/UE4Editor-PluginBrowser.dll (API version 3944462).
LogModuleManager: Display: Found up-to-date module file ../../../Engine/Plugins/Editor/SpeedTreeImporter/Binaries/Win64/UE4Editor-SpeedTreeImporter.dll (API version 3944462).
LogModuleManager: Display: Found up-to-date module file ../../../Engine/Plugins/Enterprise/DatasmithContent/Binaries/Win64/UE4Editor-DatasmithContent.dll (API version 3944462).
LogModuleManager: Display: Found up-to-date module file ../../../Engine/Plugins/Experimental/AlembicImporter/Binaries/Win64/UE4Editor-AlembicImporter.dll (API version 3944462).
LogModuleManager: Display: Found up-to-date module file ../../../Engine/Plugins/Experimental/AlembicImporter/Binaries/Win64/UE4Editor-AlembicLibrary.dll (API version 3944462).
LogModuleManager: Display: Found up-to-date module file ../../../Engine/Plugins/Experimental/CharacterAI/Binaries/Win64/UE4Editor-CharacterAI.dll (API version 3944462).
LogModuleManager: Display: Found up-to-date module file ../../../Engine/Plugins/Experimental/HTML5Networking/Binaries/Win64/UE4Editor-HTML5Networking.dll (API version 3944462).
LogModuleManager: Display: Found up-to-date module file ../../../Engine/Plugins/Media/AndroidMedia/Binaries/Win64/UE4Editor-AndroidMediaEditor.dll (API version 3944462).
LogModuleManager: Display: Found up-to-date module file ../../../Engine/Plugins/Media/AndroidMedia/Binaries/Win64/UE4Editor-AndroidMediaFactory.dll (API version 3944462).
LogModuleManager: Display: Found up-to-date module file ../../../Engine/Plugins/Media/AvfMedia/Binaries/Win64/UE4Editor-AvfMediaEditor.dll (API version 3944462).
LogModuleManager: Display: Found up-to-date module file ../../../Engine/Plugins/Media/AvfMedia/Binaries/Win64/UE4Editor-AvfMediaFactory.dll (API version 3944462).
LogModuleManager: Display: Found up-to-date module file ../../../Engine/Plugins/Media/AvfMedia/Binaries/Win64/UE4Editor-AvfMediaFactory.dll (API version 3944462).
LogModuleManager: Display: Found up-to-date module file ../../../Engine/Plugins/Media/ImgMedia/Binaries/Win64/UE4Editor-ImgMedia.dll (API version 3944462).
LogModuleManager: Display: Found up-to-date module file ../../../Engine/Plugins/Media/ImgMedia/Binaries/Win64/UE4Editor-ImgMediaEditor.dll (API version 3944462).
LogModuleManager: Display: Found up-to-date module file ../../../Engine/Plugins/Media/ImgMedia/Binaries/Win64/UE4Editor-ImgMediaFactory.dll (API version 3944462).
LogModuleManager: Display: Found up-to-date module file ../../../Engine/Plugins/Media/ImgMedia/Binaries/Win64/UE4Editor-ImgMediaFactory.dll (API version 3944462).
LogModuleManager: Display: Found up-to-date module file ../../../Engine/Plugins/Media/ImgMedia/Binaries/Win64/UE4Editor-OpenExrWrapper.dll (API version 3944462).
LogModuleManager: Display: Found up-to-date module file ../../../Engine/Plugins/Media/LinearTimecode/Binaries/Win64/UE4Editor-LinearTimecode.dll (API version 3944462).
LogModuleManager: Display: Found up-to-date module file ../../../Engine/Plugins/Media/MediaCompositing/Binaries/Win64/UE4Editor-MediaCompositing.dll (API version 3944462).
LogModuleManager: Display: Found up-to-date module file ../../../Engine/Plugins/Media/MediaCompositing/Binaries/Win64/UE4Editor-MediaCompositingEditor.dll (API version 3944462).
LogModuleManager: Display: Found up-to-date module file ../../../Engine/Plugins/Media/MediaPlayerEditor/Binaries/Win64/UE4Editor-MediaPlayerEditor.dll (API version 3944462).
LogModuleManager: Display: Found up-to-date module file ../../../Engine/Plugins/Media/WmfMedia/Binaries/Win64/UE4Editor-WmfMedia.dll (API version 3944462).
LogModuleManager: Display: Found up-to-date module file ../../../Engine/Plugins/Media/WmfMedia/Binaries/Win64/UE4Editor-WmfMediaEditor.dll (API version 3944462).
LogModuleManager: Display: Found up-to-date module file ../../../Engine/Plugins/Media/WmfMedia/Binaries/Win64/UE4Editor-WmfMediaFactory.dll (API version 3944462).
LogModuleManager: Display: Found up-to-date module file ../../../Engine/Plugins/Media/WmfMedia/Binaries/Win64/UE4Editor-WmfMediaFactory.dll (API version 3944462).
LogModuleManager: Display: Found up-to-date module file ../../../Engine/Plugins/Messaging/TcpMessaging/Binaries/Win64/UE4Editor-TcpMessaging.dll (API version 3944462).
LogModuleManager: Display: Found up-to-date module file ../../../Engine/Plugins/Messaging/UdpMessaging/Binaries/Win64/UE4Editor-UdpMessaging.dll (API version 3944462).
LogModuleManager: Display: Found up-to-date module file ../../../Engine/Plugins/MovieScene/ActorSequence/Binaries/Win64/UE4Editor-ActorSequence.dll (API version 3944462).
LogModuleManager: Display: Found up-to-date module file ../../../Engine/Plugins/MovieScene/LevelSequenceEditor/Binaries/Win64/UE4Editor-LevelSequenceEditor.dll (API version 3944462).
LogModuleManager: Display: Found up-to-date module file ../../../Engine/Plugins/MovieScene/MatineeToLevelSequence/Binaries/Win64/UE4Editor-MatineeToLevelSequence.dll (API version 3944462).
LogModuleManager: Display: Found up-to-date module file ../../../Engine/Plugins/NetcodeUnitTest/NetcodeUnitTest/Binaries/Win64/UE4Editor-NetcodeUnitTest.dll (API version 3944462).
LogModuleManager: Display: Found up-to-date module file ../../../Engine/Plugins/NetcodeUnitTest/NUTUnrealEngine4/Binaries/Win64/UE4Editor-NUTUnrealEngine4.dll (API version 3944462).
LogModuleManager: Display: Found up-to-date module file ../../../Engine/Plugins/Online/OnlineSubsystem/Binaries/Win64/UE4Editor-OnlineSubsystem.dll (API version 3944462).
LogModuleManager: Display: Found up-to-date module file ../../../Engine/Plugins/Online/OnlineSubsystemNull/Binaries/Win64/UE4Editor-OnlineSubsystemNull.dll (API version 3944462).
LogModuleManager: Display: Found up-to-date module file ../../../Engine/Plugins/Online/OnlineSubsystemUtils/Binaries/Win64/UE4Editor-OnlineSubsystemUtils.dll (API version 3944462).
LogModuleManager: Display: Found up-to-date module file ../../../Engine/Plugins/Online/OnlineSubsystemUtils/Binaries/Win64/UE4Editor-OnlineBlueprintSupport.dll (API version 3944462).
LogModuleManager: Display: Found up-to-date module file ../../../Engine/Plugins/Runtime/AndroidDeviceProfileSelector/Binaries/Win64/UE4Editor-AndroidDeviceProfileSelector.dll (API version 3944462).
LogModuleManager: Display: Found up-to-date module file ../../../Engine/Plugins/Runtime/AndroidPermission/Binaries/Win64/UE4Editor-AndroidPermission.dll (API version 3944462).
LogModuleManager: Display: Found up-to-date module file ../../../Engine/Plugins/Runtime/AppleARKit/Binaries/Win64/UE4Editor-AppleARKit.dll (API version 3944462).
LogModuleManager: Display: Found up-to-date module file ../../../Engine/Plugins/Runtime/ArchVisCharacter/Binaries/Win64/UE4Editor-ArchVisCharacter.dll (API version 3944462).
LogModuleManager: Display: Found up-to-date module file ../../../Engine/Plugins/Runtime/AudioCapture/Binaries/Win64/UE4Editor-AudioCapture.dll (API version 3944462).
LogModuleManager: Display: Found up-to-date module file ../../../Engine/Plugins/Runtime/AudioCapture/Binaries/Win64/UE4Editor-AudioCaptureEditor.dll (API version 3944462).
LogModuleManager: Display: Found up-to-date module file ../../../Engine/Plugins/Runtime/CableComponent/Binaries/Win64/UE4Editor-CableComponent.dll (API version 3944462).
LogModuleManager: Display: Found up-to-date module file ../../../Engine/Plugins/Runtime/CustomMeshComponent/Binaries/Win64/UE4Editor-CustomMeshComponent.dll (API version 3944462).
LogModuleManager: Display: Found up-to-date module file ../../../Engine/Plugins/Runtime/ExampleDeviceProfileSelector/Binaries/Win64/UE4Editor-ExampleDeviceProfileSelector.dll (API version 3944462).
LogModuleManager: Display: Found up-to-date module file ../../../Engine/Plugins/Runtime/ImmediatePhysics/Binaries/Win64/UE4Editor-ImmediatePhysics.dll (API version 3944462).
LogModuleManager: Display: Found up-to-date module file ../../../Engine/Plugins/Runtime/ImmediatePhysics/Binaries/Win64/UE4Editor-ImmediatePhysicsEditor.dll (API version 3944462).
LogModuleManager: Display: Found up-to-date module file ../../../Engine/Plugins/Runtime/LocationServicesBPLibrary/Binaries/Win64/UE4Editor-LocationServicesBPLibrary.dll (API version 3944462).
LogModuleManager: Display: Found up-to-date module file ../../../Engine/Plugins/Runtime/MobilePatchingUtils/Binaries/Win64/UE4Editor-MobilePatchingUtils.dll (API version 3944462).
LogModuleManager: Display: Found up-to-date module file ../../../Engine/Plugins/Runtime/Oculus/OculusVR/Binaries/Win64/UE4Editor-OculusHMD.dll (API version 3944462).
LogModuleManager: Display: Found up-to-date module file ../../../Engine/Plugins/Runtime/Oculus/OculusVR/Binaries/Win64/UE4Editor-OculusInput.dll (API version 3944462).
LogModuleManager: Display: Found up-to-date module file ../../../Engine/Plugins/Runtime/Oculus/OculusVR/Binaries/Win64/UE4Editor-OculusEditor.dll (API version 3944462).
LogModuleManager: Display: Found up-to-date module file ../../../Engine/Plugins/Runtime/PhysXVehicles/Binaries/Win64/UE4Editor-PhysXVehicles.dll (API version 3944462).
LogModuleManager: Display: Found up-to-date module file ../../../Engine/Plugins/Runtime/PhysXVehicles/Binaries/Win64/UE4Editor-PhysXVehiclesEditor.dll (API version 3944462).
LogModuleManager: Display: Found up-to-date module file ../../../Engine/Plugins/Runtime/ProceduralMeshComponent/Binaries/Win64/UE4Editor-ProceduralMeshComponent.dll (API version 3944462).
LogModuleManager: Display: Found up-to-date module file ../../../Engine/Plugins/Runtime/ProceduralMeshComponent/Binaries/Win64/UE4Editor-ProceduralMeshComponentEditor.dll (API version 3944462).
LogModuleManager: Display: Found up-to-date module file ../../../Engine/Plugins/Runtime/RuntimePhysXCooking/Binaries/Win64/UE4Editor-RuntimePhysXCooking.dll (API version 3944462).
LogModuleManager: Display: Found up-to-date module file ../../../Engine/Plugins/Runtime/Steam/SteamVR/Binaries/Win64/UE4Editor-SteamVR.dll (API version 3944462).
LogModuleManager: Display: Found up-to-date module file ../../../Engine/Plugins/Runtime/Steam/SteamVR/Binaries/Win64/UE4Editor-SteamVRController.dll (API version 3944462).
LogModuleManager: Display: Found up-to-date module file ../../../Engine/Plugins/Runtime/WindowsMoviePlayer/Binaries/Win64/UE4Editor-WindowsMoviePlayer.dll (API version 3944462).
LogInit: Using libcurl 7.47.1
LogInit:  - built for x86_64-pc-win32
LogInit:  - supports SSL with OpenSSL/1.0.2g
LogInit:  - supports HTTP deflate (compression) using libz 1.2.8
LogInit:  - other features:
LogInit:      CURL_VERSION_SSL
LogInit:      CURL_VERSION_LIBZ
LogInit:      CURL_VERSION_IPV6
LogInit:      CURL_VERSION_ASYNCHDNS
LogInit:      CURL_VERSION_LARGEFILE
LogInit:      CURL_VERSION_IDN
LogInit:  CurlRequestOptions (configurable via config and command line):
LogInit:  - bVerifyPeer = false  - Libcurl will NOT verify peer certificate
LogInit:  - bUseHttpProxy = false  - Libcurl will NOT use HTTP proxy
LogInit:  - bDontReuseConnections = false  - Libcurl will reuse connections
LogInit:  - CertBundlePath = nullptr  - Libcurl will use whatever was configured at build time.
LogInit:  - MaxHostConnections = 16  - Libcurl will limit the number of connections to a host
LogInit:  - LocalHostAddr = Default
LogInit: WinSock: version 1.1 (2.2), MaxSocks=32767, MaxUdp=65467
LogInit: WinSock: I am DESKTOP-ULVVP9N (192.168.217.1:0)
LogInit: Build: ++UE4+Release-4.19-CL-4033788
LogInit: Engine Version: 4.19.2-4033788+++UE4+Release-4.19
LogInit: Compatible Engine Version: 4.19.0-3944462+++UE4+Release-4.19
LogInit: Net CL: 3944462
LogDevObjectVersion: Number of dev versions registered: 18
LogDevObjectVersion:   Dev-Blueprints (B0D832E4-1F89-4F0D-ACCF-7EB736FD4AA2): 10
LogDevObjectVersion:   Dev-Build (E1C64328-A22C-4D53-A36C-8E866417BD8C): 0
LogDevObjectVersion:   Dev-Core (375EC13C-06E4-48FB-B500-84F0262A717E): 2
LogDevObjectVersion:   Dev-Editor (E4B068ED-F494-42E9-A231-DA0B2E46BB41): 23
LogDevObjectVersion:   Dev-Framework (CFFC743F-43B0-4480-9391-14DF171D2073): 33
LogDevObjectVersion:   Dev-Mobile (B02B49B5-BB20-44E9-A304-32B752E40360): 2
LogDevObjectVersion:   Dev-Networking (A4E4105C-59A1-49B5-A7C5-40C4547EDFEE): 0
LogDevObjectVersion:   Dev-Online (39C831C9-5AE6-47DC-9A44-9C173E1C8E7C): 0
LogDevObjectVersion:   Dev-Physics (78F01B33-EBEA-4F98-B9B4-84EACCB95AA2): 0
LogDevObjectVersion:   Dev-Platform (6631380F-2D4D-43E0-8009-CF276956A95A): 0
LogDevObjectVersion:   Dev-Rendering (12F88B9F-8875-4AFC-A67C-D90C383ABD29): 25
LogDevObjectVersion:   Dev-Sequencer (7B5AE74C-D270-4C10-A958-57980B212A5A): 6
LogDevObjectVersion:   Dev-VR (D7296918-1DD6-4BDD-9DE2-64A83CC13884): 1
LogDevObjectVersion:   Dev-LoadTimes (C2A15278-BFE7-4AFE-6C17-90FF531DF755): 1
LogDevObjectVersion:   Private-Geometry (6EACA3D4-40EC-4CC1-B786-8BED09428FC5): 2
LogDevObjectVersion:   Dev-AnimPhys (29E575DD-E0A3-4627-9D10-D276232CDCEA): 16
LogDevObjectVersion:   Dev-ReflectionCapture (6B266CEC-1EC7-4B8F-A30B-E4D90942FC07): 1
LogDevObjectVersion:   Dev-Automation (0DF73D61-A23F-47EA-B727-89E90C41499A): 1
LogInit: Compiled (64-bit): Apr 27 2018 02:06:57
LogInit: Compiled with Visual C++: 19.00.24215.01
LogInit: Build Configuration: Development
LogInit: Branch Name: ++UE4+Release-4.19
LogInit: Command Line:  -skipcompile
LogInit: Base Directory: D:/Program Files/Epic Games/UE_4.19/Engine/Binaries/Win64/
LogInit: Installed Engine Build: 1
LogStreaming: Display: Took  0.005s to delete old logs.
LogInit: Presizing for max 8388607 objects, including 0 objects not considered by GC, pre-allocating 0 bytes for permanent pool.
LogInit: Object subsystem initialized
[2019.03.19-02.04.25:624][  0]LogInit: Selected Device Profile: [Windows]
[2019.03.19-02.04.25:624][  0]LogInit: Applying CVar settings loaded from the selected device profile: [Windows]
[2019.03.19-02.04.25:652][  0]LogInit: Computer: DESKTOP-ULVVP9N
[2019.03.19-02.04.25:652][  0]LogInit: User: ZYK
[2019.03.19-02.04.25:652][  0]LogInit: CPU Page size=4096, Cores=4
[2019.03.19-02.04.25:653][  0]LogInit: High frequency timer resolution =3.515625 MHz
[2019.03.19-02.04.25:653][  0]LogMemory: Memory total: Physical=7.9GB (8GB approx)
[2019.03.19-02.04.25:653][  0]LogMemory: Platform Memory Stats for Windows
[2019.03.19-02.04.25:653][  0]LogMemory: Process Physical Memory: 276.56 MB used, 276.56 MB peak
[2019.03.19-02.04.25:653][  0]LogMemory: Process Virtual Memory: 264.88 MB used, 264.88 MB peak
[2019.03.19-02.04.25:653][  0]LogMemory: Physical Memory: 5742.06 MB used,  2390.38 MB free, 8132.44 MB total
[2019.03.19-02.04.25:653][  0]LogMemory: Virtual Memory: 698.16 MB used,  2390.38 MB free, 134217728.00 MB total
[2019.03.19-02.04.25:865][  0]LogInit: Overriding language with editor language configuration option (en).
[2019.03.19-02.04.25:866][  0]LogInit: Overriding locale with editor locale configuration option (en).
[2019.03.19-02.04.26:420][  0]LogStreaming: Display: Took  0.555s to EndInitTextLocalization.
[2019.03.19-02.04.26:420][  0]LogInit: Setting process to per monitor DPI aware
[2019.03.19-02.04.26:554][  0]LogSlate: New Slate User Created.  User Index 0, Is Virtual User: 0
[2019.03.19-02.04.26:554][  0]LogSlate: Slate User Registered.  User Index 0, Is Virtual User: 0
[2019.03.19-02.04.27:009][  0]LogD3D11RHI: D3D11 adapters:
[2019.03.19-02.04.27:145][  0]LogD3D11RHI:    0. 'NVIDIA GeForce GTX 1050 Ti' (Feature Level 11_0)
[2019.03.19-02.04.27:145][  0]LogD3D11RHI:       4029/0/4066 MB DedicatedVideo/DedicatedSystem/SharedSystem, Outputs:2, VendorId:0x10de
[2019.03.19-02.04.27:160][  0]LogD3D11RHI:    1. 'Microsoft Basic Render Driver' (Feature Level 11_0)
[2019.03.19-02.04.27:160][  0]LogD3D11RHI:       0/0/4066 MB DedicatedVideo/DedicatedSystem/SharedSystem, Outputs:0, VendorId:0x1414
[2019.03.19-02.04.27:160][  0]LogD3D11RHI: Chosen D3D11 Adapter: 0
[2019.03.19-02.04.27:172][  0]LogD3D11RHI: Creating new Direct3DDevice
[2019.03.19-02.04.27:172][  0]LogD3D11RHI:     GPU DeviceId: 0x1c82 (for the marketing name, search the web for "GPU Device Id")
[2019.03.19-02.04.27:172][  0]LogWindows: EnumDisplayDevices:
[2019.03.19-02.04.27:172][  0]LogWindows:    0. 'NVIDIA GeForce GTX 1050 Ti' (P:0 D:1)
[2019.03.19-02.04.27:173][  0]LogWindows:    1. 'NVIDIA GeForce GTX 1050 Ti' (P:1 D:1)
[2019.03.19-02.04.27:174][  0]LogWindows:    2. 'NVIDIA GeForce GTX 1050 Ti' (P:0 D:0)
[2019.03.19-02.04.27:174][  0]LogWindows:    3. 'NVIDIA GeForce GTX 1050 Ti' (P:0 D:0)
[2019.03.19-02.04.27:175][  0]LogWindows: DebugString: GetVideoDriverDetailsInvalid PrimaryIsNotTheChoosenAdapter GetVideoDriverDetailsInvalid PrimaryIsNotTheChoosenAdapter GetVideoDriverDetailsInvalid PrimaryIsNotTheChoosenAdapter GetVideoDriverDetailsInvalid PrimaryIsNotTheChoosenAdapter FoundDriverCount:0 
[2019.03.19-02.04.27:175][  0]LogD3D11RHI:     Adapter Name: NVIDIA GeForce GTX 1050 Ti
[2019.03.19-02.04.27:175][  0]LogD3D11RHI:   Driver Version: Unknown (internal:Unknown, unified:Unknown)
[2019.03.19-02.04.27:175][  0]LogD3D11RHI:      Driver Date: Unknown
[2019.03.19-02.04.27:175][  0]LogRHI: Texture pool is 2820 MB (70% of 4029 MB)
[2019.03.19-02.04.27:211][  0]LogD3D11RHI: [Aftermath] Aftermath enabled but failed to initialize
[2019.03.19-02.04.27:211][  0]LogD3D11RHI: [Aftermath] Aftermath enabled and primed
[2019.03.19-02.04.27:212][  0]LogD3D11RHI: Async texture creation enabled
[2019.03.19-02.04.27:234][  0]LogD3D11RHI: GPU Timing Frequency: 1000.000000 (Debug: 2 1)
[2019.03.19-02.04.27:284][  0]LogShaderCompilers: Guid format shader working directory is -19 characters bigger than the processId version (C:/Users/ZYK/Documents/Unreal Projects/ue4_simpleDemo_wangziqi/Intermediate/Shaders/WorkingDirectory/17840/).
[2019.03.19-02.04.27:284][  0]LogShaderCompilers: Cleaned the shader compiler working directory 'C:/Users/ZYK/AppData/Local/Temp/UnrealShaderWorkingDir/D5CCEDA74BE2F7E5742CD2A1363CCEEE/'.
[2019.03.19-02.04.27:769][  0]LogTemp: Display: Loaded TP AllDesktopTargetPlatform
[2019.03.19-02.04.27:784][  0]LogTemp: Display: Loaded TP MacClientTargetPlatform
[2019.03.19-02.04.27:799][  0]LogTemp: Display: Loaded TP MacNoEditorTargetPlatform
[2019.03.19-02.04.27:815][  0]LogTemp: Display: Loaded TP MacServerTargetPlatform
[2019.03.19-02.04.27:842][  0]LogTemp: Display: Loaded TP MacTargetPlatform
[2019.03.19-02.04.27:856][  0]LogTemp: Display: Loaded TP WindowsClientTargetPlatform
[2019.03.19-02.04.27:872][  0]LogTemp: Display: Loaded TP WindowsNoEditorTargetPlatform
[2019.03.19-02.04.27:888][  0]LogTemp: Display: Loaded TP WindowsServerTargetPlatform
[2019.03.19-02.04.27:898][  0]LogTemp: Display: Loaded TP WindowsTargetPlatform
[2019.03.19-02.04.27:913][  0]LogTemp: Display: Loaded TP Android_ASTCTargetPlatform
[2019.03.19-02.04.27:927][  0]LogTemp: Display: Loaded TP Android_ATCTargetPlatform
[2019.03.19-02.04.27:940][  0]LogTemp: Display: Loaded TP Android_DXTTargetPlatform
[2019.03.19-02.04.27:953][  0]LogTemp: Display: Loaded TP Android_ETC1aTargetPlatform
[2019.03.19-02.04.27:966][  0]LogTemp: Display: Loaded TP Android_ETC1TargetPlatform
[2019.03.19-02.04.27:980][  0]LogTemp: Display: Loaded TP Android_ETC2TargetPlatform
[2019.03.19-02.04.28:006][  0]LogTemp: Display: Loaded TP Android_MultiTargetPlatform
[2019.03.19-02.04.28:006][  0]LogTemp: Display: Loaded TP Android_PVRTCTargetPlatform
[2019.03.19-02.04.28:027][  0]LogTemp: Display: Loaded TP AndroidTargetPlatform
[2019.03.19-02.04.28:031][  0]LogTemp: Display: Loaded TP HTML5TargetPlatform
[2019.03.19-02.04.28:107][  0]LogTemp: Display: Loaded TP IOSTargetPlatform
[2019.03.19-02.04.28:118][  0]LogTemp: Display: Loaded TP TVOSTargetPlatform
[2019.03.19-02.04.28:134][  0]LogTemp: Display: Loaded TP LinuxClientTargetPlatform
[2019.03.19-02.04.28:149][  0]LogTemp: Display: Loaded TP LinuxNoEditorTargetPlatform
[2019.03.19-02.04.28:172][  0]LogTemp: Display: Loaded TP LinuxServerTargetPlatform
[2019.03.19-02.04.28:194][  0]LogTemp: Display: Loaded TP LinuxTargetPlatform
[2019.03.19-02.04.28:194][  0]LogTargetPlatformManager: Display: Building Assets For Windows
[2019.03.19-02.04.28:626][  0]LogXGEController: Cleaning working directory: C:/Users/ZYK/AppData/Local/Temp/UnrealXGEWorkingDir/
[2019.03.19-02.04.28:626][  0]LogXGEController: Cannot use XGE Controller as Incredibuild is not installed on this machine.
[2019.03.19-02.04.28:626][  0]LogShaderCompilers: Cannot use XGE Shader Compiler as Incredibuild is not installed on this machine.
[2019.03.19-02.04.28:626][  0]LogShaderCompilers: Display: Using Local Shader Compiler.
[2019.03.19-02.04.29:366][  0]LogDerivedDataCache: Display: Max Cache Size: 512 MB
[2019.03.19-02.04.29:466][  0]LogDerivedDataCache: Loaded boot cache 0.10s 74MB C:/Users/ZYK/AppData/Local/UnrealEngine/4.19/DerivedDataCache/Boot.ddc.
[2019.03.19-02.04.29:467][  0]LogDerivedDataCache: Display: Loaded Boot cache: C:/Users/ZYK/AppData/Local/UnrealEngine/4.19/DerivedDataCache/Boot.ddc
[2019.03.19-02.04.29:467][  0]LogDerivedDataCache: FDerivedDataBackendGraph:  Pak pak cache file C:/Users/ZYK/Documents/Unreal Projects/ue4_simpleDemo_wangziqi/DerivedDataCache/DDC.ddp not found, will not use a pak cache.
[2019.03.19-02.04.29:467][  0]LogDerivedDataCache: Unable to find inner node Pak for hierarchical cache Hierarchy.
[2019.03.19-02.04.29:467][  0]LogDerivedDataCache: FDerivedDataBackendGraph:  CompressedPak pak cache file C:/Users/ZYK/Documents/Unreal Projects/ue4_simpleDemo_wangziqi/DerivedDataCache/Compressed.ddp not found, will not use a pak cache.
[2019.03.19-02.04.29:467][  0]LogDerivedDataCache: Unable to find inner node CompressedPak for hierarchical cache Hierarchy.
[2019.03.19-02.04.29:490][  0]LogDerivedDataCache: Display: Pak cache opened for reading ../../../Engine/DerivedDataCache/Compressed.ddp.
[2019.03.19-02.04.29:508][  0]LogDerivedDataCache: Using Local data cache path C:/Users/ZYK/AppData/Local/UnrealEngine/Common/DerivedDataCache: Writable
[2019.03.19-02.04.29:508][  0]LogDerivedDataCache: Shared data cache path not found in *engine.ini, will not use an Shared cache.
[2019.03.19-02.04.29:508][  0]LogDerivedDataCache: Unable to find inner node Shared for hierarchical cache Hierarchy.
[2019.03.19-02.04.29:522][  0]LogMaterial: Verifying Global Shaders for PCD3D_SM5
[2019.03.19-02.04.29:523][  0]LogSlate: Using Freetype 2.6.0
[2019.03.19-02.04.29:527][  0]LogSlate: SlateFontCache - WITH_FREETYPE: 1, WITH_HARFBUZZ: 1
[2019.03.19-02.04.29:528][  0]LogSlate: SlateFontCache - WITH_FREETYPE: 1, WITH_HARFBUZZ: 1
[2019.03.19-02.04.30:428][  0]LogAssetRegistry: FAssetRegistry took 0.0285 seconds to start up
[2019.03.19-02.04.31:200][  0]LogInit: Selected Device Profile: [Windows]
[2019.03.19-02.04.31:473][  0]LogSimplygon: Simplygon DLL not present - disabling.
[2019.03.19-02.04.31:480][  0]LogMeshReduction: Using SimplygonSwarm for distributed automatic mesh merging
[2019.03.19-02.04.31:480][  0]LogMeshReduction: Using QuadricMeshReduction for automatic static mesh reduction
[2019.03.19-02.04.31:480][  0]LogMeshReduction: No automatic skeletal mesh reduction module available
[2019.03.19-02.04.31:480][  0]LogMeshReduction: No automatic mesh merging module available
[2019.03.19-02.04.31:481][  0]LogMeshMerging: No automatic mesh merging module available
[2019.03.19-02.04.31:514][  0]LogNetVersion: Hand , NetCL: 3944462, EngineNetVer: 2, GameNetVer: 0 (Checksum: 4255602584)
[2019.03.19-02.04.32:247][  0]LogPackageLocalizationCache: Processed 9 localized package path(s) for 1 prioritized culture(s) in 0.120644 seconds
[2019.03.19-02.04.32:253][  0]LogUObjectArray: 36728 objects as part of root set at end of initial load.
[2019.03.19-02.04.32:253][  0]LogUObjectAllocator: 7314312 out of 0 bytes used by permanent object pool.
[2019.03.19-02.04.32:253][  0]LogUObjectArray: CloseDisregardForGC: 0/0 objects in disregard for GC pool
[2019.03.19-02.04.36:508][  0]LogTcpMessaging: Initializing TcpMessaging bridge
[2019.03.19-02.04.36:550][  0]LogUdpMessaging: Initializing bridge on interface 0.0.0.0:0 to multicast group 230.0.0.1:6666.
[2019.03.19-02.04.37:452][  0]SourceControl: Source control is disabled
[2019.03.19-02.04.37:453][  0]SourceControl: Source control is disabled
[2019.03.19-02.04.37:500][  0]SourceControl: Source control is disabled
[2019.03.19-02.04.37:525][  0]SourceControl: Source control is disabled
[2019.03.19-02.04.38:388][  0]LogAndroidPermission: UAndroidPermissionCallbackProxy::GetInstance
[2019.03.19-02.04.38:881][  0]LogOcInput: OculusInput pre-init called
[2019.03.19-02.04.39:231][  0]LogEngine: Initializing Engine...
[2019.03.19-02.04.39:277][  0]LogHMD: Failed to initialize OpenVR with code 126
[2019.03.19-02.04.39:278][  0]LogStats: UGameplayTagsManager::ConstructGameplayTagTree: Construct from data asset -  0.000 s
[2019.03.19-02.04.39:278][  0]LogStats: UGameplayTagsManager::ConstructGameplayTagTree: GameplayTagTreeChangedEvent.Broadcast -  0.000 s
[2019.03.19-02.04.39:898][  0]LogAIModule: Creating AISystem for world Untitled
[2019.03.19-02.04.40:092][  0]LogInit: XAudio2 using '扬声器 (Realtek High Definition Audio)' : 2 channels at 48 kHz using 32 bits per sample (channel mask 0x3)
[2019.03.19-02.04.40:178][  0]LogInit: FAudioDevice initialized.
[2019.03.19-02.04.40:399][  0]LogDerivedDataCache: Saved boot cache 0.22s 74MB C:/Users/ZYK/AppData/Local/UnrealEngine/4.19/DerivedDataCache/Boot.ddc.
[2019.03.19-02.04.40:421][  0]LogInit: Texture streaming: Enabled
[2019.03.19-02.04.40:512][  0]LogEngineSessionManager: EngineSessionManager initialized
[2019.03.19-02.04.40:631][  0]LogInit: Transaction tracking system initialized
[2019.03.19-02.04.40:795][  0]BlueprintLog: New page: Editor Load
[2019.03.19-02.04.41:437][  0]LocalizationService: Localization service is disabled
[2019.03.19-02.04.42:337][  0]LogConsoleResponse: Display: 
[2019.03.19-02.04.43:659][  0]LogFileCache: Scanning file cache for directory 'C:/Users/ZYK/Documents/Unreal Projects/ue4_simpleDemo_wangziqi/Content/' took 0.01s
[2019.03.19-02.04.43:659][  0]LogCook: Display: Max memory allowance for cook 16384mb min free memory 0mb
[2019.03.19-02.04.43:659][  0]LogCook: Display: Mobile HDR setting 1
[2019.03.19-02.04.43:659][  0]LogGameplayTags: Display: UGameplayTagsManager::DoneAddingNativeTags. DelegateIsBound: 0
[2019.03.19-02.04.43:659][  0]LogStats: UGameplayTagsManager::ConstructGameplayTagTree: Construct from data asset -  0.000 s
[2019.03.19-02.04.43:660][  0]LogStats: UGameplayTagsManager::ConstructGameplayTagTree: GameplayTagTreeChangedEvent.Broadcast -  0.000 s
[2019.03.19-02.04.44:751][  0]SourceControl: Source control is disabled
[2019.03.19-02.04.44:780][  0]Cmd: MAP LOAD FILE="C:/Users/ZYK/Documents/Unreal Projects/ue4_simpleDemo_wangziqi/Content/NewMap.umap" TEMPLATE=0 SHOWPROGRESS=1 FEATURELEVEL=3
[2019.03.19-02.04.44:791][  0]LightingResults: New page: Lighting Build
[2019.03.19-02.04.44:920][  0]MapCheck: New page: Map Check
[2019.03.19-02.04.44:920][  0]LightingResults: New page: Lighting Build
[2019.03.19-02.04.45:892][  0]LogAIModule: Creating AISystem for world NewMap
[2019.03.19-02.04.46:109][  0]LogEditorServer: Finished looking for orphan Actors (0.000 secs)
[2019.03.19-02.04.46:160][  0]Cmd: MAP CHECKDEP NOCLEARLOG
[2019.03.19-02.04.46:200][  0]MapCheck: Map check complete: 0 Error(s), 0 Warning(s), took 40.066ms to complete.
[2019.03.19-02.04.46:200][  0]LogFileHelpers: Loading map 'NewMap' took 1.428
[2019.03.19-02.04.46:605][  0]LogWindowsTextInputMethodSystem: Display: IME system now activated using TSF (搜狗拼音输入法).
[2019.03.19-02.04.46:730][  0]LogCollectionManager: Loaded 0 collections in 0.001885 seconds
[2019.03.19-02.04.46:794][  0]LogFileCache: Scanning file cache for directory 'C:/Users/ZYK/Documents/Unreal Projects/ue4_simpleDemo_wangziqi/Saved/Collections/' took 0.01s
[2019.03.19-02.04.46:794][  0]LogFileCache: Scanning file cache for directory 'C:/Users/ZYK/Documents/Unreal Projects/ue4_simpleDemo_wangziqi/Content/Developers/ZYK/Collections/' took 0.01s
[2019.03.19-02.04.46:794][  0]LogFileCache: Scanning file cache for directory 'C:/Users/ZYK/Documents/Unreal Projects/ue4_simpleDemo_wangziqi/Content/Collections/' took 0.01s
[2019.03.19-02.04.46:794][  0]LogCollectionManager: Rebuilt the GUID cache for 0 collections in 0.000000 seconds
[2019.03.19-02.04.46:810][  0]LogContentBrowser: Native class hierarchy populated in 0.0163 seconds. Added 2457 classes and 560 folders.
[2019.03.19-02.04.46:852][  0]LogContentBrowser: Native class hierarchy updated for 'WidgetCarousel' in 0.0069 seconds. Added 0 classes and 0 folders.
[2019.03.19-02.04.47:154][  0]LogContentBrowser: Native class hierarchy updated for 'AddContentDialog' in 0.0070 seconds. Added 0 classes and 0 folders.
[2019.03.19-02.04.47:204][  0]LogContentBrowser: Native class hierarchy updated for 'SceneOutliner' in 0.0074 seconds. Added 1 classes and 2 folders.
[2019.03.19-02.04.47:788][  0]LogSlate: Took 0.013166 seconds to synchronously load lazily loaded font '../../../Engine/Content/Slate/Fonts/Roboto-Regular.ttf' (155K)
[2019.03.19-02.04.47:812][  0]LogSlate: Took 0.022453 seconds to synchronously load lazily loaded font '../../../Engine/Content/Slate/Fonts/Roboto-Bold.ttf' (160K)
[2019.03.19-02.04.47:834][  0]LogSlate: Took 0.012216 seconds to synchronously load lazily loaded font '../../../Engine/Content/Editor/Slate/Fonts/FontAwesome.ttf' (139K)
[2019.03.19-02.04.47:906][  0]LogSlate: Took 0.014240 seconds to synchronously load lazily loaded font '../../../Engine/Content/Slate/Fonts/Roboto-Light.ttf' (167K)
[2019.03.19-02.04.48:217][  0]LogRenderer: Reallocating scene render targets to support 796x416 Format 9 NumSamples 1 (Frame:1).
[2019.03.19-02.04.48:660][  0]LogContentBrowser: Native class hierarchy updated for 'HierarchicalLODOutliner' in 0.0073 seconds. Added 0 classes and 0 folders.
[2019.03.19-02.04.48:660][  0]LogLoad: (Engine Initialization) Total time: 28.55 seconds
[2019.03.19-02.04.48:660][  0]LogLoad: (Engine Initialization) Total Blueprint compile time: 0.00 seconds
[2019.03.19-02.04.48:809][  0]LogContentStreaming: Texture pool size now 800 MB
[2019.03.19-02.04.49:032][  1]LogAssetRegistry: Asset discovery search completed in 18.6281 seconds
[2019.03.19-02.04.49:035][  1]LogCollectionManager: Rebuilt the object cache for 0 collections in 0.000000 seconds (found 0 objects)
[2019.03.19-02.04.49:035][  1]LogCollectionManager: Fixed up redirectors for 0 collections in 0.000190 seconds (updated 0 objects)
[2019.03.19-02.05.13:435][901]LogSlate: FSceneViewport::OnFocusLost() reason 0
[2019.03.19-02.05.13:566][916]LogTemp: Repeating last play command: Selected Viewport
[2019.03.19-02.05.13:607][916]LogPlayLevel: PlayLevel: No blueprints needed recompiling
[2019.03.19-02.05.13:643][916]PIE: New page: PIE session: NewMap (Mar 19, 2019, 6:05:13 PM)
[2019.03.19-02.05.13:643][916]LogPlayLevel: Creating play world package: /Game/UEDPIE_0_NewMap
[2019.03.19-02.05.13:673][916]LogPlayLevel: PIE: StaticDuplicateObject took: (0.029912s)
[2019.03.19-02.05.13:674][916]LogAIModule: Creating AISystem for world NewMap
[2019.03.19-02.05.13:674][916]LogPlayLevel: PIE: World Init took: (0.001106s)
[2019.03.19-02.05.13:674][916]LogPlayLevel: PIE: Created PIE world by copying editor world from /Game/NewMap.NewMap to /Game/UEDPIE_0_NewMap.NewMap (0.031482s)
[2019.03.19-02.05.13:793][916]LogInit: XAudio2 using '扬声器 (Realtek High Definition Audio)' : 2 channels at 48 kHz using 32 bits per sample (channel mask 0x3)
[2019.03.19-02.05.13:842][916]LogInit: FAudioDevice initialized.
[2019.03.19-02.05.13:931][916]LogUObjectGlobals: Created PersistentFrame Addr=0x0000020c586aebc0, Size=172, Default__HandAnimBlueprint_C Function /Game/HandAnimBlueprint.HandAnimBlueprint_C:ExecuteUbergraph_HandAnimBlueprint
[2019.03.19-02.05.13:944][916]LogUObjectGlobals: Destroyed PersistentFrame Addr=0x0000020c586aebc0, Size=172
[2019.03.19-02.05.13:944][916]LogUObjectGlobals: Created PersistentFrame Addr=0x0000020c0f99ba00, Size=172, Default__HandAnimBlueprint_C Function /Engine/Transient.REINST_HandAnimBlueprint_C_0:ExecuteUbergraph_HandAnimBlueprint
[2019.03.19-02.05.13:963][916]LogBlueprint: Warning: [Compiler HandAnimBlueprint] You must specify at least one Source Bone
[2019.03.19-02.05.13:971][916]LogUObjectGlobals: Created PersistentFrame Addr=0x0000020c4112d0c0, Size=172, Default__HandAnimBlueprint_C Function /Game/HandAnimBlueprint.HandAnimBlueprint_C:ExecuteUbergraph_HandAnimBlueprint
[2019.03.19-02.05.13:972][916]LogBlueprint: Warning: [Compiler HandAnimBlueprint] Node  Transform (Modify) Bone - Bone: index3_r  uses potentially thread-unsafe call  Change Index 3 . Disable threaded update or use a thread-safe call. Function may need BlueprintThreadSafe metadata adding.
[2019.03.19-02.05.13:973][916]LogBlueprint: Warning: [Compiler HandAnimBlueprint] Node  Transform (Modify) Bone - Bone: index2_r  uses potentially thread-unsafe call  Change Index 2 . Disable threaded update or use a thread-safe call. Function may need BlueprintThreadSafe metadata adding.
[2019.03.19-02.05.13:973][916]LogBlueprint: Warning: [Compiler HandAnimBlueprint] Node  Transform (Modify) Bone - Bone: index1_r  uses potentially thread-unsafe call  Change Index 1 . Disable threaded update or use a thread-safe call. Function may need BlueprintThreadSafe metadata adding.
[2019.03.19-02.05.13:973][916]LogBlueprint: Warning: [Compiler HandAnimBlueprint] Node  Transform (Modify) Bone - Bone: thumb3_r  uses potentially thread-unsafe call  Change Thumb 3 . Disable threaded update or use a thread-safe call. Function may need BlueprintThreadSafe metadata adding.
[2019.03.19-02.05.13:973][916]LogBlueprint: Warning: [Compiler HandAnimBlueprint] Node  Transform (Modify) Bone - Bone: thumb1_r  uses potentially thread-unsafe call  Change Thumb 1 . Disable threaded update or use a thread-safe call. Function may need BlueprintThreadSafe metadata adding.
[2019.03.19-02.05.13:973][916]LogBlueprint: Warning: [Compiler HandAnimBlueprint] Node  Transform (Modify) Bone - Bone: middle1_r  uses potentially thread-unsafe call  Change Middle 1 . Disable threaded update or use a thread-safe call. Function may need BlueprintThreadSafe metadata adding.
[2019.03.19-02.05.13:974][916]LogBlueprint: Warning: [Compiler HandAnimBlueprint] Node  Transform (Modify) Bone - Bone: middle2_r  uses potentially thread-unsafe call  Change Middle 2 . Disable threaded update or use a thread-safe call. Function may need BlueprintThreadSafe metadata adding.
[2019.03.19-02.05.13:974][916]LogBlueprint: Warning: [Compiler HandAnimBlueprint] Node  Transform (Modify) Bone - Bone: middle3_r  uses potentially thread-unsafe call  Change Middle 3 . Disable threaded update or use a thread-safe call. Function may need BlueprintThreadSafe metadata adding.
[2019.03.19-02.05.13:974][916]LogBlueprint: Warning: [Compiler HandAnimBlueprint] Node  Transform (Modify) Bone - Bone: ring1_r  uses potentially thread-unsafe call  Change Ring 1 . Disable threaded update or use a thread-safe call. Function may need BlueprintThreadSafe metadata adding.
[2019.03.19-02.05.13:974][916]LogBlueprint: Warning: [Compiler HandAnimBlueprint] Node  Transform (Modify) Bone - Bone: ring2_r  uses potentially thread-unsafe call  Change Ring 2 . Disable threaded update or use a thread-safe call. Function may need BlueprintThreadSafe metadata adding.
[2019.03.19-02.05.13:974][916]LogBlueprint: Warning: [Compiler HandAnimBlueprint] Node  Transform (Modify) Bone - Bone: ring3_r  uses potentially thread-unsafe call  Change Ring 3 . Disable threaded update or use a thread-safe call. Function may need BlueprintThreadSafe metadata adding.
[2019.03.19-02.05.13:974][916]LogBlueprint: Warning: [Compiler HandAnimBlueprint] Node  Transform (Modify) Bone - Bone: pinky2_r  uses potentially thread-unsafe call  Change Little 1 . Disable threaded update or use a thread-safe call. Function may need BlueprintThreadSafe metadata adding.
[2019.03.19-02.05.13:975][916]LogBlueprint: Warning: [Compiler HandAnimBlueprint] Node  Transform (Modify) Bone - Bone: pinky3_r  uses potentially thread-unsafe call  Change Little 2 . Disable threaded update or use a thread-safe call. Function may need BlueprintThreadSafe metadata adding.
[2019.03.19-02.05.13:975][916]LogBlueprint: Warning: [Compiler HandAnimBlueprint] Node  Transform (Modify) Bone - Bone: pinky4_r  uses potentially thread-unsafe call  Change Little 3 . Disable threaded update or use a thread-safe call. Function may need BlueprintThreadSafe metadata adding.
[2019.03.19-02.05.13:975][916]LogBlueprint: Warning: [Compiler HandAnimBlueprint] [0053.86] Compile of HandAnimBlueprint successful, but with 15 Warning(s) [in 36 ms] (/Game/HandAnimBlueprint.HandAnimBlueprint)
[2019.03.19-02.05.14:016][916]LogUObjectGlobals: Created PersistentFrame Addr=0x0000020c41137000, Size=120, Default__Hand_BP_C Function /Game/Hand_BP.Hand_BP_C:ExecuteUbergraph_Hand_BP
[2019.03.19-02.05.14:024][916]LogUObjectGlobals: Destroyed PersistentFrame Addr=0x0000020c41137000, Size=120
[2019.03.19-02.05.14:024][916]LogUObjectGlobals: Created PersistentFrame Addr=0x0000020c41137000, Size=120, Default__Hand_BP_C Function /Engine/Transient.REINST_Hand_BP_C_10:ExecuteUbergraph_Hand_BP
[2019.03.19-02.05.14:037][916]LogUObjectGlobals: Created PersistentFrame Addr=0x0000020c41137600, Size=120, Default__Hand_BP_C Function /Game/Hand_BP.Hand_BP_C:ExecuteUbergraph_Hand_BP
[2019.03.19-02.05.14:108][916]LogSkeletalMesh: Skeletal Mesh found in DDC [8.642276ms] /Game/ImportFile/hand_right_1.hand_right_1
[2019.03.19-02.05.14:115][916]LogLoad: Game class is 'MyGameMode_C'
[2019.03.19-02.05.14:139][916]LogWorld: Bringing World /Game/UEDPIE_0_NewMap.NewMap up for play (max tick rate 0) at 2019.03.19-10.05.14
[2019.03.19-02.05.14:178][916]LogWorld: Bringing up level for play took: 0.038854
[2019.03.19-02.05.14:213][916]LogContentBrowser: Native class hierarchy updated for 'MovieSceneCapture' in 0.0069 seconds. Added 11 classes and 0 folders.
[2019.03.19-02.05.14:258][916]PIE: Play in editor start time for /Game/UEDPIE_0_NewMap 0.413
[2019.03.19-02.05.20:341][603]LogUObjectGlobals: Destroyed PersistentFrame Addr=0x0000020c41137000, Size=120
[2019.03.19-02.05.20:341][603]LogUObjectGlobals: Destroyed PersistentFrame Addr=0x0000020c0f99ba00, Size=172
[2019.03.19-02.05.21:420][725]LogSlate: FSceneViewport::OnFocusLost() reason 0
[2019.03.19-02.05.23:551][855]LogSlate: FSceneViewport::OnFocusLost() reason 2
[2019.03.19-02.05.25:040][ 29]LogTemp: Repeating last play command: Selected Viewport
[2019.03.19-02.05.25:055][ 29]LogPlayLevel: PlayLevel: No blueprints needed recompiling
[2019.03.19-02.05.25:056][ 29]PIE: New page: PIE session: NewMap (Mar 19, 2019, 6:05:25 PM)
[2019.03.19-02.05.25:056][ 29]LogPlayLevel: Creating play world package: /Game/UEDPIE_0_NewMap
[2019.03.19-02.05.25:060][ 29]LogPlayLevel: PIE: StaticDuplicateObject took: (0.003716s)
[2019.03.19-02.05.25:061][ 29]LogAIModule: Creating AISystem for world NewMap
[2019.03.19-02.05.25:061][ 29]LogPlayLevel: PIE: World Init took: (0.001085s)
[2019.03.19-02.05.25:061][ 29]LogPlayLevel: PIE: Created PIE world by copying editor world from /Game/NewMap.NewMap to /Game/UEDPIE_0_NewMap.NewMap (0.005280s)
[2019.03.19-02.05.25:185][ 29]LogInit: XAudio2 using '扬声器 (Realtek High Definition Audio)' : 2 channels at 48 kHz using 32 bits per sample (channel mask 0x3)
[2019.03.19-02.05.25:238][ 29]LogInit: FAudioDevice initialized.
[2019.03.19-02.05.25:297][ 29]LogLoad: Game class is 'MyGameMode_C'
[2019.03.19-02.05.25:298][ 29]LogWorld: Bringing World /Game/UEDPIE_0_NewMap.NewMap up for play (max tick rate 0) at 2019.03.19-10.05.25
[2019.03.19-02.05.25:299][ 29]LogWorld: Bringing up level for play took: 0.001888
[2019.03.19-02.05.25:301][ 29]PIE: Play in editor start time for /Game/UEDPIE_0_NewMap -0.545
[2019.03.19-02.05.35:927][212]LogSlate: FSceneViewport::OnFocusLost() reason 0
[2019.03.19-02.05.36:807][301]LogEditorViewport: Clicking on Actor (LMB): CubeBlueprint_C (CubeBlueprint)
[2019.03.19-02.05.39:898][623]LogSlate: FSceneViewport::OnFocusLost() reason 0
[2019.03.19-02.05.39:976][632]LogTemp: Repeating last play command: Selected Viewport
[2019.03.19-02.05.39:995][632]LogPlayLevel: PlayLevel: No blueprints needed recompiling
[2019.03.19-02.05.39:996][632]PIE: New page: PIE session: NewMap (Mar 19, 2019, 6:05:39 PM)
[2019.03.19-02.05.39:996][632]LogPlayLevel: Creating play world package: /Game/UEDPIE_0_NewMap
[2019.03.19-02.05.39:998][632]LogPlayLevel: PIE: StaticDuplicateObject took: (0.002485s)
[2019.03.19-02.05.39:999][632]LogAIModule: Creating AISystem for world NewMap
[2019.03.19-02.05.40:000][632]LogPlayLevel: PIE: World Init took: (0.001220s)
[2019.03.19-02.05.40:000][632]LogPlayLevel: PIE: Created PIE world by copying editor world from /Game/NewMap.NewMap to /Game/UEDPIE_0_NewMap.NewMap (0.004228s)
[2019.03.19-02.05.40:126][632]LogInit: XAudio2 using '扬声器 (Realtek High Definition Audio)' : 2 channels at 48 kHz using 32 bits per sample (channel mask 0x3)
[2019.03.19-02.05.40:174][632]LogInit: FAudioDevice initialized.
[2019.03.19-02.05.40:230][632]LogLoad: Game class is 'MyGameMode_C'
[2019.03.19-02.05.40:231][632]LogWorld: Bringing World /Game/UEDPIE_0_NewMap.NewMap up for play (max tick rate 0) at 2019.03.19-10.05.40
[2019.03.19-02.05.40:232][632]LogWorld: Bringing up level for play took: 0.001459
[2019.03.19-02.05.40:234][632]PIE: Play in editor start time for /Game/UEDPIE_0_NewMap 0.388
[2019.03.19-02.05.44:362][ 83]LogEditorViewport: Clicking on Actor (LMB): CubeBlueprint_C (CubeBlueprint)
[2019.03.19-02.05.46:587][323]LogSlate: FSceneViewport::OnFocusLost() reason 0
[2019.03.19-02.05.46:682][334]LogTemp: Repeating last play command: Selected Viewport
[2019.03.19-02.05.46:704][334]LogPlayLevel: PlayLevel: No blueprints needed recompiling
[2019.03.19-02.05.46:705][334]PIE: New page: PIE session: NewMap (Mar 19, 2019, 6:05:46 PM)
[2019.03.19-02.05.46:705][334]LogPlayLevel: Creating play world package: /Game/UEDPIE_0_NewMap
[2019.03.19-02.05.46:708][334]LogPlayLevel: PIE: StaticDuplicateObject took: (0.002996s)
[2019.03.19-02.05.46:709][334]LogAIModule: Creating AISystem for world NewMap
[2019.03.19-02.05.46:710][334]LogPlayLevel: PIE: World Init took: (0.001252s)
[2019.03.19-02.05.46:710][334]LogPlayLevel: PIE: Created PIE world by copying editor world from /Game/NewMap.NewMap to /Game/UEDPIE_0_NewMap.NewMap (0.004724s)
[2019.03.19-02.05.46:836][334]LogInit: XAudio2 using '扬声器 (Realtek High Definition Audio)' : 2 channels at 48 kHz using 32 bits per sample (channel mask 0x3)
[2019.03.19-02.05.46:882][334]LogInit: FAudioDevice initialized.
[2019.03.19-02.05.46:938][334]LogLoad: Game class is 'MyGameMode_C'
[2019.03.19-02.05.46:940][334]LogWorld: Bringing World /Game/UEDPIE_0_NewMap.NewMap up for play (max tick rate 0) at 2019.03.19-10.05.46
[2019.03.19-02.05.46:940][334]LogWorld: Bringing up level for play took: 0.001165
[2019.03.19-02.05.46:942][334]PIE: Play in editor start time for /Game/UEDPIE_0_NewMap 1.097
[2019.03.19-02.06.57:910][291]LogSlate: FSceneViewport::OnFocusLost() reason 0
[2019.03.19-02.06.57:911][291]LogTemp: Repeating last play command: Selected Viewport
[2019.03.19-02.06.57:929][291]LogPlayLevel: PlayLevel: No blueprints needed recompiling
[2019.03.19-02.06.57:930][291]PIE: New page: PIE session: NewMap (Mar 19, 2019, 6:06:57 PM)
[2019.03.19-02.06.57:930][291]LogPlayLevel: Creating play world package: /Game/UEDPIE_0_NewMap
[2019.03.19-02.06.57:934][291]LogPlayLevel: PIE: StaticDuplicateObject took: (0.003567s)
[2019.03.19-02.06.57:935][291]LogAIModule: Creating AISystem for world NewMap
[2019.03.19-02.06.57:936][291]LogPlayLevel: PIE: World Init took: (0.001479s)
[2019.03.19-02.06.57:936][291]LogPlayLevel: PIE: Created PIE world by copying editor world from /Game/NewMap.NewMap to /Game/UEDPIE_0_NewMap.NewMap (0.005710s)
[2019.03.19-02.06.58:080][291]LogInit: XAudio2 using '扬声器 (Realtek High Definition Audio)' : 2 channels at 48 kHz using 32 bits per sample (channel mask 0x3)
[2019.03.19-02.06.58:128][291]LogInit: FAudioDevice initialized.
[2019.03.19-02.06.58:188][291]LogLoad: Game class is 'MyGameMode_C'
[2019.03.19-02.06.58:190][291]LogWorld: Bringing World /Game/UEDPIE_0_NewMap.NewMap up for play (max tick rate 0) at 2019.03.19-10.06.58
[2019.03.19-02.06.58:190][291]LogWorld: Bringing up level for play took: 0.001194
[2019.03.19-02.06.58:194][291]PIE: Play in editor start time for /Game/UEDPIE_0_NewMap 0.349
[2019.03.19-02.07.32:143][382]LogSlate: FSceneViewport::OnFocusLost() reason 0
[2019.03.19-02.07.36:164][849]LogEditorViewport: Clicking on Actor (LMB): BallBlueprint_C (BallBlueprint)
[2019.03.19-02.07.43:626][697]LogEditorViewport: Clicking on Actor (LMB): CubeBlueprint_C (CubeBlueprint)
[2019.03.19-02.07.45:643][926]LogEditorViewport: Clicking on Actor (LMB): BallBlueprint_C (BallBlueprint)
[2019.03.19-02.09.03:120][642]LogSlate: FSceneViewport::OnFocusLost() reason 0
[2019.03.19-02.09.03:121][642]LogTemp: Repeating last play command: Selected Viewport
[2019.03.19-02.09.03:140][642]LogPlayLevel: PlayLevel: No blueprints needed recompiling
[2019.03.19-02.09.03:140][642]PIE: New page: PIE session: NewMap (Mar 19, 2019, 6:09:03 PM)
[2019.03.19-02.09.03:141][642]LogPlayLevel: Creating play world package: /Game/UEDPIE_0_NewMap
[2019.03.19-02.09.03:144][642]LogPlayLevel: PIE: StaticDuplicateObject took: (0.002978s)
[2019.03.19-02.09.03:145][642]LogAIModule: Creating AISystem for world NewMap
[2019.03.19-02.09.03:145][642]LogPlayLevel: PIE: World Init took: (0.001392s)
[2019.03.19-02.09.03:146][642]LogPlayLevel: PIE: Created PIE world by copying editor world from /Game/NewMap.NewMap to /Game/UEDPIE_0_NewMap.NewMap (0.005051s)
[2019.03.19-02.09.03:288][642]LogInit: XAudio2 using '扬声器 (Realtek High Definition Audio)' : 2 channels at 48 kHz using 32 bits per sample (channel mask 0x3)
[2019.03.19-02.09.03:339][642]LogInit: FAudioDevice initialized.
[2019.03.19-02.09.03:397][642]LogLoad: Game class is 'MyGameMode_C'
[2019.03.19-02.09.03:398][642]LogWorld: Bringing World /Game/UEDPIE_0_NewMap.NewMap up for play (max tick rate 0) at 2019.03.19-10.09.03
[2019.03.19-02.09.03:399][642]LogWorld: Bringing up level for play took: 0.001219
[2019.03.19-02.09.03:400][642]PIE: Play in editor start time for /Game/UEDPIE_0_NewMap -0.444
