Log file open, 03/19/19 09:44:25
LogWindows: Failed to load 'aqProf.dll' (GetLastError=126)
LogWindows: File 'aqProf.dll' does not exist
LogWindows: Failed to load 'VtuneApi.dll' (GetLastError=126)
LogWindows: File 'VtuneApi.dll' does not exist
LogWindows: Failed to load 'VtuneApi32e.dll' (GetLastError=126)
LogWindows: File 'VtuneApi32e.dll' does not exist
LogInit: Display: Running engine for game: Hand
LogPlatformFile: Not using cached read wrapper
LogInit: Display: RandInit(28209992) SRandInit(28209992).
LogInit: Read version file with build ID '3944462'
LogInit: Overriding engine version to CL 4033788, compatible CL 3944462
LogInit: Registered custom module enumerator with build ID '3944462'
LogTaskGraph: Started task graph with 5 named threads and 23 total threads with 3 sets of task threads.
LogStats: Stats thread started at 2.779335
LogD3D11RHI: Aftermath initialized
LogICUInternationalization: Display: ICU TimeZone Detection - Raw Offset: +8:00, Platform Override: ''
LogPluginManager: Mounting plugin Paper2D
LogPluginManager: Mounting plugin LiveLink
LogPluginManager: Mounting plugin LightPropagationVolume
LogPluginManager: Mounting plugin CLionSourceCodeAccess
LogPluginManager: Mounting plugin CodeLiteSourceCodeAccess
LogPluginManager: Mounting plugin GitSourceControl
LogPluginManager: Mounting plugin KDevelopSourceCodeAccess
LogPluginManager: Mounting plugin NullSourceCodeAccess
LogPluginManager: Mounting plugin PerforceSourceControl
LogPluginManager: Mounting plugin SubversionSourceControl
LogPluginManager: Mounting plugin UObjectPlugin
LogPluginManager: Mounting plugin VisualStudioCodeSourceCodeAccess
LogPluginManager: Mounting plugin VisualStudioSourceCodeAccess
LogPluginManager: Mounting plugin XCodeSourceCodeAccess
LogPluginManager: Mounting plugin AssetManagerEditor
LogPluginManager: Mounting plugin CryptoKeys
LogPluginManager: Mounting plugin DataValidation
LogPluginManager: Mounting plugin FacialAnimation
LogPluginManager: Mounting plugin GameplayTagsEditor
LogPluginManager: Mounting plugin MobileLauncherProfileWizard
LogPluginManager: Mounting plugin PluginBrowser
LogPluginManager: Mounting plugin SpeedTreeImporter
LogPluginManager: Mounting plugin DatasmithContent
LogPluginManager: Mounting plugin AlembicImporter
LogPluginManager: Mounting plugin CharacterAI
LogPluginManager: Mounting plugin HTML5Networking
LogPluginManager: Mounting plugin AndroidMedia
LogPluginManager: Mounting plugin AvfMedia
LogPluginManager: Mounting plugin ImgMedia
LogPluginManager: Mounting plugin LinearTimecode
LogPluginManager: Mounting plugin MediaCompositing
LogPluginManager: Mounting plugin MediaPlayerEditor
LogPluginManager: Mounting plugin WmfMedia
LogPluginManager: Mounting plugin TcpMessaging
LogPluginManager: Mounting plugin UdpMessaging
LogPluginManager: Mounting plugin ActorSequence
LogPluginManager: Mounting plugin LevelSequenceEditor
LogPluginManager: Mounting plugin MatineeToLevelSequence
LogPluginManager: Mounting plugin NetcodeUnitTest
LogPluginManager: Mounting plugin NUTUnrealEngine4
LogPluginManager: Mounting plugin OnlineSubsystemGooglePlay
LogPluginManager: Mounting plugin OnlineSubsystemIOS
LogPluginManager: Mounting plugin OnlineSubsystem
LogPluginManager: Mounting plugin OnlineSubsystemNull
LogPluginManager: Mounting plugin OnlineSubsystemUtils
LogPluginManager: Mounting plugin AndroidDeviceProfileSelector
LogPluginManager: Mounting plugin AndroidMoviePlayer
LogPluginManager: Mounting plugin AndroidPermission
LogPluginManager: Mounting plugin AppleARKit
LogPluginManager: Mounting plugin AppleMoviePlayer
LogPluginManager: Mounting plugin ArchVisCharacter
LogPluginManager: Mounting plugin AudioCapture
LogPluginManager: Mounting plugin CableComponent
LogPluginManager: Mounting plugin CustomMeshComponent
LogPluginManager: Mounting plugin ExampleDeviceProfileSelector
LogPluginManager: Mounting plugin GoogleCloudMessaging
LogPluginManager: Mounting plugin ImmediatePhysics
LogPluginManager: Mounting plugin IOSDeviceProfileSelector
LogPluginManager: Mounting plugin LinuxDeviceProfileSelector
LogPluginManager: Mounting plugin LocationServicesBPLibrary
LogPluginManager: Mounting plugin MobilePatchingUtils
LogPluginManager: Mounting plugin OculusVR
LogPluginManager: Plugin shader directory ../../../Engine/Plugins/Runtime/Oculus/OculusVR/Shaders found
LogPluginManager: Mapping shader source directory ../../../Engine/Plugins/Runtime/Oculus/OculusVR/Shaders to virtual directory /Plugin/OculusVR
LogPluginManager: Mounting plugin PhysXVehicles
LogPluginManager: Mounting plugin ProceduralMeshComponent
LogPluginManager: Mounting plugin RuntimePhysXCooking
LogPluginManager: Mounting plugin SteamVR
LogPluginManager: Mounting plugin WindowsMoviePlayer
LogStreaming: Display: Took  0.303s to configure plugins.
LogModuleManager: Display: Found up-to-date module file C:/Users/ZYK/Documents/Unreal Projects/ue4_simpleDemo_wangziqi/Binaries/Win64/UE4Editor-Hand.dll (API version 3944462).
LogModuleManager: Display: Found up-to-date module file ../../../Engine/Plugins/2D/Paper2D/Binaries/Win64/UE4Editor-Paper2D.dll (API version 3944462).
LogModuleManager: Display: Found up-to-date module file ../../../Engine/Plugins/2D/Paper2D/Binaries/Win64/UE4Editor-Paper2DEditor.dll (API version 3944462).
LogModuleManager: Display: Found up-to-date module file ../../../Engine/Plugins/2D/Paper2D/Binaries/Win64/UE4Editor-PaperSpriteSheetImporter.dll (API version 3944462).
LogModuleManager: Display: Found up-to-date module file ../../../Engine/Plugins/2D/Paper2D/Binaries/Win64/UE4Editor-PaperTiledImporter.dll (API version 3944462).
LogModuleManager: Display: Found up-to-date module file ../../../Engine/Plugins/2D/Paper2D/Binaries/Win64/UE4Editor-SmartSnapping.dll (API version 3944462).
LogModuleManager: Display: Found up-to-date module file ../../../Engine/Plugins/Animation/LiveLink/Binaries/Win64/UE4Editor-LiveLink.dll (API version 3944462).
LogModuleManager: Display: Found up-to-date module file ../../../Engine/Plugins/Animation/LiveLink/Binaries/Win64/UE4Editor-LiveLinkEditor.dll (API version 3944462).
LogModuleManager: Display: Found up-to-date module file ../../../Engine/Plugins/Blendables/LightPropagationVolume/Binaries/Win64/UE4Editor-LightPropagationVolumeRuntime.dll (API version 3944462).
LogModuleManager: Display: Found up-to-date module file ../../../Engine/Plugins/Blendables/LightPropagationVolume/Binaries/Win64/UE4Editor-LightPropagationVolumeEditor.dll (API version 3944462).
LogModuleManager: Display: Found up-to-date module file ../../../Engine/Plugins/Developer/CLionSourceCodeAccess/Binaries/Win64/UE4Editor-CLionSourceCodeAccess.dll (API version 3944462).
LogModuleManager: Display: Found up-to-date module file ../../../Engine/Plugins/Developer/GitSourceControl/Binaries/Win64/UE4Editor-GitSourceControl.dll (API version 3944462).
LogModuleManager: Display: Found up-to-date module file ../../../Engine/Plugins/Developer/PerforceSourceControl/Binaries/Win64/UE4Editor-PerforceSourceControl.dll (API version 3944462).
LogModuleManager: Display: Found up-to-date module file ../../../Engine/Plugins/Developer/SubversionSourceControl/Binaries/Win64/UE4Editor-SubversionSourceControl.dll (API version 3944462).
LogModuleManager: Display: Found up-to-date module file ../../../Engine/Plugins/Developer/UObjectPlugin/Binaries/Win64/UE4Editor-UObjectPlugin.dll (API version 3944462).
LogModuleManager: Display: Found up-to-date module file ../../../Engine/Plugins/Developer/VisualStudioCodeSourceCodeAccess/Binaries/Win64/UE4Editor-VisualStudioCodeSourceCodeAccess.dll (API version 3944462).
LogModuleManager: Display: Found up-to-date module file ../../../Engine/Plugins/Developer/VisualStudioSourceCodeAccess/Binaries/Win64/UE4Editor-VisualStudioSourceCodeAccess.dll (API version 3944462).
LogModuleManager: Display: Found up-to-date module file ../../../Engine/Plugins/Editor/AssetManagerEditor/Binaries/Win64/UE4Editor-AssetManagerEditor.dll (API version 3944462).
LogModuleManager: Display: Found up-to-date module file ../../../Engine/Plugins/Editor/CryptoKeys/Binaries/Win64/UE4Editor-CryptoKeys.dll (API version 3944462).
LogModuleManager: Display: Found up-to-date module file ../../../Engine/Plugins/Editor/CryptoKeys/Binaries/Win64/UE4Editor-CryptoKeysOpenSSL.dll (API version 3944462).
LogModuleManager: Display: Found up-to-date module file ../../../Engine/Plugins/Editor/DataValidation/Binaries/Win64/UE4Editor-DataValidation.dll (API version 3944462).
LogModuleManager: Display: Found up-to-date module file ../../../Engine/Plugins/Editor/FacialAnimation/Binaries/Win64/UE4Editor-FacialAnimation.dll (API version 3944462).
LogModuleManager: Display: Found up-to-date module file ../../../Engine/Plugins/Editor/FacialAnimation/Binaries/Win64/UE4Editor-FacialAnimationEditor.dll (API version 3944462).
LogModuleManager: Display: Found up-to-date module file ../../../Engine/Plugins/Editor/GameplayTagsEditor/Binaries/Win64/UE4Editor-GameplayTagsEditor.dll (API version 3944462).
LogModuleManager: Display: Found up-to-date module file ../../../Engine/Plugins/Editor/MobileLauncherProfileWizard/Binaries/Win64/UE4Editor-MobileLauncherProfileWizard.dll (API version 3944462).
LogModuleManager: Display: Found up-to-date module file ../../../Engine/Plugins/Editor/PluginBrowser/Binaries/Win64/UE4Editor-PluginBrowser.dll (API version 3944462).
LogModuleManager: Display: Found up-to-date module file ../../../Engine/Plugins/Editor/SpeedTreeImporter/Binaries/Win64/UE4Editor-SpeedTreeImporter.dll (API version 3944462).
LogModuleManager: Display: Found up-to-date module file ../../../Engine/Plugins/Enterprise/DatasmithContent/Binaries/Win64/UE4Editor-DatasmithContent.dll (API version 3944462).
LogModuleManager: Display: Found up-to-date module file ../../../Engine/Plugins/Experimental/AlembicImporter/Binaries/Win64/UE4Editor-AlembicImporter.dll (API version 3944462).
LogModuleManager: Display: Found up-to-date module file ../../../Engine/Plugins/Experimental/AlembicImporter/Binaries/Win64/UE4Editor-AlembicLibrary.dll (API version 3944462).
LogModuleManager: Display: Found up-to-date module file ../../../Engine/Plugins/Experimental/CharacterAI/Binaries/Win64/UE4Editor-CharacterAI.dll (API version 3944462).
LogModuleManager: Display: Found up-to-date module file ../../../Engine/Plugins/Experimental/HTML5Networking/Binaries/Win64/UE4Editor-HTML5Networking.dll (API version 3944462).
LogModuleManager: Display: Found up-to-date module file ../../../Engine/Plugins/Media/AndroidMedia/Binaries/Win64/UE4Editor-AndroidMediaEditor.dll (API version 3944462).
LogModuleManager: Display: Found up-to-date module file ../../../Engine/Plugins/Media/AndroidMedia/Binaries/Win64/UE4Editor-AndroidMediaFactory.dll (API version 3944462).
LogModuleManager: Display: Found up-to-date module file ../../../Engine/Plugins/Media/AvfMedia/Binaries/Win64/UE4Editor-AvfMediaEditor.dll (API version 3944462).
LogModuleManager: Display: Found up-to-date module file ../../../Engine/Plugins/Media/AvfMedia/Binaries/Win64/UE4Editor-AvfMediaFactory.dll (API version 3944462).
LogModuleManager: Display: Found up-to-date module file ../../../Engine/Plugins/Media/AvfMedia/Binaries/Win64/UE4Editor-AvfMediaFactory.dll (API version 3944462).
LogModuleManager: Display: Found up-to-date module file ../../../Engine/Plugins/Media/ImgMedia/Binaries/Win64/UE4Editor-ImgMedia.dll (API version 3944462).
LogModuleManager: Display: Found up-to-date module file ../../../Engine/Plugins/Media/ImgMedia/Binaries/Win64/UE4Editor-ImgMediaEditor.dll (API version 3944462).
LogModuleManager: Display: Found up-to-date module file ../../../Engine/Plugins/Media/ImgMedia/Binaries/Win64/UE4Editor-ImgMediaFactory.dll (API version 3944462).
LogModuleManager: Display: Found up-to-date module file ../../../Engine/Plugins/Media/ImgMedia/Binaries/Win64/UE4Editor-ImgMediaFactory.dll (API version 3944462).
LogModuleManager: Display: Found up-to-date module file ../../../Engine/Plugins/Media/ImgMedia/Binaries/Win64/UE4Editor-OpenExrWrapper.dll (API version 3944462).
LogModuleManager: Display: Found up-to-date module file ../../../Engine/Plugins/Media/LinearTimecode/Binaries/Win64/UE4Editor-LinearTimecode.dll (API version 3944462).
LogModuleManager: Display: Found up-to-date module file ../../../Engine/Plugins/Media/MediaCompositing/Binaries/Win64/UE4Editor-MediaCompositing.dll (API version 3944462).
LogModuleManager: Display: Found up-to-date module file ../../../Engine/Plugins/Media/MediaCompositing/Binaries/Win64/UE4Editor-MediaCompositingEditor.dll (API version 3944462).
LogModuleManager: Display: Found up-to-date module file ../../../Engine/Plugins/Media/MediaPlayerEditor/Binaries/Win64/UE4Editor-MediaPlayerEditor.dll (API version 3944462).
LogModuleManager: Display: Found up-to-date module file ../../../Engine/Plugins/Media/WmfMedia/Binaries/Win64/UE4Editor-WmfMedia.dll (API version 3944462).
LogModuleManager: Display: Found up-to-date module file ../../../Engine/Plugins/Media/WmfMedia/Binaries/Win64/UE4Editor-WmfMediaEditor.dll (API version 3944462).
LogModuleManager: Display: Found up-to-date module file ../../../Engine/Plugins/Media/WmfMedia/Binaries/Win64/UE4Editor-WmfMediaFactory.dll (API version 3944462).
LogModuleManager: Display: Found up-to-date module file ../../../Engine/Plugins/Media/WmfMedia/Binaries/Win64/UE4Editor-WmfMediaFactory.dll (API version 3944462).
LogModuleManager: Display: Found up-to-date module file ../../../Engine/Plugins/Messaging/TcpMessaging/Binaries/Win64/UE4Editor-TcpMessaging.dll (API version 3944462).
LogModuleManager: Display: Found up-to-date module file ../../../Engine/Plugins/Messaging/UdpMessaging/Binaries/Win64/UE4Editor-UdpMessaging.dll (API version 3944462).
LogModuleManager: Display: Found up-to-date module file ../../../Engine/Plugins/MovieScene/ActorSequence/Binaries/Win64/UE4Editor-ActorSequence.dll (API version 3944462).
LogModuleManager: Display: Found up-to-date module file ../../../Engine/Plugins/MovieScene/LevelSequenceEditor/Binaries/Win64/UE4Editor-LevelSequenceEditor.dll (API version 3944462).
LogModuleManager: Display: Found up-to-date module file ../../../Engine/Plugins/MovieScene/MatineeToLevelSequence/Binaries/Win64/UE4Editor-MatineeToLevelSequence.dll (API version 3944462).
LogModuleManager: Display: Found up-to-date module file ../../../Engine/Plugins/NetcodeUnitTest/NetcodeUnitTest/Binaries/Win64/UE4Editor-NetcodeUnitTest.dll (API version 3944462).
LogModuleManager: Display: Found up-to-date module file ../../../Engine/Plugins/NetcodeUnitTest/NUTUnrealEngine4/Binaries/Win64/UE4Editor-NUTUnrealEngine4.dll (API version 3944462).
LogModuleManager: Display: Found up-to-date module file ../../../Engine/Plugins/Online/OnlineSubsystem/Binaries/Win64/UE4Editor-OnlineSubsystem.dll (API version 3944462).
LogModuleManager: Display: Found up-to-date module file ../../../Engine/Plugins/Online/OnlineSubsystemNull/Binaries/Win64/UE4Editor-OnlineSubsystemNull.dll (API version 3944462).
LogModuleManager: Display: Found up-to-date module file ../../../Engine/Plugins/Online/OnlineSubsystemUtils/Binaries/Win64/UE4Editor-OnlineSubsystemUtils.dll (API version 3944462).
LogModuleManager: Display: Found up-to-date module file ../../../Engine/Plugins/Online/OnlineSubsystemUtils/Binaries/Win64/UE4Editor-OnlineBlueprintSupport.dll (API version 3944462).
LogModuleManager: Display: Found up-to-date module file ../../../Engine/Plugins/Runtime/AndroidDeviceProfileSelector/Binaries/Win64/UE4Editor-AndroidDeviceProfileSelector.dll (API version 3944462).
LogModuleManager: Display: Found up-to-date module file ../../../Engine/Plugins/Runtime/AndroidPermission/Binaries/Win64/UE4Editor-AndroidPermission.dll (API version 3944462).
LogModuleManager: Display: Found up-to-date module file ../../../Engine/Plugins/Runtime/AppleARKit/Binaries/Win64/UE4Editor-AppleARKit.dll (API version 3944462).
LogModuleManager: Display: Found up-to-date module file ../../../Engine/Plugins/Runtime/ArchVisCharacter/Binaries/Win64/UE4Editor-ArchVisCharacter.dll (API version 3944462).
LogModuleManager: Display: Found up-to-date module file ../../../Engine/Plugins/Runtime/AudioCapture/Binaries/Win64/UE4Editor-AudioCapture.dll (API version 3944462).
LogModuleManager: Display: Found up-to-date module file ../../../Engine/Plugins/Runtime/AudioCapture/Binaries/Win64/UE4Editor-AudioCaptureEditor.dll (API version 3944462).
LogModuleManager: Display: Found up-to-date module file ../../../Engine/Plugins/Runtime/CableComponent/Binaries/Win64/UE4Editor-CableComponent.dll (API version 3944462).
LogModuleManager: Display: Found up-to-date module file ../../../Engine/Plugins/Runtime/CustomMeshComponent/Binaries/Win64/UE4Editor-CustomMeshComponent.dll (API version 3944462).
LogModuleManager: Display: Found up-to-date module file ../../../Engine/Plugins/Runtime/ExampleDeviceProfileSelector/Binaries/Win64/UE4Editor-ExampleDeviceProfileSelector.dll (API version 3944462).
LogModuleManager: Display: Found up-to-date module file ../../../Engine/Plugins/Runtime/ImmediatePhysics/Binaries/Win64/UE4Editor-ImmediatePhysics.dll (API version 3944462).
LogModuleManager: Display: Found up-to-date module file ../../../Engine/Plugins/Runtime/ImmediatePhysics/Binaries/Win64/UE4Editor-ImmediatePhysicsEditor.dll (API version 3944462).
LogModuleManager: Display: Found up-to-date module file ../../../Engine/Plugins/Runtime/LocationServicesBPLibrary/Binaries/Win64/UE4Editor-LocationServicesBPLibrary.dll (API version 3944462).
LogModuleManager: Display: Found up-to-date module file ../../../Engine/Plugins/Runtime/MobilePatchingUtils/Binaries/Win64/UE4Editor-MobilePatchingUtils.dll (API version 3944462).
LogModuleManager: Display: Found up-to-date module file ../../../Engine/Plugins/Runtime/Oculus/OculusVR/Binaries/Win64/UE4Editor-OculusHMD.dll (API version 3944462).
LogModuleManager: Display: Found up-to-date module file ../../../Engine/Plugins/Runtime/Oculus/OculusVR/Binaries/Win64/UE4Editor-OculusInput.dll (API version 3944462).
LogModuleManager: Display: Found up-to-date module file ../../../Engine/Plugins/Runtime/Oculus/OculusVR/Binaries/Win64/UE4Editor-OculusEditor.dll (API version 3944462).
LogModuleManager: Display: Found up-to-date module file ../../../Engine/Plugins/Runtime/PhysXVehicles/Binaries/Win64/UE4Editor-PhysXVehicles.dll (API version 3944462).
LogModuleManager: Display: Found up-to-date module file ../../../Engine/Plugins/Runtime/PhysXVehicles/Binaries/Win64/UE4Editor-PhysXVehiclesEditor.dll (API version 3944462).
LogModuleManager: Display: Found up-to-date module file ../../../Engine/Plugins/Runtime/ProceduralMeshComponent/Binaries/Win64/UE4Editor-ProceduralMeshComponent.dll (API version 3944462).
LogModuleManager: Display: Found up-to-date module file ../../../Engine/Plugins/Runtime/ProceduralMeshComponent/Binaries/Win64/UE4Editor-ProceduralMeshComponentEditor.dll (API version 3944462).
LogModuleManager: Display: Found up-to-date module file ../../../Engine/Plugins/Runtime/RuntimePhysXCooking/Binaries/Win64/UE4Editor-RuntimePhysXCooking.dll (API version 3944462).
LogModuleManager: Display: Found up-to-date module file ../../../Engine/Plugins/Runtime/Steam/SteamVR/Binaries/Win64/UE4Editor-SteamVR.dll (API version 3944462).
LogModuleManager: Display: Found up-to-date module file ../../../Engine/Plugins/Runtime/Steam/SteamVR/Binaries/Win64/UE4Editor-SteamVRController.dll (API version 3944462).
LogModuleManager: Display: Found up-to-date module file ../../../Engine/Plugins/Runtime/WindowsMoviePlayer/Binaries/Win64/UE4Editor-WindowsMoviePlayer.dll (API version 3944462).
LogInit: Using libcurl 7.47.1
LogInit:  - built for x86_64-pc-win32
LogInit:  - supports SSL with OpenSSL/1.0.2g
LogInit:  - supports HTTP deflate (compression) using libz 1.2.8
LogInit:  - other features:
LogInit:      CURL_VERSION_SSL
LogInit:      CURL_VERSION_LIBZ
LogInit:      CURL_VERSION_IPV6
LogInit:      CURL_VERSION_ASYNCHDNS
LogInit:      CURL_VERSION_LARGEFILE
LogInit:      CURL_VERSION_IDN
LogInit:  CurlRequestOptions (configurable via config and command line):
LogInit:  - bVerifyPeer = false  - Libcurl will NOT verify peer certificate
LogInit:  - bUseHttpProxy = false  - Libcurl will NOT use HTTP proxy
LogInit:  - bDontReuseConnections = false  - Libcurl will reuse connections
LogInit:  - CertBundlePath = nullptr  - Libcurl will use whatever was configured at build time.
LogInit:  - MaxHostConnections = 16  - Libcurl will limit the number of connections to a host
LogInit:  - LocalHostAddr = Default
LogInit: WinSock: version 1.1 (2.2), MaxSocks=32767, MaxUdp=65467
LogInit: WinSock: I am DESKTOP-ULVVP9N (192.168.217.1:0)
LogInit: Build: ++UE4+Release-4.19-CL-4033788
LogInit: Engine Version: 4.19.2-4033788+++UE4+Release-4.19
LogInit: Compatible Engine Version: 4.19.0-3944462+++UE4+Release-4.19
LogInit: Net CL: 3944462
LogDevObjectVersion: Number of dev versions registered: 18
LogDevObjectVersion:   Dev-Blueprints (B0D832E4-1F89-4F0D-ACCF-7EB736FD4AA2): 10
LogDevObjectVersion:   Dev-Build (E1C64328-A22C-4D53-A36C-8E866417BD8C): 0
LogDevObjectVersion:   Dev-Core (375EC13C-06E4-48FB-B500-84F0262A717E): 2
LogDevObjectVersion:   Dev-Editor (E4B068ED-F494-42E9-A231-DA0B2E46BB41): 23
LogDevObjectVersion:   Dev-Framework (CFFC743F-43B0-4480-9391-14DF171D2073): 33
LogDevObjectVersion:   Dev-Mobile (B02B49B5-BB20-44E9-A304-32B752E40360): 2
LogDevObjectVersion:   Dev-Networking (A4E4105C-59A1-49B5-A7C5-40C4547EDFEE): 0
LogDevObjectVersion:   Dev-Online (39C831C9-5AE6-47DC-9A44-9C173E1C8E7C): 0
LogDevObjectVersion:   Dev-Physics (78F01B33-EBEA-4F98-B9B4-84EACCB95AA2): 0
LogDevObjectVersion:   Dev-Platform (6631380F-2D4D-43E0-8009-CF276956A95A): 0
LogDevObjectVersion:   Dev-Rendering (12F88B9F-8875-4AFC-A67C-D90C383ABD29): 25
LogDevObjectVersion:   Dev-Sequencer (7B5AE74C-D270-4C10-A958-57980B212A5A): 6
LogDevObjectVersion:   Dev-VR (D7296918-1DD6-4BDD-9DE2-64A83CC13884): 1
LogDevObjectVersion:   Dev-LoadTimes (C2A15278-BFE7-4AFE-6C17-90FF531DF755): 1
LogDevObjectVersion:   Private-Geometry (6EACA3D4-40EC-4CC1-B786-8BED09428FC5): 2
LogDevObjectVersion:   Dev-AnimPhys (29E575DD-E0A3-4627-9D10-D276232CDCEA): 16
LogDevObjectVersion:   Dev-ReflectionCapture (6B266CEC-1EC7-4B8F-A30B-E4D90942FC07): 1
LogDevObjectVersion:   Dev-Automation (0DF73D61-A23F-47EA-B727-89E90C41499A): 1
LogInit: Compiled (64-bit): Apr 27 2018 02:06:57
LogInit: Compiled with Visual C++: 19.00.24215.01
LogInit: Build Configuration: Development
LogInit: Branch Name: ++UE4+Release-4.19
LogInit: Command Line:  -skipcompile
LogInit: Base Directory: D:/Program Files/Epic Games/UE_4.19/Engine/Binaries/Win64/
LogInit: Installed Engine Build: 1
LogStreaming: Display: Took  0.006s to delete old logs.
LogInit: Presizing for max 8388607 objects, including 0 objects not considered by GC, pre-allocating 0 bytes for permanent pool.
LogInit: Object subsystem initialized
[2019.03.19-01.44.28:521][  0]LogInit: Selected Device Profile: [Windows]
[2019.03.19-01.44.28:521][  0]LogInit: Applying CVar settings loaded from the selected device profile: [Windows]
[2019.03.19-01.44.28:628][  0]LogInit: Computer: DESKTOP-ULVVP9N
[2019.03.19-01.44.28:628][  0]LogInit: User: ZYK
[2019.03.19-01.44.28:628][  0]LogInit: CPU Page size=4096, Cores=4
[2019.03.19-01.44.28:628][  0]LogInit: High frequency timer resolution =3.515625 MHz
[2019.03.19-01.44.28:637][  0]LogMemory: Memory total: Physical=7.9GB (8GB approx)
[2019.03.19-01.44.28:638][  0]LogMemory: Platform Memory Stats for Windows
[2019.03.19-01.44.28:638][  0]LogMemory: Process Physical Memory: 276.73 MB used, 276.73 MB peak
[2019.03.19-01.44.28:638][  0]LogMemory: Process Virtual Memory: 264.91 MB used, 264.91 MB peak
[2019.03.19-01.44.28:638][  0]LogMemory: Physical Memory: 7024.32 MB used,  1108.11 MB free, 8132.44 MB total
[2019.03.19-01.44.28:638][  0]LogMemory: Virtual Memory: 698.16 MB used,  1108.11 MB free, 134217728.00 MB total
[2019.03.19-01.44.29:107][  0]LogInit: Overriding language with editor language configuration option (en).
[2019.03.19-01.44.29:107][  0]LogInit: Overriding locale with editor locale configuration option (en).
[2019.03.19-01.44.29:747][  0]LogStreaming: Display: Took  0.639s to EndInitTextLocalization.
[2019.03.19-01.44.29:767][  0]LogInit: Setting process to per monitor DPI aware
[2019.03.19-01.44.30:318][  0]LogSlate: New Slate User Created.  User Index 0, Is Virtual User: 0
[2019.03.19-01.44.30:318][  0]LogSlate: Slate User Registered.  User Index 0, Is Virtual User: 0
[2019.03.19-01.44.30:871][  0]LogD3D11RHI: D3D11 adapters:
[2019.03.19-01.44.31:028][  0]LogD3D11RHI:    0. 'NVIDIA GeForce GTX 1050 Ti' (Feature Level 11_0)
[2019.03.19-01.44.31:028][  0]LogD3D11RHI:       4029/0/4066 MB DedicatedVideo/DedicatedSystem/SharedSystem, Outputs:2, VendorId:0x10de
[2019.03.19-01.44.31:048][  0]LogD3D11RHI:    1. 'Microsoft Basic Render Driver' (Feature Level 11_0)
[2019.03.19-01.44.31:048][  0]LogD3D11RHI:       0/0/4066 MB DedicatedVideo/DedicatedSystem/SharedSystem, Outputs:0, VendorId:0x1414
[2019.03.19-01.44.31:048][  0]LogD3D11RHI: Chosen D3D11 Adapter: 0
[2019.03.19-01.44.31:068][  0]LogD3D11RHI: Creating new Direct3DDevice
[2019.03.19-01.44.31:068][  0]LogD3D11RHI:     GPU DeviceId: 0x1c82 (for the marketing name, search the web for "GPU Device Id")
[2019.03.19-01.44.31:068][  0]LogWindows: EnumDisplayDevices:
[2019.03.19-01.44.31:068][  0]LogWindows:    0. 'NVIDIA GeForce GTX 1050 Ti' (P:0 D:1)
[2019.03.19-01.44.31:069][  0]LogWindows:    1. 'NVIDIA GeForce GTX 1050 Ti' (P:1 D:1)
[2019.03.19-01.44.31:069][  0]LogWindows:    2. 'NVIDIA GeForce GTX 1050 Ti' (P:0 D:0)
[2019.03.19-01.44.31:070][  0]LogWindows:    3. 'NVIDIA GeForce GTX 1050 Ti' (P:0 D:0)
[2019.03.19-01.44.31:071][  0]LogWindows: DebugString: GetVideoDriverDetailsInvalid PrimaryIsNotTheChoosenAdapter GetVideoDriverDetailsInvalid PrimaryIsNotTheChoosenAdapter GetVideoDriverDetailsInvalid PrimaryIsNotTheChoosenAdapter GetVideoDriverDetailsInvalid PrimaryIsNotTheChoosenAdapter FoundDriverCount:0 
[2019.03.19-01.44.31:071][  0]LogD3D11RHI:     Adapter Name: NVIDIA GeForce GTX 1050 Ti
[2019.03.19-01.44.31:071][  0]LogD3D11RHI:   Driver Version: Unknown (internal:Unknown, unified:Unknown)
[2019.03.19-01.44.31:071][  0]LogD3D11RHI:      Driver Date: Unknown
[2019.03.19-01.44.31:071][  0]LogRHI: Texture pool is 2820 MB (70% of 4029 MB)
[2019.03.19-01.44.31:135][  0]LogD3D11RHI: [Aftermath] Aftermath enabled but failed to initialize
[2019.03.19-01.44.31:135][  0]LogD3D11RHI: [Aftermath] Aftermath enabled and primed
[2019.03.19-01.44.31:135][  0]LogD3D11RHI: Async texture creation enabled
[2019.03.19-01.44.31:330][  0]LogD3D11RHI: GPU Timing Frequency: 1000.000000 (Debug: 2 1)
[2019.03.19-01.44.31:419][  0]LogShaderCompilers: Guid format shader working directory is -18 characters bigger than the processId version (C:/Users/ZYK/Documents/Unreal Projects/ue4_simpleDemo_wangziqi/Intermediate/Shaders/WorkingDirectory/2404/).
[2019.03.19-01.44.31:428][  0]LogShaderCompilers: Cleaned the shader compiler working directory 'C:/Users/ZYK/AppData/Local/Temp/UnrealShaderWorkingDir/0DB663EB49718B6C42CB2BB03E7A0A78/'.
[2019.03.19-01.44.32:081][  0]LogTemp: Display: Loaded TP AllDesktopTargetPlatform
[2019.03.19-01.44.32:096][  0]LogTemp: Display: Loaded TP MacClientTargetPlatform
[2019.03.19-01.44.32:116][  0]LogTemp: Display: Loaded TP MacNoEditorTargetPlatform
[2019.03.19-01.44.32:134][  0]LogTemp: Display: Loaded TP MacServerTargetPlatform
[2019.03.19-01.44.32:170][  0]LogTemp: Display: Loaded TP MacTargetPlatform
[2019.03.19-01.44.32:187][  0]LogTemp: Display: Loaded TP WindowsClientTargetPlatform
[2019.03.19-01.44.32:204][  0]LogTemp: Display: Loaded TP WindowsNoEditorTargetPlatform
[2019.03.19-01.44.32:223][  0]LogTemp: Display: Loaded TP WindowsServerTargetPlatform
[2019.03.19-01.44.32:236][  0]LogTemp: Display: Loaded TP WindowsTargetPlatform
[2019.03.19-01.44.32:255][  0]LogTemp: Display: Loaded TP Android_ASTCTargetPlatform
[2019.03.19-01.44.32:271][  0]LogTemp: Display: Loaded TP Android_ATCTargetPlatform
[2019.03.19-01.44.32:285][  0]LogTemp: Display: Loaded TP Android_DXTTargetPlatform
[2019.03.19-01.44.32:300][  0]LogTemp: Display: Loaded TP Android_ETC1aTargetPlatform
[2019.03.19-01.44.32:314][  0]LogTemp: Display: Loaded TP Android_ETC1TargetPlatform
[2019.03.19-01.44.32:327][  0]LogTemp: Display: Loaded TP Android_ETC2TargetPlatform
[2019.03.19-01.44.32:358][  0]LogTemp: Display: Loaded TP Android_MultiTargetPlatform
[2019.03.19-01.44.32:358][  0]LogTemp: Display: Loaded TP Android_PVRTCTargetPlatform
[2019.03.19-01.44.32:389][  0]LogTemp: Display: Loaded TP AndroidTargetPlatform
[2019.03.19-01.44.32:393][  0]LogTemp: Display: Loaded TP HTML5TargetPlatform
[2019.03.19-01.44.32:469][  0]LogTemp: Display: Loaded TP IOSTargetPlatform
[2019.03.19-01.44.32:489][  0]LogTemp: Display: Loaded TP TVOSTargetPlatform
[2019.03.19-01.44.32:502][  0]LogTemp: Display: Loaded TP LinuxClientTargetPlatform
[2019.03.19-01.44.32:516][  0]LogTemp: Display: Loaded TP LinuxNoEditorTargetPlatform
[2019.03.19-01.44.32:532][  0]LogTemp: Display: Loaded TP LinuxServerTargetPlatform
[2019.03.19-01.44.32:555][  0]LogTemp: Display: Loaded TP LinuxTargetPlatform
[2019.03.19-01.44.32:555][  0]LogTargetPlatformManager: Display: Building Assets For Windows
[2019.03.19-01.44.33:130][  0]LogXGEController: Cleaning working directory: C:/Users/ZYK/AppData/Local/Temp/UnrealXGEWorkingDir/
[2019.03.19-01.44.33:131][  0]LogXGEController: Cannot use XGE Controller as Incredibuild is not installed on this machine.
[2019.03.19-01.44.33:137][  0]LogShaderCompilers: Cannot use XGE Shader Compiler as Incredibuild is not installed on this machine.
[2019.03.19-01.44.33:137][  0]LogShaderCompilers: Display: Using Local Shader Compiler.
[2019.03.19-01.44.34:204][  0]LogDerivedDataCache: Display: Max Cache Size: 512 MB
[2019.03.19-01.44.34:807][  0]LogDerivedDataCache: Loaded boot cache 0.60s 74MB C:/Users/ZYK/AppData/Local/UnrealEngine/4.19/DerivedDataCache/Boot.ddc.
[2019.03.19-01.44.34:807][  0]LogDerivedDataCache: Display: Loaded Boot cache: C:/Users/ZYK/AppData/Local/UnrealEngine/4.19/DerivedDataCache/Boot.ddc
[2019.03.19-01.44.34:807][  0]LogDerivedDataCache: FDerivedDataBackendGraph:  Pak pak cache file C:/Users/ZYK/Documents/Unreal Projects/ue4_simpleDemo_wangziqi/DerivedDataCache/DDC.ddp not found, will not use a pak cache.
[2019.03.19-01.44.34:807][  0]LogDerivedDataCache: Unable to find inner node Pak for hierarchical cache Hierarchy.
[2019.03.19-01.44.34:807][  0]LogDerivedDataCache: FDerivedDataBackendGraph:  CompressedPak pak cache file C:/Users/ZYK/Documents/Unreal Projects/ue4_simpleDemo_wangziqi/DerivedDataCache/Compressed.ddp not found, will not use a pak cache.
[2019.03.19-01.44.34:807][  0]LogDerivedDataCache: Unable to find inner node CompressedPak for hierarchical cache Hierarchy.
[2019.03.19-01.44.34:859][  0]LogDerivedDataCache: Display: Pak cache opened for reading ../../../Engine/DerivedDataCache/Compressed.ddp.
[2019.03.19-01.44.34:877][  0]LogDerivedDataCache: Using Local data cache path C:/Users/ZYK/AppData/Local/UnrealEngine/Common/DerivedDataCache: Writable
[2019.03.19-01.44.34:877][  0]LogDerivedDataCache: Shared data cache path not found in *engine.ini, will not use an Shared cache.
[2019.03.19-01.44.34:877][  0]LogDerivedDataCache: Unable to find inner node Shared for hierarchical cache Hierarchy.
[2019.03.19-01.44.34:903][  0]LogMaterial: Verifying Global Shaders for PCD3D_SM5
[2019.03.19-01.44.34:924][  0]LogSlate: Using Freetype 2.6.0
[2019.03.19-01.44.34:990][  0]LogSlate: SlateFontCache - WITH_FREETYPE: 1, WITH_HARFBUZZ: 1
[2019.03.19-01.44.34:990][  0]LogSlate: SlateFontCache - WITH_FREETYPE: 1, WITH_HARFBUZZ: 1
[2019.03.19-01.44.37:032][  0]LogAssetRegistry: FAssetRegistry took 0.0372 seconds to start up
[2019.03.19-01.44.40:969][  0]LogInit: Selected Device Profile: [Windows]
[2019.03.19-01.44.41:958][  0]LogSimplygon: Simplygon DLL not present - disabling.
[2019.03.19-01.44.41:966][  0]LogMeshReduction: Using SimplygonSwarm for distributed automatic mesh merging
[2019.03.19-01.44.41:966][  0]LogMeshReduction: Using QuadricMeshReduction for automatic static mesh reduction
[2019.03.19-01.44.41:966][  0]LogMeshReduction: No automatic skeletal mesh reduction module available
[2019.03.19-01.44.41:966][  0]LogMeshReduction: No automatic mesh merging module available
[2019.03.19-01.44.41:966][  0]LogMeshMerging: No automatic mesh merging module available
[2019.03.19-01.44.42:271][  0]LogNetVersion: Hand , NetCL: 3944462, EngineNetVer: 2, GameNetVer: 0 (Checksum: 4255602584)
[2019.03.19-01.44.44:943][  0]LogPackageLocalizationCache: Processed 9 localized package path(s) for 1 prioritized culture(s) in 0.143867 seconds
[2019.03.19-01.44.44:962][  0]LogUObjectArray: 36728 objects as part of root set at end of initial load.
[2019.03.19-01.44.44:962][  0]LogUObjectAllocator: 7314312 out of 0 bytes used by permanent object pool.
[2019.03.19-01.44.44:962][  0]LogUObjectArray: CloseDisregardForGC: 0/0 objects in disregard for GC pool
[2019.03.19-01.44.52:287][  0]LogTcpMessaging: Initializing TcpMessaging bridge
[2019.03.19-01.44.52:327][  0]LogUdpMessaging: Initializing bridge on interface 0.0.0.0:0 to multicast group 230.0.0.1:6666.
[2019.03.19-01.44.53:491][  0]SourceControl: Source control is disabled
[2019.03.19-01.44.53:492][  0]SourceControl: Source control is disabled
[2019.03.19-01.44.53:560][  0]SourceControl: Source control is disabled
[2019.03.19-01.44.53:593][  0]SourceControl: Source control is disabled
[2019.03.19-01.44.54:756][  0]LogAndroidPermission: UAndroidPermissionCallbackProxy::GetInstance
[2019.03.19-01.44.55:241][  0]LogOcInput: OculusInput pre-init called
[2019.03.19-01.44.55:800][  0]LogEngine: Initializing Engine...
[2019.03.19-01.44.55:891][  0]LogHMD: Failed to initialize OpenVR with code 126
[2019.03.19-01.44.55:926][  0]LogStats: UGameplayTagsManager::ConstructGameplayTagTree: Construct from data asset -  0.000 s
[2019.03.19-01.44.55:927][  0]LogStats: UGameplayTagsManager::ConstructGameplayTagTree: GameplayTagTreeChangedEvent.Broadcast -  0.000 s
[2019.03.19-01.44.56:865][  0]LogAIModule: Creating AISystem for world Untitled
[2019.03.19-01.44.57:102][  0]LogInit: XAudio2 using '扬声器 (Realtek High Definition Audio)' : 2 channels at 48 kHz using 32 bits per sample (channel mask 0x3)
[2019.03.19-01.44.57:231][  0]LogInit: FAudioDevice initialized.
[2019.03.19-01.44.57:438][  0]LogDerivedDataCache: Saved boot cache 0.17s 74MB C:/Users/ZYK/AppData/Local/UnrealEngine/4.19/DerivedDataCache/Boot.ddc.
[2019.03.19-01.44.57:467][  0]LogInit: Texture streaming: Enabled
[2019.03.19-01.44.57:630][  0]LogEngineSessionManager: EngineSessionManager initialized
[2019.03.19-01.44.57:647][  0]LogEngineSessionManager: EngineSessionManager sent abnormal shutdown report. Type=Debugger, SessionId={864AD190-4E27-1B31-F2A6-90B2CE2CDD69}
[2019.03.19-01.44.57:647][  0]LogEngineSessionManager: EngineSessionManager sent abnormal shutdown report. Type=Debugger, SessionId={E91116B8-4F77-9905-FBA2-A6B635759DEB}
[2019.03.19-01.44.57:825][  0]LogInit: Transaction tracking system initialized
[2019.03.19-01.44.58:085][  0]BlueprintLog: New page: Editor Load
[2019.03.19-01.44.59:088][  0]LocalizationService: Localization service is disabled
[2019.03.19-01.45.00:264][  0]LogConsoleResponse: Display: 
[2019.03.19-01.45.02:170][  0]LogFileCache: Scanning file cache for directory 'C:/Users/ZYK/Documents/Unreal Projects/ue4_simpleDemo_wangziqi/Content/' took 0.06s
[2019.03.19-01.45.02:170][  0]LogCook: Display: Max memory allowance for cook 16384mb min free memory 0mb
[2019.03.19-01.45.02:170][  0]LogCook: Display: Mobile HDR setting 1
[2019.03.19-01.45.02:191][  0]LogGameplayTags: Display: UGameplayTagsManager::DoneAddingNativeTags. DelegateIsBound: 0
[2019.03.19-01.45.02:201][  0]LogStats: UGameplayTagsManager::ConstructGameplayTagTree: Construct from data asset -  0.000 s
[2019.03.19-01.45.02:201][  0]LogStats: UGameplayTagsManager::ConstructGameplayTagTree: GameplayTagTreeChangedEvent.Broadcast -  0.000 s
[2019.03.19-01.45.04:265][  0]SourceControl: Source control is disabled
[2019.03.19-01.45.04:291][  0]Cmd: MAP LOAD FILE="C:/Users/ZYK/Documents/Unreal Projects/ue4_simpleDemo_wangziqi/Content/NewMap.umap" TEMPLATE=0 SHOWPROGRESS=1 FEATURELEVEL=3
[2019.03.19-01.45.04:301][  0]LightingResults: New page: Lighting Build
[2019.03.19-01.45.04:475][  0]MapCheck: New page: Map Check
[2019.03.19-01.45.04:475][  0]LightingResults: New page: Lighting Build
[2019.03.19-01.45.05:940][  0]LogAIModule: Creating AISystem for world NewMap
[2019.03.19-01.45.06:312][  0]LogEditorServer: Finished looking for orphan Actors (0.000 secs)
[2019.03.19-01.45.06:436][  0]Cmd: MAP CHECKDEP NOCLEARLOG
[2019.03.19-01.45.06:737][  0]MapCheck: Map check complete: 0 Error(s), 0 Warning(s), took 300.447ms to complete.
[2019.03.19-01.45.06:737][  0]LogFileHelpers: Loading map 'NewMap' took 2.454
[2019.03.19-01.45.07:981][  0]LogCollectionManager: Loaded 0 collections in 0.001646 seconds
[2019.03.19-01.45.08:091][  0]LogFileCache: Scanning file cache for directory 'C:/Users/ZYK/Documents/Unreal Projects/ue4_simpleDemo_wangziqi/Saved/Collections/' took 0.01s
[2019.03.19-01.45.08:091][  0]LogFileCache: Scanning file cache for directory 'C:/Users/ZYK/Documents/Unreal Projects/ue4_simpleDemo_wangziqi/Content/Developers/ZYK/Collections/' took 0.01s
[2019.03.19-01.45.08:091][  0]LogFileCache: Scanning file cache for directory 'C:/Users/ZYK/Documents/Unreal Projects/ue4_simpleDemo_wangziqi/Content/Collections/' took 0.01s
[2019.03.19-01.45.08:091][  0]LogCollectionManager: Rebuilt the GUID cache for 0 collections in 0.000001 seconds
[2019.03.19-01.45.08:121][  0]LogContentBrowser: Native class hierarchy populated in 0.0277 seconds. Added 2457 classes and 560 folders.
[2019.03.19-01.45.08:238][  0]LogContentBrowser: Native class hierarchy updated for 'WidgetCarousel' in 0.0079 seconds. Added 0 classes and 0 folders.
[2019.03.19-01.45.08:648][  0]LogContentBrowser: Native class hierarchy updated for 'AddContentDialog' in 0.0079 seconds. Added 0 classes and 0 folders.
[2019.03.19-01.45.08:713][  0]LogContentBrowser: Native class hierarchy updated for 'SceneOutliner' in 0.0085 seconds. Added 1 classes and 2 folders.
[2019.03.19-01.45.09:864][  0]LogSlate: Took 0.038559 seconds to synchronously load lazily loaded font '../../../Engine/Content/Slate/Fonts/Roboto-Regular.ttf' (155K)
[2019.03.19-01.45.09:889][  0]LogSlate: Took 0.022796 seconds to synchronously load lazily loaded font '../../../Engine/Content/Slate/Fonts/Roboto-Bold.ttf' (160K)
[2019.03.19-01.45.09:944][  0]LogSlate: Took 0.036454 seconds to synchronously load lazily loaded font '../../../Engine/Content/Editor/Slate/Fonts/FontAwesome.ttf' (139K)
[2019.03.19-01.45.10:087][  0]LogSlate: Took 0.000992 seconds to synchronously load lazily loaded font '../../../Engine/Content/Slate/Fonts/Roboto-Light.ttf' (167K)
[2019.03.19-01.45.10:428][  0]LogRenderer: Reallocating scene render targets to support 796x416 Format 9 NumSamples 1 (Frame:1).
[2019.03.19-01.45.10:956][  0]LogContentBrowser: Native class hierarchy updated for 'HierarchicalLODOutliner' in 0.0101 seconds. Added 0 classes and 0 folders.
[2019.03.19-01.45.10:956][  0]LogLoad: (Engine Initialization) Total time: 53.65 seconds
[2019.03.19-01.45.10:956][  0]LogLoad: (Engine Initialization) Total Blueprint compile time: 0.00 seconds
[2019.03.19-01.45.11:247][  0]LogContentStreaming: Texture pool size now 800 MB
[2019.03.19-01.45.11:665][  2]LogAssetRegistry: Asset discovery search completed in 34.6644 seconds
[2019.03.19-01.45.11:674][  2]LogCollectionManager: Rebuilt the object cache for 0 collections in 0.000001 seconds (found 0 objects)
[2019.03.19-01.45.11:674][  2]LogCollectionManager: Fixed up redirectors for 0 collections in 0.000183 seconds (updated 0 objects)
[2019.03.19-01.45.23:309][353]LogSlate: FSceneViewport::OnFocusLost() reason 0
[2019.03.19-01.45.23:393][363]LogTemp: Repeating last play command: Selected Viewport
[2019.03.19-01.45.23:454][363]LogPlayLevel: PlayLevel: No blueprints needed recompiling
[2019.03.19-01.45.23:495][363]PIE: New page: PIE session: NewMap (Mar 19, 2019, 5:45:23 PM)
[2019.03.19-01.45.23:505][363]LogPlayLevel: Creating play world package: /Game/UEDPIE_0_NewMap
[2019.03.19-01.45.23:543][363]LogPlayLevel: PIE: StaticDuplicateObject took: (0.037198s)
[2019.03.19-01.45.23:544][363]LogAIModule: Creating AISystem for world NewMap
[2019.03.19-01.45.23:552][363]LogPlayLevel: PIE: World Init took: (0.008997s)
[2019.03.19-01.45.23:552][363]LogPlayLevel: PIE: Created PIE world by copying editor world from /Game/NewMap.NewMap to /Game/UEDPIE_0_NewMap.NewMap (0.046660s)
[2019.03.19-01.45.23:682][363]LogInit: XAudio2 using '扬声器 (Realtek High Definition Audio)' : 2 channels at 48 kHz using 32 bits per sample (channel mask 0x3)
[2019.03.19-01.45.23:731][363]LogInit: FAudioDevice initialized.
[2019.03.19-01.45.23:817][363]LogUObjectGlobals: Created PersistentFrame Addr=0x000002410bbfef80, Size=172, Default__HandAnimBlueprint_C Function /Game/HandAnimBlueprint.HandAnimBlueprint_C:ExecuteUbergraph_HandAnimBlueprint
[2019.03.19-01.45.23:893][363]LogUObjectGlobals: Destroyed PersistentFrame Addr=0x000002410bbfef80, Size=172
[2019.03.19-01.45.23:893][363]LogUObjectGlobals: Created PersistentFrame Addr=0x00000241722ef340, Size=172, Default__HandAnimBlueprint_C Function /Engine/Transient.REINST_HandAnimBlueprint_C_0:ExecuteUbergraph_HandAnimBlueprint
[2019.03.19-01.45.23:927][363]LogBlueprint: Warning: [Compiler HandAnimBlueprint] You must specify at least one Source Bone
[2019.03.19-01.45.23:950][363]LogUObjectGlobals: Created PersistentFrame Addr=0x0000024171e22140, Size=172, Default__HandAnimBlueprint_C Function /Game/HandAnimBlueprint.HandAnimBlueprint_C:ExecuteUbergraph_HandAnimBlueprint
[2019.03.19-01.45.23:989][363]LogBlueprint: Warning: [Compiler HandAnimBlueprint] Node  Transform (Modify) Bone - Bone: index3_r  uses potentially thread-unsafe call  Change Index 3 . Disable threaded update or use a thread-safe call. Function may need BlueprintThreadSafe metadata adding.
[2019.03.19-01.45.23:989][363]LogBlueprint: Warning: [Compiler HandAnimBlueprint] Node  Transform (Modify) Bone - Bone: index2_r  uses potentially thread-unsafe call  Change Index 2 . Disable threaded update or use a thread-safe call. Function may need BlueprintThreadSafe metadata adding.
[2019.03.19-01.45.23:989][363]LogBlueprint: Warning: [Compiler HandAnimBlueprint] Node  Transform (Modify) Bone - Bone: index1_r  uses potentially thread-unsafe call  Change Index 1 . Disable threaded update or use a thread-safe call. Function may need BlueprintThreadSafe metadata adding.
[2019.03.19-01.45.23:990][363]LogBlueprint: Warning: [Compiler HandAnimBlueprint] Node  Transform (Modify) Bone - Bone: thumb3_r  uses potentially thread-unsafe call  Change Thumb 3 . Disable threaded update or use a thread-safe call. Function may need BlueprintThreadSafe metadata adding.
[2019.03.19-01.45.23:990][363]LogBlueprint: Warning: [Compiler HandAnimBlueprint] Node  Transform (Modify) Bone - Bone: thumb1_r  uses potentially thread-unsafe call  Change Thumb 1 . Disable threaded update or use a thread-safe call. Function may need BlueprintThreadSafe metadata adding.
[2019.03.19-01.45.23:990][363]LogBlueprint: Warning: [Compiler HandAnimBlueprint] Node  Transform (Modify) Bone - Bone: middle1_r  uses potentially thread-unsafe call  Change Middle 1 . Disable threaded update or use a thread-safe call. Function may need BlueprintThreadSafe metadata adding.
[2019.03.19-01.45.23:990][363]LogBlueprint: Warning: [Compiler HandAnimBlueprint] Node  Transform (Modify) Bone - Bone: middle2_r  uses potentially thread-unsafe call  Change Middle 2 . Disable threaded update or use a thread-safe call. Function may need BlueprintThreadSafe metadata adding.
[2019.03.19-01.45.23:991][363]LogBlueprint: Warning: [Compiler HandAnimBlueprint] Node  Transform (Modify) Bone - Bone: middle3_r  uses potentially thread-unsafe call  Change Middle 3 . Disable threaded update or use a thread-safe call. Function may need BlueprintThreadSafe metadata adding.
[2019.03.19-01.45.23:991][363]LogBlueprint: Warning: [Compiler HandAnimBlueprint] Node  Transform (Modify) Bone - Bone: ring1_r  uses potentially thread-unsafe call  Change Ring 1 . Disable threaded update or use a thread-safe call. Function may need BlueprintThreadSafe metadata adding.
[2019.03.19-01.45.23:991][363]LogBlueprint: Warning: [Compiler HandAnimBlueprint] Node  Transform (Modify) Bone - Bone: ring2_r  uses potentially thread-unsafe call  Change Ring 2 . Disable threaded update or use a thread-safe call. Function may need BlueprintThreadSafe metadata adding.
[2019.03.19-01.45.23:991][363]LogBlueprint: Warning: [Compiler HandAnimBlueprint] Node  Transform (Modify) Bone - Bone: ring3_r  uses potentially thread-unsafe call  Change Ring 3 . Disable threaded update or use a thread-safe call. Function may need BlueprintThreadSafe metadata adding.
[2019.03.19-01.45.23:991][363]LogBlueprint: Warning: [Compiler HandAnimBlueprint] Node  Transform (Modify) Bone - Bone: pinky2_r  uses potentially thread-unsafe call  Change Little 1 . Disable threaded update or use a thread-safe call. Function may need BlueprintThreadSafe metadata adding.
[2019.03.19-01.45.23:991][363]LogBlueprint: Warning: [Compiler HandAnimBlueprint] Node  Transform (Modify) Bone - Bone: pinky3_r  uses potentially thread-unsafe call  Change Little 2 . Disable threaded update or use a thread-safe call. Function may need BlueprintThreadSafe metadata adding.
[2019.03.19-01.45.23:992][363]LogBlueprint: Warning: [Compiler HandAnimBlueprint] Node  Transform (Modify) Bone - Bone: pinky4_r  uses potentially thread-unsafe call  Change Little 3 . Disable threaded update or use a thread-safe call. Function may need BlueprintThreadSafe metadata adding.
[2019.03.19-01.45.23:992][363]LogBlueprint: Warning: [Compiler HandAnimBlueprint] [0066.68] Compile of HandAnimBlueprint successful, but with 15 Warning(s) [in 135 ms] (/Game/HandAnimBlueprint.HandAnimBlueprint)
[2019.03.19-01.45.24:032][363]LogUObjectGlobals: Created PersistentFrame Addr=0x0000024171e43100, Size=120, Default__Hand_BP_C Function /Game/Hand_BP.Hand_BP_C:ExecuteUbergraph_Hand_BP
[2019.03.19-01.45.24:037][363]LogUObjectGlobals: Destroyed PersistentFrame Addr=0x0000024171e43100, Size=120
[2019.03.19-01.45.24:037][363]LogUObjectGlobals: Created PersistentFrame Addr=0x0000024171e43100, Size=120, Default__Hand_BP_C Function /Engine/Transient.REINST_Hand_BP_C_10:ExecuteUbergraph_Hand_BP
[2019.03.19-01.45.24:050][363]LogUObjectGlobals: Created PersistentFrame Addr=0x0000024171e43700, Size=120, Default__Hand_BP_C Function /Game/Hand_BP.Hand_BP_C:ExecuteUbergraph_Hand_BP
[2019.03.19-01.45.24:153][363]LogSkeletalMesh: Skeletal Mesh found in DDC [12.206080ms] /Game/ImportFile/hand_right_1.hand_right_1
[2019.03.19-01.45.24:161][363]LogLoad: Game class is 'MyGameMode_C'
[2019.03.19-01.45.24:234][363]PIE: Warning: Invalid Simulate Options: Body (CubeBlueprint_65.Capsule) is set to simulate physics but Collision Enabled is incompatible
[2019.03.19-01.45.24:234][363]PIE: Warning: Invalid Simulate Options: Body (CubeBlueprint_65.Capsule) is set to simulate physics but Collision Enabled is incompatible
[2019.03.19-01.45.24:234][363]LogWorld: Bringing World /Game/UEDPIE_0_NewMap.NewMap up for play (max tick rate 0) at 2019.03.19-09.45.24
[2019.03.19-01.45.24:324][363]LogWorld: Bringing up level for play took: 0.090998
[2019.03.19-01.45.24:436][363]LogContentBrowser: Native class hierarchy updated for 'MovieSceneCapture' in 0.0096 seconds. Added 11 classes and 0 folders.
[2019.03.19-01.45.24:552][363]PIE: Play in editor start time for /Game/UEDPIE_0_NewMap 0.699
[2019.03.19-01.45.40:360][120]LogUObjectGlobals: Destroyed PersistentFrame Addr=0x0000024171e43100, Size=120
[2019.03.19-01.45.40:360][120]LogUObjectGlobals: Destroyed PersistentFrame Addr=0x00000241722ef340, Size=172
[2019.03.19-01.45.41:092][185]LogEditorViewport: Clicking on Actor (LMB): CubeBlueprint_C (CubeBlueprint)
[2019.03.19-01.45.43:030][367]LogSlate: Took 0.009677 seconds to synchronously load lazily loaded font '../../../Engine/Content/Slate/Fonts/Roboto-Italic.ttf' (157K)
[2019.03.19-01.45.45:584][618]LogSlate: FSceneViewport::OnFocusLost() reason 0
[2019.03.19-01.46.04:355][658]LogSlate: FSceneViewport::OnFocusLost() reason 0
[2019.03.19-01.46.21:127][507]LogSlate: FSceneViewport::OnFocusLost() reason 0
[2019.03.19-01.46.34:740][ 20]LogEditorViewport: Clicking on Actor (LMB): BallBlueprint_C (BallBlueprint)
[2019.03.19-01.46.40:647][684]LogSlate: FSceneViewport::OnFocusLost() reason 2
[2019.03.19-01.46.47:476][473]LogEditorViewport: Clicking on Actor (LMB): BallBlueprint_C (BallBlueprint)
[2019.03.19-01.46.47:548][477]LogEditorViewport: Clicking on Component (LMB): StaticMeshComponent (Sphere)
[2019.03.19-01.46.49:262][617]LogSlate: FSceneViewport::OnFocusLost() reason 0
[2019.03.19-01.46.49:661][651]LogSlate: Took 0.012389 seconds to synchronously load lazily loaded font '../../../Engine/Content/Slate/Fonts/Roboto-Light.ttf' (167K)
[2019.03.19-01.46.50:445][651]LogContentBrowser: Native class hierarchy updated for 'BlueprintGraph' in 0.0090 seconds. Added 116 classes and 0 folders.
[2019.03.19-01.46.50:894][651]LogUObjectGlobals: Created PersistentFrame Addr=0x00000241006ee498, Size=4, Default__SKEL_PROTO_BP_AnimBlueprint_0_C Function /Engine/Transient.SKEL_PROTO_BP_AnimBlueprint_0_C:ExecuteUbergraph_PROTO_BP_AnimBlueprint_0
[2019.03.19-01.46.50:899][651]LogUObjectGlobals: Created PersistentFrame Addr=0x00000241006ee490, Size=4, Default__PROTO_BP_AnimBlueprint_0_C Function /Engine/Transient.PROTO_BP_AnimBlueprint_0_C:ExecuteUbergraph_PROTO_BP_AnimBlueprint_0
[2019.03.19-01.46.51:910][651]LogSlate: Took 0.007024 seconds to synchronously load lazily loaded font '../../../Engine/Content/Slate/Fonts/Roboto-BoldCondensed.ttf' (158K)
[2019.03.19-01.46.55:459][839]LogRenderer: Reallocating scene render targets to support 1032x712 Format 9 NumSamples 1 (Frame:1).
[2019.03.19-01.47.34:131][573]LogSlate: FSceneViewport::OnFocusLost() reason 0
[2019.03.19-01.47.35:889][763]LogEditorViewport: Clicking on Actor (LMB): CubeBlueprint_C (CubeBlueprint)
[2019.03.19-01.47.40:603][301]LogSlate: FSceneViewport::OnFocusLost() reason 0
[2019.03.19-01.47.42:771][555]LogEditorViewport: Clicking on Actor (LMB): CubeBlueprint_C (CubeBlueprint)
[2019.03.19-01.47.42:851][562]LogEditorViewport: Clicking on Component (LMB): StaticMeshComponent (Cube)
[2019.03.19-01.47.55:095][908]LogEditorViewport: Clicking on Actor (LMB): StaticMeshActor (Floor)
[2019.03.19-01.47.55:936][  0]LogEditorViewport: Clicking on Actor (LMB): StaticMeshActor (Cube)
[2019.03.19-01.47.56:507][ 60]LogEditorViewport: Clicking on Actor (LMB): CubeBlueprint_C (CubeBlueprint)
[2019.03.19-01.47.59:663][391]LogSlate: FSceneViewport::OnFocusLost() reason 0
[2019.03.19-01.48.03:805][683]Cmd: OBJ SAVEPACKAGE PACKAGE="/Game/CubeBlueprint" FILE="C:/Users/ZYK/Documents/Unreal Projects/ue4_simpleDemo_wangziqi/Content/CubeBlueprint.uasset" SILENT=true
[2019.03.19-01.48.03:931][683]LogSavePackage: Save=76.38ms
[2019.03.19-01.48.03:931][683]LogSavePackage: Moving 'C:/Users/ZYK/Documents/Unreal Projects/ue4_simpleDemo_wangziqi/Saved/CubeBlueprintC3C9A92F426A29BFC9F9E283BBC43004.tmp' to 'C:/Users/ZYK/Documents/Unreal Projects/ue4_simpleDemo_wangziqi/Content/CubeBlueprint.uasset'
[2019.03.19-01.48.03:964][683]LogSavePackage: Display: Finished SavePackage C:/Users/ZYK/Documents/Unreal Projects/ue4_simpleDemo_wangziqi/Content/CubeBlueprint.uasset
[2019.03.19-01.48.05:406][816]LogSlate: FSceneViewport::OnFocusLost() reason 0
[2019.03.19-01.48.07:978][106]LogEditorViewport: Clicking on Actor (LMB): CubeBlueprint_C (CubeBlueprint)
[2019.03.19-01.48.12:052][563]LogSlate: FSceneViewport::OnFocusLost() reason 0
[2019.03.19-01.48.15:731][983]LogEditorViewport: Clicking on Actor (LMB): StaticMeshActor (Floor)
[2019.03.19-01.48.17:755][214]LogEditorViewport: Clicking on Actor (LMB): CubeBlueprint_C (CubeBlueprint)
[2019.03.19-01.48.23:228][837]LogEditorViewport: Clicking on Actor (LMB): BallBlueprint_C (BallBlueprint)
[2019.03.19-01.48.25:232][ 59]LogEditorViewport: Clicking on Actor (LMB): CubeBlueprint_C (CubeBlueprint)
[2019.03.19-01.48.29:045][490]LogSlate: FSceneViewport::OnFocusLost() reason 0
[2019.03.19-01.48.35:127][201]LogTemp: Repeating last play command: Selected Viewport
[2019.03.19-01.48.35:144][201]BlueprintLog: New page: Pre-Play auto-recompile
[2019.03.19-01.48.35:161][201]LogPlayLevel: [PlayLevel] Compiling CubeBlueprint before play...
[2019.03.19-01.48.35:630][201]LogPlayLevel: PlayLevel: Blueprint regeneration took 486 ms (1 blueprints)
[2019.03.19-01.48.35:631][201]PIE: New page: PIE session: NewMap (Mar 19, 2019, 5:48:35 PM)
[2019.03.19-01.48.35:631][201]LogPlayLevel: Creating play world package: /Game/UEDPIE_0_NewMap
[2019.03.19-01.48.35:635][201]LogPlayLevel: PIE: StaticDuplicateObject took: (0.003833s)
[2019.03.19-01.48.35:636][201]LogAIModule: Creating AISystem for world NewMap
[2019.03.19-01.48.35:636][201]LogPlayLevel: PIE: World Init took: (0.001016s)
[2019.03.19-01.48.35:636][201]LogPlayLevel: PIE: Created PIE world by copying editor world from /Game/NewMap.NewMap to /Game/UEDPIE_0_NewMap.NewMap (0.005230s)
[2019.03.19-01.48.35:776][201]LogInit: XAudio2 using '扬声器 (Realtek High Definition Audio)' : 2 channels at 48 kHz using 32 bits per sample (channel mask 0x3)
[2019.03.19-01.48.35:832][201]LogInit: FAudioDevice initialized.
[2019.03.19-01.48.35:886][201]LogLoad: Game class is 'MyGameMode_C'
[2019.03.19-01.48.35:901][201]LogWorld: Bringing World /Game/UEDPIE_0_NewMap.NewMap up for play (max tick rate 0) at 2019.03.19-09.48.35
[2019.03.19-01.48.35:911][201]LogWorld: Bringing up level for play took: 0.010879
[2019.03.19-01.48.35:944][201]PIE: Play in editor start time for /Game/UEDPIE_0_NewMap 0.092
[2019.03.19-01.48.39:630][610]LogEditorViewport: Clicking on Actor (LMB): CubeBlueprint_C (CubeBlueprint)
[2019.03.19-01.48.41:557][825]LogSlate: FSceneViewport::OnFocusLost() reason 0
[2019.03.19-01.48.49:298][512]Cmd: OBJ SAVEPACKAGE PACKAGE="/Game/CubeBlueprint" FILE="C:/Users/ZYK/Documents/Unreal Projects/ue4_simpleDemo_wangziqi/Content/CubeBlueprint.uasset" SILENT=true
[2019.03.19-01.48.49:342][512]LogSavePackage: Save=15.69ms
[2019.03.19-01.48.49:342][512]LogSavePackage: Moving 'C:/Users/ZYK/Documents/Unreal Projects/ue4_simpleDemo_wangziqi/Saved/CubeBlueprint52F985884E65A459E61AA18340F0C2D8.tmp' to 'C:/Users/ZYK/Documents/Unreal Projects/ue4_simpleDemo_wangziqi/Content/CubeBlueprint.uasset'
[2019.03.19-01.48.49:355][512]LogSavePackage: Display: Finished SavePackage C:/Users/ZYK/Documents/Unreal Projects/ue4_simpleDemo_wangziqi/Content/CubeBlueprint.uasset
[2019.03.19-01.48.49:660][535]LogSlate: FSceneViewport::OnFocusLost() reason 0
[2019.03.19-01.48.50:107][566]BlueprintLog: New page: Compile CubeBlueprint
[2019.03.19-01.48.50:516][566]Cmd: OBJ SAVEPACKAGE PACKAGE="/Game/CubeBlueprint" FILE="C:/Users/ZYK/Documents/Unreal Projects/ue4_simpleDemo_wangziqi/Content/CubeBlueprint.uasset" SILENT=true
[2019.03.19-01.48.50:550][566]LogSavePackage: Save=14.27ms
[2019.03.19-01.48.50:551][566]LogSavePackage: Moving 'C:/Users/ZYK/Documents/Unreal Projects/ue4_simpleDemo_wangziqi/Saved/CubeBlueprint0F9CADEA4DEAEA47637222864B098B1B.tmp' to 'C:/Users/ZYK/Documents/Unreal Projects/ue4_simpleDemo_wangziqi/Content/CubeBlueprint.uasset'
[2019.03.19-01.48.50:558][566]LogSavePackage: Display: Finished SavePackage C:/Users/ZYK/Documents/Unreal Projects/ue4_simpleDemo_wangziqi/Content/CubeBlueprint.uasset
[2019.03.19-01.48.52:694][729]LogSlate: FSceneViewport::OnFocusLost() reason 0
[2019.03.19-01.48.53:807][853]LogSlate: FSceneViewport::OnFocusLost() reason 0
[2019.03.19-01.48.53:879][860]LogTemp: Repeating last play command: Selected Viewport
[2019.03.19-01.48.53:895][860]LogPlayLevel: PlayLevel: No blueprints needed recompiling
[2019.03.19-01.48.53:896][860]PIE: New page: PIE session: NewMap (Mar 19, 2019, 5:48:53 PM)
[2019.03.19-01.48.53:896][860]LogPlayLevel: Creating play world package: /Game/UEDPIE_0_NewMap
[2019.03.19-01.48.53:898][860]LogPlayLevel: PIE: StaticDuplicateObject took: (0.002598s)
[2019.03.19-01.48.53:900][860]LogAIModule: Creating AISystem for world NewMap
[2019.03.19-01.48.53:900][860]LogPlayLevel: PIE: World Init took: (0.001227s)
[2019.03.19-01.48.53:900][860]LogPlayLevel: PIE: Created PIE world by copying editor world from /Game/NewMap.NewMap to /Game/UEDPIE_0_NewMap.NewMap (0.004300s)
[2019.03.19-01.48.54:027][860]LogInit: XAudio2 using '扬声器 (Realtek High Definition Audio)' : 2 channels at 48 kHz using 32 bits per sample (channel mask 0x3)
[2019.03.19-01.48.54:071][860]LogInit: FAudioDevice initialized.
[2019.03.19-01.48.54:127][860]LogLoad: Game class is 'MyGameMode_C'
[2019.03.19-01.48.54:129][860]LogWorld: Bringing World /Game/UEDPIE_0_NewMap.NewMap up for play (max tick rate 0) at 2019.03.19-09.48.54
[2019.03.19-01.48.54:130][860]LogWorld: Bringing up level for play took: 0.001271
[2019.03.19-01.48.54:132][860]PIE: Play in editor start time for /Game/UEDPIE_0_NewMap 0.28
[2019.03.19-01.48.59:646][477]LogEditorViewport: Clicking on Actor (LMB): CubeBlueprint_C (CubeBlueprint)
[2019.03.19-01.49.02:233][772]LogSlate: FSceneViewport::OnFocusLost() reason 0
[2019.03.19-01.49.02:314][780]LogTemp: Repeating last play command: Selected Viewport
[2019.03.19-01.49.02:331][780]LogPlayLevel: PlayLevel: No blueprints needed recompiling
[2019.03.19-01.49.02:331][780]PIE: New page: PIE session: NewMap (Mar 19, 2019, 5:49:02 PM)
[2019.03.19-01.49.02:331][780]LogPlayLevel: Creating play world package: /Game/UEDPIE_0_NewMap
[2019.03.19-01.49.02:334][780]LogPlayLevel: PIE: StaticDuplicateObject took: (0.002128s)
[2019.03.19-01.49.02:335][780]LogAIModule: Creating AISystem for world NewMap
[2019.03.19-01.49.02:336][780]LogPlayLevel: PIE: World Init took: (0.001116s)
[2019.03.19-01.49.02:336][780]LogPlayLevel: PIE: Created PIE world by copying editor world from /Game/NewMap.NewMap to /Game/UEDPIE_0_NewMap.NewMap (0.003702s)
[2019.03.19-01.49.02:461][780]LogInit: XAudio2 using '扬声器 (Realtek High Definition Audio)' : 2 channels at 48 kHz using 32 bits per sample (channel mask 0x3)
[2019.03.19-01.49.02:509][780]LogInit: FAudioDevice initialized.
[2019.03.19-01.49.02:567][780]LogLoad: Game class is 'MyGameMode_C'
[2019.03.19-01.49.02:568][780]LogWorld: Bringing World /Game/UEDPIE_0_NewMap.NewMap up for play (max tick rate 0) at 2019.03.19-09.49.02
[2019.03.19-01.49.02:569][780]LogWorld: Bringing up level for play took: 0.001316
[2019.03.19-01.49.02:570][780]PIE: Play in editor start time for /Game/UEDPIE_0_NewMap 0.719
[2019.03.19-01.49.09:804][598]LogSlate: FSceneViewport::OnFocusLost() reason 0
[2019.03.19-01.49.09:886][608]LogTemp: Repeating last play command: Selected Viewport
[2019.03.19-01.49.09:901][608]LogPlayLevel: PlayLevel: No blueprints needed recompiling
[2019.03.19-01.49.09:901][608]PIE: New page: PIE session: NewMap (Mar 19, 2019, 5:49:09 PM)
[2019.03.19-01.49.09:901][608]LogPlayLevel: Creating play world package: /Game/UEDPIE_0_NewMap
[2019.03.19-01.49.09:904][608]LogPlayLevel: PIE: StaticDuplicateObject took: (0.002459s)
[2019.03.19-01.49.09:905][608]LogAIModule: Creating AISystem for world NewMap
[2019.03.19-01.49.09:905][608]LogPlayLevel: PIE: World Init took: (0.001216s)
[2019.03.19-01.49.09:905][608]LogPlayLevel: PIE: Created PIE world by copying editor world from /Game/NewMap.NewMap to /Game/UEDPIE_0_NewMap.NewMap (0.004130s)
[2019.03.19-01.49.10:029][608]LogInit: XAudio2 using '扬声器 (Realtek High Definition Audio)' : 2 channels at 48 kHz using 32 bits per sample (channel mask 0x3)
[2019.03.19-01.49.10:074][608]LogInit: FAudioDevice initialized.
[2019.03.19-01.49.10:131][608]LogLoad: Game class is 'MyGameMode_C'
[2019.03.19-01.49.10:133][608]LogWorld: Bringing World /Game/UEDPIE_0_NewMap.NewMap up for play (max tick rate 0) at 2019.03.19-09.49.10
[2019.03.19-01.49.10:134][608]LogWorld: Bringing up level for play took: 0.001377
[2019.03.19-01.49.10:135][608]PIE: Play in editor start time for /Game/UEDPIE_0_NewMap 0.284
[2019.03.19-01.49.24:918][276]LogEditorViewport: Clicking on Actor (LMB): CubeBlueprint_C (CubeBlueprint)
[2019.03.19-01.49.27:452][562]LogSlate: FSceneViewport::OnFocusLost() reason 0
[2019.03.19-01.49.34:433][ 98]Cmd: OBJ SAVEPACKAGE PACKAGE="/Game/CubeBlueprint" FILE="C:/Users/ZYK/Documents/Unreal Projects/ue4_simpleDemo_wangziqi/Content/CubeBlueprint.uasset" SILENT=true
[2019.03.19-01.49.34:473][ 98]LogSavePackage: Save=14.81ms
[2019.03.19-01.49.34:473][ 98]LogSavePackage: Moving 'C:/Users/ZYK/Documents/Unreal Projects/ue4_simpleDemo_wangziqi/Saved/CubeBlueprint0DFBBFD14AD8597558F2399032C11B0F.tmp' to 'C:/Users/ZYK/Documents/Unreal Projects/ue4_simpleDemo_wangziqi/Content/CubeBlueprint.uasset'
[2019.03.19-01.49.34:484][ 98]LogSavePackage: Display: Finished SavePackage C:/Users/ZYK/Documents/Unreal Projects/ue4_simpleDemo_wangziqi/Content/CubeBlueprint.uasset
[2019.03.19-01.49.35:601][187]LogSlate: FSceneViewport::OnFocusLost() reason 0
[2019.03.19-01.49.35:695][193]Cmd: OBJ SAVEPACKAGE PACKAGE="/Game/CubeBlueprint" FILE="C:/Users/ZYK/Documents/Unreal Projects/ue4_simpleDemo_wangziqi/Content/CubeBlueprint.uasset" SILENT=true
[2019.03.19-01.49.35:724][193]LogSavePackage: Save=9.70ms
[2019.03.19-01.49.35:724][193]LogSavePackage: Moving 'C:/Users/ZYK/Documents/Unreal Projects/ue4_simpleDemo_wangziqi/Saved/CubeBlueprintFC39E58E4783D96B89C12FA15F7FF574.tmp' to 'C:/Users/ZYK/Documents/Unreal Projects/ue4_simpleDemo_wangziqi/Content/CubeBlueprint.uasset'
[2019.03.19-01.49.35:731][193]LogSavePackage: Display: Finished SavePackage C:/Users/ZYK/Documents/Unreal Projects/ue4_simpleDemo_wangziqi/Content/CubeBlueprint.uasset
[2019.03.19-01.49.35:919][206]LogSlate: FSceneViewport::OnFocusLost() reason 0
[2019.03.19-01.49.36:013][213]BlueprintLog: New page: Compile CubeBlueprint
[2019.03.19-01.49.38:549][429]LogSlate: FSceneViewport::OnFocusLost() reason 0
[2019.03.19-01.49.38:628][438]LogTemp: Repeating last play command: Selected Viewport
[2019.03.19-01.49.38:646][438]LogPlayLevel: PlayLevel: No blueprints needed recompiling
[2019.03.19-01.49.38:646][438]PIE: New page: PIE session: NewMap (Mar 19, 2019, 5:49:38 PM)
[2019.03.19-01.49.38:646][438]LogPlayLevel: Creating play world package: /Game/UEDPIE_0_NewMap
[2019.03.19-01.49.38:648][438]LogPlayLevel: PIE: StaticDuplicateObject took: (0.002019s)
[2019.03.19-01.49.38:649][438]LogAIModule: Creating AISystem for world NewMap
[2019.03.19-01.49.38:650][438]LogPlayLevel: PIE: World Init took: (0.001013s)
[2019.03.19-01.49.38:650][438]LogPlayLevel: PIE: Created PIE world by copying editor world from /Game/NewMap.NewMap to /Game/UEDPIE_0_NewMap.NewMap (0.003446s)
[2019.03.19-01.49.38:770][438]LogInit: XAudio2 using '扬声器 (Realtek High Definition Audio)' : 2 channels at 48 kHz using 32 bits per sample (channel mask 0x3)
[2019.03.19-01.49.38:811][438]LogInit: FAudioDevice initialized.
[2019.03.19-01.49.38:868][438]LogLoad: Game class is 'MyGameMode_C'
[2019.03.19-01.49.38:869][438]LogWorld: Bringing World /Game/UEDPIE_0_NewMap.NewMap up for play (max tick rate 0) at 2019.03.19-09.49.38
[2019.03.19-01.49.38:870][438]LogWorld: Bringing up level for play took: 0.001602
[2019.03.19-01.49.38:872][438]PIE: Play in editor start time for /Game/UEDPIE_0_NewMap 1.021
[2019.03.19-01.49.58:723][688]LogSlate: FSceneViewport::OnFocusLost() reason 0
[2019.03.19-01.49.58:815][699]LogTemp: Repeating last play command: Selected Viewport
[2019.03.19-01.49.58:831][699]LogPlayLevel: PlayLevel: No blueprints needed recompiling
[2019.03.19-01.49.58:832][699]PIE: New page: PIE session: NewMap (Mar 19, 2019, 5:49:58 PM)
[2019.03.19-01.49.58:832][699]LogPlayLevel: Creating play world package: /Game/UEDPIE_0_NewMap
[2019.03.19-01.49.58:834][699]LogPlayLevel: PIE: StaticDuplicateObject took: (0.001749s)
[2019.03.19-01.49.58:834][699]LogAIModule: Creating AISystem for world NewMap
[2019.03.19-01.49.58:835][699]LogPlayLevel: PIE: World Init took: (0.000984s)
[2019.03.19-01.49.58:835][699]LogPlayLevel: PIE: Created PIE world by copying editor world from /Game/NewMap.NewMap to /Game/UEDPIE_0_NewMap.NewMap (0.003081s)
[2019.03.19-01.49.58:958][699]LogInit: XAudio2 using '扬声器 (Realtek High Definition Audio)' : 2 channels at 48 kHz using 32 bits per sample (channel mask 0x3)
[2019.03.19-01.49.59:005][699]LogInit: FAudioDevice initialized.
[2019.03.19-01.49.59:064][699]LogLoad: Game class is 'MyGameMode_C'
[2019.03.19-01.49.59:066][699]LogWorld: Bringing World /Game/UEDPIE_0_NewMap.NewMap up for play (max tick rate 0) at 2019.03.19-09.49.59
[2019.03.19-01.49.59:066][699]LogWorld: Bringing up level for play took: 0.001278
[2019.03.19-01.49.59:068][699]PIE: Play in editor start time for /Game/UEDPIE_0_NewMap 1.217
[2019.03.19-01.50.36:542][321]LogSlate: FSceneViewport::OnFocusLost() reason 0
[2019.03.19-01.50.36:593][327]LogTemp: Repeating last play command: Selected Viewport
[2019.03.19-01.50.36:612][327]LogPlayLevel: PlayLevel: No blueprints needed recompiling
[2019.03.19-01.50.36:613][327]PIE: New page: PIE session: NewMap (Mar 19, 2019, 5:50:36 PM)
[2019.03.19-01.50.36:613][327]LogPlayLevel: Creating play world package: /Game/UEDPIE_0_NewMap
[2019.03.19-01.50.36:615][327]LogPlayLevel: PIE: StaticDuplicateObject took: (0.002338s)
[2019.03.19-01.50.36:616][327]LogAIModule: Creating AISystem for world NewMap
[2019.03.19-01.50.36:617][327]LogPlayLevel: PIE: World Init took: (0.001407s)
[2019.03.19-01.50.36:617][327]LogPlayLevel: PIE: Created PIE world by copying editor world from /Game/NewMap.NewMap to /Game/UEDPIE_0_NewMap.NewMap (0.004349s)
[2019.03.19-01.50.36:760][327]LogInit: XAudio2 using '扬声器 (Realtek High Definition Audio)' : 2 channels at 48 kHz using 32 bits per sample (channel mask 0x3)
[2019.03.19-01.50.36:807][327]LogInit: FAudioDevice initialized.
[2019.03.19-01.50.36:864][327]LogLoad: Game class is 'MyGameMode_C'
[2019.03.19-01.50.36:866][327]LogWorld: Bringing World /Game/UEDPIE_0_NewMap.NewMap up for play (max tick rate 0) at 2019.03.19-09.50.36
[2019.03.19-01.50.36:867][327]LogWorld: Bringing up level for play took: 0.001301
[2019.03.19-01.50.36:868][327]PIE: Play in editor start time for /Game/UEDPIE_0_NewMap 1.017
[2019.03.19-01.50.52:790][875]LogSlate: FSceneViewport::OnFocusLost() reason 0
[2019.03.19-01.50.56:685][328]LogEditorViewport: Clicking on Actor (LMB): CubeBlueprint_C (CubeBlueprint)
[2019.03.19-01.51.06:159][448]LogSlate: FSceneViewport::OnFocusLost() reason 2
[2019.03.19-01.51.06:177][448]Cmd: OBJ SAVEPACKAGE PACKAGE="/Game/NewMap" FILE="C:/Users/ZYK/Documents/Unreal Projects/ue4_simpleDemo_wangziqi/Content/NewMap.umap" SILENT=true AUTOSAVING=false KEEPDIRTY=false
[2019.03.19-01.51.06:262][448]LogSavePackage: Save=28.67ms
[2019.03.19-01.51.06:262][448]LogSavePackage: Moving 'C:/Users/ZYK/Documents/Unreal Projects/ue4_simpleDemo_wangziqi/Saved/NewMap803ED40542C0E231693BF4A55C15E384.tmp' to 'C:/Users/ZYK/Documents/Unreal Projects/ue4_simpleDemo_wangziqi/Content/NewMap.umap'
[2019.03.19-01.51.06:274][448]LogSavePackage: Display: Finished SavePackage C:/Users/ZYK/Documents/Unreal Projects/ue4_simpleDemo_wangziqi/Content/NewMap.umap
[2019.03.19-01.51.06:318][448]Cmd: OBJ SAVEPACKAGE PACKAGE="/Game/NewMap_BuiltData" FILE="C:/Users/ZYK/Documents/Unreal Projects/ue4_simpleDemo_wangziqi/Content/NewMap_BuiltData.uasset" SILENT=true
[2019.03.19-01.51.06:392][448]LogSavePackage: Save=51.36ms
[2019.03.19-01.51.06:392][448]LogSavePackage: Moving 'C:/Users/ZYK/Documents/Unreal Projects/ue4_simpleDemo_wangziqi/Saved/NewMap_BuiltDataA7316E264095FB285B23C4B94E0AB3EC.tmp' to 'C:/Users/ZYK/Documents/Unreal Projects/ue4_simpleDemo_wangziqi/Content/NewMap_BuiltData.uasset'
[2019.03.19-01.51.06:393][448]LogFileManager: Warning: DeleteFile was unable to delete 'C:/Users/ZYK/Documents/Unreal Projects/ue4_simpleDemo_wangziqi/Content/NewMap_BuiltData.uasset', retrying in .5s...
[2019.03.19-01.51.06:897][448]LogFileManager: Warning: DeleteFile recovered during retry!
[2019.03.19-01.51.06:903][448]LogSavePackage: Display: Finished SavePackage C:/Users/ZYK/Documents/Unreal Projects/ue4_simpleDemo_wangziqi/Content/NewMap_BuiltData.uasset
[2019.03.19-01.52.26:908][541]LogSlate: FSceneViewport::OnFocusLost() reason 0
[2019.03.19-01.52.26:908][541]LogTemp: Repeating last play command: Selected Viewport
[2019.03.19-01.52.26:926][541]LogPlayLevel: PlayLevel: No blueprints needed recompiling
[2019.03.19-01.52.26:927][541]PIE: New page: PIE session: NewMap (Mar 19, 2019, 5:52:26 PM)
[2019.03.19-01.52.26:927][541]LogPlayLevel: Creating play world package: /Game/UEDPIE_0_NewMap
[2019.03.19-01.52.26:929][541]LogPlayLevel: PIE: StaticDuplicateObject took: (0.001963s)
[2019.03.19-01.52.26:930][541]LogAIModule: Creating AISystem for world NewMap
[2019.03.19-01.52.26:931][541]LogPlayLevel: PIE: World Init took: (0.001641s)
[2019.03.19-01.52.26:931][541]LogPlayLevel: PIE: Created PIE world by copying editor world from /Game/NewMap.NewMap to /Game/UEDPIE_0_NewMap.NewMap (0.004102s)
[2019.03.19-01.52.27:067][541]LogInit: XAudio2 using '扬声器 (Realtek High Definition Audio)' : 2 channels at 48 kHz using 32 bits per sample (channel mask 0x3)
[2019.03.19-01.52.27:119][541]LogInit: FAudioDevice initialized.
[2019.03.19-01.52.27:176][541]LogLoad: Game class is 'MyGameMode_C'
[2019.03.19-01.52.27:178][541]LogWorld: Bringing World /Game/UEDPIE_0_NewMap.NewMap up for play (max tick rate 0) at 2019.03.19-09.52.27
[2019.03.19-01.52.27:179][541]LogWorld: Bringing up level for play took: 0.001165
[2019.03.19-01.52.27:180][541]PIE: Play in editor start time for /Game/UEDPIE_0_NewMap -0.67
